
===========================================================================
report_checks -path_delay min (Hold)
============================================================================
======================= nom_tt_025C_1v80 Corner ===================================

Startpoint: _104_ (rising edge-triggered flip-flop clocked by clk)
Endpoint: _103_ (rising edge-triggered flip-flop clocked by clk)
Path Group: clk
Path Type: min

Fanout         Cap        Slew       Delay        Time   Description
---------------------------------------------------------------------------------------------
                                  0.000000    0.000000   clock clk (rise edge)
                                  0.000000    0.000000   clock source latency
     1    0.011217    0.056859    0.038032    0.038032 ^ clk (in)
                                                         clk (net)
                      0.056861    0.000000    0.038032 ^ clkbuf_0_clk/A (sky130_fd_sc_hd__clkbuf_16)
     2    0.015788    0.039241    0.125779    0.163811 ^ clkbuf_0_clk/X (sky130_fd_sc_hd__clkbuf_16)
                                                         clknet_0_clk (net)
                      0.039241    0.000000    0.163811 ^ clkbuf_1_1__f_clk/A (sky130_fd_sc_hd__clkbuf_16)
     9    0.016893    0.040288    0.120424    0.284235 ^ clkbuf_1_1__f_clk/X (sky130_fd_sc_hd__clkbuf_16)
                                                         clknet_1_1__leaf_clk (net)
                      0.040288    0.000000    0.284235 ^ _104_/CLK (sky130_fd_sc_hd__dfxtp_1)
     4    0.012531    0.066688    0.327178    0.611413 v _104_/Q (sky130_fd_sc_hd__dfxtp_1)
                                                         data_edge_detector_inst.input_buffer[0] (net)
                      0.066690    0.000306    0.611719 v _066_/B (sky130_fd_sc_hd__and4b_1)
     1    0.002444    0.033764    0.174294    0.786014 v _066_/X (sky130_fd_sc_hd__and4b_1)
                                                         _001_ (net)
                      0.033764    0.000074    0.786088 v _103_/D (sky130_fd_sc_hd__dfxtp_1)
                                              0.786088   data arrival time

                                  0.000000    0.000000   clock clk (rise edge)
                                  0.000000    0.000000   clock source latency
     1    0.011217    0.056859    0.038032    0.038032 ^ clk (in)
                                                         clk (net)
                      0.056861    0.000000    0.038032 ^ clkbuf_0_clk/A (sky130_fd_sc_hd__clkbuf_16)
     2    0.015788    0.039241    0.125779    0.163811 ^ clkbuf_0_clk/X (sky130_fd_sc_hd__clkbuf_16)
                                                         clknet_0_clk (net)
                      0.039241    0.000000    0.163811 ^ clkbuf_1_1__f_clk/A (sky130_fd_sc_hd__clkbuf_16)
     9    0.016893    0.040288    0.120424    0.284235 ^ clkbuf_1_1__f_clk/X (sky130_fd_sc_hd__clkbuf_16)
                                                         clknet_1_1__leaf_clk (net)
                      0.040288    0.000000    0.284235 ^ _103_/CLK (sky130_fd_sc_hd__dfxtp_1)
                                  0.250000    0.534235   clock uncertainty
                                  0.000000    0.534235   clock reconvergence pessimism
                                 -0.049916    0.484319   library hold time
                                              0.484319   data required time
---------------------------------------------------------------------------------------------
                                              0.484319   data required time
                                             -0.786088   data arrival time
---------------------------------------------------------------------------------------------
                                              0.301769   slack (MET)


Startpoint: _113_ (rising edge-triggered flip-flop clocked by clk)
Endpoint: _113_ (rising edge-triggered flip-flop clocked by clk)
Path Group: clk
Path Type: min

Fanout         Cap        Slew       Delay        Time   Description
---------------------------------------------------------------------------------------------
                                  0.000000    0.000000   clock clk (rise edge)
                                  0.000000    0.000000   clock source latency
     1    0.011217    0.056859    0.038032    0.038032 ^ clk (in)
                                                         clk (net)
                      0.056861    0.000000    0.038032 ^ clkbuf_0_clk/A (sky130_fd_sc_hd__clkbuf_16)
     2    0.015788    0.039241    0.125779    0.163811 ^ clkbuf_0_clk/X (sky130_fd_sc_hd__clkbuf_16)
                                                         clknet_0_clk (net)
                      0.039241    0.000000    0.163811 ^ clkbuf_1_0__f_clk/A (sky130_fd_sc_hd__clkbuf_16)
     8    0.023581    0.045011    0.126597    0.290407 ^ clkbuf_1_0__f_clk/X (sky130_fd_sc_hd__clkbuf_16)
                                                         clknet_1_0__leaf_clk (net)
                      0.045017    0.000397    0.290804 ^ _113_/CLK (sky130_fd_sc_hd__dfxtp_1)
     5    0.014473    0.075024    0.335703    0.626508 v _113_/Q (sky130_fd_sc_hd__dfxtp_1)
                                                         net9 (net)
                      0.075026    0.000255    0.626762 v _093_/A (sky130_fd_sc_hd__nand3_1)
     1    0.002193    0.046338    0.070698    0.697460 ^ _093_/Y (sky130_fd_sc_hd__nand3_1)
                                                         _046_ (net)
                      0.046338    0.000048    0.697509 ^ _095_/B (sky130_fd_sc_hd__and3_1)
     1    0.003059    0.051567    0.142939    0.840448 ^ _095_/X (sky130_fd_sc_hd__and3_1)
                                                         _015_ (net)
                      0.051567    0.000079    0.840527 ^ _113_/D (sky130_fd_sc_hd__dfxtp_1)
                                              0.840527   data arrival time

                                  0.000000    0.000000   clock clk (rise edge)
                                  0.000000    0.000000   clock source latency
     1    0.011217    0.056859    0.038032    0.038032 ^ clk (in)
                                                         clk (net)
                      0.056861    0.000000    0.038032 ^ clkbuf_0_clk/A (sky130_fd_sc_hd__clkbuf_16)
     2    0.015788    0.039241    0.125779    0.163811 ^ clkbuf_0_clk/X (sky130_fd_sc_hd__clkbuf_16)
                                                         clknet_0_clk (net)
                      0.039241    0.000000    0.163811 ^ clkbuf_1_0__f_clk/A (sky130_fd_sc_hd__clkbuf_16)
     8    0.023581    0.045011    0.126597    0.290407 ^ clkbuf_1_0__f_clk/X (sky130_fd_sc_hd__clkbuf_16)
                                                         clknet_1_0__leaf_clk (net)
                      0.045017    0.000397    0.290804 ^ _113_/CLK (sky130_fd_sc_hd__dfxtp_1)
                                  0.250000    0.540804   clock uncertainty
                                  0.000000    0.540804   clock reconvergence pessimism
                                 -0.032643    0.508161   library hold time
                                              0.508161   data required time
---------------------------------------------------------------------------------------------
                                              0.508161   data required time
                                             -0.840527   data arrival time
---------------------------------------------------------------------------------------------
                                              0.332367   slack (MET)


Startpoint: _105_ (rising edge-triggered flip-flop clocked by clk)
Endpoint: _101_ (rising edge-triggered flip-flop clocked by clk)
Path Group: clk
Path Type: min

Fanout         Cap        Slew       Delay        Time   Description
---------------------------------------------------------------------------------------------
                                  0.000000    0.000000   clock clk (rise edge)
                                  0.000000    0.000000   clock source latency
     1    0.011217    0.056859    0.038032    0.038032 ^ clk (in)
                                                         clk (net)
                      0.056861    0.000000    0.038032 ^ clkbuf_0_clk/A (sky130_fd_sc_hd__clkbuf_16)
     2    0.015788    0.039241    0.125779    0.163811 ^ clkbuf_0_clk/X (sky130_fd_sc_hd__clkbuf_16)
                                                         clknet_0_clk (net)
                      0.039241    0.000000    0.163811 ^ clkbuf_1_1__f_clk/A (sky130_fd_sc_hd__clkbuf_16)
     9    0.016893    0.040288    0.120424    0.284235 ^ clkbuf_1_1__f_clk/X (sky130_fd_sc_hd__clkbuf_16)
                                                         clknet_1_1__leaf_clk (net)
                      0.040288    0.000000    0.284235 ^ _105_/CLK (sky130_fd_sc_hd__dfxtp_1)
     3    0.008821    0.092379    0.337701    0.621936 ^ _105_/Q (sky130_fd_sc_hd__dfxtp_1)
                                                         data_edge_detector_inst.input_buffer[1] (net)
                      0.092380    0.000284    0.622221 ^ _063_/A1 (sky130_fd_sc_hd__o21a_1)
     1    0.003499    0.045228    0.131995    0.754215 ^ _063_/X (sky130_fd_sc_hd__o21a_1)
                                                         _028_ (net)
                      0.045229    0.000117    0.754333 ^ _064_/C1 (sky130_fd_sc_hd__a311o_1)
     1    0.002158    0.040469    0.091864    0.846197 ^ _064_/X (sky130_fd_sc_hd__a311o_1)
                                                         _004_ (net)
                      0.040469    0.000044    0.846241 ^ _101_/D (sky130_fd_sc_hd__dfxtp_1)
                                              0.846241   data arrival time

                                  0.000000    0.000000   clock clk (rise edge)
                                  0.000000    0.000000   clock source latency
     1    0.011217    0.056859    0.038032    0.038032 ^ clk (in)
                                                         clk (net)
                      0.056861    0.000000    0.038032 ^ clkbuf_0_clk/A (sky130_fd_sc_hd__clkbuf_16)
     2    0.015788    0.039241    0.125779    0.163811 ^ clkbuf_0_clk/X (sky130_fd_sc_hd__clkbuf_16)
                                                         clknet_0_clk (net)
                      0.039241    0.000000    0.163811 ^ clkbuf_1_1__f_clk/A (sky130_fd_sc_hd__clkbuf_16)
     9    0.016893    0.040288    0.120424    0.284235 ^ clkbuf_1_1__f_clk/X (sky130_fd_sc_hd__clkbuf_16)
                                                         clknet_1_1__leaf_clk (net)
                      0.040288    0.000000    0.284235 ^ _101_/CLK (sky130_fd_sc_hd__dfxtp_1)
                                  0.250000    0.534235   clock uncertainty
                                  0.000000    0.534235   clock reconvergence pessimism
                                 -0.030942    0.503293   library hold time
                                              0.503293   data required time
---------------------------------------------------------------------------------------------
                                              0.503293   data required time
                                             -0.846241   data arrival time
---------------------------------------------------------------------------------------------
                                              0.342948   slack (MET)


Startpoint: _111_ (rising edge-triggered flip-flop clocked by clk)
Endpoint: _111_ (rising edge-triggered flip-flop clocked by clk)
Path Group: clk
Path Type: min

Fanout         Cap        Slew       Delay        Time   Description
---------------------------------------------------------------------------------------------
                                  0.000000    0.000000   clock clk (rise edge)
                                  0.000000    0.000000   clock source latency
     1    0.011217    0.056859    0.038032    0.038032 ^ clk (in)
                                                         clk (net)
                      0.056861    0.000000    0.038032 ^ clkbuf_0_clk/A (sky130_fd_sc_hd__clkbuf_16)
     2    0.015788    0.039241    0.125779    0.163811 ^ clkbuf_0_clk/X (sky130_fd_sc_hd__clkbuf_16)
                                                         clknet_0_clk (net)
                      0.039241    0.000000    0.163811 ^ clkbuf_1_1__f_clk/A (sky130_fd_sc_hd__clkbuf_16)
     9    0.016893    0.040288    0.120424    0.284235 ^ clkbuf_1_1__f_clk/X (sky130_fd_sc_hd__clkbuf_16)
                                                         clknet_1_1__leaf_clk (net)
                      0.040288    0.000000    0.284235 ^ _111_/CLK (sky130_fd_sc_hd__dfxtp_1)
     6    0.015467    0.079391    0.337206    0.621441 v _111_/Q (sky130_fd_sc_hd__dfxtp_1)
                                                         net7 (net)
                      0.079395    0.000527    0.621969 v _086_/A (sky130_fd_sc_hd__nand3_1)
     1    0.002786    0.051504    0.076949    0.698918 ^ _086_/Y (sky130_fd_sc_hd__nand3_1)
                                                         _041_ (net)
                      0.051504    0.000067    0.698985 ^ _088_/B (sky130_fd_sc_hd__and3_1)
     1    0.003360    0.054190    0.147150    0.846135 ^ _088_/X (sky130_fd_sc_hd__and3_1)
                                                         _013_ (net)
                      0.054190    0.000112    0.846248 ^ _111_/D (sky130_fd_sc_hd__dfxtp_1)
                                              0.846248   data arrival time

                                  0.000000    0.000000   clock clk (rise edge)
                                  0.000000    0.000000   clock source latency
     1    0.011217    0.056859    0.038032    0.038032 ^ clk (in)
                                                         clk (net)
                      0.056861    0.000000    0.038032 ^ clkbuf_0_clk/A (sky130_fd_sc_hd__clkbuf_16)
     2    0.015788    0.039241    0.125779    0.163811 ^ clkbuf_0_clk/X (sky130_fd_sc_hd__clkbuf_16)
                                                         clknet_0_clk (net)
                      0.039241    0.000000    0.163811 ^ clkbuf_1_1__f_clk/A (sky130_fd_sc_hd__clkbuf_16)
     9    0.016893    0.040288    0.120424    0.284235 ^ clkbuf_1_1__f_clk/X (sky130_fd_sc_hd__clkbuf_16)
                                                         clknet_1_1__leaf_clk (net)
                      0.040288    0.000000    0.284235 ^ _111_/CLK (sky130_fd_sc_hd__dfxtp_1)
                                  0.250000    0.534235   clock uncertainty
                                  0.000000    0.534235   clock reconvergence pessimism
                                 -0.033818    0.500418   library hold time
                                              0.500418   data required time
---------------------------------------------------------------------------------------------
                                              0.500418   data required time
                                             -0.846248   data arrival time
---------------------------------------------------------------------------------------------
                                              0.345830   slack (MET)


Startpoint: _105_ (rising edge-triggered flip-flop clocked by clk)
Endpoint: _105_ (rising edge-triggered flip-flop clocked by clk)
Path Group: clk
Path Type: min

Fanout         Cap        Slew       Delay        Time   Description
---------------------------------------------------------------------------------------------
                                  0.000000    0.000000   clock clk (rise edge)
                                  0.000000    0.000000   clock source latency
     1    0.011217    0.056859    0.038032    0.038032 ^ clk (in)
                                                         clk (net)
                      0.056861    0.000000    0.038032 ^ clkbuf_0_clk/A (sky130_fd_sc_hd__clkbuf_16)
     2    0.015788    0.039241    0.125779    0.163811 ^ clkbuf_0_clk/X (sky130_fd_sc_hd__clkbuf_16)
                                                         clknet_0_clk (net)
                      0.039241    0.000000    0.163811 ^ clkbuf_1_1__f_clk/A (sky130_fd_sc_hd__clkbuf_16)
     9    0.016893    0.040288    0.120424    0.284235 ^ clkbuf_1_1__f_clk/X (sky130_fd_sc_hd__clkbuf_16)
                                                         clknet_1_1__leaf_clk (net)
                      0.040288    0.000000    0.284235 ^ _105_/CLK (sky130_fd_sc_hd__dfxtp_1)
     3    0.008821    0.092379    0.337701    0.621936 ^ _105_/Q (sky130_fd_sc_hd__dfxtp_1)
                                                         data_edge_detector_inst.input_buffer[1] (net)
                      0.092379    0.000186    0.622122 ^ _069_/A0 (sky130_fd_sc_hd__mux2_1)
     1    0.001807    0.034060    0.122773    0.744895 ^ _069_/X (sky130_fd_sc_hd__mux2_1)
                                                         _030_ (net)
                      0.034060    0.000035    0.744931 ^ _070_/B (sky130_fd_sc_hd__and2_1)
     1    0.002185    0.041014    0.106639    0.851569 ^ _070_/X (sky130_fd_sc_hd__and2_1)
                                                         _007_ (net)
                      0.041014    0.000047    0.851616 ^ _105_/D (sky130_fd_sc_hd__dfxtp_1)
                                              0.851616   data arrival time

                                  0.000000    0.000000   clock clk (rise edge)
                                  0.000000    0.000000   clock source latency
     1    0.011217    0.056859    0.038032    0.038032 ^ clk (in)
                                                         clk (net)
                      0.056861    0.000000    0.038032 ^ clkbuf_0_clk/A (sky130_fd_sc_hd__clkbuf_16)
     2    0.015788    0.039241    0.125779    0.163811 ^ clkbuf_0_clk/X (sky130_fd_sc_hd__clkbuf_16)
                                                         clknet_0_clk (net)
                      0.039241    0.000000    0.163811 ^ clkbuf_1_1__f_clk/A (sky130_fd_sc_hd__clkbuf_16)
     9    0.016893    0.040288    0.120424    0.284235 ^ clkbuf_1_1__f_clk/X (sky130_fd_sc_hd__clkbuf_16)
                                                         clknet_1_1__leaf_clk (net)
                      0.040288    0.000000    0.284235 ^ _105_/CLK (sky130_fd_sc_hd__dfxtp_1)
                                  0.250000    0.534235   clock uncertainty
                                  0.000000    0.534235   clock reconvergence pessimism
                                 -0.031056    0.503179   library hold time
                                              0.503179   data required time
---------------------------------------------------------------------------------------------
                                              0.503179   data required time
                                             -0.851616   data arrival time
---------------------------------------------------------------------------------------------
                                              0.348437   slack (MET)


Startpoint: _100_ (rising edge-triggered flip-flop clocked by clk)
Endpoint: _112_ (rising edge-triggered flip-flop clocked by clk)
Path Group: clk
Path Type: min

Fanout         Cap        Slew       Delay        Time   Description
---------------------------------------------------------------------------------------------
                                  0.000000    0.000000   clock clk (rise edge)
                                  0.000000    0.000000   clock source latency
     1    0.011217    0.056859    0.038032    0.038032 ^ clk (in)
                                                         clk (net)
                      0.056861    0.000000    0.038032 ^ clkbuf_0_clk/A (sky130_fd_sc_hd__clkbuf_16)
     2    0.015788    0.039241    0.125779    0.163811 ^ clkbuf_0_clk/X (sky130_fd_sc_hd__clkbuf_16)
                                                         clknet_0_clk (net)
                      0.039241    0.000000    0.163811 ^ clkbuf_1_0__f_clk/A (sky130_fd_sc_hd__clkbuf_16)
     8    0.023581    0.045011    0.126597    0.290407 ^ clkbuf_1_0__f_clk/X (sky130_fd_sc_hd__clkbuf_16)
                                                         clknet_1_0__leaf_clk (net)
                      0.045029    0.000682    0.291090 ^ _100_/CLK (sky130_fd_sc_hd__dfxtp_1)
     2    0.005932    0.067235    0.320465    0.611555 ^ _100_/Q (sky130_fd_sc_hd__dfxtp_1)
                                                         controller_inst.clear (net)
                      0.067236    0.000162    0.611717 ^ _076_/A (sky130_fd_sc_hd__nor2_1)
     5    0.013326    0.068034    0.083022    0.694739 v _076_/Y (sky130_fd_sc_hd__nor2_1)
                                                         _034_ (net)
                      0.068036    0.000313    0.695052 v _092_/A (sky130_fd_sc_hd__and3_1)
     1    0.002174    0.030467    0.144523    0.839575 v _092_/X (sky130_fd_sc_hd__and3_1)
                                                         _014_ (net)
                      0.030467    0.000046    0.839621 v _112_/D (sky130_fd_sc_hd__dfxtp_1)
                                              0.839621   data arrival time

                                  0.000000    0.000000   clock clk (rise edge)
                                  0.000000    0.000000   clock source latency
     1    0.011217    0.056859    0.038032    0.038032 ^ clk (in)
                                                         clk (net)
                      0.056861    0.000000    0.038032 ^ clkbuf_0_clk/A (sky130_fd_sc_hd__clkbuf_16)
     2    0.015788    0.039241    0.125779    0.163811 ^ clkbuf_0_clk/X (sky130_fd_sc_hd__clkbuf_16)
                                                         clknet_0_clk (net)
                      0.039241    0.000000    0.163811 ^ clkbuf_1_1__f_clk/A (sky130_fd_sc_hd__clkbuf_16)
     9    0.016893    0.040288    0.120424    0.284235 ^ clkbuf_1_1__f_clk/X (sky130_fd_sc_hd__clkbuf_16)
                                                         clknet_1_1__leaf_clk (net)
                      0.040288    0.000000    0.284235 ^ _112_/CLK (sky130_fd_sc_hd__dfxtp_1)
                                  0.250000    0.534235   clock uncertainty
                                  0.000000    0.534235   clock reconvergence pessimism
                                 -0.048540    0.485695   library hold time
                                              0.485695   data required time
---------------------------------------------------------------------------------------------
                                              0.485695   data required time
                                             -0.839621   data arrival time
---------------------------------------------------------------------------------------------
                                              0.353926   slack (MET)


Startpoint: _107_ (rising edge-triggered flip-flop clocked by clk)
Endpoint: _102_ (rising edge-triggered flip-flop clocked by clk)
Path Group: clk
Path Type: min

Fanout         Cap        Slew       Delay        Time   Description
---------------------------------------------------------------------------------------------
                                  0.000000    0.000000   clock clk (rise edge)
                                  0.000000    0.000000   clock source latency
     1    0.011217    0.056859    0.038032    0.038032 ^ clk (in)
                                                         clk (net)
                      0.056861    0.000000    0.038032 ^ clkbuf_0_clk/A (sky130_fd_sc_hd__clkbuf_16)
     2    0.015788    0.039241    0.125779    0.163811 ^ clkbuf_0_clk/X (sky130_fd_sc_hd__clkbuf_16)
                                                         clknet_0_clk (net)
                      0.039241    0.000000    0.163811 ^ clkbuf_1_1__f_clk/A (sky130_fd_sc_hd__clkbuf_16)
     9    0.016893    0.040288    0.120424    0.284235 ^ clkbuf_1_1__f_clk/X (sky130_fd_sc_hd__clkbuf_16)
                                                         clknet_1_1__leaf_clk (net)
                      0.040288    0.000000    0.284235 ^ _107_/CLK (sky130_fd_sc_hd__dfxtp_1)
     2    0.005952    0.067406    0.318844    0.603080 ^ _107_/Q (sky130_fd_sc_hd__dfxtp_1)
                                                         data_edge_detector_inst.reset_counter[1] (net)
                      0.067406    0.000174    0.603253 ^ _061_/A1 (sky130_fd_sc_hd__a21boi_1)
     2    0.006329    0.049807    0.078353    0.681607 v _061_/Y (sky130_fd_sc_hd__a21boi_1)
                                                         _027_ (net)
                      0.049808    0.000178    0.681785 v _062_/A2 (sky130_fd_sc_hd__o21a_1)
     1    0.002333    0.026936    0.160705    0.842490 v _062_/X (sky130_fd_sc_hd__o21a_1)
                                                         _005_ (net)
                      0.026936    0.000052    0.842542 v _102_/D (sky130_fd_sc_hd__dfxtp_1)
                                              0.842542   data arrival time

                                  0.000000    0.000000   clock clk (rise edge)
                                  0.000000    0.000000   clock source latency
     1    0.011217    0.056859    0.038032    0.038032 ^ clk (in)
                                                         clk (net)
                      0.056861    0.000000    0.038032 ^ clkbuf_0_clk/A (sky130_fd_sc_hd__clkbuf_16)
     2    0.015788    0.039241    0.125779    0.163811 ^ clkbuf_0_clk/X (sky130_fd_sc_hd__clkbuf_16)
                                                         clknet_0_clk (net)
                      0.039241    0.000000    0.163811 ^ clkbuf_1_1__f_clk/A (sky130_fd_sc_hd__clkbuf_16)
     9    0.016893    0.040288    0.120424    0.284235 ^ clkbuf_1_1__f_clk/X (sky130_fd_sc_hd__clkbuf_16)
                                                         clknet_1_1__leaf_clk (net)
                      0.040288    0.000000    0.284235 ^ _102_/CLK (sky130_fd_sc_hd__dfxtp_1)
                                  0.250000    0.534235   clock uncertainty
                                  0.000000    0.534235   clock reconvergence pessimism
                                 -0.047067    0.487168   library hold time
                                              0.487168   data required time
---------------------------------------------------------------------------------------------
                                              0.487168   data required time
                                             -0.842542   data arrival time
---------------------------------------------------------------------------------------------
                                              0.355374   slack (MET)


Startpoint: _110_ (rising edge-triggered flip-flop clocked by clk)
Endpoint: _110_ (rising edge-triggered flip-flop clocked by clk)
Path Group: clk
Path Type: min

Fanout         Cap        Slew       Delay        Time   Description
---------------------------------------------------------------------------------------------
                                  0.000000    0.000000   clock clk (rise edge)
                                  0.000000    0.000000   clock source latency
     1    0.011217    0.056859    0.038032    0.038032 ^ clk (in)
                                                         clk (net)
                      0.056861    0.000000    0.038032 ^ clkbuf_0_clk/A (sky130_fd_sc_hd__clkbuf_16)
     2    0.015788    0.039241    0.125779    0.163811 ^ clkbuf_0_clk/X (sky130_fd_sc_hd__clkbuf_16)
                                                         clknet_0_clk (net)
                      0.039241    0.000000    0.163811 ^ clkbuf_1_0__f_clk/A (sky130_fd_sc_hd__clkbuf_16)
     8    0.023581    0.045011    0.126597    0.290407 ^ clkbuf_1_0__f_clk/X (sky130_fd_sc_hd__clkbuf_16)
                                                         clknet_1_0__leaf_clk (net)
                      0.045034    0.000766    0.291173 ^ _110_/CLK (sky130_fd_sc_hd__dfxtp_1)
     8    0.021904    0.107473    0.361250    0.652424 v _110_/Q (sky130_fd_sc_hd__dfxtp_1)
                                                         net6 (net)
                      0.107476    0.000485    0.652909 v _083_/A (sky130_fd_sc_hd__nand2_1)
     1    0.002125    0.043776    0.073791    0.726700 ^ _083_/Y (sky130_fd_sc_hd__nand2_1)
                                                         _039_ (net)
                      0.043776    0.000044    0.726744 ^ _085_/B (sky130_fd_sc_hd__and3_1)
     1    0.002680    0.048294    0.138802    0.865546 ^ _085_/X (sky130_fd_sc_hd__and3_1)
                                                         _012_ (net)
                      0.048294    0.000064    0.865610 ^ _110_/D (sky130_fd_sc_hd__dfxtp_1)
                                              0.865610   data arrival time

                                  0.000000    0.000000   clock clk (rise edge)
                                  0.000000    0.000000   clock source latency
     1    0.011217    0.056859    0.038032    0.038032 ^ clk (in)
                                                         clk (net)
                      0.056861    0.000000    0.038032 ^ clkbuf_0_clk/A (sky130_fd_sc_hd__clkbuf_16)
     2    0.015788    0.039241    0.125779    0.163811 ^ clkbuf_0_clk/X (sky130_fd_sc_hd__clkbuf_16)
                                                         clknet_0_clk (net)
                      0.039241    0.000000    0.163811 ^ clkbuf_1_0__f_clk/A (sky130_fd_sc_hd__clkbuf_16)
     8    0.023581    0.045011    0.126597    0.290407 ^ clkbuf_1_0__f_clk/X (sky130_fd_sc_hd__clkbuf_16)
                                                         clknet_1_0__leaf_clk (net)
                      0.045034    0.000766    0.291173 ^ _110_/CLK (sky130_fd_sc_hd__dfxtp_1)
                                  0.250000    0.541173   clock uncertainty
                                  0.000000    0.541173   clock reconvergence pessimism
                                 -0.031956    0.509218   library hold time
                                              0.509218   data required time
---------------------------------------------------------------------------------------------
                                              0.509218   data required time
                                             -0.865610   data arrival time
---------------------------------------------------------------------------------------------
                                              0.356392   slack (MET)


Startpoint: _099_ (rising edge-triggered flip-flop clocked by clk)
Endpoint: _098_ (rising edge-triggered flip-flop clocked by clk)
Path Group: clk
Path Type: min

Fanout         Cap        Slew       Delay        Time   Description
---------------------------------------------------------------------------------------------
                                  0.000000    0.000000   clock clk (rise edge)
                                  0.000000    0.000000   clock source latency
     1    0.011217    0.056859    0.038032    0.038032 ^ clk (in)
                                                         clk (net)
                      0.056861    0.000000    0.038032 ^ clkbuf_0_clk/A (sky130_fd_sc_hd__clkbuf_16)
     2    0.015788    0.039241    0.125779    0.163811 ^ clkbuf_0_clk/X (sky130_fd_sc_hd__clkbuf_16)
                                                         clknet_0_clk (net)
                      0.039241    0.000000    0.163811 ^ clkbuf_1_0__f_clk/A (sky130_fd_sc_hd__clkbuf_16)
     8    0.023581    0.045011    0.126597    0.290407 ^ clkbuf_1_0__f_clk/X (sky130_fd_sc_hd__clkbuf_16)
                                                         clknet_1_0__leaf_clk (net)
                      0.045024    0.000576    0.290984 ^ _099_/CLK (sky130_fd_sc_hd__dfxtp_1)
     6    0.019840    0.191416    0.410141    0.701124 ^ _099_/Q (sky130_fd_sc_hd__dfxtp_1)
                                                         net12 (net)
                      0.191417    0.000385    0.701510 ^ _060_/B2 (sky130_fd_sc_hd__a221o_1)
     1    0.002955    0.043250    0.167804    0.869313 ^ _060_/X (sky130_fd_sc_hd__a221o_1)
                                                         _002_ (net)
                      0.043251    0.000096    0.869409 ^ _098_/D (sky130_fd_sc_hd__dfxtp_1)
                                              0.869409   data arrival time

                                  0.000000    0.000000   clock clk (rise edge)
                                  0.000000    0.000000   clock source latency
     1    0.011217    0.056859    0.038032    0.038032 ^ clk (in)
                                                         clk (net)
                      0.056861    0.000000    0.038032 ^ clkbuf_0_clk/A (sky130_fd_sc_hd__clkbuf_16)
     2    0.015788    0.039241    0.125779    0.163811 ^ clkbuf_0_clk/X (sky130_fd_sc_hd__clkbuf_16)
                                                         clknet_0_clk (net)
                      0.039241    0.000000    0.163811 ^ clkbuf_1_0__f_clk/A (sky130_fd_sc_hd__clkbuf_16)
     8    0.023581    0.045011    0.126597    0.290407 ^ clkbuf_1_0__f_clk/X (sky130_fd_sc_hd__clkbuf_16)
                                                         clknet_1_0__leaf_clk (net)
                      0.045029    0.000672    0.291079 ^ _098_/CLK (sky130_fd_sc_hd__dfxtp_1)
                                  0.250000    0.541079   clock uncertainty
                                  0.000000    0.541079   clock reconvergence pessimism
                                 -0.030900    0.510179   library hold time
                                              0.510179   data required time
---------------------------------------------------------------------------------------------
                                              0.510179   data required time
                                             -0.869409   data arrival time
---------------------------------------------------------------------------------------------
                                              0.359230   slack (MET)


Startpoint: _100_ (rising edge-triggered flip-flop clocked by clk)
Endpoint: _109_ (rising edge-triggered flip-flop clocked by clk)
Path Group: clk
Path Type: min

Fanout         Cap        Slew       Delay        Time   Description
---------------------------------------------------------------------------------------------
                                  0.000000    0.000000   clock clk (rise edge)
                                  0.000000    0.000000   clock source latency
     1    0.011217    0.056859    0.038032    0.038032 ^ clk (in)
                                                         clk (net)
                      0.056861    0.000000    0.038032 ^ clkbuf_0_clk/A (sky130_fd_sc_hd__clkbuf_16)
     2    0.015788    0.039241    0.125779    0.163811 ^ clkbuf_0_clk/X (sky130_fd_sc_hd__clkbuf_16)
                                                         clknet_0_clk (net)
                      0.039241    0.000000    0.163811 ^ clkbuf_1_0__f_clk/A (sky130_fd_sc_hd__clkbuf_16)
     8    0.023581    0.045011    0.126597    0.290407 ^ clkbuf_1_0__f_clk/X (sky130_fd_sc_hd__clkbuf_16)
                                                         clknet_1_0__leaf_clk (net)
                      0.045029    0.000682    0.291090 ^ _100_/CLK (sky130_fd_sc_hd__dfxtp_1)
     2    0.005932    0.067235    0.320465    0.611555 ^ _100_/Q (sky130_fd_sc_hd__dfxtp_1)
                                                         controller_inst.clear (net)
                      0.067236    0.000162    0.611717 ^ _076_/A (sky130_fd_sc_hd__nor2_1)
     5    0.013326    0.068034    0.083022    0.694739 v _076_/Y (sky130_fd_sc_hd__nor2_1)
                                                         _034_ (net)
                      0.068038    0.000429    0.695168 v _081_/B (sky130_fd_sc_hd__and3b_1)
     1    0.002487    0.031911    0.164818    0.859986 v _081_/X (sky130_fd_sc_hd__and3b_1)
                                                         _011_ (net)
                      0.031911    0.000055    0.860041 v _109_/D (sky130_fd_sc_hd__dfxtp_1)
                                              0.860041   data arrival time

                                  0.000000    0.000000   clock clk (rise edge)
                                  0.000000    0.000000   clock source latency
     1    0.011217    0.056859    0.038032    0.038032 ^ clk (in)
                                                         clk (net)
                      0.056861    0.000000    0.038032 ^ clkbuf_0_clk/A (sky130_fd_sc_hd__clkbuf_16)
     2    0.015788    0.039241    0.125779    0.163811 ^ clkbuf_0_clk/X (sky130_fd_sc_hd__clkbuf_16)
                                                         clknet_0_clk (net)
                      0.039241    0.000000    0.163811 ^ clkbuf_1_0__f_clk/A (sky130_fd_sc_hd__clkbuf_16)
     8    0.023581    0.045011    0.126597    0.290407 ^ clkbuf_1_0__f_clk/X (sky130_fd_sc_hd__clkbuf_16)
                                                         clknet_1_0__leaf_clk (net)
                      0.045016    0.000378    0.290785 ^ _109_/CLK (sky130_fd_sc_hd__dfxtp_1)
                                  0.250000    0.540785   clock uncertainty
                                  0.000000    0.540785   clock reconvergence pessimism
                                 -0.048077    0.492708   library hold time
                                              0.492708   data required time
---------------------------------------------------------------------------------------------
                                              0.492708   data required time
                                             -0.860041   data arrival time
---------------------------------------------------------------------------------------------
                                              0.367333   slack (MET)


Startpoint: _114_ (rising edge-triggered flip-flop clocked by clk)
Endpoint: _114_ (rising edge-triggered flip-flop clocked by clk)
Path Group: clk
Path Type: min

Fanout         Cap        Slew       Delay        Time   Description
---------------------------------------------------------------------------------------------
                                  0.000000    0.000000   clock clk (rise edge)
                                  0.000000    0.000000   clock source latency
     1    0.011217    0.056859    0.038032    0.038032 ^ clk (in)
                                                         clk (net)
                      0.056861    0.000000    0.038032 ^ clkbuf_0_clk/A (sky130_fd_sc_hd__clkbuf_16)
     2    0.015788    0.039241    0.125779    0.163811 ^ clkbuf_0_clk/X (sky130_fd_sc_hd__clkbuf_16)
                                                         clknet_0_clk (net)
                      0.039241    0.000000    0.163811 ^ clkbuf_1_0__f_clk/A (sky130_fd_sc_hd__clkbuf_16)
     8    0.023581    0.045011    0.126597    0.290407 ^ clkbuf_1_0__f_clk/X (sky130_fd_sc_hd__clkbuf_16)
                                                         clknet_1_0__leaf_clk (net)
                      0.045034    0.000765    0.291172 ^ _114_/CLK (sky130_fd_sc_hd__dfxtp_1)
     3    0.009294    0.052897    0.317713    0.608886 v _114_/Q (sky130_fd_sc_hd__dfxtp_1)
                                                         net10 (net)
                      0.052899    0.000266    0.609152 v _055_/A (sky130_fd_sc_hd__nand2_1)
     4    0.013436    0.128774    0.123102    0.732255 ^ _055_/Y (sky130_fd_sc_hd__nand2_1)
                                                         _023_ (net)
                      0.128776    0.000481    0.732735 ^ _097_/A1 (sky130_fd_sc_hd__o211a_1)
     1    0.002268    0.036570    0.161778    0.894514 ^ _097_/X (sky130_fd_sc_hd__o211a_1)
                                                         _016_ (net)
                      0.036570    0.000048    0.894562 ^ _114_/D (sky130_fd_sc_hd__dfxtp_1)
                                              0.894562   data arrival time

                                  0.000000    0.000000   clock clk (rise edge)
                                  0.000000    0.000000   clock source latency
     1    0.011217    0.056859    0.038032    0.038032 ^ clk (in)
                                                         clk (net)
                      0.056861    0.000000    0.038032 ^ clkbuf_0_clk/A (sky130_fd_sc_hd__clkbuf_16)
     2    0.015788    0.039241    0.125779    0.163811 ^ clkbuf_0_clk/X (sky130_fd_sc_hd__clkbuf_16)
                                                         clknet_0_clk (net)
                      0.039241    0.000000    0.163811 ^ clkbuf_1_0__f_clk/A (sky130_fd_sc_hd__clkbuf_16)
     8    0.023581    0.045011    0.126597    0.290407 ^ clkbuf_1_0__f_clk/X (sky130_fd_sc_hd__clkbuf_16)
                                                         clknet_1_0__leaf_clk (net)
                      0.045034    0.000765    0.291172 ^ _114_/CLK (sky130_fd_sc_hd__dfxtp_1)
                                  0.250000    0.541172   clock uncertainty
                                  0.000000    0.541172   clock reconvergence pessimism
                                 -0.029501    0.511672   library hold time
                                              0.511672   data required time
---------------------------------------------------------------------------------------------
                                              0.511672   data required time
                                             -0.894562   data arrival time
---------------------------------------------------------------------------------------------
                                              0.382890   slack (MET)


Startpoint: _104_ (rising edge-triggered flip-flop clocked by clk)
Endpoint: _104_ (rising edge-triggered flip-flop clocked by clk)
Path Group: clk
Path Type: min

Fanout         Cap        Slew       Delay        Time   Description
---------------------------------------------------------------------------------------------
                                  0.000000    0.000000   clock clk (rise edge)
                                  0.000000    0.000000   clock source latency
     1    0.011217    0.056859    0.038032    0.038032 ^ clk (in)
                                                         clk (net)
                      0.056861    0.000000    0.038032 ^ clkbuf_0_clk/A (sky130_fd_sc_hd__clkbuf_16)
     2    0.015788    0.039241    0.125779    0.163811 ^ clkbuf_0_clk/X (sky130_fd_sc_hd__clkbuf_16)
                                                         clknet_0_clk (net)
                      0.039241    0.000000    0.163811 ^ clkbuf_1_1__f_clk/A (sky130_fd_sc_hd__clkbuf_16)
     9    0.016893    0.040288    0.120424    0.284235 ^ clkbuf_1_1__f_clk/X (sky130_fd_sc_hd__clkbuf_16)
                                                         clknet_1_1__leaf_clk (net)
                      0.040288    0.000000    0.284235 ^ _104_/CLK (sky130_fd_sc_hd__dfxtp_1)
     4    0.013221    0.131735    0.365969    0.650205 ^ _104_/Q (sky130_fd_sc_hd__dfxtp_1)
                                                         data_edge_detector_inst.input_buffer[0] (net)
                      0.131737    0.000347    0.650551 ^ _067_/A0 (sky130_fd_sc_hd__mux2_1)
     1    0.001943    0.035036    0.136460    0.787011 ^ _067_/X (sky130_fd_sc_hd__mux2_1)
                                                         _029_ (net)
                      0.035036    0.000040    0.787051 ^ _068_/B (sky130_fd_sc_hd__and2_1)
     1    0.002881    0.046704    0.112254    0.899305 ^ _068_/X (sky130_fd_sc_hd__and2_1)
                                                         _006_ (net)
                      0.046704    0.000095    0.899400 ^ _104_/D (sky130_fd_sc_hd__dfxtp_1)
                                              0.899400   data arrival time

                                  0.000000    0.000000   clock clk (rise edge)
                                  0.000000    0.000000   clock source latency
     1    0.011217    0.056859    0.038032    0.038032 ^ clk (in)
                                                         clk (net)
                      0.056861    0.000000    0.038032 ^ clkbuf_0_clk/A (sky130_fd_sc_hd__clkbuf_16)
     2    0.015788    0.039241    0.125779    0.163811 ^ clkbuf_0_clk/X (sky130_fd_sc_hd__clkbuf_16)
                                                         clknet_0_clk (net)
                      0.039241    0.000000    0.163811 ^ clkbuf_1_1__f_clk/A (sky130_fd_sc_hd__clkbuf_16)
     9    0.016893    0.040288    0.120424    0.284235 ^ clkbuf_1_1__f_clk/X (sky130_fd_sc_hd__clkbuf_16)
                                                         clknet_1_1__leaf_clk (net)
                      0.040288    0.000000    0.284235 ^ _104_/CLK (sky130_fd_sc_hd__dfxtp_1)
                                  0.250000    0.534235   clock uncertainty
                                  0.000000    0.534235   clock reconvergence pessimism
                                 -0.032249    0.501987   library hold time
                                              0.501987   data required time
---------------------------------------------------------------------------------------------
                                              0.501987   data required time
                                             -0.899400   data arrival time
---------------------------------------------------------------------------------------------
                                              0.397413   slack (MET)


Startpoint: _102_ (rising edge-triggered flip-flop clocked by clk)
Endpoint: _107_ (rising edge-triggered flip-flop clocked by clk)
Path Group: clk
Path Type: min

Fanout         Cap        Slew       Delay        Time   Description
---------------------------------------------------------------------------------------------
                                  0.000000    0.000000   clock clk (rise edge)
                                  0.000000    0.000000   clock source latency
     1    0.011217    0.056859    0.038032    0.038032 ^ clk (in)
                                                         clk (net)
                      0.056861    0.000000    0.038032 ^ clkbuf_0_clk/A (sky130_fd_sc_hd__clkbuf_16)
     2    0.015788    0.039241    0.125779    0.163811 ^ clkbuf_0_clk/X (sky130_fd_sc_hd__clkbuf_16)
                                                         clknet_0_clk (net)
                      0.039241    0.000000    0.163811 ^ clkbuf_1_1__f_clk/A (sky130_fd_sc_hd__clkbuf_16)
     9    0.016893    0.040288    0.120424    0.284235 ^ clkbuf_1_1__f_clk/X (sky130_fd_sc_hd__clkbuf_16)
                                                         clknet_1_1__leaf_clk (net)
                      0.040288    0.000000    0.284235 ^ _102_/CLK (sky130_fd_sc_hd__dfxtp_1)
     5    0.013314    0.070123    0.329786    0.614021 v _102_/Q (sky130_fd_sc_hd__dfxtp_1)
                                                         net13 (net)
                      0.070124    0.000280    0.614301 v _071_/A_N (sky130_fd_sc_hd__and2b_1)
     2    0.006956    0.075199    0.220187    0.834487 ^ _071_/X (sky130_fd_sc_hd__and2b_1)
                                                         _031_ (net)
                      0.075200    0.000209    0.834697 ^ _074_/B1 (sky130_fd_sc_hd__a211oi_1)
     1    0.003044    0.038262    0.053194    0.887891 v _074_/Y (sky130_fd_sc_hd__a211oi_1)
                                                         _009_ (net)
                      0.038262    0.000097    0.887988 v _107_/D (sky130_fd_sc_hd__dfxtp_1)
                                              0.887988   data arrival time

                                  0.000000    0.000000   clock clk (rise edge)
                                  0.000000    0.000000   clock source latency
     1    0.011217    0.056859    0.038032    0.038032 ^ clk (in)
                                                         clk (net)
                      0.056861    0.000000    0.038032 ^ clkbuf_0_clk/A (sky130_fd_sc_hd__clkbuf_16)
     2    0.015788    0.039241    0.125779    0.163811 ^ clkbuf_0_clk/X (sky130_fd_sc_hd__clkbuf_16)
                                                         clknet_0_clk (net)
                      0.039241    0.000000    0.163811 ^ clkbuf_1_1__f_clk/A (sky130_fd_sc_hd__clkbuf_16)
     9    0.016893    0.040288    0.120424    0.284235 ^ clkbuf_1_1__f_clk/X (sky130_fd_sc_hd__clkbuf_16)
                                                         clknet_1_1__leaf_clk (net)
                      0.040288    0.000000    0.284235 ^ _107_/CLK (sky130_fd_sc_hd__dfxtp_1)
                                  0.250000    0.534235   clock uncertainty
                                  0.000000    0.534235   clock reconvergence pessimism
                                 -0.051793    0.482443   library hold time
                                              0.482443   data required time
---------------------------------------------------------------------------------------------
                                              0.482443   data required time
                                             -0.887988   data arrival time
---------------------------------------------------------------------------------------------
                                              0.405545   slack (MET)


Startpoint: _099_ (rising edge-triggered flip-flop clocked by clk)
Endpoint: _099_ (rising edge-triggered flip-flop clocked by clk)
Path Group: clk
Path Type: min

Fanout         Cap        Slew       Delay        Time   Description
---------------------------------------------------------------------------------------------
                                  0.000000    0.000000   clock clk (rise edge)
                                  0.000000    0.000000   clock source latency
     1    0.011217    0.056859    0.038032    0.038032 ^ clk (in)
                                                         clk (net)
                      0.056861    0.000000    0.038032 ^ clkbuf_0_clk/A (sky130_fd_sc_hd__clkbuf_16)
     2    0.015788    0.039241    0.125779    0.163811 ^ clkbuf_0_clk/X (sky130_fd_sc_hd__clkbuf_16)
                                                         clknet_0_clk (net)
                      0.039241    0.000000    0.163811 ^ clkbuf_1_0__f_clk/A (sky130_fd_sc_hd__clkbuf_16)
     8    0.023581    0.045011    0.126597    0.290407 ^ clkbuf_1_0__f_clk/X (sky130_fd_sc_hd__clkbuf_16)
                                                         clknet_1_0__leaf_clk (net)
                      0.045024    0.000576    0.290984 ^ _099_/CLK (sky130_fd_sc_hd__dfxtp_1)
     6    0.018821    0.093817    0.350689    0.641672 v _099_/Q (sky130_fd_sc_hd__dfxtp_1)
                                                         net12 (net)
                      0.093822    0.000581    0.642254 v _058_/B1 (sky130_fd_sc_hd__o31a_1)
     1    0.002756    0.028169    0.119169    0.761423 v _058_/X (sky130_fd_sc_hd__o31a_1)
                                                         _026_ (net)
                      0.028169    0.000059    0.761482 v _059_/A2 (sky130_fd_sc_hd__o21a_1)
     1    0.004611    0.038066    0.166025    0.927507 v _059_/X (sky130_fd_sc_hd__o21a_1)
                                                         _003_ (net)
                      0.038067    0.000193    0.927700 v _099_/D (sky130_fd_sc_hd__dfxtp_1)
                                              0.927700   data arrival time

                                  0.000000    0.000000   clock clk (rise edge)
                                  0.000000    0.000000   clock source latency
     1    0.011217    0.056859    0.038032    0.038032 ^ clk (in)
                                                         clk (net)
                      0.056861    0.000000    0.038032 ^ clkbuf_0_clk/A (sky130_fd_sc_hd__clkbuf_16)
     2    0.015788    0.039241    0.125779    0.163811 ^ clkbuf_0_clk/X (sky130_fd_sc_hd__clkbuf_16)
                                                         clknet_0_clk (net)
                      0.039241    0.000000    0.163811 ^ clkbuf_1_0__f_clk/A (sky130_fd_sc_hd__clkbuf_16)
     8    0.023581    0.045011    0.126597    0.290407 ^ clkbuf_1_0__f_clk/X (sky130_fd_sc_hd__clkbuf_16)
                                                         clknet_1_0__leaf_clk (net)
                      0.045024    0.000576    0.290984 ^ _099_/CLK (sky130_fd_sc_hd__dfxtp_1)
                                  0.250000    0.540984   clock uncertainty
                                  0.000000    0.540984   clock reconvergence pessimism
                                 -0.050644    0.490340   library hold time
                                              0.490340   data required time
---------------------------------------------------------------------------------------------
                                              0.490340   data required time
                                             -0.927700   data arrival time
---------------------------------------------------------------------------------------------
                                              0.437360   slack (MET)


Startpoint: _098_ (rising edge-triggered flip-flop clocked by clk)
Endpoint: _100_ (rising edge-triggered flip-flop clocked by clk)
Path Group: clk
Path Type: min

Fanout         Cap        Slew       Delay        Time   Description
---------------------------------------------------------------------------------------------
                                  0.000000    0.000000   clock clk (rise edge)
                                  0.000000    0.000000   clock source latency
     1    0.011217    0.056859    0.038032    0.038032 ^ clk (in)
                                                         clk (net)
                      0.056861    0.000000    0.038032 ^ clkbuf_0_clk/A (sky130_fd_sc_hd__clkbuf_16)
     2    0.015788    0.039241    0.125779    0.163811 ^ clkbuf_0_clk/X (sky130_fd_sc_hd__clkbuf_16)
                                                         clknet_0_clk (net)
                      0.039241    0.000000    0.163811 ^ clkbuf_1_0__f_clk/A (sky130_fd_sc_hd__clkbuf_16)
     8    0.023581    0.045011    0.126597    0.290407 ^ clkbuf_1_0__f_clk/X (sky130_fd_sc_hd__clkbuf_16)
                                                         clknet_1_0__leaf_clk (net)
                      0.045029    0.000672    0.291079 ^ _098_/CLK (sky130_fd_sc_hd__dfxtp_1)
     2    0.005009    0.059232    0.314389    0.605468 ^ _098_/Q (sky130_fd_sc_hd__dfxtp_1)
                                                         net11 (net)
                      0.059232    0.000091    0.605559 ^ hold2/A (sky130_fd_sc_hd__dlygate4sd3_1)
     2    0.005746    0.078638    0.562887    1.168445 ^ hold2/X (sky130_fd_sc_hd__dlygate4sd3_1)
                                                         net15 (net)
                      0.078639    0.000176    1.168621 ^ _065_/C (sky130_fd_sc_hd__and3_1)
     1    0.003753    0.057405    0.161945    1.330566 ^ _065_/X (sky130_fd_sc_hd__and3_1)
                                                         _000_ (net)
                      0.057406    0.000136    1.330703 ^ _100_/D (sky130_fd_sc_hd__dfxtp_1)
                                              1.330703   data arrival time

                                  0.000000    0.000000   clock clk (rise edge)
                                  0.000000    0.000000   clock source latency
     1    0.011217    0.056859    0.038032    0.038032 ^ clk (in)
                                                         clk (net)
                      0.056861    0.000000    0.038032 ^ clkbuf_0_clk/A (sky130_fd_sc_hd__clkbuf_16)
     2    0.015788    0.039241    0.125779    0.163811 ^ clkbuf_0_clk/X (sky130_fd_sc_hd__clkbuf_16)
                                                         clknet_0_clk (net)
                      0.039241    0.000000    0.163811 ^ clkbuf_1_0__f_clk/A (sky130_fd_sc_hd__clkbuf_16)
     8    0.023581    0.045011    0.126597    0.290407 ^ clkbuf_1_0__f_clk/X (sky130_fd_sc_hd__clkbuf_16)
                                                         clknet_1_0__leaf_clk (net)
                      0.045029    0.000682    0.291090 ^ _100_/CLK (sky130_fd_sc_hd__dfxtp_1)
                                  0.250000    0.541090   clock uncertainty
                                  0.000000    0.541090   clock reconvergence pessimism
                                 -0.033865    0.507225   library hold time
                                              0.507225   data required time
---------------------------------------------------------------------------------------------
                                              0.507225   data required time
                                             -1.330703   data arrival time
---------------------------------------------------------------------------------------------
                                              0.823477   slack (MET)


Startpoint: _103_ (rising edge-triggered flip-flop clocked by clk)
Endpoint: _108_ (rising edge-triggered flip-flop clocked by clk)
Path Group: clk
Path Type: min

Fanout         Cap        Slew       Delay        Time   Description
---------------------------------------------------------------------------------------------
                                  0.000000    0.000000   clock clk (rise edge)
                                  0.000000    0.000000   clock source latency
     1    0.011217    0.056859    0.038032    0.038032 ^ clk (in)
                                                         clk (net)
                      0.056861    0.000000    0.038032 ^ clkbuf_0_clk/A (sky130_fd_sc_hd__clkbuf_16)
     2    0.015788    0.039241    0.125779    0.163811 ^ clkbuf_0_clk/X (sky130_fd_sc_hd__clkbuf_16)
                                                         clknet_0_clk (net)
                      0.039241    0.000000    0.163811 ^ clkbuf_1_1__f_clk/A (sky130_fd_sc_hd__clkbuf_16)
     9    0.016893    0.040288    0.120424    0.284235 ^ clkbuf_1_1__f_clk/X (sky130_fd_sc_hd__clkbuf_16)
                                                         clknet_1_1__leaf_clk (net)
                      0.040288    0.000000    0.284235 ^ _103_/CLK (sky130_fd_sc_hd__dfxtp_1)
     4    0.010883    0.059658    0.321456    0.605691 v _103_/Q (sky130_fd_sc_hd__dfxtp_1)
                                                         data_counter_inst.inc (net)
                      0.059661    0.000316    0.606007 v _075_/B (sky130_fd_sc_hd__nand2_1)
     3    0.009843    0.098702    0.111358    0.717365 ^ _075_/Y (sky130_fd_sc_hd__nand2_1)
                                                         _033_ (net)
                      0.098703    0.000195    0.717560 ^ _078_/A2 (sky130_fd_sc_hd__a21oi_1)
     1    0.002013    0.032732    0.069196    0.786755 v _078_/Y (sky130_fd_sc_hd__a21oi_1)
                                                         _010_ (net)
                      0.032732    0.000040    0.786795 v hold6/A (sky130_fd_sc_hd__dlygate4sd3_1)
     1    0.002964    0.054435    0.544880    1.331675 v hold6/X (sky130_fd_sc_hd__dlygate4sd3_1)
                                                         net19 (net)
                      0.054435    0.000075    1.331750 v _108_/D (sky130_fd_sc_hd__dfxtp_1)
                                              1.331750   data arrival time

                                  0.000000    0.000000   clock clk (rise edge)
                                  0.000000    0.000000   clock source latency
     1    0.011217    0.056859    0.038032    0.038032 ^ clk (in)
                                                         clk (net)
                      0.056861    0.000000    0.038032 ^ clkbuf_0_clk/A (sky130_fd_sc_hd__clkbuf_16)
     2    0.015788    0.039241    0.125779    0.163811 ^ clkbuf_0_clk/X (sky130_fd_sc_hd__clkbuf_16)
                                                         clknet_0_clk (net)
                      0.039241    0.000000    0.163811 ^ clkbuf_1_0__f_clk/A (sky130_fd_sc_hd__clkbuf_16)
     8    0.023581    0.045011    0.126597    0.290407 ^ clkbuf_1_0__f_clk/X (sky130_fd_sc_hd__clkbuf_16)
                                                         clknet_1_0__leaf_clk (net)
                      0.045021    0.000499    0.290907 ^ _108_/CLK (sky130_fd_sc_hd__dfxtp_1)
                                  0.250000    0.540907   clock uncertainty
                                  0.000000    0.540907   clock reconvergence pessimism
                                 -0.057474    0.483432   library hold time
                                              0.483432   data required time
---------------------------------------------------------------------------------------------
                                              0.483432   data required time
                                             -1.331750   data arrival time
---------------------------------------------------------------------------------------------
                                              0.848318   slack (MET)


Startpoint: _107_ (rising edge-triggered flip-flop clocked by clk)
Endpoint: _106_ (rising edge-triggered flip-flop clocked by clk)
Path Group: clk
Path Type: min

Fanout         Cap        Slew       Delay        Time   Description
---------------------------------------------------------------------------------------------
                                  0.000000    0.000000   clock clk (rise edge)
                                  0.000000    0.000000   clock source latency
     1    0.011217    0.056859    0.038032    0.038032 ^ clk (in)
                                                         clk (net)
                      0.056861    0.000000    0.038032 ^ clkbuf_0_clk/A (sky130_fd_sc_hd__clkbuf_16)
     2    0.015788    0.039241    0.125779    0.163811 ^ clkbuf_0_clk/X (sky130_fd_sc_hd__clkbuf_16)
                                                         clknet_0_clk (net)
                      0.039241    0.000000    0.163811 ^ clkbuf_1_1__f_clk/A (sky130_fd_sc_hd__clkbuf_16)
     9    0.016893    0.040288    0.120424    0.284235 ^ clkbuf_1_1__f_clk/X (sky130_fd_sc_hd__clkbuf_16)
                                                         clknet_1_1__leaf_clk (net)
                      0.040288    0.000000    0.284235 ^ _107_/CLK (sky130_fd_sc_hd__dfxtp_1)
     2    0.005952    0.067406    0.318844    0.603080 ^ _107_/Q (sky130_fd_sc_hd__dfxtp_1)
                                                         data_edge_detector_inst.reset_counter[1] (net)
                      0.067406    0.000174    0.603253 ^ _061_/A1 (sky130_fd_sc_hd__a21boi_1)
     2    0.006329    0.049807    0.078353    0.681607 v _061_/Y (sky130_fd_sc_hd__a21boi_1)
                                                         _027_ (net)
                      0.049808    0.000142    0.681749 v _072_/A1 (sky130_fd_sc_hd__o21ai_1)
     2    0.005967    0.112088    0.167363    0.849111 ^ _072_/Y (sky130_fd_sc_hd__o21ai_1)
                                                         _032_ (net)
                      0.112088    0.000092    0.849204 ^ _073_/C1 (sky130_fd_sc_hd__o211a_1)
     1    0.002055    0.035087    0.142813    0.992017 ^ _073_/X (sky130_fd_sc_hd__o211a_1)
                                                         _008_ (net)
                      0.035087    0.000041    0.992058 ^ hold9/A (sky130_fd_sc_hd__dlygate4sd3_1)
     1    0.003550    0.059941    0.538364    1.530422 ^ hold9/X (sky130_fd_sc_hd__dlygate4sd3_1)
                                                         net22 (net)
                      0.059941    0.000129    1.530551 ^ _106_/D (sky130_fd_sc_hd__dfxtp_1)
                                              1.530551   data arrival time

                                  0.000000    0.000000   clock clk (rise edge)
                                  0.000000    0.000000   clock source latency
     1    0.011217    0.056859    0.038032    0.038032 ^ clk (in)
                                                         clk (net)
                      0.056861    0.000000    0.038032 ^ clkbuf_0_clk/A (sky130_fd_sc_hd__clkbuf_16)
     2    0.015788    0.039241    0.125779    0.163811 ^ clkbuf_0_clk/X (sky130_fd_sc_hd__clkbuf_16)
                                                         clknet_0_clk (net)
                      0.039241    0.000000    0.163811 ^ clkbuf_1_1__f_clk/A (sky130_fd_sc_hd__clkbuf_16)
     9    0.016893    0.040288    0.120424    0.284235 ^ clkbuf_1_1__f_clk/X (sky130_fd_sc_hd__clkbuf_16)
                                                         clknet_1_1__leaf_clk (net)
                      0.040288    0.000000    0.284235 ^ _106_/CLK (sky130_fd_sc_hd__dfxtp_1)
                                  0.250000    0.534235   clock uncertainty
                                  0.000000    0.534235   clock reconvergence pessimism
                                 -0.035023    0.499213   library hold time
                                              0.499213   data required time
---------------------------------------------------------------------------------------------
                                              0.499213   data required time
                                             -1.530551   data arrival time
---------------------------------------------------------------------------------------------
                                              1.031339   slack (MET)


Startpoint: _098_ (rising edge-triggered flip-flop clocked by clk)
Endpoint: ready (output port clocked by clk)
Path Group: clk
Path Type: min

Fanout         Cap        Slew       Delay        Time   Description
---------------------------------------------------------------------------------------------
                                  0.000000    0.000000   clock clk (rise edge)
                                  0.000000    0.000000   clock source latency
     1    0.011217    0.056859    0.038032    0.038032 ^ clk (in)
                                                         clk (net)
                      0.056861    0.000000    0.038032 ^ clkbuf_0_clk/A (sky130_fd_sc_hd__clkbuf_16)
     2    0.015788    0.039241    0.125779    0.163811 ^ clkbuf_0_clk/X (sky130_fd_sc_hd__clkbuf_16)
                                                         clknet_0_clk (net)
                      0.039241    0.000000    0.163811 ^ clkbuf_1_0__f_clk/A (sky130_fd_sc_hd__clkbuf_16)
     8    0.023581    0.045011    0.126597    0.290407 ^ clkbuf_1_0__f_clk/X (sky130_fd_sc_hd__clkbuf_16)
                                                         clknet_1_0__leaf_clk (net)
                      0.045029    0.000672    0.291079 ^ _098_/CLK (sky130_fd_sc_hd__dfxtp_1)
     2    0.004684    0.034333    0.299204    0.590283 v _098_/Q (sky130_fd_sc_hd__dfxtp_1)
                                                         net11 (net)
                      0.034334    0.000115    0.590398 v output11/A (sky130_fd_sc_hd__buf_2)
     1    0.033442    0.087286    0.174489    0.764887 v output11/X (sky130_fd_sc_hd__buf_2)
                                                         ready (net)
                      0.087286    0.000000    0.764887 v ready (out)
                                              0.764887   data arrival time

                                  0.000000    0.000000   clock clk (rise edge)
                                  0.000000    0.000000   clock network delay (propagated)
                                  0.250000    0.250000   clock uncertainty
                                  0.000000    0.250000   clock reconvergence pessimism
                                 -5.000000   -4.750000   output external delay
                                             -4.750000   data required time
---------------------------------------------------------------------------------------------
                                             -4.750000   data required time
                                             -0.764887   data arrival time
---------------------------------------------------------------------------------------------
                                              5.514887   slack (MET)


Startpoint: _112_ (rising edge-triggered flip-flop clocked by clk)
Endpoint: count_out[4] (output port clocked by clk)
Path Group: clk
Path Type: min

Fanout         Cap        Slew       Delay        Time   Description
---------------------------------------------------------------------------------------------
                                  0.000000    0.000000   clock clk (rise edge)
                                  0.000000    0.000000   clock source latency
     1    0.011217    0.056859    0.038032    0.038032 ^ clk (in)
                                                         clk (net)
                      0.056861    0.000000    0.038032 ^ clkbuf_0_clk/A (sky130_fd_sc_hd__clkbuf_16)
     2    0.015788    0.039241    0.125779    0.163811 ^ clkbuf_0_clk/X (sky130_fd_sc_hd__clkbuf_16)
                                                         clknet_0_clk (net)
                      0.039241    0.000000    0.163811 ^ clkbuf_1_1__f_clk/A (sky130_fd_sc_hd__clkbuf_16)
     9    0.016893    0.040288    0.120424    0.284235 ^ clkbuf_1_1__f_clk/X (sky130_fd_sc_hd__clkbuf_16)
                                                         clknet_1_1__leaf_clk (net)
                      0.040288    0.000000    0.284235 ^ _112_/CLK (sky130_fd_sc_hd__dfxtp_1)
     4    0.009844    0.055230    0.317897    0.602132 v _112_/Q (sky130_fd_sc_hd__dfxtp_1)
                                                         net8 (net)
                      0.055231    0.000153    0.602285 v output8/A (sky130_fd_sc_hd__buf_2)
     1    0.037238    0.093259    0.189809    0.792094 v output8/X (sky130_fd_sc_hd__buf_2)
                                                         count_out[4] (net)
                      0.093277    0.001077    0.793171 v count_out[4] (out)
                                              0.793171   data arrival time

                                  0.000000    0.000000   clock clk (rise edge)
                                  0.000000    0.000000   clock network delay (propagated)
                                  0.250000    0.250000   clock uncertainty
                                  0.000000    0.250000   clock reconvergence pessimism
                                 -5.000000   -4.750000   output external delay
                                             -4.750000   data required time
---------------------------------------------------------------------------------------------
                                             -4.750000   data required time
                                             -0.793171   data arrival time
---------------------------------------------------------------------------------------------
                                              5.543171   slack (MET)


Startpoint: _114_ (rising edge-triggered flip-flop clocked by clk)
Endpoint: count_out[6] (output port clocked by clk)
Path Group: clk
Path Type: min

Fanout         Cap        Slew       Delay        Time   Description
---------------------------------------------------------------------------------------------
                                  0.000000    0.000000   clock clk (rise edge)
                                  0.000000    0.000000   clock source latency
     1    0.011217    0.056859    0.038032    0.038032 ^ clk (in)
                                                         clk (net)
                      0.056861    0.000000    0.038032 ^ clkbuf_0_clk/A (sky130_fd_sc_hd__clkbuf_16)
     2    0.015788    0.039241    0.125779    0.163811 ^ clkbuf_0_clk/X (sky130_fd_sc_hd__clkbuf_16)
                                                         clknet_0_clk (net)
                      0.039241    0.000000    0.163811 ^ clkbuf_1_0__f_clk/A (sky130_fd_sc_hd__clkbuf_16)
     8    0.023581    0.045011    0.126597    0.290407 ^ clkbuf_1_0__f_clk/X (sky130_fd_sc_hd__clkbuf_16)
                                                         clknet_1_0__leaf_clk (net)
                      0.045034    0.000765    0.291172 ^ _114_/CLK (sky130_fd_sc_hd__dfxtp_1)
     3    0.009294    0.052897    0.317713    0.608886 v _114_/Q (sky130_fd_sc_hd__dfxtp_1)
                                                         net10 (net)
                      0.052899    0.000227    0.609113 v output10/A (sky130_fd_sc_hd__buf_2)
     1    0.036432    0.092525    0.187229    0.796342 v output10/X (sky130_fd_sc_hd__buf_2)
                                                         count_out[6] (net)
                      0.092543    0.001085    0.797426 v count_out[6] (out)
                                              0.797426   data arrival time

                                  0.000000    0.000000   clock clk (rise edge)
                                  0.000000    0.000000   clock network delay (propagated)
                                  0.250000    0.250000   clock uncertainty
                                  0.000000    0.250000   clock reconvergence pessimism
                                 -5.000000   -4.750000   output external delay
                                             -4.750000   data required time
---------------------------------------------------------------------------------------------
                                             -4.750000   data required time
                                             -0.797426   data arrival time
---------------------------------------------------------------------------------------------
                                              5.547426   slack (MET)


Startpoint: _109_ (rising edge-triggered flip-flop clocked by clk)
Endpoint: count_out[1] (output port clocked by clk)
Path Group: clk
Path Type: min

Fanout         Cap        Slew       Delay        Time   Description
---------------------------------------------------------------------------------------------
                                  0.000000    0.000000   clock clk (rise edge)
                                  0.000000    0.000000   clock source latency
     1    0.011217    0.056859    0.038032    0.038032 ^ clk (in)
                                                         clk (net)
                      0.056861    0.000000    0.038032 ^ clkbuf_0_clk/A (sky130_fd_sc_hd__clkbuf_16)
     2    0.015788    0.039241    0.125779    0.163811 ^ clkbuf_0_clk/X (sky130_fd_sc_hd__clkbuf_16)
                                                         clknet_0_clk (net)
                      0.039241    0.000000    0.163811 ^ clkbuf_1_0__f_clk/A (sky130_fd_sc_hd__clkbuf_16)
     8    0.023581    0.045011    0.126597    0.290407 ^ clkbuf_1_0__f_clk/X (sky130_fd_sc_hd__clkbuf_16)
                                                         clknet_1_0__leaf_clk (net)
                      0.045016    0.000378    0.290785 ^ _109_/CLK (sky130_fd_sc_hd__dfxtp_1)
     4    0.011727    0.063222    0.326168    0.616953 v _109_/Q (sky130_fd_sc_hd__dfxtp_1)
                                                         net5 (net)
                      0.063223    0.000242    0.617195 v output5/A (sky130_fd_sc_hd__buf_2)
     1    0.034667    0.090468    0.188710    0.805905 v output5/X (sky130_fd_sc_hd__buf_2)
                                                         count_out[1] (net)
                      0.090482    0.000944    0.806849 v count_out[1] (out)
                                              0.806849   data arrival time

                                  0.000000    0.000000   clock clk (rise edge)
                                  0.000000    0.000000   clock network delay (propagated)
                                  0.250000    0.250000   clock uncertainty
                                  0.000000    0.250000   clock reconvergence pessimism
                                 -5.000000   -4.750000   output external delay
                                             -4.750000   data required time
---------------------------------------------------------------------------------------------
                                             -4.750000   data required time
                                             -0.806849   data arrival time
---------------------------------------------------------------------------------------------
                                              5.556849   slack (MET)


Startpoint: _108_ (rising edge-triggered flip-flop clocked by clk)
Endpoint: count_out[0] (output port clocked by clk)
Path Group: clk
Path Type: min

Fanout         Cap        Slew       Delay        Time   Description
---------------------------------------------------------------------------------------------
                                  0.000000    0.000000   clock clk (rise edge)
                                  0.000000    0.000000   clock source latency
     1    0.011217    0.056859    0.038032    0.038032 ^ clk (in)
                                                         clk (net)
                      0.056861    0.000000    0.038032 ^ clkbuf_0_clk/A (sky130_fd_sc_hd__clkbuf_16)
     2    0.015788    0.039241    0.125779    0.163811 ^ clkbuf_0_clk/X (sky130_fd_sc_hd__clkbuf_16)
                                                         clknet_0_clk (net)
                      0.039241    0.000000    0.163811 ^ clkbuf_1_0__f_clk/A (sky130_fd_sc_hd__clkbuf_16)
     8    0.023581    0.045011    0.126597    0.290407 ^ clkbuf_1_0__f_clk/X (sky130_fd_sc_hd__clkbuf_16)
                                                         clknet_1_0__leaf_clk (net)
                      0.045021    0.000499    0.290907 ^ _108_/CLK (sky130_fd_sc_hd__dfxtp_1)
     5    0.012642    0.067141    0.329321    0.620228 v _108_/Q (sky130_fd_sc_hd__dfxtp_1)
                                                         net4 (net)
                      0.067143    0.000343    0.620571 v output4/A (sky130_fd_sc_hd__buf_2)
     1    0.034497    0.090082    0.190222    0.810793 v output4/X (sky130_fd_sc_hd__buf_2)
                                                         count_out[0] (net)
                      0.090094    0.000883    0.811676 v count_out[0] (out)
                                              0.811676   data arrival time

                                  0.000000    0.000000   clock clk (rise edge)
                                  0.000000    0.000000   clock network delay (propagated)
                                  0.250000    0.250000   clock uncertainty
                                  0.000000    0.250000   clock reconvergence pessimism
                                 -5.000000   -4.750000   output external delay
                                             -4.750000   data required time
---------------------------------------------------------------------------------------------
                                             -4.750000   data required time
                                             -0.811676   data arrival time
---------------------------------------------------------------------------------------------
                                              5.561676   slack (MET)


Startpoint: _102_ (rising edge-triggered flip-flop clocked by clk)
Endpoint: temp_reset (output port clocked by clk)
Path Group: clk
Path Type: min

Fanout         Cap        Slew       Delay        Time   Description
---------------------------------------------------------------------------------------------
                                  0.000000    0.000000   clock clk (rise edge)
                                  0.000000    0.000000   clock source latency
     1    0.011217    0.056859    0.038032    0.038032 ^ clk (in)
                                                         clk (net)
                      0.056861    0.000000    0.038032 ^ clkbuf_0_clk/A (sky130_fd_sc_hd__clkbuf_16)
     2    0.015788    0.039241    0.125779    0.163811 ^ clkbuf_0_clk/X (sky130_fd_sc_hd__clkbuf_16)
                                                         clknet_0_clk (net)
                      0.039241    0.000000    0.163811 ^ clkbuf_1_1__f_clk/A (sky130_fd_sc_hd__clkbuf_16)
     9    0.016893    0.040288    0.120424    0.284235 ^ clkbuf_1_1__f_clk/X (sky130_fd_sc_hd__clkbuf_16)
                                                         clknet_1_1__leaf_clk (net)
                      0.040288    0.000000    0.284235 ^ _102_/CLK (sky130_fd_sc_hd__dfxtp_1)
     5    0.013314    0.070123    0.329786    0.614021 v _102_/Q (sky130_fd_sc_hd__dfxtp_1)
                                                         net13 (net)
                      0.070130    0.000588    0.614609 v output13/A (sky130_fd_sc_hd__clkbuf_4)
     1    0.036540    0.083825    0.196879    0.811488 v output13/X (sky130_fd_sc_hd__clkbuf_4)
                                                         temp_reset (net)
                      0.083853    0.001276    0.812764 v temp_reset (out)
                                              0.812764   data arrival time

                                  0.000000    0.000000   clock clk (rise edge)
                                  0.000000    0.000000   clock network delay (propagated)
                                  0.250000    0.250000   clock uncertainty
                                  0.000000    0.250000   clock reconvergence pessimism
                                 -5.000000   -4.750000   output external delay
                                             -4.750000   data required time
---------------------------------------------------------------------------------------------
                                             -4.750000   data required time
                                             -0.812764   data arrival time
---------------------------------------------------------------------------------------------
                                              5.562764   slack (MET)


Startpoint: _111_ (rising edge-triggered flip-flop clocked by clk)
Endpoint: count_out[3] (output port clocked by clk)
Path Group: clk
Path Type: min

Fanout         Cap        Slew       Delay        Time   Description
---------------------------------------------------------------------------------------------
                                  0.000000    0.000000   clock clk (rise edge)
                                  0.000000    0.000000   clock source latency
     1    0.011217    0.056859    0.038032    0.038032 ^ clk (in)
                                                         clk (net)
                      0.056861    0.000000    0.038032 ^ clkbuf_0_clk/A (sky130_fd_sc_hd__clkbuf_16)
     2    0.015788    0.039241    0.125779    0.163811 ^ clkbuf_0_clk/X (sky130_fd_sc_hd__clkbuf_16)
                                                         clknet_0_clk (net)
                      0.039241    0.000000    0.163811 ^ clkbuf_1_1__f_clk/A (sky130_fd_sc_hd__clkbuf_16)
     9    0.016893    0.040288    0.120424    0.284235 ^ clkbuf_1_1__f_clk/X (sky130_fd_sc_hd__clkbuf_16)
                                                         clknet_1_1__leaf_clk (net)
                      0.040288    0.000000    0.284235 ^ _111_/CLK (sky130_fd_sc_hd__dfxtp_1)
     6    0.015467    0.079391    0.337206    0.621441 v _111_/Q (sky130_fd_sc_hd__dfxtp_1)
                                                         net7 (net)
                      0.079394    0.000440    0.621881 v output7/A (sky130_fd_sc_hd__buf_2)
     1    0.033848    0.088714    0.194561    0.816442 v output7/X (sky130_fd_sc_hd__buf_2)
                                                         count_out[3] (net)
                      0.088727    0.000911    0.817353 v count_out[3] (out)
                                              0.817353   data arrival time

                                  0.000000    0.000000   clock clk (rise edge)
                                  0.000000    0.000000   clock network delay (propagated)
                                  0.250000    0.250000   clock uncertainty
                                  0.000000    0.250000   clock reconvergence pessimism
                                 -5.000000   -4.750000   output external delay
                                             -4.750000   data required time
---------------------------------------------------------------------------------------------
                                             -4.750000   data required time
                                             -0.817353   data arrival time
---------------------------------------------------------------------------------------------
                                              5.567353   slack (MET)


Startpoint: _113_ (rising edge-triggered flip-flop clocked by clk)
Endpoint: count_out[5] (output port clocked by clk)
Path Group: clk
Path Type: min

Fanout         Cap        Slew       Delay        Time   Description
---------------------------------------------------------------------------------------------
                                  0.000000    0.000000   clock clk (rise edge)
                                  0.000000    0.000000   clock source latency
     1    0.011217    0.056859    0.038032    0.038032 ^ clk (in)
                                                         clk (net)
                      0.056861    0.000000    0.038032 ^ clkbuf_0_clk/A (sky130_fd_sc_hd__clkbuf_16)
     2    0.015788    0.039241    0.125779    0.163811 ^ clkbuf_0_clk/X (sky130_fd_sc_hd__clkbuf_16)
                                                         clknet_0_clk (net)
                      0.039241    0.000000    0.163811 ^ clkbuf_1_0__f_clk/A (sky130_fd_sc_hd__clkbuf_16)
     8    0.023581    0.045011    0.126597    0.290407 ^ clkbuf_1_0__f_clk/X (sky130_fd_sc_hd__clkbuf_16)
                                                         clknet_1_0__leaf_clk (net)
                      0.045017    0.000397    0.290804 ^ _113_/CLK (sky130_fd_sc_hd__dfxtp_1)
     5    0.014473    0.075024    0.335703    0.626508 v _113_/Q (sky130_fd_sc_hd__dfxtp_1)
                                                         net9 (net)
                      0.075025    0.000228    0.626735 v output9/A (sky130_fd_sc_hd__buf_2)
     1    0.033825    0.088660    0.192536    0.819271 v output9/X (sky130_fd_sc_hd__buf_2)
                                                         count_out[5] (net)
                      0.088672    0.000907    0.820178 v count_out[5] (out)
                                              0.820178   data arrival time

                                  0.000000    0.000000   clock clk (rise edge)
                                  0.000000    0.000000   clock network delay (propagated)
                                  0.250000    0.250000   clock uncertainty
                                  0.000000    0.250000   clock reconvergence pessimism
                                 -5.000000   -4.750000   output external delay
                                             -4.750000   data required time
---------------------------------------------------------------------------------------------
                                             -4.750000   data required time
                                             -0.820178   data arrival time
---------------------------------------------------------------------------------------------
                                              5.570179   slack (MET)


Startpoint: _099_ (rising edge-triggered flip-flop clocked by clk)
Endpoint: running (output port clocked by clk)
Path Group: clk
Path Type: min

Fanout         Cap        Slew       Delay        Time   Description
---------------------------------------------------------------------------------------------
                                  0.000000    0.000000   clock clk (rise edge)
                                  0.000000    0.000000   clock source latency
     1    0.011217    0.056859    0.038032    0.038032 ^ clk (in)
                                                         clk (net)
                      0.056861    0.000000    0.038032 ^ clkbuf_0_clk/A (sky130_fd_sc_hd__clkbuf_16)
     2    0.015788    0.039241    0.125779    0.163811 ^ clkbuf_0_clk/X (sky130_fd_sc_hd__clkbuf_16)
                                                         clknet_0_clk (net)
                      0.039241    0.000000    0.163811 ^ clkbuf_1_0__f_clk/A (sky130_fd_sc_hd__clkbuf_16)
     8    0.023581    0.045011    0.126597    0.290407 ^ clkbuf_1_0__f_clk/X (sky130_fd_sc_hd__clkbuf_16)
                                                         clknet_1_0__leaf_clk (net)
                      0.045024    0.000576    0.290984 ^ _099_/CLK (sky130_fd_sc_hd__dfxtp_1)
     6    0.018821    0.093817    0.350689    0.641672 v _099_/Q (sky130_fd_sc_hd__dfxtp_1)
                                                         net12 (net)
                      0.093819    0.000342    0.642014 v output12/A (sky130_fd_sc_hd__buf_2)
     1    0.036348    0.092623    0.205606    0.847621 v output12/X (sky130_fd_sc_hd__buf_2)
                                                         running (net)
                      0.092645    0.001199    0.848820 v running (out)
                                              0.848820   data arrival time

                                  0.000000    0.000000   clock clk (rise edge)
                                  0.000000    0.000000   clock network delay (propagated)
                                  0.250000    0.250000   clock uncertainty
                                  0.000000    0.250000   clock reconvergence pessimism
                                 -5.000000   -4.750000   output external delay
                                             -4.750000   data required time
---------------------------------------------------------------------------------------------
                                             -4.750000   data required time
                                             -0.848820   data arrival time
---------------------------------------------------------------------------------------------
                                              5.598820   slack (MET)


Startpoint: _110_ (rising edge-triggered flip-flop clocked by clk)
Endpoint: count_out[2] (output port clocked by clk)
Path Group: clk
Path Type: min

Fanout         Cap        Slew       Delay        Time   Description
---------------------------------------------------------------------------------------------
                                  0.000000    0.000000   clock clk (rise edge)
                                  0.000000    0.000000   clock source latency
     1    0.011217    0.056859    0.038032    0.038032 ^ clk (in)
                                                         clk (net)
                      0.056861    0.000000    0.038032 ^ clkbuf_0_clk/A (sky130_fd_sc_hd__clkbuf_16)
     2    0.015788    0.039241    0.125779    0.163811 ^ clkbuf_0_clk/X (sky130_fd_sc_hd__clkbuf_16)
                                                         clknet_0_clk (net)
                      0.039241    0.000000    0.163811 ^ clkbuf_1_0__f_clk/A (sky130_fd_sc_hd__clkbuf_16)
     8    0.023581    0.045011    0.126597    0.290407 ^ clkbuf_1_0__f_clk/X (sky130_fd_sc_hd__clkbuf_16)
                                                         clknet_1_0__leaf_clk (net)
                      0.045034    0.000766    0.291173 ^ _110_/CLK (sky130_fd_sc_hd__dfxtp_1)
     8    0.021904    0.107473    0.361250    0.652424 v _110_/Q (sky130_fd_sc_hd__dfxtp_1)
                                                         net6 (net)
                      0.107478    0.000664    0.653087 v output6/A (sky130_fd_sc_hd__buf_2)
     1    0.036958    0.092591    0.213147    0.866234 v output6/X (sky130_fd_sc_hd__buf_2)
                                                         count_out[2] (net)
                      0.092605    0.000969    0.867203 v count_out[2] (out)
                                              0.867203   data arrival time

                                  0.000000    0.000000   clock clk (rise edge)
                                  0.000000    0.000000   clock network delay (propagated)
                                  0.250000    0.250000   clock uncertainty
                                  0.000000    0.250000   clock reconvergence pessimism
                                 -5.000000   -4.750000   output external delay
                                             -4.750000   data required time
---------------------------------------------------------------------------------------------
                                             -4.750000   data required time
                                             -0.867203   data arrival time
---------------------------------------------------------------------------------------------
                                              5.617203   slack (MET)



