
===========================================================================
report_checks -unconstrained
===========================================================================
======================= nom_tt_025C_1v80 Corner ===================================

Startpoint: rst (input port clocked by clk)
Endpoint: _104_ (rising edge-triggered flip-flop clocked by clk)
Path Group: clk
Path Type: max

Fanout         Cap        Slew       Delay        Time   Description
---------------------------------------------------------------------------------------------
                      0.150000    0.000000    0.000000   clock clk (rise edge)
                                  0.000000    0.000000   clock network delay (ideal)
                                  3.000000    3.000000 ^ input external delay
     6    0.023538    0.113324    0.076521    3.076521 ^ rst (in)
                                                         rst (net)
                      0.113324    0.000000    3.076521 ^ _052_/A (sky130_fd_sc_hd__inv_2)
     5    0.009725    0.041231    0.057438    3.133959 v _052_/Y (sky130_fd_sc_hd__inv_2)
                                                         _020_ (net)
                      0.041231    0.000000    3.133959 v _055_/B (sky130_fd_sc_hd__and2_2)
     3    0.005910    0.045319    0.192407    3.326365 v _055_/X (sky130_fd_sc_hd__and2_2)
                                                         _022_ (net)
                      0.045319    0.000000    3.326365 v _069_/A2 (sky130_fd_sc_hd__a22o_2)
     1    0.001681    0.036240    0.242413    3.568779 v _069_/X (sky130_fd_sc_hd__a22o_2)
                                                         _006_ (net)
                      0.036240    0.000000    3.568779 v _104_/D (sky130_fd_sc_hd__dfxtp_2)
                                              3.568779   data arrival time

                      0.150000   19.000000   19.000000   clock clk (rise edge)
                                  0.000000   19.000000   clock network delay (ideal)
                                 -0.250000   18.750002   clock uncertainty
                                  0.000000   18.750002   clock reconvergence pessimism
                                             18.750002 ^ _104_/CLK (sky130_fd_sc_hd__dfxtp_2)
                                 -0.084549   18.665451   library setup time
                                             18.665451   data required time
---------------------------------------------------------------------------------------------
                                             18.665451   data required time
                                             -3.568779   data arrival time
---------------------------------------------------------------------------------------------
                                             15.096673   slack (MET)




===========================================================================
report_checks --slack_max -0.01
============================================================================
======================= nom_tt_025C_1v80 Corner ===================================

No paths found.


===========================================================================
 report_check_types -max_slew -max_cap -max_fanout -violators
============================================================================
======================= nom_tt_025C_1v80 Corner ===================================



===========================================================================
report_parasitic_annotation -report_unannotated
============================================================================
Found 70 unannotated drivers.
 clk
 data_in
 rst
 start
 _049_/Y
 _050_/Y
 _051_/Y
 _052_/Y
 _053_/Y
 _054_/X
 _055_/X
 _056_/X
 _057_/X
 _058_/Y
 _059_/Y
 _060_/Y
 _061_/X
 _062_/X
 _063_/X
 _064_/Y
 _065_/X
 _066_/X
 _067_/X
 _068_/Y
 _069_/X
 _070_/X
 _071_/X
 _072_/Y
 _073_/X
 _074_/Y
 _075_/Y
 _076_/Y
 _077_/Y
 _078_/Y
 _079_/X
 _080_/X
 _081_/X
 _082_/X
 _083_/Y
 _084_/X
 _085_/X
 _086_/Y
 _087_/X
 _088_/X
 _089_/X
 _090_/X
 _091_/Y
 _092_/X
 _093_/Y
 _094_/X
 _095_/X
 _096_/X
 _097_/X
 _098_/Q
 _099_/Q
 _100_/Q
 _101_/Q
 _102_/Q
 _103_/Q
 _104_/Q
 _105_/Q
 _106_/Q
 _107_/Q
 _108_/Q
 _109_/Q
 _110_/Q
 _111_/Q
 _112_/Q
 _113_/Q
 _114_/Q
Found 0 partially unannotated drivers.

===========================================================================
max slew violation count 0
max fanout violation count 0
max cap violation count 0
============================================================================

===========================================================================
check_setup -verbose -unconstrained_endpoints -multiple_clock -no_clock -no_input_delay -loops -generated_clocks
===========================================================================
