
===========================================================================
report_checks -path_delay min (Hold)
============================================================================
======================= nom_tt_025C_1v80 Corner ===================================

Startpoint: _104_ (rising edge-triggered flip-flop clocked by clk)
Endpoint: _103_ (rising edge-triggered flip-flop clocked by clk)
Path Group: clk
Path Type: min

Fanout         Cap        Slew       Delay        Time   Description
---------------------------------------------------------------------------------------------
                                  0.000000    0.000000   clock clk (rise edge)
                                  0.000000    0.000000   clock source latency
     1    0.007894    0.043275    0.027159    0.027159 ^ clk (in)
                                                         clk (net)
                      0.043275    0.000000    0.027159 ^ clkbuf_0_clk/A (sky130_fd_sc_hd__clkbuf_16)
     2    0.015788    0.039241    0.120826    0.147985 ^ clkbuf_0_clk/X (sky130_fd_sc_hd__clkbuf_16)
                                                         clknet_0_clk (net)
                      0.039241    0.000000    0.147985 ^ clkbuf_1_1__f_clk/A (sky130_fd_sc_hd__clkbuf_16)
     9    0.016893    0.040288    0.120424    0.268409 ^ clkbuf_1_1__f_clk/X (sky130_fd_sc_hd__clkbuf_16)
                                                         clknet_1_1__leaf_clk (net)
                      0.040288    0.000000    0.268409 ^ _104_/CLK (sky130_fd_sc_hd__dfxtp_1)
     4    0.011106    0.060544    0.322397    0.590806 v _104_/Q (sky130_fd_sc_hd__dfxtp_1)
                                                         data_edge_detector_inst.input_buffer[0] (net)
                      0.060544    0.000026    0.590832 v _066_/B (sky130_fd_sc_hd__and4b_1)
     1    0.002126    0.032355    0.169331    0.760163 v _066_/X (sky130_fd_sc_hd__and4b_1)
                                                         _001_ (net)
                      0.032355    0.000010    0.760172 v _103_/D (sky130_fd_sc_hd__dfxtp_1)
                                              0.760172   data arrival time

                                  0.000000    0.000000   clock clk (rise edge)
                                  0.000000    0.000000   clock source latency
     1    0.007894    0.043275    0.027159    0.027159 ^ clk (in)
                                                         clk (net)
                      0.043275    0.000000    0.027159 ^ clkbuf_0_clk/A (sky130_fd_sc_hd__clkbuf_16)
     2    0.015788    0.039241    0.120826    0.147985 ^ clkbuf_0_clk/X (sky130_fd_sc_hd__clkbuf_16)
                                                         clknet_0_clk (net)
                      0.039241    0.000000    0.147985 ^ clkbuf_1_1__f_clk/A (sky130_fd_sc_hd__clkbuf_16)
     9    0.016893    0.040288    0.120424    0.268409 ^ clkbuf_1_1__f_clk/X (sky130_fd_sc_hd__clkbuf_16)
                                                         clknet_1_1__leaf_clk (net)
                      0.040288    0.000000    0.268409 ^ _103_/CLK (sky130_fd_sc_hd__dfxtp_1)
                                  0.250000    0.518409   clock uncertainty
                                  0.000000    0.518409   clock reconvergence pessimism
                                 -0.049328    0.469081   library hold time
                                              0.469081   data required time
---------------------------------------------------------------------------------------------
                                              0.469081   data required time
                                             -0.760172   data arrival time
---------------------------------------------------------------------------------------------
                                              0.291091   slack (MET)


Startpoint: _113_ (rising edge-triggered flip-flop clocked by clk)
Endpoint: _113_ (rising edge-triggered flip-flop clocked by clk)
Path Group: clk
Path Type: min

Fanout         Cap        Slew       Delay        Time   Description
---------------------------------------------------------------------------------------------
                                  0.000000    0.000000   clock clk (rise edge)
                                  0.000000    0.000000   clock source latency
     1    0.007894    0.043275    0.027159    0.027159 ^ clk (in)
                                                         clk (net)
                      0.043275    0.000000    0.027159 ^ clkbuf_0_clk/A (sky130_fd_sc_hd__clkbuf_16)
     2    0.015788    0.039241    0.120826    0.147985 ^ clkbuf_0_clk/X (sky130_fd_sc_hd__clkbuf_16)
                                                         clknet_0_clk (net)
                      0.039241    0.000000    0.147985 ^ clkbuf_1_0__f_clk/A (sky130_fd_sc_hd__clkbuf_16)
     8    0.015016    0.038512    0.118619    0.266604 ^ clkbuf_1_0__f_clk/X (sky130_fd_sc_hd__clkbuf_16)
                                                         clknet_1_0__leaf_clk (net)
                      0.038512    0.000000    0.266604 ^ _113_/CLK (sky130_fd_sc_hd__dfxtp_1)
     5    0.012631    0.067054    0.327034    0.593637 v _113_/Q (sky130_fd_sc_hd__dfxtp_1)
                                                         net9 (net)
                      0.067054    0.000042    0.593679 v _093_/A (sky130_fd_sc_hd__nand3_1)
     1    0.001806    0.042622    0.064554    0.658233 ^ _093_/Y (sky130_fd_sc_hd__nand3_1)
                                                         _046_ (net)
                      0.042622    0.000005    0.658238 ^ _095_/B (sky130_fd_sc_hd__and3_1)
     1    0.001815    0.042225    0.130760    0.788998 ^ _095_/X (sky130_fd_sc_hd__and3_1)
                                                         _015_ (net)
                      0.042225    0.000003    0.789001 ^ _113_/D (sky130_fd_sc_hd__dfxtp_1)
                                              0.789001   data arrival time

                                  0.000000    0.000000   clock clk (rise edge)
                                  0.000000    0.000000   clock source latency
     1    0.007894    0.043275    0.027159    0.027159 ^ clk (in)
                                                         clk (net)
                      0.043275    0.000000    0.027159 ^ clkbuf_0_clk/A (sky130_fd_sc_hd__clkbuf_16)
     2    0.015788    0.039241    0.120826    0.147985 ^ clkbuf_0_clk/X (sky130_fd_sc_hd__clkbuf_16)
                                                         clknet_0_clk (net)
                      0.039241    0.000000    0.147985 ^ clkbuf_1_0__f_clk/A (sky130_fd_sc_hd__clkbuf_16)
     8    0.015016    0.038512    0.118619    0.266604 ^ clkbuf_1_0__f_clk/X (sky130_fd_sc_hd__clkbuf_16)
                                                         clknet_1_0__leaf_clk (net)
                      0.038512    0.000000    0.266604 ^ _113_/CLK (sky130_fd_sc_hd__dfxtp_1)
                                  0.250000    0.516604   clock uncertainty
                                  0.000000    0.516604   clock reconvergence pessimism
                                 -0.031544    0.485059   library hold time
                                              0.485059   data required time
---------------------------------------------------------------------------------------------
                                              0.485059   data required time
                                             -0.789001   data arrival time
---------------------------------------------------------------------------------------------
                                              0.303941   slack (MET)


Startpoint: _111_ (rising edge-triggered flip-flop clocked by clk)
Endpoint: _111_ (rising edge-triggered flip-flop clocked by clk)
Path Group: clk
Path Type: min

Fanout         Cap        Slew       Delay        Time   Description
---------------------------------------------------------------------------------------------
                                  0.000000    0.000000   clock clk (rise edge)
                                  0.000000    0.000000   clock source latency
     1    0.007894    0.043275    0.027159    0.027159 ^ clk (in)
                                                         clk (net)
                      0.043275    0.000000    0.027159 ^ clkbuf_0_clk/A (sky130_fd_sc_hd__clkbuf_16)
     2    0.015788    0.039241    0.120826    0.147985 ^ clkbuf_0_clk/X (sky130_fd_sc_hd__clkbuf_16)
                                                         clknet_0_clk (net)
                      0.039241    0.000000    0.147985 ^ clkbuf_1_1__f_clk/A (sky130_fd_sc_hd__clkbuf_16)
     9    0.016893    0.040288    0.120424    0.268409 ^ clkbuf_1_1__f_clk/X (sky130_fd_sc_hd__clkbuf_16)
                                                         clknet_1_1__leaf_clk (net)
                      0.040288    0.000000    0.268409 ^ _111_/CLK (sky130_fd_sc_hd__dfxtp_1)
     6    0.013342    0.070108    0.330120    0.598529 v _111_/Q (sky130_fd_sc_hd__dfxtp_1)
                                                         net7 (net)
                      0.070108    0.000100    0.598630 v _086_/A (sky130_fd_sc_hd__nand3_1)
     1    0.002012    0.044121    0.067321    0.665951 ^ _086_/Y (sky130_fd_sc_hd__nand3_1)
                                                         _041_ (net)
                      0.044121    0.000009    0.665960 ^ _088_/B (sky130_fd_sc_hd__and3_1)
     1    0.002310    0.045160    0.135623    0.801583 ^ _088_/X (sky130_fd_sc_hd__and3_1)
                                                         _013_ (net)
                      0.045160    0.000015    0.801598 ^ _111_/D (sky130_fd_sc_hd__dfxtp_1)
                                              0.801598   data arrival time

                                  0.000000    0.000000   clock clk (rise edge)
                                  0.000000    0.000000   clock source latency
     1    0.007894    0.043275    0.027159    0.027159 ^ clk (in)
                                                         clk (net)
                      0.043275    0.000000    0.027159 ^ clkbuf_0_clk/A (sky130_fd_sc_hd__clkbuf_16)
     2    0.015788    0.039241    0.120826    0.147985 ^ clkbuf_0_clk/X (sky130_fd_sc_hd__clkbuf_16)
                                                         clknet_0_clk (net)
                      0.039241    0.000000    0.147985 ^ clkbuf_1_1__f_clk/A (sky130_fd_sc_hd__clkbuf_16)
     9    0.016893    0.040288    0.120424    0.268409 ^ clkbuf_1_1__f_clk/X (sky130_fd_sc_hd__clkbuf_16)
                                                         clknet_1_1__leaf_clk (net)
                      0.040288    0.000000    0.268409 ^ _111_/CLK (sky130_fd_sc_hd__dfxtp_1)
                                  0.250000    0.518409   clock uncertainty
                                  0.000000    0.518409   clock reconvergence pessimism
                                 -0.031925    0.486484   library hold time
                                              0.486484   data required time
---------------------------------------------------------------------------------------------
                                              0.486484   data required time
                                             -0.801598   data arrival time
---------------------------------------------------------------------------------------------
                                              0.315114   slack (MET)


Startpoint: _105_ (rising edge-triggered flip-flop clocked by clk)
Endpoint: _101_ (rising edge-triggered flip-flop clocked by clk)
Path Group: clk
Path Type: min

Fanout         Cap        Slew       Delay        Time   Description
---------------------------------------------------------------------------------------------
                                  0.000000    0.000000   clock clk (rise edge)
                                  0.000000    0.000000   clock source latency
     1    0.007894    0.043275    0.027159    0.027159 ^ clk (in)
                                                         clk (net)
                      0.043275    0.000000    0.027159 ^ clkbuf_0_clk/A (sky130_fd_sc_hd__clkbuf_16)
     2    0.015788    0.039241    0.120826    0.147985 ^ clkbuf_0_clk/X (sky130_fd_sc_hd__clkbuf_16)
                                                         clknet_0_clk (net)
                      0.039241    0.000000    0.147985 ^ clkbuf_1_1__f_clk/A (sky130_fd_sc_hd__clkbuf_16)
     9    0.016893    0.040288    0.120424    0.268409 ^ clkbuf_1_1__f_clk/X (sky130_fd_sc_hd__clkbuf_16)
                                                         clknet_1_1__leaf_clk (net)
                      0.040288    0.000000    0.268409 ^ _105_/CLK (sky130_fd_sc_hd__dfxtp_1)
     3    0.006653    0.075814    0.323545    0.591954 ^ _105_/Q (sky130_fd_sc_hd__dfxtp_1)
                                                         data_edge_detector_inst.input_buffer[1] (net)
                      0.075814    0.000023    0.591977 ^ _063_/A1 (sky130_fd_sc_hd__o21a_1)
     1    0.002759    0.040510    0.121728    0.713704 ^ _063_/X (sky130_fd_sc_hd__o21a_1)
                                                         _028_ (net)
                      0.040510    0.000009    0.713714 ^ _064_/C1 (sky130_fd_sc_hd__a311o_1)
     1    0.002109    0.041241    0.089720    0.803434 ^ _064_/X (sky130_fd_sc_hd__a311o_1)
                                                         _004_ (net)
                      0.041241    0.000009    0.803444 ^ _101_/D (sky130_fd_sc_hd__dfxtp_1)
                                              0.803444   data arrival time

                                  0.000000    0.000000   clock clk (rise edge)
                                  0.000000    0.000000   clock source latency
     1    0.007894    0.043275    0.027159    0.027159 ^ clk (in)
                                                         clk (net)
                      0.043275    0.000000    0.027159 ^ clkbuf_0_clk/A (sky130_fd_sc_hd__clkbuf_16)
     2    0.015788    0.039241    0.120826    0.147985 ^ clkbuf_0_clk/X (sky130_fd_sc_hd__clkbuf_16)
                                                         clknet_0_clk (net)
                      0.039241    0.000000    0.147985 ^ clkbuf_1_1__f_clk/A (sky130_fd_sc_hd__clkbuf_16)
     9    0.016893    0.040288    0.120424    0.268409 ^ clkbuf_1_1__f_clk/X (sky130_fd_sc_hd__clkbuf_16)
                                                         clknet_1_1__leaf_clk (net)
                      0.040288    0.000000    0.268409 ^ _101_/CLK (sky130_fd_sc_hd__dfxtp_1)
                                  0.250000    0.518409   clock uncertainty
                                  0.000000    0.518409   clock reconvergence pessimism
                                 -0.031104    0.487305   library hold time
                                              0.487305   data required time
---------------------------------------------------------------------------------------------
                                              0.487305   data required time
                                             -0.803444   data arrival time
---------------------------------------------------------------------------------------------
                                              0.316138   slack (MET)


Startpoint: _100_ (rising edge-triggered flip-flop clocked by clk)
Endpoint: _112_ (rising edge-triggered flip-flop clocked by clk)
Path Group: clk
Path Type: min

Fanout         Cap        Slew       Delay        Time   Description
---------------------------------------------------------------------------------------------
                                  0.000000    0.000000   clock clk (rise edge)
                                  0.000000    0.000000   clock source latency
     1    0.007894    0.043275    0.027159    0.027159 ^ clk (in)
                                                         clk (net)
                      0.043275    0.000000    0.027159 ^ clkbuf_0_clk/A (sky130_fd_sc_hd__clkbuf_16)
     2    0.015788    0.039241    0.120826    0.147985 ^ clkbuf_0_clk/X (sky130_fd_sc_hd__clkbuf_16)
                                                         clknet_0_clk (net)
                      0.039241    0.000000    0.147985 ^ clkbuf_1_0__f_clk/A (sky130_fd_sc_hd__clkbuf_16)
     8    0.015016    0.038512    0.118619    0.266604 ^ clkbuf_1_0__f_clk/X (sky130_fd_sc_hd__clkbuf_16)
                                                         clknet_1_0__leaf_clk (net)
                      0.038512    0.000000    0.266604 ^ _100_/CLK (sky130_fd_sc_hd__dfxtp_1)
     2    0.004512    0.056963    0.308762    0.575366 ^ _100_/Q (sky130_fd_sc_hd__dfxtp_1)
                                                         controller_inst.clear (net)
                      0.056963    0.000011    0.575377 ^ _076_/A (sky130_fd_sc_hd__nor2_1)
     5    0.011624    0.059849    0.073831    0.649208 v _076_/Y (sky130_fd_sc_hd__nor2_1)
                                                         _034_ (net)
                      0.059849    0.000059    0.649266 v _092_/A (sky130_fd_sc_hd__and3_1)
     1    0.001972    0.030534    0.139616    0.788883 v _092_/X (sky130_fd_sc_hd__and3_1)
                                                         _014_ (net)
                      0.030534    0.000006    0.788889 v _112_/D (sky130_fd_sc_hd__dfxtp_1)
                                              0.788889   data arrival time

                                  0.000000    0.000000   clock clk (rise edge)
                                  0.000000    0.000000   clock source latency
     1    0.007894    0.043275    0.027159    0.027159 ^ clk (in)
                                                         clk (net)
                      0.043275    0.000000    0.027159 ^ clkbuf_0_clk/A (sky130_fd_sc_hd__clkbuf_16)
     2    0.015788    0.039241    0.120826    0.147985 ^ clkbuf_0_clk/X (sky130_fd_sc_hd__clkbuf_16)
                                                         clknet_0_clk (net)
                      0.039241    0.000000    0.147985 ^ clkbuf_1_1__f_clk/A (sky130_fd_sc_hd__clkbuf_16)
     9    0.016893    0.040288    0.120424    0.268409 ^ clkbuf_1_1__f_clk/X (sky130_fd_sc_hd__clkbuf_16)
                                                         clknet_1_1__leaf_clk (net)
                      0.040288    0.000000    0.268409 ^ _112_/CLK (sky130_fd_sc_hd__dfxtp_1)
                                  0.250000    0.518409   clock uncertainty
                                  0.000000    0.518409   clock reconvergence pessimism
                                 -0.048568    0.469841   library hold time
                                              0.469841   data required time
---------------------------------------------------------------------------------------------
                                              0.469841   data required time
                                             -0.788889   data arrival time
---------------------------------------------------------------------------------------------
                                              0.319048   slack (MET)


Startpoint: _099_ (rising edge-triggered flip-flop clocked by clk)
Endpoint: _098_ (rising edge-triggered flip-flop clocked by clk)
Path Group: clk
Path Type: min

Fanout         Cap        Slew       Delay        Time   Description
---------------------------------------------------------------------------------------------
                                  0.000000    0.000000   clock clk (rise edge)
                                  0.000000    0.000000   clock source latency
     1    0.007894    0.043275    0.027159    0.027159 ^ clk (in)
                                                         clk (net)
                      0.043275    0.000000    0.027159 ^ clkbuf_0_clk/A (sky130_fd_sc_hd__clkbuf_16)
     2    0.015788    0.039241    0.120826    0.147985 ^ clkbuf_0_clk/X (sky130_fd_sc_hd__clkbuf_16)
                                                         clknet_0_clk (net)
                      0.039241    0.000000    0.147985 ^ clkbuf_1_0__f_clk/A (sky130_fd_sc_hd__clkbuf_16)
     8    0.015016    0.038512    0.118619    0.266604 ^ clkbuf_1_0__f_clk/X (sky130_fd_sc_hd__clkbuf_16)
                                                         clknet_1_0__leaf_clk (net)
                      0.038512    0.000000    0.266604 ^ _099_/CLK (sky130_fd_sc_hd__dfxtp_1)
     6    0.016937    0.165084    0.389300    0.655903 ^ _099_/Q (sky130_fd_sc_hd__dfxtp_1)
                                                         net12 (net)
                      0.165084    0.000069    0.655972 ^ _060_/B2 (sky130_fd_sc_hd__a221o_1)
     1    0.002169    0.036907    0.154962    0.810935 ^ _060_/X (sky130_fd_sc_hd__a221o_1)
                                                         _002_ (net)
                      0.036907    0.000011    0.810946 ^ _098_/D (sky130_fd_sc_hd__dfxtp_1)
                                              0.810946   data arrival time

                                  0.000000    0.000000   clock clk (rise edge)
                                  0.000000    0.000000   clock source latency
     1    0.007894    0.043275    0.027159    0.027159 ^ clk (in)
                                                         clk (net)
                      0.043275    0.000000    0.027159 ^ clkbuf_0_clk/A (sky130_fd_sc_hd__clkbuf_16)
     2    0.015788    0.039241    0.120826    0.147985 ^ clkbuf_0_clk/X (sky130_fd_sc_hd__clkbuf_16)
                                                         clknet_0_clk (net)
                      0.039241    0.000000    0.147985 ^ clkbuf_1_0__f_clk/A (sky130_fd_sc_hd__clkbuf_16)
     8    0.015016    0.038512    0.118619    0.266604 ^ clkbuf_1_0__f_clk/X (sky130_fd_sc_hd__clkbuf_16)
                                                         clknet_1_0__leaf_clk (net)
                      0.038512    0.000000    0.266604 ^ _098_/CLK (sky130_fd_sc_hd__dfxtp_1)
                                  0.250000    0.516604   clock uncertainty
                                  0.000000    0.516604   clock reconvergence pessimism
                                 -0.030429    0.486174   library hold time
                                              0.486174   data required time
---------------------------------------------------------------------------------------------
                                              0.486174   data required time
                                             -0.810946   data arrival time
---------------------------------------------------------------------------------------------
                                              0.324772   slack (MET)


Startpoint: _105_ (rising edge-triggered flip-flop clocked by clk)
Endpoint: _105_ (rising edge-triggered flip-flop clocked by clk)
Path Group: clk
Path Type: min

Fanout         Cap        Slew       Delay        Time   Description
---------------------------------------------------------------------------------------------
                                  0.000000    0.000000   clock clk (rise edge)
                                  0.000000    0.000000   clock source latency
     1    0.007894    0.043275    0.027159    0.027159 ^ clk (in)
                                                         clk (net)
                      0.043275    0.000000    0.027159 ^ clkbuf_0_clk/A (sky130_fd_sc_hd__clkbuf_16)
     2    0.015788    0.039241    0.120826    0.147985 ^ clkbuf_0_clk/X (sky130_fd_sc_hd__clkbuf_16)
                                                         clknet_0_clk (net)
                      0.039241    0.000000    0.147985 ^ clkbuf_1_1__f_clk/A (sky130_fd_sc_hd__clkbuf_16)
     9    0.016893    0.040288    0.120424    0.268409 ^ clkbuf_1_1__f_clk/X (sky130_fd_sc_hd__clkbuf_16)
                                                         clknet_1_1__leaf_clk (net)
                      0.040288    0.000000    0.268409 ^ _105_/CLK (sky130_fd_sc_hd__dfxtp_1)
     3    0.006653    0.075814    0.323545    0.591954 ^ _105_/Q (sky130_fd_sc_hd__dfxtp_1)
                                                         data_edge_detector_inst.input_buffer[1] (net)
                      0.075814    0.000005    0.591959 ^ _069_/A0 (sky130_fd_sc_hd__mux2_1)
     1    0.001705    0.034158    0.116267    0.708226 ^ _069_/X (sky130_fd_sc_hd__mux2_1)
                                                         _030_ (net)
                      0.034158    0.000003    0.708229 ^ _070_/B (sky130_fd_sc_hd__and2_1)
     1    0.001889    0.039538    0.104406    0.812635 ^ _070_/X (sky130_fd_sc_hd__and2_1)
                                                         _007_ (net)
                      0.039538    0.000004    0.812639 ^ _105_/D (sky130_fd_sc_hd__dfxtp_1)
                                              0.812639   data arrival time

                                  0.000000    0.000000   clock clk (rise edge)
                                  0.000000    0.000000   clock source latency
     1    0.007894    0.043275    0.027159    0.027159 ^ clk (in)
                                                         clk (net)
                      0.043275    0.000000    0.027159 ^ clkbuf_0_clk/A (sky130_fd_sc_hd__clkbuf_16)
     2    0.015788    0.039241    0.120826    0.147985 ^ clkbuf_0_clk/X (sky130_fd_sc_hd__clkbuf_16)
                                                         clknet_0_clk (net)
                      0.039241    0.000000    0.147985 ^ clkbuf_1_1__f_clk/A (sky130_fd_sc_hd__clkbuf_16)
     9    0.016893    0.040288    0.120424    0.268409 ^ clkbuf_1_1__f_clk/X (sky130_fd_sc_hd__clkbuf_16)
                                                         clknet_1_1__leaf_clk (net)
                      0.040288    0.000000    0.268409 ^ _105_/CLK (sky130_fd_sc_hd__dfxtp_1)
                                  0.250000    0.518409   clock uncertainty
                                  0.000000    0.518409   clock reconvergence pessimism
                                 -0.030747    0.487662   library hold time
                                              0.487662   data required time
---------------------------------------------------------------------------------------------
                                              0.487662   data required time
                                             -0.812639   data arrival time
---------------------------------------------------------------------------------------------
                                              0.324977   slack (MET)


Startpoint: _110_ (rising edge-triggered flip-flop clocked by clk)
Endpoint: _110_ (rising edge-triggered flip-flop clocked by clk)
Path Group: clk
Path Type: min

Fanout         Cap        Slew       Delay        Time   Description
---------------------------------------------------------------------------------------------
                                  0.000000    0.000000   clock clk (rise edge)
                                  0.000000    0.000000   clock source latency
     1    0.007894    0.043275    0.027159    0.027159 ^ clk (in)
                                                         clk (net)
                      0.043275    0.000000    0.027159 ^ clkbuf_0_clk/A (sky130_fd_sc_hd__clkbuf_16)
     2    0.015788    0.039241    0.120826    0.147985 ^ clkbuf_0_clk/X (sky130_fd_sc_hd__clkbuf_16)
                                                         clknet_0_clk (net)
                      0.039241    0.000000    0.147985 ^ clkbuf_1_0__f_clk/A (sky130_fd_sc_hd__clkbuf_16)
     8    0.015016    0.038512    0.118619    0.266604 ^ clkbuf_1_0__f_clk/X (sky130_fd_sc_hd__clkbuf_16)
                                                         clknet_1_0__leaf_clk (net)
                      0.038512    0.000000    0.266604 ^ _110_/CLK (sky130_fd_sc_hd__dfxtp_1)
     8    0.018553    0.092579    0.347558    0.614162 v _110_/Q (sky130_fd_sc_hd__dfxtp_1)
                                                         net6 (net)
                      0.092579    0.000155    0.614316 v _083_/A (sky130_fd_sc_hd__nand2_1)
     1    0.001832    0.039912    0.065792    0.680109 ^ _083_/Y (sky130_fd_sc_hd__nand2_1)
                                                         _039_ (net)
                      0.039912    0.000005    0.680114 ^ _085_/B (sky130_fd_sc_hd__and3_1)
     1    0.002137    0.045103    0.132826    0.812940 ^ _085_/X (sky130_fd_sc_hd__and3_1)
                                                         _012_ (net)
                      0.045103    0.000010    0.812950 ^ _110_/D (sky130_fd_sc_hd__dfxtp_1)
                                              0.812950   data arrival time

                                  0.000000    0.000000   clock clk (rise edge)
                                  0.000000    0.000000   clock source latency
     1    0.007894    0.043275    0.027159    0.027159 ^ clk (in)
                                                         clk (net)
                      0.043275    0.000000    0.027159 ^ clkbuf_0_clk/A (sky130_fd_sc_hd__clkbuf_16)
     2    0.015788    0.039241    0.120826    0.147985 ^ clkbuf_0_clk/X (sky130_fd_sc_hd__clkbuf_16)
                                                         clknet_0_clk (net)
                      0.039241    0.000000    0.147985 ^ clkbuf_1_0__f_clk/A (sky130_fd_sc_hd__clkbuf_16)
     8    0.015016    0.038512    0.118619    0.266604 ^ clkbuf_1_0__f_clk/X (sky130_fd_sc_hd__clkbuf_16)
                                                         clknet_1_0__leaf_clk (net)
                      0.038512    0.000000    0.266604 ^ _110_/CLK (sky130_fd_sc_hd__dfxtp_1)
                                  0.250000    0.516604   clock uncertainty
                                  0.000000    0.516604   clock reconvergence pessimism
                                 -0.032147    0.484456   library hold time
                                              0.484456   data required time
---------------------------------------------------------------------------------------------
                                              0.484456   data required time
                                             -0.812950   data arrival time
---------------------------------------------------------------------------------------------
                                              0.328494   slack (MET)


Startpoint: _107_ (rising edge-triggered flip-flop clocked by clk)
Endpoint: _102_ (rising edge-triggered flip-flop clocked by clk)
Path Group: clk
Path Type: min

Fanout         Cap        Slew       Delay        Time   Description
---------------------------------------------------------------------------------------------
                                  0.000000    0.000000   clock clk (rise edge)
                                  0.000000    0.000000   clock source latency
     1    0.007894    0.043275    0.027159    0.027159 ^ clk (in)
                                                         clk (net)
                      0.043275    0.000000    0.027159 ^ clkbuf_0_clk/A (sky130_fd_sc_hd__clkbuf_16)
     2    0.015788    0.039241    0.120826    0.147985 ^ clkbuf_0_clk/X (sky130_fd_sc_hd__clkbuf_16)
                                                         clknet_0_clk (net)
                      0.039241    0.000000    0.147985 ^ clkbuf_1_1__f_clk/A (sky130_fd_sc_hd__clkbuf_16)
     9    0.016893    0.040288    0.120424    0.268409 ^ clkbuf_1_1__f_clk/X (sky130_fd_sc_hd__clkbuf_16)
                                                         clknet_1_1__leaf_clk (net)
                      0.040288    0.000000    0.268409 ^ _107_/CLK (sky130_fd_sc_hd__dfxtp_1)
     2    0.005248    0.061295    0.314265    0.582674 ^ _107_/Q (sky130_fd_sc_hd__dfxtp_1)
                                                         data_edge_detector_inst.reset_counter[1] (net)
                      0.061295    0.000036    0.582710 ^ _061_/A1 (sky130_fd_sc_hd__a21boi_1)
     2    0.005466    0.046631    0.071811    0.654521 v _061_/Y (sky130_fd_sc_hd__a21boi_1)
                                                         _027_ (net)
                      0.046631    0.000038    0.654559 v _062_/A2 (sky130_fd_sc_hd__o21a_1)
     1    0.001894    0.025521    0.156694    0.811253 v _062_/X (sky130_fd_sc_hd__o21a_1)
                                                         _005_ (net)
                      0.025521    0.000004    0.811257 v _102_/D (sky130_fd_sc_hd__dfxtp_1)
                                              0.811257   data arrival time

                                  0.000000    0.000000   clock clk (rise edge)
                                  0.000000    0.000000   clock source latency
     1    0.007894    0.043275    0.027159    0.027159 ^ clk (in)
                                                         clk (net)
                      0.043275    0.000000    0.027159 ^ clkbuf_0_clk/A (sky130_fd_sc_hd__clkbuf_16)
     2    0.015788    0.039241    0.120826    0.147985 ^ clkbuf_0_clk/X (sky130_fd_sc_hd__clkbuf_16)
                                                         clknet_0_clk (net)
                      0.039241    0.000000    0.147985 ^ clkbuf_1_1__f_clk/A (sky130_fd_sc_hd__clkbuf_16)
     9    0.016893    0.040288    0.120424    0.268409 ^ clkbuf_1_1__f_clk/X (sky130_fd_sc_hd__clkbuf_16)
                                                         clknet_1_1__leaf_clk (net)
                      0.040288    0.000000    0.268409 ^ _102_/CLK (sky130_fd_sc_hd__dfxtp_1)
                                  0.250000    0.518409   clock uncertainty
                                  0.000000    0.518409   clock reconvergence pessimism
                                 -0.046477    0.471933   library hold time
                                              0.471933   data required time
---------------------------------------------------------------------------------------------
                                              0.471933   data required time
                                             -0.811257   data arrival time
---------------------------------------------------------------------------------------------
                                              0.339324   slack (MET)


Startpoint: _100_ (rising edge-triggered flip-flop clocked by clk)
Endpoint: _109_ (rising edge-triggered flip-flop clocked by clk)
Path Group: clk
Path Type: min

Fanout         Cap        Slew       Delay        Time   Description
---------------------------------------------------------------------------------------------
                                  0.000000    0.000000   clock clk (rise edge)
                                  0.000000    0.000000   clock source latency
     1    0.007894    0.043275    0.027159    0.027159 ^ clk (in)
                                                         clk (net)
                      0.043275    0.000000    0.027159 ^ clkbuf_0_clk/A (sky130_fd_sc_hd__clkbuf_16)
     2    0.015788    0.039241    0.120826    0.147985 ^ clkbuf_0_clk/X (sky130_fd_sc_hd__clkbuf_16)
                                                         clknet_0_clk (net)
                      0.039241    0.000000    0.147985 ^ clkbuf_1_0__f_clk/A (sky130_fd_sc_hd__clkbuf_16)
     8    0.015016    0.038512    0.118619    0.266604 ^ clkbuf_1_0__f_clk/X (sky130_fd_sc_hd__clkbuf_16)
                                                         clknet_1_0__leaf_clk (net)
                      0.038512    0.000000    0.266604 ^ _100_/CLK (sky130_fd_sc_hd__dfxtp_1)
     2    0.004512    0.056963    0.308762    0.575366 ^ _100_/Q (sky130_fd_sc_hd__dfxtp_1)
                                                         controller_inst.clear (net)
                      0.056963    0.000011    0.575377 ^ _076_/A (sky130_fd_sc_hd__nor2_1)
     5    0.011624    0.059849    0.073831    0.649208 v _076_/Y (sky130_fd_sc_hd__nor2_1)
                                                         _034_ (net)
                      0.059849    0.000073    0.649280 v _081_/B (sky130_fd_sc_hd__and3b_1)
     1    0.002235    0.030772    0.159442    0.808722 v _081_/X (sky130_fd_sc_hd__and3b_1)
                                                         _011_ (net)
                      0.030772    0.000012    0.808735 v _109_/D (sky130_fd_sc_hd__dfxtp_1)
                                              0.808735   data arrival time

                                  0.000000    0.000000   clock clk (rise edge)
                                  0.000000    0.000000   clock source latency
     1    0.007894    0.043275    0.027159    0.027159 ^ clk (in)
                                                         clk (net)
                      0.043275    0.000000    0.027159 ^ clkbuf_0_clk/A (sky130_fd_sc_hd__clkbuf_16)
     2    0.015788    0.039241    0.120826    0.147985 ^ clkbuf_0_clk/X (sky130_fd_sc_hd__clkbuf_16)
                                                         clknet_0_clk (net)
                      0.039241    0.000000    0.147985 ^ clkbuf_1_0__f_clk/A (sky130_fd_sc_hd__clkbuf_16)
     8    0.015016    0.038512    0.118619    0.266604 ^ clkbuf_1_0__f_clk/X (sky130_fd_sc_hd__clkbuf_16)
                                                         clknet_1_0__leaf_clk (net)
                      0.038512    0.000000    0.266604 ^ _109_/CLK (sky130_fd_sc_hd__dfxtp_1)
                                  0.250000    0.516604   clock uncertainty
                                  0.000000    0.516604   clock reconvergence pessimism
                                 -0.049068    0.467536   library hold time
                                              0.467536   data required time
---------------------------------------------------------------------------------------------
                                              0.467536   data required time
                                             -0.808735   data arrival time
---------------------------------------------------------------------------------------------
                                              0.341199   slack (MET)


Startpoint: _114_ (rising edge-triggered flip-flop clocked by clk)
Endpoint: _114_ (rising edge-triggered flip-flop clocked by clk)
Path Group: clk
Path Type: min

Fanout         Cap        Slew       Delay        Time   Description
---------------------------------------------------------------------------------------------
                                  0.000000    0.000000   clock clk (rise edge)
                                  0.000000    0.000000   clock source latency
     1    0.007894    0.043275    0.027159    0.027159 ^ clk (in)
                                                         clk (net)
                      0.043275    0.000000    0.027159 ^ clkbuf_0_clk/A (sky130_fd_sc_hd__clkbuf_16)
     2    0.015788    0.039241    0.120826    0.147985 ^ clkbuf_0_clk/X (sky130_fd_sc_hd__clkbuf_16)
                                                         clknet_0_clk (net)
                      0.039241    0.000000    0.147985 ^ clkbuf_1_0__f_clk/A (sky130_fd_sc_hd__clkbuf_16)
     8    0.015016    0.038512    0.118619    0.266604 ^ clkbuf_1_0__f_clk/X (sky130_fd_sc_hd__clkbuf_16)
                                                         clknet_1_0__leaf_clk (net)
                      0.038512    0.000000    0.266604 ^ _114_/CLK (sky130_fd_sc_hd__dfxtp_1)
     3    0.006743    0.042950    0.305220    0.571824 v _114_/Q (sky130_fd_sc_hd__dfxtp_1)
                                                         net10 (net)
                      0.042950    0.000025    0.571849 v _055_/A (sky130_fd_sc_hd__nand2_1)
     4    0.011649    0.113208    0.108296    0.680145 ^ _055_/Y (sky130_fd_sc_hd__nand2_1)
                                                         _023_ (net)
                      0.113208    0.000048    0.680193 ^ _097_/A1 (sky130_fd_sc_hd__o211a_1)
     1    0.001814    0.034314    0.154594    0.834788 ^ _097_/X (sky130_fd_sc_hd__o211a_1)
                                                         _016_ (net)
                      0.034314    0.000003    0.834790 ^ _114_/D (sky130_fd_sc_hd__dfxtp_1)
                                              0.834790   data arrival time

                                  0.000000    0.000000   clock clk (rise edge)
                                  0.000000    0.000000   clock source latency
     1    0.007894    0.043275    0.027159    0.027159 ^ clk (in)
                                                         clk (net)
                      0.043275    0.000000    0.027159 ^ clkbuf_0_clk/A (sky130_fd_sc_hd__clkbuf_16)
     2    0.015788    0.039241    0.120826    0.147985 ^ clkbuf_0_clk/X (sky130_fd_sc_hd__clkbuf_16)
                                                         clknet_0_clk (net)
                      0.039241    0.000000    0.147985 ^ clkbuf_1_0__f_clk/A (sky130_fd_sc_hd__clkbuf_16)
     8    0.015016    0.038512    0.118619    0.266604 ^ clkbuf_1_0__f_clk/X (sky130_fd_sc_hd__clkbuf_16)
                                                         clknet_1_0__leaf_clk (net)
                      0.038512    0.000000    0.266604 ^ _114_/CLK (sky130_fd_sc_hd__dfxtp_1)
                                  0.250000    0.516604   clock uncertainty
                                  0.000000    0.516604   clock reconvergence pessimism
                                 -0.029886    0.486718   library hold time
                                              0.486718   data required time
---------------------------------------------------------------------------------------------
                                              0.486718   data required time
                                             -0.834790   data arrival time
---------------------------------------------------------------------------------------------
                                              0.348073   slack (MET)


Startpoint: _104_ (rising edge-triggered flip-flop clocked by clk)
Endpoint: _104_ (rising edge-triggered flip-flop clocked by clk)
Path Group: clk
Path Type: min

Fanout         Cap        Slew       Delay        Time   Description
---------------------------------------------------------------------------------------------
                                  0.000000    0.000000   clock clk (rise edge)
                                  0.000000    0.000000   clock source latency
     1    0.007894    0.043275    0.027159    0.027159 ^ clk (in)
                                                         clk (net)
                      0.043275    0.000000    0.027159 ^ clkbuf_0_clk/A (sky130_fd_sc_hd__clkbuf_16)
     2    0.015788    0.039241    0.120826    0.147985 ^ clkbuf_0_clk/X (sky130_fd_sc_hd__clkbuf_16)
                                                         clknet_0_clk (net)
                      0.039241    0.000000    0.147985 ^ clkbuf_1_1__f_clk/A (sky130_fd_sc_hd__clkbuf_16)
     9    0.016893    0.040288    0.120424    0.268409 ^ clkbuf_1_1__f_clk/X (sky130_fd_sc_hd__clkbuf_16)
                                                         clknet_1_1__leaf_clk (net)
                      0.040288    0.000000    0.268409 ^ _104_/CLK (sky130_fd_sc_hd__dfxtp_1)
     4    0.011796    0.121687    0.357006    0.625415 ^ _104_/Q (sky130_fd_sc_hd__dfxtp_1)
                                                         data_edge_detector_inst.input_buffer[0] (net)
                      0.121687    0.000025    0.625440 ^ _067_/A0 (sky130_fd_sc_hd__mux2_1)
     1    0.001785    0.034785    0.132698    0.758138 ^ _067_/X (sky130_fd_sc_hd__mux2_1)
                                                         _029_ (net)
                      0.034785    0.000004    0.758143 ^ _068_/B (sky130_fd_sc_hd__and2_1)
     1    0.001929    0.039887    0.104901    0.863044 ^ _068_/X (sky130_fd_sc_hd__and2_1)
                                                         _006_ (net)
                      0.039887    0.000005    0.863049 ^ _104_/D (sky130_fd_sc_hd__dfxtp_1)
                                              0.863049   data arrival time

                                  0.000000    0.000000   clock clk (rise edge)
                                  0.000000    0.000000   clock source latency
     1    0.007894    0.043275    0.027159    0.027159 ^ clk (in)
                                                         clk (net)
                      0.043275    0.000000    0.027159 ^ clkbuf_0_clk/A (sky130_fd_sc_hd__clkbuf_16)
     2    0.015788    0.039241    0.120826    0.147985 ^ clkbuf_0_clk/X (sky130_fd_sc_hd__clkbuf_16)
                                                         clknet_0_clk (net)
                      0.039241    0.000000    0.147985 ^ clkbuf_1_1__f_clk/A (sky130_fd_sc_hd__clkbuf_16)
     9    0.016893    0.040288    0.120424    0.268409 ^ clkbuf_1_1__f_clk/X (sky130_fd_sc_hd__clkbuf_16)
                                                         clknet_1_1__leaf_clk (net)
                      0.040288    0.000000    0.268409 ^ _104_/CLK (sky130_fd_sc_hd__dfxtp_1)
                                  0.250000    0.518409   clock uncertainty
                                  0.000000    0.518409   clock reconvergence pessimism
                                 -0.030820    0.487589   library hold time
                                              0.487589   data required time
---------------------------------------------------------------------------------------------
                                              0.487589   data required time
                                             -0.863049   data arrival time
---------------------------------------------------------------------------------------------
                                              0.375460   slack (MET)


Startpoint: _102_ (rising edge-triggered flip-flop clocked by clk)
Endpoint: _107_ (rising edge-triggered flip-flop clocked by clk)
Path Group: clk
Path Type: min

Fanout         Cap        Slew       Delay        Time   Description
---------------------------------------------------------------------------------------------
                                  0.000000    0.000000   clock clk (rise edge)
                                  0.000000    0.000000   clock source latency
     1    0.007894    0.043275    0.027159    0.027159 ^ clk (in)
                                                         clk (net)
                      0.043275    0.000000    0.027159 ^ clkbuf_0_clk/A (sky130_fd_sc_hd__clkbuf_16)
     2    0.015788    0.039241    0.120826    0.147985 ^ clkbuf_0_clk/X (sky130_fd_sc_hd__clkbuf_16)
                                                         clknet_0_clk (net)
                      0.039241    0.000000    0.147985 ^ clkbuf_1_1__f_clk/A (sky130_fd_sc_hd__clkbuf_16)
     9    0.016893    0.040288    0.120424    0.268409 ^ clkbuf_1_1__f_clk/X (sky130_fd_sc_hd__clkbuf_16)
                                                         clknet_1_1__leaf_clk (net)
                      0.040288    0.000000    0.268409 ^ _102_/CLK (sky130_fd_sc_hd__dfxtp_1)
     5    0.010975    0.060005    0.321890    0.590299 v _102_/Q (sky130_fd_sc_hd__dfxtp_1)
                                                         net13 (net)
                      0.060005    0.000016    0.590315 v _071_/A_N (sky130_fd_sc_hd__and2b_1)
     2    0.006166    0.068637    0.210512    0.800827 ^ _071_/X (sky130_fd_sc_hd__and2b_1)
                                                         _031_ (net)
                      0.068637    0.000027    0.800854 ^ _074_/B1 (sky130_fd_sc_hd__a211oi_1)
     1    0.002682    0.035701    0.050023    0.850877 v _074_/Y (sky130_fd_sc_hd__a211oi_1)
                                                         _009_ (net)
                      0.035701    0.000025    0.850902 v _107_/D (sky130_fd_sc_hd__dfxtp_1)
                                              0.850902   data arrival time

                                  0.000000    0.000000   clock clk (rise edge)
                                  0.000000    0.000000   clock source latency
     1    0.007894    0.043275    0.027159    0.027159 ^ clk (in)
                                                         clk (net)
                      0.043275    0.000000    0.027159 ^ clkbuf_0_clk/A (sky130_fd_sc_hd__clkbuf_16)
     2    0.015788    0.039241    0.120826    0.147985 ^ clkbuf_0_clk/X (sky130_fd_sc_hd__clkbuf_16)
                                                         clknet_0_clk (net)
                      0.039241    0.000000    0.147985 ^ clkbuf_1_1__f_clk/A (sky130_fd_sc_hd__clkbuf_16)
     9    0.016893    0.040288    0.120424    0.268409 ^ clkbuf_1_1__f_clk/X (sky130_fd_sc_hd__clkbuf_16)
                                                         clknet_1_1__leaf_clk (net)
                      0.040288    0.000000    0.268409 ^ _107_/CLK (sky130_fd_sc_hd__dfxtp_1)
                                  0.250000    0.518409   clock uncertainty
                                  0.000000    0.518409   clock reconvergence pessimism
                                 -0.050724    0.467685   library hold time
                                              0.467685   data required time
---------------------------------------------------------------------------------------------
                                              0.467685   data required time
                                             -0.850902   data arrival time
---------------------------------------------------------------------------------------------
                                              0.383217   slack (MET)


Startpoint: _099_ (rising edge-triggered flip-flop clocked by clk)
Endpoint: _099_ (rising edge-triggered flip-flop clocked by clk)
Path Group: clk
Path Type: min

Fanout         Cap        Slew       Delay        Time   Description
---------------------------------------------------------------------------------------------
                                  0.000000    0.000000   clock clk (rise edge)
                                  0.000000    0.000000   clock source latency
     1    0.007894    0.043275    0.027159    0.027159 ^ clk (in)
                                                         clk (net)
                      0.043275    0.000000    0.027159 ^ clkbuf_0_clk/A (sky130_fd_sc_hd__clkbuf_16)
     2    0.015788    0.039241    0.120826    0.147985 ^ clkbuf_0_clk/X (sky130_fd_sc_hd__clkbuf_16)
                                                         clknet_0_clk (net)
                      0.039241    0.000000    0.147985 ^ clkbuf_1_0__f_clk/A (sky130_fd_sc_hd__clkbuf_16)
     8    0.015016    0.038512    0.118619    0.266604 ^ clkbuf_1_0__f_clk/X (sky130_fd_sc_hd__clkbuf_16)
                                                         clknet_1_0__leaf_clk (net)
                      0.038512    0.000000    0.266604 ^ _099_/CLK (sky130_fd_sc_hd__dfxtp_1)
     6    0.015918    0.081223    0.338406    0.605010 v _099_/Q (sky130_fd_sc_hd__dfxtp_1)
                                                         net12 (net)
                      0.081224    0.000190    0.605200 v _058_/B1 (sky130_fd_sc_hd__o31a_1)
     1    0.002599    0.027346    0.112703    0.717903 v _058_/X (sky130_fd_sc_hd__o31a_1)
                                                         _026_ (net)
                      0.027346    0.000009    0.717912 v _059_/A2 (sky130_fd_sc_hd__o21a_1)
     1    0.003797    0.034366    0.161683    0.879595 v _059_/X (sky130_fd_sc_hd__o21a_1)
                                                         _003_ (net)
                      0.034367    0.000066    0.879662 v _099_/D (sky130_fd_sc_hd__dfxtp_1)
                                              0.879662   data arrival time

                                  0.000000    0.000000   clock clk (rise edge)
                                  0.000000    0.000000   clock source latency
     1    0.007894    0.043275    0.027159    0.027159 ^ clk (in)
                                                         clk (net)
                      0.043275    0.000000    0.027159 ^ clkbuf_0_clk/A (sky130_fd_sc_hd__clkbuf_16)
     2    0.015788    0.039241    0.120826    0.147985 ^ clkbuf_0_clk/X (sky130_fd_sc_hd__clkbuf_16)
                                                         clknet_0_clk (net)
                      0.039241    0.000000    0.147985 ^ clkbuf_1_0__f_clk/A (sky130_fd_sc_hd__clkbuf_16)
     8    0.015016    0.038512    0.118619    0.266604 ^ clkbuf_1_0__f_clk/X (sky130_fd_sc_hd__clkbuf_16)
                                                         clknet_1_0__leaf_clk (net)
                      0.038512    0.000000    0.266604 ^ _099_/CLK (sky130_fd_sc_hd__dfxtp_1)
                                  0.250000    0.516604   clock uncertainty
                                  0.000000    0.516604   clock reconvergence pessimism
                                 -0.050568    0.466036   library hold time
                                              0.466036   data required time
---------------------------------------------------------------------------------------------
                                              0.466036   data required time
                                             -0.879662   data arrival time
---------------------------------------------------------------------------------------------
                                              0.413626   slack (MET)


Startpoint: _098_ (rising edge-triggered flip-flop clocked by clk)
Endpoint: _100_ (rising edge-triggered flip-flop clocked by clk)
Path Group: clk
Path Type: min

Fanout         Cap        Slew       Delay        Time   Description
---------------------------------------------------------------------------------------------
                                  0.000000    0.000000   clock clk (rise edge)
                                  0.000000    0.000000   clock source latency
     1    0.007894    0.043275    0.027159    0.027159 ^ clk (in)
                                                         clk (net)
                      0.043275    0.000000    0.027159 ^ clkbuf_0_clk/A (sky130_fd_sc_hd__clkbuf_16)
     2    0.015788    0.039241    0.120826    0.147985 ^ clkbuf_0_clk/X (sky130_fd_sc_hd__clkbuf_16)
                                                         clknet_0_clk (net)
                      0.039241    0.000000    0.147985 ^ clkbuf_1_0__f_clk/A (sky130_fd_sc_hd__clkbuf_16)
     8    0.015016    0.038512    0.118619    0.266604 ^ clkbuf_1_0__f_clk/X (sky130_fd_sc_hd__clkbuf_16)
                                                         clknet_1_0__leaf_clk (net)
                      0.038512    0.000000    0.266604 ^ _098_/CLK (sky130_fd_sc_hd__dfxtp_1)
     2    0.004316    0.053280    0.307458    0.574062 ^ _098_/Q (sky130_fd_sc_hd__dfxtp_1)
                                                         net11 (net)
                      0.053280    0.000016    0.574078 ^ hold2/A (sky130_fd_sc_hd__dlygate4sd3_1)
     2    0.004487    0.070238    0.551581    1.125659 ^ hold2/X (sky130_fd_sc_hd__dlygate4sd3_1)
                                                         net15 (net)
                      0.070238    0.000010    1.125669 ^ _065_/C (sky130_fd_sc_hd__and3_1)
     1    0.001913    0.043134    0.144210    1.269879 ^ _065_/X (sky130_fd_sc_hd__and3_1)
                                                         _000_ (net)
                      0.043134    0.000005    1.269884 ^ _100_/D (sky130_fd_sc_hd__dfxtp_1)
                                              1.269884   data arrival time

                                  0.000000    0.000000   clock clk (rise edge)
                                  0.000000    0.000000   clock source latency
     1    0.007894    0.043275    0.027159    0.027159 ^ clk (in)
                                                         clk (net)
                      0.043275    0.000000    0.027159 ^ clkbuf_0_clk/A (sky130_fd_sc_hd__clkbuf_16)
     2    0.015788    0.039241    0.120826    0.147985 ^ clkbuf_0_clk/X (sky130_fd_sc_hd__clkbuf_16)
                                                         clknet_0_clk (net)
                      0.039241    0.000000    0.147985 ^ clkbuf_1_0__f_clk/A (sky130_fd_sc_hd__clkbuf_16)
     8    0.015016    0.038512    0.118619    0.266604 ^ clkbuf_1_0__f_clk/X (sky130_fd_sc_hd__clkbuf_16)
                                                         clknet_1_0__leaf_clk (net)
                      0.038512    0.000000    0.266604 ^ _100_/CLK (sky130_fd_sc_hd__dfxtp_1)
                                  0.250000    0.516604   clock uncertainty
                                  0.000000    0.516604   clock reconvergence pessimism
                                 -0.031735    0.484869   library hold time
                                              0.484869   data required time
---------------------------------------------------------------------------------------------
                                              0.484869   data required time
                                             -1.269884   data arrival time
---------------------------------------------------------------------------------------------
                                              0.785015   slack (MET)


Startpoint: _103_ (rising edge-triggered flip-flop clocked by clk)
Endpoint: _108_ (rising edge-triggered flip-flop clocked by clk)
Path Group: clk
Path Type: min

Fanout         Cap        Slew       Delay        Time   Description
---------------------------------------------------------------------------------------------
                                  0.000000    0.000000   clock clk (rise edge)
                                  0.000000    0.000000   clock source latency
     1    0.007894    0.043275    0.027159    0.027159 ^ clk (in)
                                                         clk (net)
                      0.043275    0.000000    0.027159 ^ clkbuf_0_clk/A (sky130_fd_sc_hd__clkbuf_16)
     2    0.015788    0.039241    0.120826    0.147985 ^ clkbuf_0_clk/X (sky130_fd_sc_hd__clkbuf_16)
                                                         clknet_0_clk (net)
                      0.039241    0.000000    0.147985 ^ clkbuf_1_1__f_clk/A (sky130_fd_sc_hd__clkbuf_16)
     9    0.016893    0.040288    0.120424    0.268409 ^ clkbuf_1_1__f_clk/X (sky130_fd_sc_hd__clkbuf_16)
                                                         clknet_1_1__leaf_clk (net)
                      0.040288    0.000000    0.268409 ^ _103_/CLK (sky130_fd_sc_hd__dfxtp_1)
     4    0.009887    0.055390    0.318120    0.586529 v _103_/Q (sky130_fd_sc_hd__dfxtp_1)
                                                         data_counter_inst.inc (net)
                      0.055390    0.000079    0.586608 v _075_/B (sky130_fd_sc_hd__nand2_1)
     3    0.008751    0.089146    0.102829    0.689437 ^ _075_/Y (sky130_fd_sc_hd__nand2_1)
                                                         _033_ (net)
                      0.089146    0.000035    0.689472 ^ _078_/A2 (sky130_fd_sc_hd__a21oi_1)
     1    0.001925    0.030307    0.065970    0.755442 v _078_/Y (sky130_fd_sc_hd__a21oi_1)
                                                         _010_ (net)
                      0.030307    0.000007    0.755449 v hold6/A (sky130_fd_sc_hd__dlygate4sd3_1)
     1    0.002023    0.050365    0.535413    1.290862 v hold6/X (sky130_fd_sc_hd__dlygate4sd3_1)
                                                         net19 (net)
                      0.050365    0.000007    1.290869 v _108_/D (sky130_fd_sc_hd__dfxtp_1)
                                              1.290869   data arrival time

                                  0.000000    0.000000   clock clk (rise edge)
                                  0.000000    0.000000   clock source latency
     1    0.007894    0.043275    0.027159    0.027159 ^ clk (in)
                                                         clk (net)
                      0.043275    0.000000    0.027159 ^ clkbuf_0_clk/A (sky130_fd_sc_hd__clkbuf_16)
     2    0.015788    0.039241    0.120826    0.147985 ^ clkbuf_0_clk/X (sky130_fd_sc_hd__clkbuf_16)
                                                         clknet_0_clk (net)
                      0.039241    0.000000    0.147985 ^ clkbuf_1_0__f_clk/A (sky130_fd_sc_hd__clkbuf_16)
     8    0.015016    0.038512    0.118619    0.266604 ^ clkbuf_1_0__f_clk/X (sky130_fd_sc_hd__clkbuf_16)
                                                         clknet_1_0__leaf_clk (net)
                      0.038512    0.000000    0.266604 ^ _108_/CLK (sky130_fd_sc_hd__dfxtp_1)
                                  0.250000    0.516604   clock uncertainty
                                  0.000000    0.516604   clock reconvergence pessimism
                                 -0.057243    0.459360   library hold time
                                              0.459360   data required time
---------------------------------------------------------------------------------------------
                                              0.459360   data required time
                                             -1.290869   data arrival time
---------------------------------------------------------------------------------------------
                                              0.831509   slack (MET)


Startpoint: _107_ (rising edge-triggered flip-flop clocked by clk)
Endpoint: _106_ (rising edge-triggered flip-flop clocked by clk)
Path Group: clk
Path Type: min

Fanout         Cap        Slew       Delay        Time   Description
---------------------------------------------------------------------------------------------
                                  0.000000    0.000000   clock clk (rise edge)
                                  0.000000    0.000000   clock source latency
     1    0.007894    0.043275    0.027159    0.027159 ^ clk (in)
                                                         clk (net)
                      0.043275    0.000000    0.027159 ^ clkbuf_0_clk/A (sky130_fd_sc_hd__clkbuf_16)
     2    0.015788    0.039241    0.120826    0.147985 ^ clkbuf_0_clk/X (sky130_fd_sc_hd__clkbuf_16)
                                                         clknet_0_clk (net)
                      0.039241    0.000000    0.147985 ^ clkbuf_1_1__f_clk/A (sky130_fd_sc_hd__clkbuf_16)
     9    0.016893    0.040288    0.120424    0.268409 ^ clkbuf_1_1__f_clk/X (sky130_fd_sc_hd__clkbuf_16)
                                                         clknet_1_1__leaf_clk (net)
                      0.040288    0.000000    0.268409 ^ _107_/CLK (sky130_fd_sc_hd__dfxtp_1)
     2    0.005248    0.061295    0.314265    0.582674 ^ _107_/Q (sky130_fd_sc_hd__dfxtp_1)
                                                         data_edge_detector_inst.reset_counter[1] (net)
                      0.061295    0.000036    0.582710 ^ _061_/A1 (sky130_fd_sc_hd__a21boi_1)
     2    0.005466    0.046631    0.071811    0.654521 v _061_/Y (sky130_fd_sc_hd__a21boi_1)
                                                         _027_ (net)
                      0.046631    0.000019    0.654539 v _072_/A1 (sky130_fd_sc_hd__o21ai_1)
     2    0.005695    0.112507    0.162562    0.817102 ^ _072_/Y (sky130_fd_sc_hd__o21ai_1)
                                                         _032_ (net)
                      0.112507    0.000018    0.817120 ^ _073_/C1 (sky130_fd_sc_hd__o211a_1)
     1    0.001925    0.035138    0.141952    0.959073 ^ _073_/X (sky130_fd_sc_hd__o211a_1)
                                                         _008_ (net)
                      0.035138    0.000004    0.959077 ^ hold9/A (sky130_fd_sc_hd__dlygate4sd3_1)
     1    0.002022    0.048229    0.524336    1.483413 ^ hold9/X (sky130_fd_sc_hd__dlygate4sd3_1)
                                                         net22 (net)
                      0.048229    0.000007    1.483421 ^ _106_/D (sky130_fd_sc_hd__dfxtp_1)
                                              1.483421   data arrival time

                                  0.000000    0.000000   clock clk (rise edge)
                                  0.000000    0.000000   clock source latency
     1    0.007894    0.043275    0.027159    0.027159 ^ clk (in)
                                                         clk (net)
                      0.043275    0.000000    0.027159 ^ clkbuf_0_clk/A (sky130_fd_sc_hd__clkbuf_16)
     2    0.015788    0.039241    0.120826    0.147985 ^ clkbuf_0_clk/X (sky130_fd_sc_hd__clkbuf_16)
                                                         clknet_0_clk (net)
                      0.039241    0.000000    0.147985 ^ clkbuf_1_1__f_clk/A (sky130_fd_sc_hd__clkbuf_16)
     9    0.016893    0.040288    0.120424    0.268409 ^ clkbuf_1_1__f_clk/X (sky130_fd_sc_hd__clkbuf_16)
                                                         clknet_1_1__leaf_clk (net)
                      0.040288    0.000000    0.268409 ^ _106_/CLK (sky130_fd_sc_hd__dfxtp_1)
                                  0.250000    0.518409   clock uncertainty
                                  0.000000    0.518409   clock reconvergence pessimism
                                 -0.032568    0.485841   library hold time
                                              0.485841   data required time
---------------------------------------------------------------------------------------------
                                              0.485841   data required time
                                             -1.483421   data arrival time
---------------------------------------------------------------------------------------------
                                              0.997580   slack (MET)


Startpoint: _098_ (rising edge-triggered flip-flop clocked by clk)
Endpoint: ready (output port clocked by clk)
Path Group: clk
Path Type: min

Fanout         Cap        Slew       Delay        Time   Description
---------------------------------------------------------------------------------------------
                                  0.000000    0.000000   clock clk (rise edge)
                                  0.000000    0.000000   clock source latency
     1    0.007894    0.043275    0.027159    0.027159 ^ clk (in)
                                                         clk (net)
                      0.043275    0.000000    0.027159 ^ clkbuf_0_clk/A (sky130_fd_sc_hd__clkbuf_16)
     2    0.015788    0.039241    0.120826    0.147985 ^ clkbuf_0_clk/X (sky130_fd_sc_hd__clkbuf_16)
                                                         clknet_0_clk (net)
                      0.039241    0.000000    0.147985 ^ clkbuf_1_0__f_clk/A (sky130_fd_sc_hd__clkbuf_16)
     8    0.015016    0.038512    0.118619    0.266604 ^ clkbuf_1_0__f_clk/X (sky130_fd_sc_hd__clkbuf_16)
                                                         clknet_1_0__leaf_clk (net)
                      0.038512    0.000000    0.266604 ^ _098_/CLK (sky130_fd_sc_hd__dfxtp_1)
     2    0.003991    0.031557    0.294022    0.560626 v _098_/Q (sky130_fd_sc_hd__dfxtp_1)
                                                         net11 (net)
                      0.031557    0.000024    0.560650 v output11/A (sky130_fd_sc_hd__buf_2)
     1    0.034438    0.089871    0.174844    0.735494 v output11/X (sky130_fd_sc_hd__buf_2)
                                                         ready (net)
                      0.089873    0.000387    0.735882 v ready (out)
                                              0.735882   data arrival time

                                  0.000000    0.000000   clock clk (rise edge)
                                  0.000000    0.000000   clock network delay (propagated)
                                  0.250000    0.250000   clock uncertainty
                                  0.000000    0.250000   clock reconvergence pessimism
                                 -5.000000   -4.750000   output external delay
                                             -4.750000   data required time
---------------------------------------------------------------------------------------------
                                             -4.750000   data required time
                                             -0.735882   data arrival time
---------------------------------------------------------------------------------------------
                                              5.485882   slack (MET)


Startpoint: _114_ (rising edge-triggered flip-flop clocked by clk)
Endpoint: count_out[6] (output port clocked by clk)
Path Group: clk
Path Type: min

Fanout         Cap        Slew       Delay        Time   Description
---------------------------------------------------------------------------------------------
                                  0.000000    0.000000   clock clk (rise edge)
                                  0.000000    0.000000   clock source latency
     1    0.007894    0.043275    0.027159    0.027159 ^ clk (in)
                                                         clk (net)
                      0.043275    0.000000    0.027159 ^ clkbuf_0_clk/A (sky130_fd_sc_hd__clkbuf_16)
     2    0.015788    0.039241    0.120826    0.147985 ^ clkbuf_0_clk/X (sky130_fd_sc_hd__clkbuf_16)
                                                         clknet_0_clk (net)
                      0.039241    0.000000    0.147985 ^ clkbuf_1_0__f_clk/A (sky130_fd_sc_hd__clkbuf_16)
     8    0.015016    0.038512    0.118619    0.266604 ^ clkbuf_1_0__f_clk/X (sky130_fd_sc_hd__clkbuf_16)
                                                         clknet_1_0__leaf_clk (net)
                      0.038512    0.000000    0.266604 ^ _114_/CLK (sky130_fd_sc_hd__dfxtp_1)
     3    0.006743    0.042950    0.305220    0.571824 v _114_/Q (sky130_fd_sc_hd__dfxtp_1)
                                                         net10 (net)
                      0.042950    0.000018    0.571842 v output10/A (sky130_fd_sc_hd__buf_2)
     1    0.034363    0.089614    0.179635    0.751477 v output10/X (sky130_fd_sc_hd__buf_2)
                                                         count_out[6] (net)
                      0.089616    0.000358    0.751835 v count_out[6] (out)
                                              0.751835   data arrival time

                                  0.000000    0.000000   clock clk (rise edge)
                                  0.000000    0.000000   clock network delay (propagated)
                                  0.250000    0.250000   clock uncertainty
                                  0.000000    0.250000   clock reconvergence pessimism
                                 -5.000000   -4.750000   output external delay
                                             -4.750000   data required time
---------------------------------------------------------------------------------------------
                                             -4.750000   data required time
                                             -0.751835   data arrival time
---------------------------------------------------------------------------------------------
                                              5.501835   slack (MET)


Startpoint: _112_ (rising edge-triggered flip-flop clocked by clk)
Endpoint: count_out[4] (output port clocked by clk)
Path Group: clk
Path Type: min

Fanout         Cap        Slew       Delay        Time   Description
---------------------------------------------------------------------------------------------
                                  0.000000    0.000000   clock clk (rise edge)
                                  0.000000    0.000000   clock source latency
     1    0.007894    0.043275    0.027159    0.027159 ^ clk (in)
                                                         clk (net)
                      0.043275    0.000000    0.027159 ^ clkbuf_0_clk/A (sky130_fd_sc_hd__clkbuf_16)
     2    0.015788    0.039241    0.120826    0.147985 ^ clkbuf_0_clk/X (sky130_fd_sc_hd__clkbuf_16)
                                                         clknet_0_clk (net)
                      0.039241    0.000000    0.147985 ^ clkbuf_1_1__f_clk/A (sky130_fd_sc_hd__clkbuf_16)
     9    0.016893    0.040288    0.120424    0.268409 ^ clkbuf_1_1__f_clk/X (sky130_fd_sc_hd__clkbuf_16)
                                                         clknet_1_1__leaf_clk (net)
                      0.040288    0.000000    0.268409 ^ _112_/CLK (sky130_fd_sc_hd__dfxtp_1)
     4    0.008501    0.050018    0.312987    0.581396 v _112_/Q (sky130_fd_sc_hd__dfxtp_1)
                                                         net8 (net)
                      0.050018    0.000050    0.581446 v output8/A (sky130_fd_sc_hd__buf_2)
     1    0.033954    0.088613    0.182046    0.763491 v output8/X (sky130_fd_sc_hd__buf_2)
                                                         count_out[4] (net)
                      0.088614    0.000198    0.763689 v count_out[4] (out)
                                              0.763689   data arrival time

                                  0.000000    0.000000   clock clk (rise edge)
                                  0.000000    0.000000   clock network delay (propagated)
                                  0.250000    0.250000   clock uncertainty
                                  0.000000    0.250000   clock reconvergence pessimism
                                 -5.000000   -4.750000   output external delay
                                             -4.750000   data required time
---------------------------------------------------------------------------------------------
                                             -4.750000   data required time
                                             -0.763689   data arrival time
---------------------------------------------------------------------------------------------
                                              5.513689   slack (MET)


Startpoint: _109_ (rising edge-triggered flip-flop clocked by clk)
Endpoint: count_out[1] (output port clocked by clk)
Path Group: clk
Path Type: min

Fanout         Cap        Slew       Delay        Time   Description
---------------------------------------------------------------------------------------------
                                  0.000000    0.000000   clock clk (rise edge)
                                  0.000000    0.000000   clock source latency
     1    0.007894    0.043275    0.027159    0.027159 ^ clk (in)
                                                         clk (net)
                      0.043275    0.000000    0.027159 ^ clkbuf_0_clk/A (sky130_fd_sc_hd__clkbuf_16)
     2    0.015788    0.039241    0.120826    0.147985 ^ clkbuf_0_clk/X (sky130_fd_sc_hd__clkbuf_16)
                                                         clknet_0_clk (net)
                      0.039241    0.000000    0.147985 ^ clkbuf_1_0__f_clk/A (sky130_fd_sc_hd__clkbuf_16)
     8    0.015016    0.038512    0.118619    0.266604 ^ clkbuf_1_0__f_clk/X (sky130_fd_sc_hd__clkbuf_16)
                                                         clknet_1_0__leaf_clk (net)
                      0.038512    0.000000    0.266604 ^ _109_/CLK (sky130_fd_sc_hd__dfxtp_1)
     4    0.009191    0.052454    0.315065    0.581669 v _109_/Q (sky130_fd_sc_hd__dfxtp_1)
                                                         net5 (net)
                      0.052454    0.000028    0.581696 v output5/A (sky130_fd_sc_hd__buf_2)
     1    0.034299    0.089397    0.183630    0.765326 v output5/X (sky130_fd_sc_hd__buf_2)
                                                         count_out[1] (net)
                      0.089399    0.000333    0.765659 v count_out[1] (out)
                                              0.765659   data arrival time

                                  0.000000    0.000000   clock clk (rise edge)
                                  0.000000    0.000000   clock network delay (propagated)
                                  0.250000    0.250000   clock uncertainty
                                  0.000000    0.250000   clock reconvergence pessimism
                                 -5.000000   -4.750000   output external delay
                                             -4.750000   data required time
---------------------------------------------------------------------------------------------
                                             -4.750000   data required time
                                             -0.765659   data arrival time
---------------------------------------------------------------------------------------------
                                              5.515659   slack (MET)


Startpoint: _108_ (rising edge-triggered flip-flop clocked by clk)
Endpoint: count_out[0] (output port clocked by clk)
Path Group: clk
Path Type: min

Fanout         Cap        Slew       Delay        Time   Description
---------------------------------------------------------------------------------------------
                                  0.000000    0.000000   clock clk (rise edge)
                                  0.000000    0.000000   clock source latency
     1    0.007894    0.043275    0.027159    0.027159 ^ clk (in)
                                                         clk (net)
                      0.043275    0.000000    0.027159 ^ clkbuf_0_clk/A (sky130_fd_sc_hd__clkbuf_16)
     2    0.015788    0.039241    0.120826    0.147985 ^ clkbuf_0_clk/X (sky130_fd_sc_hd__clkbuf_16)
                                                         clknet_0_clk (net)
                      0.039241    0.000000    0.147985 ^ clkbuf_1_0__f_clk/A (sky130_fd_sc_hd__clkbuf_16)
     8    0.015016    0.038512    0.118619    0.266604 ^ clkbuf_1_0__f_clk/X (sky130_fd_sc_hd__clkbuf_16)
                                                         clknet_1_0__leaf_clk (net)
                      0.038512    0.000000    0.266604 ^ _108_/CLK (sky130_fd_sc_hd__dfxtp_1)
     5    0.010939    0.059844    0.321161    0.587765 v _108_/Q (sky130_fd_sc_hd__dfxtp_1)
                                                         net4 (net)
                      0.059844    0.000015    0.587779 v output4/A (sky130_fd_sc_hd__buf_2)
     1    0.034414    0.089668    0.187155    0.774935 v output4/X (sky130_fd_sc_hd__buf_2)
                                                         count_out[0] (net)
                      0.089670    0.000378    0.775313 v count_out[0] (out)
                                              0.775313   data arrival time

                                  0.000000    0.000000   clock clk (rise edge)
                                  0.000000    0.000000   clock network delay (propagated)
                                  0.250000    0.250000   clock uncertainty
                                  0.000000    0.250000   clock reconvergence pessimism
                                 -5.000000   -4.750000   output external delay
                                             -4.750000   data required time
---------------------------------------------------------------------------------------------
                                             -4.750000   data required time
                                             -0.775313   data arrival time
---------------------------------------------------------------------------------------------
                                              5.525313   slack (MET)


Startpoint: _102_ (rising edge-triggered flip-flop clocked by clk)
Endpoint: temp_reset (output port clocked by clk)
Path Group: clk
Path Type: min

Fanout         Cap        Slew       Delay        Time   Description
---------------------------------------------------------------------------------------------
                                  0.000000    0.000000   clock clk (rise edge)
                                  0.000000    0.000000   clock source latency
     1    0.007894    0.043275    0.027159    0.027159 ^ clk (in)
                                                         clk (net)
                      0.043275    0.000000    0.027159 ^ clkbuf_0_clk/A (sky130_fd_sc_hd__clkbuf_16)
     2    0.015788    0.039241    0.120826    0.147985 ^ clkbuf_0_clk/X (sky130_fd_sc_hd__clkbuf_16)
                                                         clknet_0_clk (net)
                      0.039241    0.000000    0.147985 ^ clkbuf_1_1__f_clk/A (sky130_fd_sc_hd__clkbuf_16)
     9    0.016893    0.040288    0.120424    0.268409 ^ clkbuf_1_1__f_clk/X (sky130_fd_sc_hd__clkbuf_16)
                                                         clknet_1_1__leaf_clk (net)
                      0.040288    0.000000    0.268409 ^ _102_/CLK (sky130_fd_sc_hd__dfxtp_1)
     5    0.010975    0.060005    0.321890    0.590299 v _102_/Q (sky130_fd_sc_hd__dfxtp_1)
                                                         net13 (net)
                      0.060006    0.000151    0.590450 v output13/A (sky130_fd_sc_hd__clkbuf_4)
     1    0.034960    0.080805    0.190338    0.780788 v output13/X (sky130_fd_sc_hd__clkbuf_4)
                                                         temp_reset (net)
                      0.080811    0.000595    0.781383 v temp_reset (out)
                                              0.781383   data arrival time

                                  0.000000    0.000000   clock clk (rise edge)
                                  0.000000    0.000000   clock network delay (propagated)
                                  0.250000    0.250000   clock uncertainty
                                  0.000000    0.250000   clock reconvergence pessimism
                                 -5.000000   -4.750000   output external delay
                                             -4.750000   data required time
---------------------------------------------------------------------------------------------
                                             -4.750000   data required time
                                             -0.781383   data arrival time
---------------------------------------------------------------------------------------------
                                              5.531383   slack (MET)


Startpoint: _113_ (rising edge-triggered flip-flop clocked by clk)
Endpoint: count_out[5] (output port clocked by clk)
Path Group: clk
Path Type: min

Fanout         Cap        Slew       Delay        Time   Description
---------------------------------------------------------------------------------------------
                                  0.000000    0.000000   clock clk (rise edge)
                                  0.000000    0.000000   clock source latency
     1    0.007894    0.043275    0.027159    0.027159 ^ clk (in)
                                                         clk (net)
                      0.043275    0.000000    0.027159 ^ clkbuf_0_clk/A (sky130_fd_sc_hd__clkbuf_16)
     2    0.015788    0.039241    0.120826    0.147985 ^ clkbuf_0_clk/X (sky130_fd_sc_hd__clkbuf_16)
                                                         clknet_0_clk (net)
                      0.039241    0.000000    0.147985 ^ clkbuf_1_0__f_clk/A (sky130_fd_sc_hd__clkbuf_16)
     8    0.015016    0.038512    0.118619    0.266604 ^ clkbuf_1_0__f_clk/X (sky130_fd_sc_hd__clkbuf_16)
                                                         clknet_1_0__leaf_clk (net)
                      0.038512    0.000000    0.266604 ^ _113_/CLK (sky130_fd_sc_hd__dfxtp_1)
     5    0.012631    0.067054    0.327034    0.593637 v _113_/Q (sky130_fd_sc_hd__dfxtp_1)
                                                         net9 (net)
                      0.067054    0.000016    0.593653 v output9/A (sky130_fd_sc_hd__buf_2)
     1    0.033901    0.088482    0.189638    0.783291 v output9/X (sky130_fd_sc_hd__buf_2)
                                                         count_out[5] (net)
                      0.088482    0.000177    0.783468 v count_out[5] (out)
                                              0.783468   data arrival time

                                  0.000000    0.000000   clock clk (rise edge)
                                  0.000000    0.000000   clock network delay (propagated)
                                  0.250000    0.250000   clock uncertainty
                                  0.000000    0.250000   clock reconvergence pessimism
                                 -5.000000   -4.750000   output external delay
                                             -4.750000   data required time
---------------------------------------------------------------------------------------------
                                             -4.750000   data required time
                                             -0.783468   data arrival time
---------------------------------------------------------------------------------------------
                                              5.533468   slack (MET)


Startpoint: _111_ (rising edge-triggered flip-flop clocked by clk)
Endpoint: count_out[3] (output port clocked by clk)
Path Group: clk
Path Type: min

Fanout         Cap        Slew       Delay        Time   Description
---------------------------------------------------------------------------------------------
                                  0.000000    0.000000   clock clk (rise edge)
                                  0.000000    0.000000   clock source latency
     1    0.007894    0.043275    0.027159    0.027159 ^ clk (in)
                                                         clk (net)
                      0.043275    0.000000    0.027159 ^ clkbuf_0_clk/A (sky130_fd_sc_hd__clkbuf_16)
     2    0.015788    0.039241    0.120826    0.147985 ^ clkbuf_0_clk/X (sky130_fd_sc_hd__clkbuf_16)
                                                         clknet_0_clk (net)
                      0.039241    0.000000    0.147985 ^ clkbuf_1_1__f_clk/A (sky130_fd_sc_hd__clkbuf_16)
     9    0.016893    0.040288    0.120424    0.268409 ^ clkbuf_1_1__f_clk/X (sky130_fd_sc_hd__clkbuf_16)
                                                         clknet_1_1__leaf_clk (net)
                      0.040288    0.000000    0.268409 ^ _111_/CLK (sky130_fd_sc_hd__dfxtp_1)
     6    0.013342    0.070108    0.330120    0.598529 v _111_/Q (sky130_fd_sc_hd__dfxtp_1)
                                                         net7 (net)
                      0.070108    0.000045    0.598574 v output7/A (sky130_fd_sc_hd__buf_2)
     1    0.033919    0.088525    0.191054    0.789628 v output7/X (sky130_fd_sc_hd__buf_2)
                                                         count_out[3] (net)
                      0.088525    0.000184    0.789812 v count_out[3] (out)
                                              0.789812   data arrival time

                                  0.000000    0.000000   clock clk (rise edge)
                                  0.000000    0.000000   clock network delay (propagated)
                                  0.250000    0.250000   clock uncertainty
                                  0.000000    0.250000   clock reconvergence pessimism
                                 -5.000000   -4.750000   output external delay
                                             -4.750000   data required time
---------------------------------------------------------------------------------------------
                                             -4.750000   data required time
                                             -0.789812   data arrival time
---------------------------------------------------------------------------------------------
                                              5.539812   slack (MET)


Startpoint: _099_ (rising edge-triggered flip-flop clocked by clk)
Endpoint: running (output port clocked by clk)
Path Group: clk
Path Type: min

Fanout         Cap        Slew       Delay        Time   Description
---------------------------------------------------------------------------------------------
                                  0.000000    0.000000   clock clk (rise edge)
                                  0.000000    0.000000   clock source latency
     1    0.007894    0.043275    0.027159    0.027159 ^ clk (in)
                                                         clk (net)
                      0.043275    0.000000    0.027159 ^ clkbuf_0_clk/A (sky130_fd_sc_hd__clkbuf_16)
     2    0.015788    0.039241    0.120826    0.147985 ^ clkbuf_0_clk/X (sky130_fd_sc_hd__clkbuf_16)
                                                         clknet_0_clk (net)
                      0.039241    0.000000    0.147985 ^ clkbuf_1_0__f_clk/A (sky130_fd_sc_hd__clkbuf_16)
     8    0.015016    0.038512    0.118619    0.266604 ^ clkbuf_1_0__f_clk/X (sky130_fd_sc_hd__clkbuf_16)
                                                         clknet_1_0__leaf_clk (net)
                      0.038512    0.000000    0.266604 ^ _099_/CLK (sky130_fd_sc_hd__dfxtp_1)
     6    0.015918    0.081223    0.338406    0.605010 v _099_/Q (sky130_fd_sc_hd__dfxtp_1)
                                                         net12 (net)
                      0.081223    0.000099    0.605109 v output12/A (sky130_fd_sc_hd__buf_2)
     1    0.034406    0.089672    0.196869    0.801978 v output12/X (sky130_fd_sc_hd__buf_2)
                                                         running (net)
                      0.089674    0.000375    0.802353 v running (out)
                                              0.802353   data arrival time

                                  0.000000    0.000000   clock clk (rise edge)
                                  0.000000    0.000000   clock network delay (propagated)
                                  0.250000    0.250000   clock uncertainty
                                  0.000000    0.250000   clock reconvergence pessimism
                                 -5.000000   -4.750000   output external delay
                                             -4.750000   data required time
---------------------------------------------------------------------------------------------
                                             -4.750000   data required time
                                             -0.802353   data arrival time
---------------------------------------------------------------------------------------------
                                              5.552352   slack (MET)


Startpoint: _110_ (rising edge-triggered flip-flop clocked by clk)
Endpoint: count_out[2] (output port clocked by clk)
Path Group: clk
Path Type: min

Fanout         Cap        Slew       Delay        Time   Description
---------------------------------------------------------------------------------------------
                                  0.000000    0.000000   clock clk (rise edge)
                                  0.000000    0.000000   clock source latency
     1    0.007894    0.043275    0.027159    0.027159 ^ clk (in)
                                                         clk (net)
                      0.043275    0.000000    0.027159 ^ clkbuf_0_clk/A (sky130_fd_sc_hd__clkbuf_16)
     2    0.015788    0.039241    0.120826    0.147985 ^ clkbuf_0_clk/X (sky130_fd_sc_hd__clkbuf_16)
                                                         clknet_0_clk (net)
                      0.039241    0.000000    0.147985 ^ clkbuf_1_0__f_clk/A (sky130_fd_sc_hd__clkbuf_16)
     8    0.015016    0.038512    0.118619    0.266604 ^ clkbuf_1_0__f_clk/X (sky130_fd_sc_hd__clkbuf_16)
                                                         clknet_1_0__leaf_clk (net)
                      0.038512    0.000000    0.266604 ^ _110_/CLK (sky130_fd_sc_hd__dfxtp_1)
     8    0.018553    0.092579    0.347558    0.614162 v _110_/Q (sky130_fd_sc_hd__dfxtp_1)
                                                         net6 (net)
                      0.092579    0.000042    0.614204 v output6/A (sky130_fd_sc_hd__buf_2)
     1    0.034272    0.089372    0.201826    0.816030 v output6/X (sky130_fd_sc_hd__buf_2)
                                                         count_out[2] (net)
                      0.089373    0.000322    0.816352 v count_out[2] (out)
                                              0.816352   data arrival time

                                  0.000000    0.000000   clock clk (rise edge)
                                  0.000000    0.000000   clock network delay (propagated)
                                  0.250000    0.250000   clock uncertainty
                                  0.000000    0.250000   clock reconvergence pessimism
                                 -5.000000   -4.750000   output external delay
                                             -4.750000   data required time
---------------------------------------------------------------------------------------------
                                             -4.750000   data required time
                                             -0.816352   data arrival time
---------------------------------------------------------------------------------------------
                                              5.566352   slack (MET)



