
===========================================================================
report_checks -unconstrained
===========================================================================
======================= nom_ff_n40C_1v95 Corner ===================================

Startpoint: _110_ (rising edge-triggered flip-flop clocked by clk)
Endpoint: count_out[2] (output port clocked by clk)
Path Group: clk
Path Type: max

Fanout         Cap        Slew       Delay        Time   Description
---------------------------------------------------------------------------------------------
                                  0.000000    0.000000   clock clk (rise edge)
                                  0.000000    0.000000   clock source latency
     1    0.010634    0.040678    0.026700    0.026700 ^ clk (in)
                                                         clk (net)
                      0.040681    0.000000    0.026700 ^ clkbuf_0_clk/A (sky130_fd_sc_hd__clkbuf_16)
     2    0.017680    0.029647    0.085638    0.112338 ^ clkbuf_0_clk/X (sky130_fd_sc_hd__clkbuf_16)
                                                         clknet_0_clk (net)
                      0.029647    0.000401    0.112739 ^ clkbuf_1_1__f_clk/A (sky130_fd_sc_hd__clkbuf_16)
    10    0.025645    0.034981    0.087847    0.200586 ^ clkbuf_1_1__f_clk/X (sky130_fd_sc_hd__clkbuf_16)
                                                         clknet_1_1__leaf_clk (net)
                      0.034996    0.000562    0.201148 ^ _110_/CLK (sky130_fd_sc_hd__dfxtp_1)
     8    0.019824    0.143836    0.267051    0.468199 ^ _110_/Q (sky130_fd_sc_hd__dfxtp_1)
                                                         net6 (net)
                      0.143837    0.000346    0.468545 ^ output6/A (sky130_fd_sc_hd__buf_2)
     1    0.033921    0.127064    0.161183    0.629728 ^ output6/X (sky130_fd_sc_hd__buf_2)
                                                         count_out[2] (net)
                      0.127069    0.000671    0.630399 ^ count_out[2] (out)
                                              0.630399   data arrival time

                                 19.000000   19.000000   clock clk (rise edge)
                                  0.000000   19.000000   clock network delay (propagated)
                                 -0.250000   18.750002   clock uncertainty
                                  0.000000   18.750002   clock reconvergence pessimism
                                 -3.000000   15.750001   output external delay
                                             15.750001   data required time
---------------------------------------------------------------------------------------------
                                             15.750001   data required time
                                             -0.630399   data arrival time
---------------------------------------------------------------------------------------------
                                             15.119602   slack (MET)




===========================================================================
report_checks --slack_max -0.01
============================================================================
======================= nom_ff_n40C_1v95 Corner ===================================

No paths found.


===========================================================================
 report_check_types -max_slew -max_cap -max_fanout -violators
============================================================================
======================= nom_ff_n40C_1v95 Corner ===================================



===========================================================================
report_parasitic_annotation -report_unannotated
============================================================================
Found 0 unannotated drivers.
Found 0 partially unannotated drivers.

===========================================================================
max slew violation count 0
max fanout violation count 0
max cap violation count 0
============================================================================

===========================================================================
check_setup -verbose -unconstrained_endpoints -multiple_clock -no_clock -no_input_delay -loops -generated_clocks
===========================================================================
