
===========================================================================
report_checks -path_delay max (Setup)
============================================================================
======================= min_ff_n40C_1v95 Corner ===================================

Startpoint: _110_ (rising edge-triggered flip-flop clocked by clk)
Endpoint: count_out[2] (output port clocked by clk)
Path Group: clk
Path Type: max

Fanout         Cap        Slew       Delay        Time   Description
---------------------------------------------------------------------------------------------
                                  0.000000    0.000000   clock clk (rise edge)
                                  0.000000    0.000000   clock source latency
     1    0.010634    0.040660    0.026636    0.026636 ^ clk (in)
                                                         clk (net)
                      0.040661    0.000000    0.026636 ^ clkbuf_0_clk/A (sky130_fd_sc_hd__clkbuf_16)
     2    0.017680    0.029648    0.085722    0.112358 ^ clkbuf_0_clk/X (sky130_fd_sc_hd__clkbuf_16)
                                                         clknet_0_clk (net)
                      0.029648    0.000146    0.112504 ^ clkbuf_1_1__f_clk/A (sky130_fd_sc_hd__clkbuf_16)
    10    0.025645    0.034972    0.087991    0.200494 ^ clkbuf_1_1__f_clk/X (sky130_fd_sc_hd__clkbuf_16)
                                                         clknet_1_1__leaf_clk (net)
                      0.034975    0.000247    0.200742 ^ _110_/CLK (sky130_fd_sc_hd__dfxtp_1)
     8    0.019824    0.143782    0.267253    0.467994 ^ _110_/Q (sky130_fd_sc_hd__dfxtp_1)
                                                         net6 (net)
                      0.143782    0.000117    0.468111 ^ output6/A (sky130_fd_sc_hd__buf_2)
     1    0.033921    0.126987    0.161490    0.629601 ^ output6/X (sky130_fd_sc_hd__buf_2)
                                                         count_out[2] (net)
                      0.126988    0.000215    0.629816 ^ count_out[2] (out)
                                              0.629816   data arrival time

                                 19.000000   19.000000   clock clk (rise edge)
                                  0.000000   19.000000   clock network delay (propagated)
                                 -0.250000   18.750002   clock uncertainty
                                  0.000000   18.750002   clock reconvergence pessimism
                                 -3.000000   15.750001   output external delay
                                             15.750001   data required time
---------------------------------------------------------------------------------------------
                                             15.750001   data required time
                                             -0.629816   data arrival time
---------------------------------------------------------------------------------------------
                                             15.120185   slack (MET)


Startpoint: _102_ (rising edge-triggered flip-flop clocked by clk)
Endpoint: running (output port clocked by clk)
Path Group: clk
Path Type: max

Fanout         Cap        Slew       Delay        Time   Description
---------------------------------------------------------------------------------------------
                                  0.000000    0.000000   clock clk (rise edge)
                                  0.000000    0.000000   clock source latency
     1    0.010634    0.040660    0.026636    0.026636 ^ clk (in)
                                                         clk (net)
                      0.040661    0.000000    0.026636 ^ clkbuf_0_clk/A (sky130_fd_sc_hd__clkbuf_16)
     2    0.017680    0.029648    0.085722    0.112358 ^ clkbuf_0_clk/X (sky130_fd_sc_hd__clkbuf_16)
                                                         clknet_0_clk (net)
                      0.029648    0.000162    0.112520 ^ clkbuf_1_0__f_clk/A (sky130_fd_sc_hd__clkbuf_16)
     7    0.018382    0.030074    0.083039    0.195558 ^ clkbuf_1_0__f_clk/X (sky130_fd_sc_hd__clkbuf_16)
                                                         clknet_1_0__leaf_clk (net)
                      0.030074    0.000103    0.195661 ^ _102_/CLK (sky130_fd_sc_hd__dfxtp_1)
     6    0.018203    0.132602    0.258135    0.453797 ^ _102_/Q (sky130_fd_sc_hd__dfxtp_1)
                                                         net12 (net)
                      0.132602    0.000161    0.453957 ^ output12/A (sky130_fd_sc_hd__buf_2)
     1    0.034062    0.127450    0.160594    0.614551 ^ output12/X (sky130_fd_sc_hd__buf_2)
                                                         running (net)
                      0.127451    0.000344    0.614895 ^ running (out)
                                              0.614895   data arrival time

                                 19.000000   19.000000   clock clk (rise edge)
                                  0.000000   19.000000   clock network delay (propagated)
                                 -0.250000   18.750002   clock uncertainty
                                  0.000000   18.750002   clock reconvergence pessimism
                                 -3.000000   15.750001   output external delay
                                             15.750001   data required time
---------------------------------------------------------------------------------------------
                                             15.750001   data required time
                                             -0.614895   data arrival time
---------------------------------------------------------------------------------------------
                                             15.135106   slack (MET)


Startpoint: _111_ (rising edge-triggered flip-flop clocked by clk)
Endpoint: count_out[3] (output port clocked by clk)
Path Group: clk
Path Type: max

Fanout         Cap        Slew       Delay        Time   Description
---------------------------------------------------------------------------------------------
                                  0.000000    0.000000   clock clk (rise edge)
                                  0.000000    0.000000   clock source latency
     1    0.010634    0.040660    0.026636    0.026636 ^ clk (in)
                                                         clk (net)
                      0.040661    0.000000    0.026636 ^ clkbuf_0_clk/A (sky130_fd_sc_hd__clkbuf_16)
     2    0.017680    0.029648    0.085722    0.112358 ^ clkbuf_0_clk/X (sky130_fd_sc_hd__clkbuf_16)
                                                         clknet_0_clk (net)
                      0.029648    0.000146    0.112504 ^ clkbuf_1_1__f_clk/A (sky130_fd_sc_hd__clkbuf_16)
    10    0.025645    0.034972    0.087991    0.200494 ^ clkbuf_1_1__f_clk/X (sky130_fd_sc_hd__clkbuf_16)
                                                         clknet_1_1__leaf_clk (net)
                      0.034975    0.000224    0.200718 ^ _111_/CLK (sky130_fd_sc_hd__dfxtp_1)
     6    0.015258    0.112538    0.245490    0.446209 ^ _111_/Q (sky130_fd_sc_hd__dfxtp_1)
                                                         net7 (net)
                      0.112538    0.000047    0.446256 ^ output7/A (sky130_fd_sc_hd__buf_2)
     1    0.033874    0.126714    0.156906    0.603162 ^ output7/X (sky130_fd_sc_hd__buf_2)
                                                         count_out[3] (net)
                      0.126715    0.000197    0.603359 ^ count_out[3] (out)
                                              0.603359   data arrival time

                                 19.000000   19.000000   clock clk (rise edge)
                                  0.000000   19.000000   clock network delay (propagated)
                                 -0.250000   18.750002   clock uncertainty
                                  0.000000   18.750002   clock reconvergence pessimism
                                 -3.000000   15.750001   output external delay
                                             15.750001   data required time
---------------------------------------------------------------------------------------------
                                             15.750001   data required time
                                             -0.603359   data arrival time
---------------------------------------------------------------------------------------------
                                             15.146642   slack (MET)


Startpoint: rst (input port clocked by clk)
Endpoint: _105_ (rising edge-triggered flip-flop clocked by clk)
Path Group: clk
Path Type: max

Fanout         Cap        Slew       Delay        Time   Description
---------------------------------------------------------------------------------------------
                                  0.000000    0.000000   clock clk (rise edge)
                                  0.000000    0.000000   clock network delay (propagated)
                                  3.000000    3.000000 ^ input external delay
     1    0.002777    0.013837    0.007158    3.007158 ^ rst (in)
                                                         rst (net)
                      0.013837    0.000000    3.007158 ^ input2/A (sky130_fd_sc_hd__clkbuf_2)
     6    0.021408    0.093143    0.106098    3.113256 ^ input2/X (sky130_fd_sc_hd__clkbuf_2)
                                                         net2 (net)
                      0.093144    0.000329    3.113584 ^ _052_/A (sky130_fd_sc_hd__inv_2)
     5    0.013221    0.038439    0.037911    3.151495 v _052_/Y (sky130_fd_sc_hd__inv_2)
                                                         _020_ (net)
                      0.038439    0.000086    3.151581 v _055_/B (sky130_fd_sc_hd__and2_1)
     3    0.007500    0.038687    0.113231    3.264812 v _055_/X (sky130_fd_sc_hd__and2_1)
                                                         _022_ (net)
                      0.038688    0.000097    3.264909 v _070_/A2 (sky130_fd_sc_hd__a22o_1)
     1    0.002317    0.024363    0.114901    3.379810 v _070_/X (sky130_fd_sc_hd__a22o_1)
                                                         _007_ (net)
                      0.024363    0.000026    3.379836 v hold3/A (sky130_fd_sc_hd__dlygate4sd3_1)
     1    0.001981    0.035195    0.352461    3.732297 v hold3/X (sky130_fd_sc_hd__dlygate4sd3_1)
                                                         net16 (net)
                      0.035195    0.000017    3.732314 v _105_/D (sky130_fd_sc_hd__dfxtp_1)
                                              3.732314   data arrival time

                                 19.000000   19.000000   clock clk (rise edge)
                                  0.000000   19.000000   clock source latency
     1    0.010634    0.040660    0.026636   19.026636 ^ clk (in)
                                                         clk (net)
                      0.040661    0.000000   19.026636 ^ clkbuf_0_clk/A (sky130_fd_sc_hd__clkbuf_16)
     2    0.017680    0.029648    0.085722   19.112358 ^ clkbuf_0_clk/X (sky130_fd_sc_hd__clkbuf_16)
                                                         clknet_0_clk (net)
                      0.029648    0.000146   19.112505 ^ clkbuf_1_1__f_clk/A (sky130_fd_sc_hd__clkbuf_16)
    10    0.025645    0.034972    0.087990   19.200495 ^ clkbuf_1_1__f_clk/X (sky130_fd_sc_hd__clkbuf_16)
                                                         clknet_1_1__leaf_clk (net)
                      0.034973    0.000085   19.200579 ^ _105_/CLK (sky130_fd_sc_hd__dfxtp_1)
                                 -0.250000   18.950581   clock uncertainty
                                  0.000000   18.950581   clock reconvergence pessimism
                                 -0.070858   18.879721   library setup time
                                             18.879721   data required time
---------------------------------------------------------------------------------------------
                                             18.879721   data required time
                                             -3.732314   data arrival time
---------------------------------------------------------------------------------------------
                                             15.147408   slack (MET)


Startpoint: _113_ (rising edge-triggered flip-flop clocked by clk)
Endpoint: count_out[5] (output port clocked by clk)
Path Group: clk
Path Type: max

Fanout         Cap        Slew       Delay        Time   Description
---------------------------------------------------------------------------------------------
                                  0.000000    0.000000   clock clk (rise edge)
                                  0.000000    0.000000   clock source latency
     1    0.010634    0.040660    0.026636    0.026636 ^ clk (in)
                                                         clk (net)
                      0.040661    0.000000    0.026636 ^ clkbuf_0_clk/A (sky130_fd_sc_hd__clkbuf_16)
     2    0.017680    0.029648    0.085722    0.112358 ^ clkbuf_0_clk/X (sky130_fd_sc_hd__clkbuf_16)
                                                         clknet_0_clk (net)
                      0.029648    0.000162    0.112520 ^ clkbuf_1_0__f_clk/A (sky130_fd_sc_hd__clkbuf_16)
     7    0.018382    0.030074    0.083039    0.195558 ^ clkbuf_1_0__f_clk/X (sky130_fd_sc_hd__clkbuf_16)
                                                         clknet_1_0__leaf_clk (net)
                      0.030074    0.000139    0.195697 ^ _113_/CLK (sky130_fd_sc_hd__dfxtp_1)
     5    0.013223    0.098673    0.234310    0.430008 ^ _113_/Q (sky130_fd_sc_hd__dfxtp_1)
                                                         net9 (net)
                      0.098673    0.000097    0.430105 ^ output9/A (sky130_fd_sc_hd__buf_2)
     1    0.033828    0.126550    0.153622    0.583727 ^ output9/X (sky130_fd_sc_hd__buf_2)
                                                         count_out[5] (net)
                      0.126550    0.000180    0.583907 ^ count_out[5] (out)
                                              0.583907   data arrival time

                                 19.000000   19.000000   clock clk (rise edge)
                                  0.000000   19.000000   clock network delay (propagated)
                                 -0.250000   18.750002   clock uncertainty
                                  0.000000   18.750002   clock reconvergence pessimism
                                 -3.000000   15.750001   output external delay
                                             15.750001   data required time
---------------------------------------------------------------------------------------------
                                             15.750001   data required time
                                             -0.583907   data arrival time
---------------------------------------------------------------------------------------------
                                             15.166095   slack (MET)


Startpoint: _099_ (rising edge-triggered flip-flop clocked by clk)
Endpoint: temp_reset (output port clocked by clk)
Path Group: clk
Path Type: max

Fanout         Cap        Slew       Delay        Time   Description
---------------------------------------------------------------------------------------------
                                  0.000000    0.000000   clock clk (rise edge)
                                  0.000000    0.000000   clock source latency
     1    0.010634    0.040660    0.026636    0.026636 ^ clk (in)
                                                         clk (net)
                      0.040661    0.000000    0.026636 ^ clkbuf_0_clk/A (sky130_fd_sc_hd__clkbuf_16)
     2    0.017680    0.029648    0.085722    0.112358 ^ clkbuf_0_clk/X (sky130_fd_sc_hd__clkbuf_16)
                                                         clknet_0_clk (net)
                      0.029648    0.000146    0.112504 ^ clkbuf_1_1__f_clk/A (sky130_fd_sc_hd__clkbuf_16)
    10    0.025645    0.034972    0.087991    0.200494 ^ clkbuf_1_1__f_clk/X (sky130_fd_sc_hd__clkbuf_16)
                                                         clknet_1_1__leaf_clk (net)
                      0.034979    0.000363    0.200857 ^ _099_/CLK (sky130_fd_sc_hd__dfxtp_1)
     5    0.011797    0.088963    0.229010    0.429868 ^ _099_/Q (sky130_fd_sc_hd__dfxtp_1)
                                                         net13 (net)
                      0.088963    0.000055    0.429923 ^ output13/A (sky130_fd_sc_hd__buf_2)
     1    0.033849    0.126636    0.151414    0.581337 ^ output13/X (sky130_fd_sc_hd__buf_2)
                                                         temp_reset (net)
                      0.126636    0.000226    0.581563 ^ temp_reset (out)
                                              0.581563   data arrival time

                                 19.000000   19.000000   clock clk (rise edge)
                                  0.000000   19.000000   clock network delay (propagated)
                                 -0.250000   18.750002   clock uncertainty
                                  0.000000   18.750002   clock reconvergence pessimism
                                 -3.000000   15.750001   output external delay
                                             15.750001   data required time
---------------------------------------------------------------------------------------------
                                             15.750001   data required time
                                             -0.581563   data arrival time
---------------------------------------------------------------------------------------------
                                             15.168438   slack (MET)


Startpoint: _108_ (rising edge-triggered flip-flop clocked by clk)
Endpoint: count_out[0] (output port clocked by clk)
Path Group: clk
Path Type: max

Fanout         Cap        Slew       Delay        Time   Description
---------------------------------------------------------------------------------------------
                                  0.000000    0.000000   clock clk (rise edge)
                                  0.000000    0.000000   clock source latency
     1    0.010634    0.040660    0.026636    0.026636 ^ clk (in)
                                                         clk (net)
                      0.040661    0.000000    0.026636 ^ clkbuf_0_clk/A (sky130_fd_sc_hd__clkbuf_16)
     2    0.017680    0.029648    0.085722    0.112358 ^ clkbuf_0_clk/X (sky130_fd_sc_hd__clkbuf_16)
                                                         clknet_0_clk (net)
                      0.029648    0.000162    0.112520 ^ clkbuf_1_0__f_clk/A (sky130_fd_sc_hd__clkbuf_16)
     7    0.018382    0.030074    0.083039    0.195558 ^ clkbuf_1_0__f_clk/X (sky130_fd_sc_hd__clkbuf_16)
                                                         clknet_1_0__leaf_clk (net)
                      0.030074    0.000123    0.195681 ^ _108_/CLK (sky130_fd_sc_hd__dfxtp_1)
     5    0.012221    0.091844    0.229539    0.425221 ^ _108_/Q (sky130_fd_sc_hd__dfxtp_1)
                                                         net4 (net)
                      0.091844    0.000148    0.425369 ^ output4/A (sky130_fd_sc_hd__buf_2)
     1    0.034712    0.129738    0.153981    0.579350 ^ output4/X (sky130_fd_sc_hd__buf_2)
                                                         count_out[0] (net)
                      0.129742    0.000546    0.579897 ^ count_out[0] (out)
                                              0.579897   data arrival time

                                 19.000000   19.000000   clock clk (rise edge)
                                  0.000000   19.000000   clock network delay (propagated)
                                 -0.250000   18.750002   clock uncertainty
                                  0.000000   18.750002   clock reconvergence pessimism
                                 -3.000000   15.750001   output external delay
                                             15.750001   data required time
---------------------------------------------------------------------------------------------
                                             15.750001   data required time
                                             -0.579897   data arrival time
---------------------------------------------------------------------------------------------
                                             15.170104   slack (MET)


Startpoint: _109_ (rising edge-triggered flip-flop clocked by clk)
Endpoint: count_out[1] (output port clocked by clk)
Path Group: clk
Path Type: max

Fanout         Cap        Slew       Delay        Time   Description
---------------------------------------------------------------------------------------------
                                  0.000000    0.000000   clock clk (rise edge)
                                  0.000000    0.000000   clock source latency
     1    0.010634    0.040660    0.026636    0.026636 ^ clk (in)
                                                         clk (net)
                      0.040661    0.000000    0.026636 ^ clkbuf_0_clk/A (sky130_fd_sc_hd__clkbuf_16)
     2    0.017680    0.029648    0.085722    0.112358 ^ clkbuf_0_clk/X (sky130_fd_sc_hd__clkbuf_16)
                                                         clknet_0_clk (net)
                      0.029648    0.000162    0.112520 ^ clkbuf_1_0__f_clk/A (sky130_fd_sc_hd__clkbuf_16)
     7    0.018382    0.030074    0.083039    0.195558 ^ clkbuf_1_0__f_clk/X (sky130_fd_sc_hd__clkbuf_16)
                                                         clknet_1_0__leaf_clk (net)
                      0.030074    0.000161    0.195720 ^ _109_/CLK (sky130_fd_sc_hd__dfxtp_1)
     4    0.010496    0.080103    0.221325    0.417045 ^ _109_/Q (sky130_fd_sc_hd__dfxtp_1)
                                                         net5 (net)
                      0.080103    0.000065    0.417110 ^ output5/A (sky130_fd_sc_hd__buf_2)
     1    0.034149    0.127726    0.150015    0.567126 ^ output5/X (sky130_fd_sc_hd__buf_2)
                                                         count_out[1] (net)
                      0.127727    0.000378    0.567504 ^ count_out[1] (out)
                                              0.567504   data arrival time

                                 19.000000   19.000000   clock clk (rise edge)
                                  0.000000   19.000000   clock network delay (propagated)
                                 -0.250000   18.750002   clock uncertainty
                                  0.000000   18.750002   clock reconvergence pessimism
                                 -3.000000   15.750001   output external delay
                                             15.750001   data required time
---------------------------------------------------------------------------------------------
                                             15.750001   data required time
                                             -0.567504   data arrival time
---------------------------------------------------------------------------------------------
                                             15.182497   slack (MET)


Startpoint: _112_ (rising edge-triggered flip-flop clocked by clk)
Endpoint: count_out[4] (output port clocked by clk)
Path Group: clk
Path Type: max

Fanout         Cap        Slew       Delay        Time   Description
---------------------------------------------------------------------------------------------
                                  0.000000    0.000000   clock clk (rise edge)
                                  0.000000    0.000000   clock source latency
     1    0.010634    0.040660    0.026636    0.026636 ^ clk (in)
                                                         clk (net)
                      0.040661    0.000000    0.026636 ^ clkbuf_0_clk/A (sky130_fd_sc_hd__clkbuf_16)
     2    0.017680    0.029648    0.085722    0.112358 ^ clkbuf_0_clk/X (sky130_fd_sc_hd__clkbuf_16)
                                                         clknet_0_clk (net)
                      0.029648    0.000146    0.112504 ^ clkbuf_1_1__f_clk/A (sky130_fd_sc_hd__clkbuf_16)
    10    0.025645    0.034972    0.087991    0.200494 ^ clkbuf_1_1__f_clk/X (sky130_fd_sc_hd__clkbuf_16)
                                                         clknet_1_1__leaf_clk (net)
                      0.034975    0.000234    0.200728 ^ _112_/CLK (sky130_fd_sc_hd__dfxtp_1)
     4    0.009495    0.073475    0.217925    0.418654 ^ _112_/Q (sky130_fd_sc_hd__dfxtp_1)
                                                         net8 (net)
                      0.073475    0.000067    0.418721 ^ output8/A (sky130_fd_sc_hd__buf_2)
     1    0.033827    0.126554    0.147839    0.566560 ^ output8/X (sky130_fd_sc_hd__buf_2)
                                                         count_out[4] (net)
                      0.126555    0.000180    0.566740 ^ count_out[4] (out)
                                              0.566740   data arrival time

                                 19.000000   19.000000   clock clk (rise edge)
                                  0.000000   19.000000   clock network delay (propagated)
                                 -0.250000   18.750002   clock uncertainty
                                  0.000000   18.750002   clock reconvergence pessimism
                                 -3.000000   15.750001   output external delay
                                             15.750001   data required time
---------------------------------------------------------------------------------------------
                                             15.750001   data required time
                                             -0.566740   data arrival time
---------------------------------------------------------------------------------------------
                                             15.183261   slack (MET)


Startpoint: _114_ (rising edge-triggered flip-flop clocked by clk)
Endpoint: count_out[6] (output port clocked by clk)
Path Group: clk
Path Type: max

Fanout         Cap        Slew       Delay        Time   Description
---------------------------------------------------------------------------------------------
                                  0.000000    0.000000   clock clk (rise edge)
                                  0.000000    0.000000   clock source latency
     1    0.010634    0.040660    0.026636    0.026636 ^ clk (in)
                                                         clk (net)
                      0.040661    0.000000    0.026636 ^ clkbuf_0_clk/A (sky130_fd_sc_hd__clkbuf_16)
     2    0.017680    0.029648    0.085722    0.112358 ^ clkbuf_0_clk/X (sky130_fd_sc_hd__clkbuf_16)
                                                         clknet_0_clk (net)
                      0.029648    0.000162    0.112520 ^ clkbuf_1_0__f_clk/A (sky130_fd_sc_hd__clkbuf_16)
     7    0.018382    0.030074    0.083039    0.195558 ^ clkbuf_1_0__f_clk/X (sky130_fd_sc_hd__clkbuf_16)
                                                         clknet_1_0__leaf_clk (net)
                      0.030074    0.000133    0.195692 ^ _114_/CLK (sky130_fd_sc_hd__dfxtp_1)
     3    0.007205    0.058163    0.205445    0.401137 ^ _114_/Q (sky130_fd_sc_hd__dfxtp_1)
                                                         net10 (net)
                      0.058163    0.000052    0.401189 ^ output10/A (sky130_fd_sc_hd__buf_2)
     1    0.033971    0.127054    0.144676    0.545865 ^ output10/X (sky130_fd_sc_hd__buf_2)
                                                         count_out[6] (net)
                      0.127054    0.000188    0.546054 ^ count_out[6] (out)
                                              0.546054   data arrival time

                                 19.000000   19.000000   clock clk (rise edge)
                                  0.000000   19.000000   clock network delay (propagated)
                                 -0.250000   18.750002   clock uncertainty
                                  0.000000   18.750002   clock reconvergence pessimism
                                 -3.000000   15.750001   output external delay
                                             15.750001   data required time
---------------------------------------------------------------------------------------------
                                             15.750001   data required time
                                             -0.546054   data arrival time
---------------------------------------------------------------------------------------------
                                             15.203947   slack (MET)


Startpoint: _101_ (rising edge-triggered flip-flop clocked by clk)
Endpoint: ready (output port clocked by clk)
Path Group: clk
Path Type: max

Fanout         Cap        Slew       Delay        Time   Description
---------------------------------------------------------------------------------------------
                                  0.000000    0.000000   clock clk (rise edge)
                                  0.000000    0.000000   clock source latency
     1    0.010634    0.040660    0.026636    0.026636 ^ clk (in)
                                                         clk (net)
                      0.040661    0.000000    0.026636 ^ clkbuf_0_clk/A (sky130_fd_sc_hd__clkbuf_16)
     2    0.017680    0.029648    0.085722    0.112358 ^ clkbuf_0_clk/X (sky130_fd_sc_hd__clkbuf_16)
                                                         clknet_0_clk (net)
                      0.029648    0.000162    0.112520 ^ clkbuf_1_0__f_clk/A (sky130_fd_sc_hd__clkbuf_16)
     7    0.018382    0.030074    0.083039    0.195558 ^ clkbuf_1_0__f_clk/X (sky130_fd_sc_hd__clkbuf_16)
                                                         clknet_1_0__leaf_clk (net)
                      0.030074    0.000138    0.195697 ^ _101_/CLK (sky130_fd_sc_hd__dfxtp_1)
     2    0.004081    0.037494    0.190375    0.386072 ^ _101_/Q (sky130_fd_sc_hd__dfxtp_1)
                                                         net11 (net)
                      0.037494    0.000037    0.386109 ^ output11/A (sky130_fd_sc_hd__buf_2)
     1    0.033864    0.126723    0.138520    0.524629 ^ output11/X (sky130_fd_sc_hd__buf_2)
                                                         ready (net)
                      0.126724    0.000182    0.524811 ^ ready (out)
                                              0.524811   data arrival time

                                 19.000000   19.000000   clock clk (rise edge)
                                  0.000000   19.000000   clock network delay (propagated)
                                 -0.250000   18.750002   clock uncertainty
                                  0.000000   18.750002   clock reconvergence pessimism
                                 -3.000000   15.750001   output external delay
                                             15.750001   data required time
---------------------------------------------------------------------------------------------
                                             15.750001   data required time
                                             -0.524811   data arrival time
---------------------------------------------------------------------------------------------
                                             15.225190   slack (MET)


Startpoint: rst (input port clocked by clk)
Endpoint: _106_ (rising edge-triggered flip-flop clocked by clk)
Path Group: clk
Path Type: max

Fanout         Cap        Slew       Delay        Time   Description
---------------------------------------------------------------------------------------------
                                  0.000000    0.000000   clock clk (rise edge)
                                  0.000000    0.000000   clock network delay (propagated)
                                  3.000000    3.000000 ^ input external delay
     1    0.002777    0.013837    0.007158    3.007158 ^ rst (in)
                                                         rst (net)
                      0.013837    0.000000    3.007158 ^ input2/A (sky130_fd_sc_hd__clkbuf_2)
     6    0.021408    0.093143    0.106098    3.113256 ^ input2/X (sky130_fd_sc_hd__clkbuf_2)
                                                         net2 (net)
                      0.093144    0.000329    3.113584 ^ _052_/A (sky130_fd_sc_hd__inv_2)
     5    0.013221    0.038439    0.037911    3.151495 v _052_/Y (sky130_fd_sc_hd__inv_2)
                                                         _020_ (net)
                      0.038439    0.000101    3.151596 v _073_/B1 (sky130_fd_sc_hd__o211a_1)
     1    0.002694    0.027652    0.076889    3.228485 v _073_/X (sky130_fd_sc_hd__o211a_1)
                                                         _008_ (net)
                      0.027652    0.000027    3.228512 v hold12/A (sky130_fd_sc_hd__dlygate4sd3_1)
     1    0.001939    0.035053    0.353462    3.581974 v hold12/X (sky130_fd_sc_hd__dlygate4sd3_1)
                                                         net25 (net)
                      0.035053    0.000008    3.581982 v _106_/D (sky130_fd_sc_hd__dfxtp_1)
                                              3.581982   data arrival time

                                 19.000000   19.000000   clock clk (rise edge)
                                  0.000000   19.000000   clock source latency
     1    0.010634    0.040660    0.026636   19.026636 ^ clk (in)
                                                         clk (net)
                      0.040661    0.000000   19.026636 ^ clkbuf_0_clk/A (sky130_fd_sc_hd__clkbuf_16)
     2    0.017680    0.029648    0.085722   19.112358 ^ clkbuf_0_clk/X (sky130_fd_sc_hd__clkbuf_16)
                                                         clknet_0_clk (net)
                      0.029648    0.000146   19.112505 ^ clkbuf_1_1__f_clk/A (sky130_fd_sc_hd__clkbuf_16)
    10    0.025645    0.034972    0.087990   19.200495 ^ clkbuf_1_1__f_clk/X (sky130_fd_sc_hd__clkbuf_16)
                                                         clknet_1_1__leaf_clk (net)
                      0.034976    0.000268   19.200762 ^ _106_/CLK (sky130_fd_sc_hd__dfxtp_1)
                                 -0.250000   18.950764   clock uncertainty
                                  0.000000   18.950764   clock reconvergence pessimism
                                 -0.070807   18.879955   library setup time
                                             18.879955   data required time
---------------------------------------------------------------------------------------------
                                             18.879955   data required time
                                             -3.581982   data arrival time
---------------------------------------------------------------------------------------------
                                             15.297973   slack (MET)


Startpoint: rst (input port clocked by clk)
Endpoint: _098_ (rising edge-triggered flip-flop clocked by clk)
Path Group: clk
Path Type: max

Fanout         Cap        Slew       Delay        Time   Description
---------------------------------------------------------------------------------------------
                                  0.000000    0.000000   clock clk (rise edge)
                                  0.000000    0.000000   clock network delay (propagated)
                                  3.000000    3.000000 v input external delay
     1    0.002548    0.004363    0.002036    3.002036 v rst (in)
                                                         rst (net)
                      0.004363    0.000000    3.002036 v input2/A (sky130_fd_sc_hd__clkbuf_2)
     6    0.019590    0.055671    0.089383    3.091418 v input2/X (sky130_fd_sc_hd__clkbuf_2)
                                                         net2 (net)
                      0.055671    0.000071    3.091489 v _067_/B1 (sky130_fd_sc_hd__a311o_1)
     1    0.002159    0.036447    0.122529    3.214018 v _067_/X (sky130_fd_sc_hd__a311o_1)
                                                         _004_ (net)
                      0.036447    0.000023    3.214041 v hold10/A (sky130_fd_sc_hd__dlygate4sd3_1)
     1    0.002116    0.035760    0.357873    3.571914 v hold10/X (sky130_fd_sc_hd__dlygate4sd3_1)
                                                         net23 (net)
                      0.035760    0.000020    3.571934 v _098_/D (sky130_fd_sc_hd__dfxtp_1)
                                              3.571934   data arrival time

                                 19.000000   19.000000   clock clk (rise edge)
                                  0.000000   19.000000   clock source latency
     1    0.010634    0.040660    0.026636   19.026636 ^ clk (in)
                                                         clk (net)
                      0.040661    0.000000   19.026636 ^ clkbuf_0_clk/A (sky130_fd_sc_hd__clkbuf_16)
     2    0.017680    0.029648    0.085722   19.112358 ^ clkbuf_0_clk/X (sky130_fd_sc_hd__clkbuf_16)
                                                         clknet_0_clk (net)
                      0.029648    0.000146   19.112505 ^ clkbuf_1_1__f_clk/A (sky130_fd_sc_hd__clkbuf_16)
    10    0.025645    0.034972    0.087990   19.200495 ^ clkbuf_1_1__f_clk/X (sky130_fd_sc_hd__clkbuf_16)
                                                         clknet_1_1__leaf_clk (net)
                      0.034980    0.000400   19.200893 ^ _098_/CLK (sky130_fd_sc_hd__dfxtp_1)
                                 -0.250000   18.950895   clock uncertainty
                                  0.000000   18.950895   clock reconvergence pessimism
                                 -0.071059   18.879835   library setup time
                                             18.879835   data required time
---------------------------------------------------------------------------------------------
                                             18.879835   data required time
                                             -3.571934   data arrival time
---------------------------------------------------------------------------------------------
                                             15.307901   slack (MET)


Startpoint: rst (input port clocked by clk)
Endpoint: _113_ (rising edge-triggered flip-flop clocked by clk)
Path Group: clk
Path Type: max

Fanout         Cap        Slew       Delay        Time   Description
---------------------------------------------------------------------------------------------
                                  0.000000    0.000000   clock clk (rise edge)
                                  0.000000    0.000000   clock network delay (propagated)
                                  3.000000    3.000000 v input external delay
     1    0.002548    0.004363    0.002036    3.002036 v rst (in)
                                                         rst (net)
                      0.004363    0.000000    3.002036 v input2/A (sky130_fd_sc_hd__clkbuf_2)
     6    0.019590    0.055671    0.089383    3.091418 v input2/X (sky130_fd_sc_hd__clkbuf_2)
                                                         net2 (net)
                      0.055674    0.000324    3.091742 v _076_/A (sky130_fd_sc_hd__nor2_1)
     5    0.011443    0.154863    0.148081    3.239823 ^ _076_/Y (sky130_fd_sc_hd__nor2_1)
                                                         _034_ (net)
                      0.154863    0.000082    3.239905 ^ _082_/B1 (sky130_fd_sc_hd__o41a_1)
     3    0.007462    0.070225    0.092100    3.332005 ^ _082_/X (sky130_fd_sc_hd__o41a_1)
                                                         _038_ (net)
                      0.070225    0.000085    3.332090 ^ _095_/A (sky130_fd_sc_hd__and3_1)
     1    0.001946    0.029182    0.084076    3.416167 ^ _095_/X (sky130_fd_sc_hd__and3_1)
                                                         _015_ (net)
                      0.029182    0.000017    3.416183 ^ _113_/D (sky130_fd_sc_hd__dfxtp_1)
                                              3.416183   data arrival time

                                 19.000000   19.000000   clock clk (rise edge)
                                  0.000000   19.000000   clock source latency
     1    0.010634    0.040660    0.026636   19.026636 ^ clk (in)
                                                         clk (net)
                      0.040661    0.000000   19.026636 ^ clkbuf_0_clk/A (sky130_fd_sc_hd__clkbuf_16)
     2    0.017680    0.029648    0.085722   19.112358 ^ clkbuf_0_clk/X (sky130_fd_sc_hd__clkbuf_16)
                                                         clknet_0_clk (net)
                      0.029648    0.000162   19.112520 ^ clkbuf_1_0__f_clk/A (sky130_fd_sc_hd__clkbuf_16)
     7    0.018382    0.030074    0.083039   19.195559 ^ clkbuf_1_0__f_clk/X (sky130_fd_sc_hd__clkbuf_16)
                                                         clknet_1_0__leaf_clk (net)
                      0.030074    0.000139   19.195698 ^ _113_/CLK (sky130_fd_sc_hd__dfxtp_1)
                                 -0.250000   18.945700   clock uncertainty
                                  0.000000   18.945700   clock reconvergence pessimism
                                 -0.028790   18.916910   library setup time
                                             18.916910   data required time
---------------------------------------------------------------------------------------------
                                             18.916910   data required time
                                             -3.416183   data arrival time
---------------------------------------------------------------------------------------------
                                             15.500727   slack (MET)


Startpoint: rst (input port clocked by clk)
Endpoint: _104_ (rising edge-triggered flip-flop clocked by clk)
Path Group: clk
Path Type: max

Fanout         Cap        Slew       Delay        Time   Description
---------------------------------------------------------------------------------------------
                                  0.000000    0.000000   clock clk (rise edge)
                                  0.000000    0.000000   clock network delay (propagated)
                                  3.000000    3.000000 ^ input external delay
     1    0.002777    0.013837    0.007158    3.007158 ^ rst (in)
                                                         rst (net)
                      0.013837    0.000000    3.007158 ^ input2/A (sky130_fd_sc_hd__clkbuf_2)
     6    0.021408    0.093143    0.106098    3.113256 ^ input2/X (sky130_fd_sc_hd__clkbuf_2)
                                                         net2 (net)
                      0.093144    0.000329    3.113584 ^ _052_/A (sky130_fd_sc_hd__inv_2)
     5    0.013221    0.038439    0.037911    3.151495 v _052_/Y (sky130_fd_sc_hd__inv_2)
                                                         _020_ (net)
                      0.038439    0.000086    3.151581 v _055_/B (sky130_fd_sc_hd__and2_1)
     3    0.007500    0.038687    0.113231    3.264812 v _055_/X (sky130_fd_sc_hd__and2_1)
                                                         _022_ (net)
                      0.038688    0.000120    3.264931 v _069_/A2 (sky130_fd_sc_hd__a22o_1)
     1    0.002489    0.024937    0.115707    3.380639 v _069_/X (sky130_fd_sc_hd__a22o_1)
                                                         _006_ (net)
                      0.024937    0.000029    3.380668 v _104_/D (sky130_fd_sc_hd__dfxtp_1)
                                              3.380668   data arrival time

                                 19.000000   19.000000   clock clk (rise edge)
                                  0.000000   19.000000   clock source latency
     1    0.010634    0.040660    0.026636   19.026636 ^ clk (in)
                                                         clk (net)
                      0.040661    0.000000   19.026636 ^ clkbuf_0_clk/A (sky130_fd_sc_hd__clkbuf_16)
     2    0.017680    0.029648    0.085722   19.112358 ^ clkbuf_0_clk/X (sky130_fd_sc_hd__clkbuf_16)
                                                         clknet_0_clk (net)
                      0.029648    0.000146   19.112505 ^ clkbuf_1_1__f_clk/A (sky130_fd_sc_hd__clkbuf_16)
    10    0.025645    0.034972    0.087990   19.200495 ^ clkbuf_1_1__f_clk/X (sky130_fd_sc_hd__clkbuf_16)
                                                         clknet_1_1__leaf_clk (net)
                      0.034973    0.000080   19.200575 ^ _104_/CLK (sky130_fd_sc_hd__dfxtp_1)
                                 -0.250000   18.950575   clock uncertainty
                                  0.000000   18.950575   clock reconvergence pessimism
                                 -0.067195   18.883381   library setup time
                                             18.883381   data required time
---------------------------------------------------------------------------------------------
                                             18.883381   data required time
                                             -3.380668   data arrival time
---------------------------------------------------------------------------------------------
                                             15.502712   slack (MET)


Startpoint: rst (input port clocked by clk)
Endpoint: _110_ (rising edge-triggered flip-flop clocked by clk)
Path Group: clk
Path Type: max

Fanout         Cap        Slew       Delay        Time   Description
---------------------------------------------------------------------------------------------
                                  0.000000    0.000000   clock clk (rise edge)
                                  0.000000    0.000000   clock network delay (propagated)
                                  3.000000    3.000000 v input external delay
     1    0.002548    0.004363    0.002036    3.002036 v rst (in)
                                                         rst (net)
                      0.004363    0.000000    3.002036 v input2/A (sky130_fd_sc_hd__clkbuf_2)
     6    0.019590    0.055671    0.089383    3.091418 v input2/X (sky130_fd_sc_hd__clkbuf_2)
                                                         net2 (net)
                      0.055674    0.000324    3.091742 v _076_/A (sky130_fd_sc_hd__nor2_1)
     5    0.011443    0.154863    0.148081    3.239823 ^ _076_/Y (sky130_fd_sc_hd__nor2_1)
                                                         _034_ (net)
                      0.154863    0.000082    3.239905 ^ _082_/B1 (sky130_fd_sc_hd__o41a_1)
     3    0.007462    0.070225    0.092100    3.332005 ^ _082_/X (sky130_fd_sc_hd__o41a_1)
                                                         _038_ (net)
                      0.070225    0.000080    3.332085 ^ _085_/A (sky130_fd_sc_hd__and3_1)
     1    0.001906    0.028935    0.083830    3.415915 ^ _085_/X (sky130_fd_sc_hd__and3_1)
                                                         _012_ (net)
                      0.028935    0.000016    3.415931 ^ _110_/D (sky130_fd_sc_hd__dfxtp_1)
                                              3.415931   data arrival time

                                 19.000000   19.000000   clock clk (rise edge)
                                  0.000000   19.000000   clock source latency
     1    0.010634    0.040660    0.026636   19.026636 ^ clk (in)
                                                         clk (net)
                      0.040661    0.000000   19.026636 ^ clkbuf_0_clk/A (sky130_fd_sc_hd__clkbuf_16)
     2    0.017680    0.029648    0.085722   19.112358 ^ clkbuf_0_clk/X (sky130_fd_sc_hd__clkbuf_16)
                                                         clknet_0_clk (net)
                      0.029648    0.000146   19.112505 ^ clkbuf_1_1__f_clk/A (sky130_fd_sc_hd__clkbuf_16)
    10    0.025645    0.034972    0.087990   19.200495 ^ clkbuf_1_1__f_clk/X (sky130_fd_sc_hd__clkbuf_16)
                                                         clknet_1_1__leaf_clk (net)
                      0.034975    0.000249   19.200743 ^ _110_/CLK (sky130_fd_sc_hd__dfxtp_1)
                                 -0.250000   18.950745   clock uncertainty
                                  0.000000   18.950745   clock reconvergence pessimism
                                 -0.028624   18.922119   library setup time
                                             18.922119   data required time
---------------------------------------------------------------------------------------------
                                             18.922119   data required time
                                             -3.415931   data arrival time
---------------------------------------------------------------------------------------------
                                             15.506188   slack (MET)


Startpoint: rst (input port clocked by clk)
Endpoint: _100_ (rising edge-triggered flip-flop clocked by clk)
Path Group: clk
Path Type: max

Fanout         Cap        Slew       Delay        Time   Description
---------------------------------------------------------------------------------------------
                                  0.000000    0.000000   clock clk (rise edge)
                                  0.000000    0.000000   clock network delay (propagated)
                                  3.000000    3.000000 ^ input external delay
     1    0.002777    0.013837    0.007158    3.007158 ^ rst (in)
                                                         rst (net)
                      0.013837    0.000000    3.007158 ^ input2/A (sky130_fd_sc_hd__clkbuf_2)
     6    0.021408    0.093143    0.106098    3.113256 ^ input2/X (sky130_fd_sc_hd__clkbuf_2)
                                                         net2 (net)
                      0.093144    0.000329    3.113584 ^ _052_/A (sky130_fd_sc_hd__inv_2)
     5    0.013221    0.038439    0.037911    3.151495 v _052_/Y (sky130_fd_sc_hd__inv_2)
                                                         _020_ (net)
                      0.038439    0.000086    3.151581 v _055_/B (sky130_fd_sc_hd__and2_1)
     3    0.007500    0.038687    0.113231    3.264812 v _055_/X (sky130_fd_sc_hd__and2_1)
                                                         _022_ (net)
                      0.038687    0.000079    3.264891 v _056_/C (sky130_fd_sc_hd__and3b_1)
     1    0.002478    0.026430    0.110480    3.375370 v _056_/X (sky130_fd_sc_hd__and3b_1)
                                                         _001_ (net)
                      0.026430    0.000030    3.375400 v _100_/D (sky130_fd_sc_hd__dfxtp_1)
                                              3.375400   data arrival time

                                 19.000000   19.000000   clock clk (rise edge)
                                  0.000000   19.000000   clock source latency
     1    0.010634    0.040660    0.026636   19.026636 ^ clk (in)
                                                         clk (net)
                      0.040661    0.000000   19.026636 ^ clkbuf_0_clk/A (sky130_fd_sc_hd__clkbuf_16)
     2    0.017680    0.029648    0.085722   19.112358 ^ clkbuf_0_clk/X (sky130_fd_sc_hd__clkbuf_16)
                                                         clknet_0_clk (net)
                      0.029648    0.000146   19.112505 ^ clkbuf_1_1__f_clk/A (sky130_fd_sc_hd__clkbuf_16)
    10    0.025645    0.034972    0.087990   19.200495 ^ clkbuf_1_1__f_clk/X (sky130_fd_sc_hd__clkbuf_16)
                                                         clknet_1_1__leaf_clk (net)
                      0.034974    0.000163   19.200657 ^ _100_/CLK (sky130_fd_sc_hd__dfxtp_1)
                                 -0.250000   18.950659   clock uncertainty
                                  0.000000   18.950659   clock reconvergence pessimism
                                 -0.067728   18.882929   library setup time
                                             18.882929   data required time
---------------------------------------------------------------------------------------------
                                             18.882929   data required time
                                             -3.375400   data arrival time
---------------------------------------------------------------------------------------------
                                             15.507530   slack (MET)


Startpoint: rst (input port clocked by clk)
Endpoint: _114_ (rising edge-triggered flip-flop clocked by clk)
Path Group: clk
Path Type: max

Fanout         Cap        Slew       Delay        Time   Description
---------------------------------------------------------------------------------------------
                                  0.000000    0.000000   clock clk (rise edge)
                                  0.000000    0.000000   clock network delay (propagated)
                                  3.000000    3.000000 v input external delay
     1    0.002548    0.004363    0.002036    3.002036 v rst (in)
                                                         rst (net)
                      0.004363    0.000000    3.002036 v input2/A (sky130_fd_sc_hd__clkbuf_2)
     6    0.019590    0.055671    0.089383    3.091418 v input2/X (sky130_fd_sc_hd__clkbuf_2)
                                                         net2 (net)
                      0.055674    0.000324    3.091742 v _076_/A (sky130_fd_sc_hd__nor2_1)
     5    0.011443    0.154863    0.148081    3.239823 ^ _076_/Y (sky130_fd_sc_hd__nor2_1)
                                                         _034_ (net)
                      0.154863    0.000082    3.239905 ^ _082_/B1 (sky130_fd_sc_hd__o41a_1)
     3    0.007462    0.070225    0.092100    3.332005 ^ _082_/X (sky130_fd_sc_hd__o41a_1)
                                                         _038_ (net)
                      0.070225    0.000047    3.332052 ^ _097_/C1 (sky130_fd_sc_hd__o211a_1)
     1    0.001951    0.025005    0.065437    3.397489 ^ _097_/X (sky130_fd_sc_hd__o211a_1)
                                                         _016_ (net)
                      0.025005    0.000009    3.397499 ^ _114_/D (sky130_fd_sc_hd__dfxtp_1)
                                              3.397499   data arrival time

                                 19.000000   19.000000   clock clk (rise edge)
                                  0.000000   19.000000   clock source latency
     1    0.010634    0.040660    0.026636   19.026636 ^ clk (in)
                                                         clk (net)
                      0.040661    0.000000   19.026636 ^ clkbuf_0_clk/A (sky130_fd_sc_hd__clkbuf_16)
     2    0.017680    0.029648    0.085722   19.112358 ^ clkbuf_0_clk/X (sky130_fd_sc_hd__clkbuf_16)
                                                         clknet_0_clk (net)
                      0.029648    0.000162   19.112520 ^ clkbuf_1_0__f_clk/A (sky130_fd_sc_hd__clkbuf_16)
     7    0.018382    0.030074    0.083039   19.195559 ^ clkbuf_1_0__f_clk/X (sky130_fd_sc_hd__clkbuf_16)
                                                         clknet_1_0__leaf_clk (net)
                      0.030074    0.000133   19.195692 ^ _114_/CLK (sky130_fd_sc_hd__dfxtp_1)
                                 -0.250000   18.945694   clock uncertainty
                                  0.000000   18.945694   clock reconvergence pessimism
                                 -0.028413   18.917280   library setup time
                                             18.917280   data required time
---------------------------------------------------------------------------------------------
                                             18.917280   data required time
                                             -3.397499   data arrival time
---------------------------------------------------------------------------------------------
                                             15.519781   slack (MET)


Startpoint: rst (input port clocked by clk)
Endpoint: _109_ (rising edge-triggered flip-flop clocked by clk)
Path Group: clk
Path Type: max

Fanout         Cap        Slew       Delay        Time   Description
---------------------------------------------------------------------------------------------
                                  0.000000    0.000000   clock clk (rise edge)
                                  0.000000    0.000000   clock network delay (propagated)
                                  3.000000    3.000000 v input external delay
     1    0.002548    0.004363    0.002036    3.002036 v rst (in)
                                                         rst (net)
                      0.004363    0.000000    3.002036 v input2/A (sky130_fd_sc_hd__clkbuf_2)
     6    0.019590    0.055671    0.089383    3.091418 v input2/X (sky130_fd_sc_hd__clkbuf_2)
                                                         net2 (net)
                      0.055674    0.000324    3.091742 v _076_/A (sky130_fd_sc_hd__nor2_1)
     5    0.011443    0.154863    0.148081    3.239823 ^ _076_/Y (sky130_fd_sc_hd__nor2_1)
                                                         _034_ (net)
                      0.154863    0.000130    3.239953 ^ _081_/B (sky130_fd_sc_hd__and3b_1)
     1    0.002275    0.032928    0.103682    3.343636 ^ _081_/X (sky130_fd_sc_hd__and3b_1)
                                                         _011_ (net)
                      0.032928    0.000025    3.343661 ^ _109_/D (sky130_fd_sc_hd__dfxtp_1)
                                              3.343661   data arrival time

                                 19.000000   19.000000   clock clk (rise edge)
                                  0.000000   19.000000   clock source latency
     1    0.010634    0.040660    0.026636   19.026636 ^ clk (in)
                                                         clk (net)
                      0.040661    0.000000   19.026636 ^ clkbuf_0_clk/A (sky130_fd_sc_hd__clkbuf_16)
     2    0.017680    0.029648    0.085722   19.112358 ^ clkbuf_0_clk/X (sky130_fd_sc_hd__clkbuf_16)
                                                         clknet_0_clk (net)
                      0.029648    0.000162   19.112520 ^ clkbuf_1_0__f_clk/A (sky130_fd_sc_hd__clkbuf_16)
     7    0.018382    0.030074    0.083039   19.195559 ^ clkbuf_1_0__f_clk/X (sky130_fd_sc_hd__clkbuf_16)
                                                         clknet_1_0__leaf_clk (net)
                      0.030074    0.000162   19.195721 ^ _109_/CLK (sky130_fd_sc_hd__dfxtp_1)
                                 -0.250000   18.945723   clock uncertainty
                                  0.000000   18.945723   clock reconvergence pessimism
                                 -0.029128   18.916594   library setup time
                                             18.916594   data required time
---------------------------------------------------------------------------------------------
                                             18.916594   data required time
                                             -3.343661   data arrival time
---------------------------------------------------------------------------------------------
                                             15.572932   slack (MET)


Startpoint: rst (input port clocked by clk)
Endpoint: _112_ (rising edge-triggered flip-flop clocked by clk)
Path Group: clk
Path Type: max

Fanout         Cap        Slew       Delay        Time   Description
---------------------------------------------------------------------------------------------
                                  0.000000    0.000000   clock clk (rise edge)
                                  0.000000    0.000000   clock network delay (propagated)
                                  3.000000    3.000000 v input external delay
     1    0.002548    0.004363    0.002036    3.002036 v rst (in)
                                                         rst (net)
                      0.004363    0.000000    3.002036 v input2/A (sky130_fd_sc_hd__clkbuf_2)
     6    0.019590    0.055671    0.089383    3.091418 v input2/X (sky130_fd_sc_hd__clkbuf_2)
                                                         net2 (net)
                      0.055674    0.000324    3.091742 v _076_/A (sky130_fd_sc_hd__nor2_1)
     5    0.011443    0.154863    0.148081    3.239823 ^ _076_/Y (sky130_fd_sc_hd__nor2_1)
                                                         _034_ (net)
                      0.154863    0.000071    3.239894 ^ _092_/A (sky130_fd_sc_hd__and3_1)
     1    0.002695    0.035561    0.102871    3.342765 ^ _092_/X (sky130_fd_sc_hd__and3_1)
                                                         _014_ (net)
                      0.035561    0.000036    3.342801 ^ _112_/D (sky130_fd_sc_hd__dfxtp_1)
                                              3.342801   data arrival time

                                 19.000000   19.000000   clock clk (rise edge)
                                  0.000000   19.000000   clock source latency
     1    0.010634    0.040660    0.026636   19.026636 ^ clk (in)
                                                         clk (net)
                      0.040661    0.000000   19.026636 ^ clkbuf_0_clk/A (sky130_fd_sc_hd__clkbuf_16)
     2    0.017680    0.029648    0.085722   19.112358 ^ clkbuf_0_clk/X (sky130_fd_sc_hd__clkbuf_16)
                                                         clknet_0_clk (net)
                      0.029648    0.000146   19.112505 ^ clkbuf_1_1__f_clk/A (sky130_fd_sc_hd__clkbuf_16)
    10    0.025645    0.034972    0.087990   19.200495 ^ clkbuf_1_1__f_clk/X (sky130_fd_sc_hd__clkbuf_16)
                                                         clknet_1_1__leaf_clk (net)
                      0.034975    0.000234   19.200729 ^ _112_/CLK (sky130_fd_sc_hd__dfxtp_1)
                                 -0.250000   18.950729   clock uncertainty
                                  0.000000   18.950729   clock reconvergence pessimism
                                 -0.029221   18.921509   library setup time
                                             18.921509   data required time
---------------------------------------------------------------------------------------------
                                             18.921509   data required time
                                             -3.342801   data arrival time
---------------------------------------------------------------------------------------------
                                             15.578707   slack (MET)


Startpoint: rst (input port clocked by clk)
Endpoint: _111_ (rising edge-triggered flip-flop clocked by clk)
Path Group: clk
Path Type: max

Fanout         Cap        Slew       Delay        Time   Description
---------------------------------------------------------------------------------------------
                                  0.000000    0.000000   clock clk (rise edge)
                                  0.000000    0.000000   clock network delay (propagated)
                                  3.000000    3.000000 v input external delay
     1    0.002548    0.004363    0.002036    3.002036 v rst (in)
                                                         rst (net)
                      0.004363    0.000000    3.002036 v input2/A (sky130_fd_sc_hd__clkbuf_2)
     6    0.019590    0.055671    0.089383    3.091418 v input2/X (sky130_fd_sc_hd__clkbuf_2)
                                                         net2 (net)
                      0.055674    0.000324    3.091742 v _076_/A (sky130_fd_sc_hd__nor2_1)
     5    0.011443    0.154863    0.148081    3.239823 ^ _076_/Y (sky130_fd_sc_hd__nor2_1)
                                                         _034_ (net)
                      0.154863    0.000096    3.239919 ^ _088_/A (sky130_fd_sc_hd__and3_1)
     1    0.002657    0.035336    0.102637    3.342555 ^ _088_/X (sky130_fd_sc_hd__and3_1)
                                                         _013_ (net)
                      0.035336    0.000037    3.342592 ^ _111_/D (sky130_fd_sc_hd__dfxtp_1)
                                              3.342592   data arrival time

                                 19.000000   19.000000   clock clk (rise edge)
                                  0.000000   19.000000   clock source latency
     1    0.010634    0.040660    0.026636   19.026636 ^ clk (in)
                                                         clk (net)
                      0.040661    0.000000   19.026636 ^ clkbuf_0_clk/A (sky130_fd_sc_hd__clkbuf_16)
     2    0.017680    0.029648    0.085722   19.112358 ^ clkbuf_0_clk/X (sky130_fd_sc_hd__clkbuf_16)
                                                         clknet_0_clk (net)
                      0.029648    0.000146   19.112505 ^ clkbuf_1_1__f_clk/A (sky130_fd_sc_hd__clkbuf_16)
    10    0.025645    0.034972    0.087990   19.200495 ^ clkbuf_1_1__f_clk/X (sky130_fd_sc_hd__clkbuf_16)
                                                         clknet_1_1__leaf_clk (net)
                      0.034975    0.000224   19.200718 ^ _111_/CLK (sky130_fd_sc_hd__dfxtp_1)
                                 -0.250000   18.950718   clock uncertainty
                                  0.000000   18.950718   clock reconvergence pessimism
                                 -0.029201   18.921518   library setup time
                                             18.921518   data required time
---------------------------------------------------------------------------------------------
                                             18.921518   data required time
                                             -3.342592   data arrival time
---------------------------------------------------------------------------------------------
                                             15.578927   slack (MET)


Startpoint: rst (input port clocked by clk)
Endpoint: _108_ (rising edge-triggered flip-flop clocked by clk)
Path Group: clk
Path Type: max

Fanout         Cap        Slew       Delay        Time   Description
---------------------------------------------------------------------------------------------
                                  0.000000    0.000000   clock clk (rise edge)
                                  0.000000    0.000000   clock network delay (propagated)
                                  3.000000    3.000000 v input external delay
     1    0.002548    0.004363    0.002036    3.002036 v rst (in)
                                                         rst (net)
                      0.004363    0.000000    3.002036 v input2/A (sky130_fd_sc_hd__clkbuf_2)
     6    0.019590    0.055671    0.089383    3.091418 v input2/X (sky130_fd_sc_hd__clkbuf_2)
                                                         net2 (net)
                      0.055674    0.000324    3.091742 v _076_/A (sky130_fd_sc_hd__nor2_1)
     5    0.011443    0.154863    0.148081    3.239823 ^ _076_/Y (sky130_fd_sc_hd__nor2_1)
                                                         _034_ (net)
                      0.154863    0.000150    3.239973 ^ _077_/B1 (sky130_fd_sc_hd__o21ai_1)
     1    0.002514    0.039240    0.026808    3.266780 v _077_/Y (sky130_fd_sc_hd__o21ai_1)
                                                         _035_ (net)
                      0.039240    0.000014    3.266794 v _078_/B1 (sky130_fd_sc_hd__a21oi_1)
     1    0.002250    0.069242    0.048566    3.315360 ^ _078_/Y (sky130_fd_sc_hd__a21oi_1)
                                                         _010_ (net)
                      0.069242    0.000024    3.315384 ^ _108_/D (sky130_fd_sc_hd__dfxtp_1)
                                              3.315384   data arrival time

                                 19.000000   19.000000   clock clk (rise edge)
                                  0.000000   19.000000   clock source latency
     1    0.010634    0.040660    0.026636   19.026636 ^ clk (in)
                                                         clk (net)
                      0.040661    0.000000   19.026636 ^ clkbuf_0_clk/A (sky130_fd_sc_hd__clkbuf_16)
     2    0.017680    0.029648    0.085722   19.112358 ^ clkbuf_0_clk/X (sky130_fd_sc_hd__clkbuf_16)
                                                         clknet_0_clk (net)
                      0.029648    0.000162   19.112520 ^ clkbuf_1_0__f_clk/A (sky130_fd_sc_hd__clkbuf_16)
     7    0.018382    0.030074    0.083039   19.195559 ^ clkbuf_1_0__f_clk/X (sky130_fd_sc_hd__clkbuf_16)
                                                         clknet_1_0__leaf_clk (net)
                      0.030074    0.000123   19.195683 ^ _108_/CLK (sky130_fd_sc_hd__dfxtp_1)
                                 -0.250000   18.945683   clock uncertainty
                                  0.000000   18.945683   clock reconvergence pessimism
                                 -0.032404   18.913279   library setup time
                                             18.913279   data required time
---------------------------------------------------------------------------------------------
                                             18.913279   data required time
                                             -3.315384   data arrival time
---------------------------------------------------------------------------------------------
                                             15.597895   slack (MET)


Startpoint: start (input port clocked by clk)
Endpoint: _101_ (rising edge-triggered flip-flop clocked by clk)
Path Group: clk
Path Type: max

Fanout         Cap        Slew       Delay        Time   Description
---------------------------------------------------------------------------------------------
                                  0.000000    0.000000   clock clk (rise edge)
                                  0.000000    0.000000   clock network delay (propagated)
                                  3.000000    3.000000 ^ input external delay
     1    0.002643    0.013363    0.006808    3.006808 ^ start (in)
                                                         start (net)
                      0.013363    0.000000    3.006808 ^ input3/A (sky130_fd_sc_hd__buf_1)
     2    0.007007    0.067254    0.072336    3.079144 ^ input3/X (sky130_fd_sc_hd__buf_1)
                                                         net3 (net)
                      0.067254    0.000056    3.079200 ^ _053_/A (sky130_fd_sc_hd__inv_2)
     1    0.002775    0.016662    0.014728    3.093929 v _053_/Y (sky130_fd_sc_hd__inv_2)
                                                         _021_ (net)
                      0.016662    0.000020    3.093949 v _061_/A1 (sky130_fd_sc_hd__a221o_1)
     1    0.002344    0.031030    0.151483    3.245432 v _061_/X (sky130_fd_sc_hd__a221o_1)
                                                         _002_ (net)
                      0.031030    0.000026    3.245458 v _101_/D (sky130_fd_sc_hd__dfxtp_1)
                                              3.245458   data arrival time

                                 19.000000   19.000000   clock clk (rise edge)
                                  0.000000   19.000000   clock source latency
     1    0.010634    0.040660    0.026636   19.026636 ^ clk (in)
                                                         clk (net)
                      0.040661    0.000000   19.026636 ^ clkbuf_0_clk/A (sky130_fd_sc_hd__clkbuf_16)
     2    0.017680    0.029648    0.085722   19.112358 ^ clkbuf_0_clk/X (sky130_fd_sc_hd__clkbuf_16)
                                                         clknet_0_clk (net)
                      0.029648    0.000162   19.112520 ^ clkbuf_1_0__f_clk/A (sky130_fd_sc_hd__clkbuf_16)
     7    0.018382    0.030074    0.083039   19.195559 ^ clkbuf_1_0__f_clk/X (sky130_fd_sc_hd__clkbuf_16)
                                                         clknet_1_0__leaf_clk (net)
                      0.030074    0.000137   19.195696 ^ _101_/CLK (sky130_fd_sc_hd__dfxtp_1)
                                 -0.250000   18.945698   clock uncertainty
                                  0.000000   18.945698   clock reconvergence pessimism
                                 -0.069842   18.875854   library setup time
                                             18.875854   data required time
---------------------------------------------------------------------------------------------
                                             18.875854   data required time
                                             -3.245458   data arrival time
---------------------------------------------------------------------------------------------
                                             15.630395   slack (MET)


Startpoint: rst (input port clocked by clk)
Endpoint: _103_ (rising edge-triggered flip-flop clocked by clk)
Path Group: clk
Path Type: max

Fanout         Cap        Slew       Delay        Time   Description
---------------------------------------------------------------------------------------------
                                  0.000000    0.000000   clock clk (rise edge)
                                  0.000000    0.000000   clock network delay (propagated)
                                  3.000000    3.000000 ^ input external delay
     1    0.002777    0.013837    0.007158    3.007158 ^ rst (in)
                                                         rst (net)
                      0.013837    0.000000    3.007158 ^ input2/A (sky130_fd_sc_hd__clkbuf_2)
     6    0.021408    0.093143    0.106098    3.113256 ^ input2/X (sky130_fd_sc_hd__clkbuf_2)
                                                         net2 (net)
                      0.093144    0.000329    3.113584 ^ _052_/A (sky130_fd_sc_hd__inv_2)
     5    0.013221    0.038439    0.037911    3.151495 v _052_/Y (sky130_fd_sc_hd__inv_2)
                                                         _020_ (net)
                      0.038439    0.000113    3.151608 v _054_/A (sky130_fd_sc_hd__and3_1)
     1    0.002166    0.025409    0.086698    3.238305 v _054_/X (sky130_fd_sc_hd__and3_1)
                                                         _000_ (net)
                      0.025409    0.000022    3.238327 v _103_/D (sky130_fd_sc_hd__dfxtp_1)
                                              3.238327   data arrival time

                                 19.000000   19.000000   clock clk (rise edge)
                                  0.000000   19.000000   clock source latency
     1    0.010634    0.040660    0.026636   19.026636 ^ clk (in)
                                                         clk (net)
                      0.040661    0.000000   19.026636 ^ clkbuf_0_clk/A (sky130_fd_sc_hd__clkbuf_16)
     2    0.017680    0.029648    0.085722   19.112358 ^ clkbuf_0_clk/X (sky130_fd_sc_hd__clkbuf_16)
                                                         clknet_0_clk (net)
                      0.029648    0.000162   19.112520 ^ clkbuf_1_0__f_clk/A (sky130_fd_sc_hd__clkbuf_16)
     7    0.018382    0.030074    0.083039   19.195559 ^ clkbuf_1_0__f_clk/X (sky130_fd_sc_hd__clkbuf_16)
                                                         clknet_1_0__leaf_clk (net)
                      0.030074    0.000144   19.195704 ^ _103_/CLK (sky130_fd_sc_hd__dfxtp_1)
                                 -0.250000   18.945704   clock uncertainty
                                  0.000000   18.945704   clock reconvergence pessimism
                                 -0.067835   18.877871   library setup time
                                             18.877871   data required time
---------------------------------------------------------------------------------------------
                                             18.877871   data required time
                                             -3.238327   data arrival time
---------------------------------------------------------------------------------------------
                                             15.639544   slack (MET)


Startpoint: rst (input port clocked by clk)
Endpoint: _102_ (rising edge-triggered flip-flop clocked by clk)
Path Group: clk
Path Type: max

Fanout         Cap        Slew       Delay        Time   Description
---------------------------------------------------------------------------------------------
                                  0.000000    0.000000   clock clk (rise edge)
                                  0.000000    0.000000   clock network delay (propagated)
                                  3.000000    3.000000 ^ input external delay
     1    0.002777    0.013837    0.007158    3.007158 ^ rst (in)
                                                         rst (net)
                      0.013837    0.000000    3.007158 ^ input2/A (sky130_fd_sc_hd__clkbuf_2)
     6    0.021408    0.093143    0.106098    3.113256 ^ input2/X (sky130_fd_sc_hd__clkbuf_2)
                                                         net2 (net)
                      0.093144    0.000329    3.113584 ^ _052_/A (sky130_fd_sc_hd__inv_2)
     5    0.013221    0.038439    0.037911    3.151495 v _052_/Y (sky130_fd_sc_hd__inv_2)
                                                         _020_ (net)
                      0.038439    0.000080    3.151575 v _063_/B1 (sky130_fd_sc_hd__o21a_1)
     1    0.002980    0.025490    0.063336    3.214911 v _063_/X (sky130_fd_sc_hd__o21a_1)
                                                         _003_ (net)
                      0.025490    0.000045    3.214956 v _102_/D (sky130_fd_sc_hd__dfxtp_1)
                                              3.214956   data arrival time

                                 19.000000   19.000000   clock clk (rise edge)
                                  0.000000   19.000000   clock source latency
     1    0.010634    0.040660    0.026636   19.026636 ^ clk (in)
                                                         clk (net)
                      0.040661    0.000000   19.026636 ^ clkbuf_0_clk/A (sky130_fd_sc_hd__clkbuf_16)
     2    0.017680    0.029648    0.085722   19.112358 ^ clkbuf_0_clk/X (sky130_fd_sc_hd__clkbuf_16)
                                                         clknet_0_clk (net)
                      0.029648    0.000162   19.112520 ^ clkbuf_1_0__f_clk/A (sky130_fd_sc_hd__clkbuf_16)
     7    0.018382    0.030074    0.083039   19.195559 ^ clkbuf_1_0__f_clk/X (sky130_fd_sc_hd__clkbuf_16)
                                                         clknet_1_0__leaf_clk (net)
                      0.030074    0.000101   19.195662 ^ _102_/CLK (sky130_fd_sc_hd__dfxtp_1)
                                 -0.250000   18.945662   clock uncertainty
                                  0.000000   18.945662   clock reconvergence pessimism
                                 -0.067864   18.877798   library setup time
                                             18.877798   data required time
---------------------------------------------------------------------------------------------
                                             18.877798   data required time
                                             -3.214956   data arrival time
---------------------------------------------------------------------------------------------
                                             15.662842   slack (MET)


Startpoint: rst (input port clocked by clk)
Endpoint: _099_ (rising edge-triggered flip-flop clocked by clk)
Path Group: clk
Path Type: max

Fanout         Cap        Slew       Delay        Time   Description
---------------------------------------------------------------------------------------------
                                  0.000000    0.000000   clock clk (rise edge)
                                  0.000000    0.000000   clock network delay (propagated)
                                  3.000000    3.000000 ^ input external delay
     1    0.002777    0.013837    0.007158    3.007158 ^ rst (in)
                                                         rst (net)
                      0.013837    0.000000    3.007158 ^ input2/A (sky130_fd_sc_hd__clkbuf_2)
     6    0.021408    0.093143    0.106098    3.113256 ^ input2/X (sky130_fd_sc_hd__clkbuf_2)
                                                         net2 (net)
                      0.093144    0.000329    3.113584 ^ _052_/A (sky130_fd_sc_hd__inv_2)
     5    0.013221    0.038439    0.037911    3.151495 v _052_/Y (sky130_fd_sc_hd__inv_2)
                                                         _020_ (net)
                      0.038440    0.000138    3.151633 v _065_/B1 (sky130_fd_sc_hd__o21a_1)
     1    0.001980    0.022463    0.060019    3.211652 v _065_/X (sky130_fd_sc_hd__o21a_1)
                                                         _005_ (net)
                      0.022463    0.000017    3.211669 v _099_/D (sky130_fd_sc_hd__dfxtp_1)
                                              3.211669   data arrival time

                                 19.000000   19.000000   clock clk (rise edge)
                                  0.000000   19.000000   clock source latency
     1    0.010634    0.040660    0.026636   19.026636 ^ clk (in)
                                                         clk (net)
                      0.040661    0.000000   19.026636 ^ clkbuf_0_clk/A (sky130_fd_sc_hd__clkbuf_16)
     2    0.017680    0.029648    0.085722   19.112358 ^ clkbuf_0_clk/X (sky130_fd_sc_hd__clkbuf_16)
                                                         clknet_0_clk (net)
                      0.029648    0.000146   19.112505 ^ clkbuf_1_1__f_clk/A (sky130_fd_sc_hd__clkbuf_16)
    10    0.025645    0.034972    0.087990   19.200495 ^ clkbuf_1_1__f_clk/X (sky130_fd_sc_hd__clkbuf_16)
                                                         clknet_1_1__leaf_clk (net)
                      0.034979    0.000364   19.200859 ^ _099_/CLK (sky130_fd_sc_hd__dfxtp_1)
                                 -0.250000   18.950859   clock uncertainty
                                  0.000000   18.950859   clock reconvergence pessimism
                                 -0.066311   18.884548   library setup time
                                             18.884548   data required time
---------------------------------------------------------------------------------------------
                                             18.884548   data required time
                                             -3.211669   data arrival time
---------------------------------------------------------------------------------------------
                                             15.672878   slack (MET)


Startpoint: rst (input port clocked by clk)
Endpoint: _107_ (rising edge-triggered flip-flop clocked by clk)
Path Group: clk
Path Type: max

Fanout         Cap        Slew       Delay        Time   Description
---------------------------------------------------------------------------------------------
                                  0.000000    0.000000   clock clk (rise edge)
                                  0.000000    0.000000   clock network delay (propagated)
                                  3.000000    3.000000 ^ input external delay
     1    0.002777    0.013837    0.007158    3.007158 ^ rst (in)
                                                         rst (net)
                      0.013837    0.000000    3.007158 ^ input2/A (sky130_fd_sc_hd__clkbuf_2)
     6    0.021408    0.093143    0.106098    3.113256 ^ input2/X (sky130_fd_sc_hd__clkbuf_2)
                                                         net2 (net)
                      0.093143    0.000107    3.113362 ^ _074_/C1 (sky130_fd_sc_hd__a211oi_1)
     1    0.002140    0.040070    0.026287    3.139649 v _074_/Y (sky130_fd_sc_hd__a211oi_1)
                                                         _009_ (net)
                      0.040070    0.000022    3.139671 v _107_/D (sky130_fd_sc_hd__dfxtp_1)
                                              3.139671   data arrival time

                                 19.000000   19.000000   clock clk (rise edge)
                                  0.000000   19.000000   clock source latency
     1    0.010634    0.040660    0.026636   19.026636 ^ clk (in)
                                                         clk (net)
                      0.040661    0.000000   19.026636 ^ clkbuf_0_clk/A (sky130_fd_sc_hd__clkbuf_16)
     2    0.017680    0.029648    0.085722   19.112358 ^ clkbuf_0_clk/X (sky130_fd_sc_hd__clkbuf_16)
                                                         clknet_0_clk (net)
                      0.029648    0.000146   19.112505 ^ clkbuf_1_1__f_clk/A (sky130_fd_sc_hd__clkbuf_16)
    10    0.025645    0.034972    0.087990   19.200495 ^ clkbuf_1_1__f_clk/X (sky130_fd_sc_hd__clkbuf_16)
                                                         clknet_1_1__leaf_clk (net)
                      0.034981    0.000414   19.200909 ^ _107_/CLK (sky130_fd_sc_hd__dfxtp_1)
                                 -0.250000   18.950909   clock uncertainty
                                  0.000000   18.950909   clock reconvergence pessimism
                                 -0.072598   18.878311   library setup time
                                             18.878311   data required time
---------------------------------------------------------------------------------------------
                                             18.878311   data required time
                                             -3.139671   data arrival time
---------------------------------------------------------------------------------------------
                                             15.738639   slack (MET)



