
===========================================================================
report_checks -path_delay max (Setup)
============================================================================
======================= nom_tt_025C_1v80 Corner ===================================

Startpoint: rst (input port clocked by clk)
Endpoint: _105_ (rising edge-triggered flip-flop clocked by clk)
Path Group: clk
Path Type: max

Fanout         Cap        Slew       Delay        Time   Description
---------------------------------------------------------------------------------------------
                                  0.000000    0.000000   clock clk (rise edge)
                                  0.000000    0.000000   clock network delay (propagated)
                                  3.000000    3.000000 ^ input external delay
     1    0.002740    0.019477    0.010106    3.010106 ^ rst (in)
                                                         rst (net)
                      0.019478    0.000000    3.010106 ^ input2/A (sky130_fd_sc_hd__clkbuf_2)
     6    0.021273    0.121213    0.150699    3.160805 ^ input2/X (sky130_fd_sc_hd__clkbuf_2)
                                                         net2 (net)
                      0.121218    0.000672    3.161477 ^ _052_/A (sky130_fd_sc_hd__inv_2)
     5    0.012918    0.047603    0.068512    3.229988 v _052_/Y (sky130_fd_sc_hd__inv_2)
                                                         _020_ (net)
                      0.047605    0.000219    3.230208 v _055_/B (sky130_fd_sc_hd__and2_1)
     3    0.007350    0.054136    0.172572    3.402780 v _055_/X (sky130_fd_sc_hd__and2_1)
                                                         _022_ (net)
                      0.054137    0.000213    3.402993 v _070_/A2 (sky130_fd_sc_hd__a22o_1)
     1    0.002208    0.036970    0.221493    3.624486 v _070_/X (sky130_fd_sc_hd__a22o_1)
                                                         _007_ (net)
                      0.036970    0.000065    3.624552 v hold3/A (sky130_fd_sc_hd__dlygate4sd3_1)
     1    0.001879    0.048479    0.536686    4.161238 v hold3/X (sky130_fd_sc_hd__dlygate4sd3_1)
                                                         net16 (net)
                      0.048479    0.000053    4.161291 v _105_/D (sky130_fd_sc_hd__dfxtp_1)
                                              4.161291   data arrival time

                                 19.000000   19.000000   clock clk (rise edge)
                                  0.000000   19.000000   clock source latency
     1    0.010565    0.053958    0.035921   19.035921 ^ clk (in)
                                                         clk (net)
                      0.053961    0.000000   19.035921 ^ clkbuf_0_clk/A (sky130_fd_sc_hd__clkbuf_16)
     2    0.017542    0.039748    0.126251   19.162172 ^ clkbuf_0_clk/X (sky130_fd_sc_hd__clkbuf_16)
                                                         clknet_0_clk (net)
                      0.039749    0.000398   19.162571 ^ clkbuf_1_1__f_clk/A (sky130_fd_sc_hd__clkbuf_16)
    10    0.025045    0.046345    0.128193   19.290764 ^ clkbuf_1_1__f_clk/X (sky130_fd_sc_hd__clkbuf_16)
                                                         clknet_1_1__leaf_clk (net)
                      0.046349    0.000313   19.291077 ^ _105_/CLK (sky130_fd_sc_hd__dfxtp_1)
                                 -0.250000   19.041077   clock uncertainty
                                  0.000000   19.041077   clock reconvergence pessimism
                                 -0.111742   18.929335   library setup time
                                             18.929335   data required time
---------------------------------------------------------------------------------------------
                                             18.929335   data required time
                                             -4.161291   data arrival time
---------------------------------------------------------------------------------------------
                                             14.768044   slack (MET)


Startpoint: _110_ (rising edge-triggered flip-flop clocked by clk)
Endpoint: count_out[2] (output port clocked by clk)
Path Group: clk
Path Type: max

Fanout         Cap        Slew       Delay        Time   Description
---------------------------------------------------------------------------------------------
                                  0.000000    0.000000   clock clk (rise edge)
                                  0.000000    0.000000   clock source latency
     1    0.010565    0.053958    0.035921    0.035921 ^ clk (in)
                                                         clk (net)
                      0.053961    0.000000    0.035921 ^ clkbuf_0_clk/A (sky130_fd_sc_hd__clkbuf_16)
     2    0.017542    0.039748    0.126251    0.162173 ^ clkbuf_0_clk/X (sky130_fd_sc_hd__clkbuf_16)
                                                         clknet_0_clk (net)
                      0.039749    0.000398    0.162571 ^ clkbuf_1_1__f_clk/A (sky130_fd_sc_hd__clkbuf_16)
    10    0.025045    0.046345    0.128192    0.290763 ^ clkbuf_1_1__f_clk/X (sky130_fd_sc_hd__clkbuf_16)
                                                         clknet_1_1__leaf_clk (net)
                      0.046356    0.000548    0.291311 ^ _110_/CLK (sky130_fd_sc_hd__dfxtp_1)
     8    0.019396    0.187433    0.407699    0.699010 ^ _110_/Q (sky130_fd_sc_hd__dfxtp_1)
                                                         net6 (net)
                      0.187434    0.000338    0.699348 ^ output6/A (sky130_fd_sc_hd__buf_2)
     1    0.033921    0.169122    0.243043    0.942391 ^ output6/X (sky130_fd_sc_hd__buf_2)
                                                         count_out[2] (net)
                      0.169126    0.000671    0.943062 ^ count_out[2] (out)
                                              0.943062   data arrival time

                                 19.000000   19.000000   clock clk (rise edge)
                                  0.000000   19.000000   clock network delay (propagated)
                                 -0.250000   18.750002   clock uncertainty
                                  0.000000   18.750002   clock reconvergence pessimism
                                 -3.000000   15.750001   output external delay
                                             15.750001   data required time
---------------------------------------------------------------------------------------------
                                             15.750001   data required time
                                             -0.943062   data arrival time
---------------------------------------------------------------------------------------------
                                             14.806938   slack (MET)


Startpoint: _102_ (rising edge-triggered flip-flop clocked by clk)
Endpoint: running (output port clocked by clk)
Path Group: clk
Path Type: max

Fanout         Cap        Slew       Delay        Time   Description
---------------------------------------------------------------------------------------------
                                  0.000000    0.000000   clock clk (rise edge)
                                  0.000000    0.000000   clock source latency
     1    0.010565    0.053958    0.035921    0.035921 ^ clk (in)
                                                         clk (net)
                      0.053961    0.000000    0.035921 ^ clkbuf_0_clk/A (sky130_fd_sc_hd__clkbuf_16)
     2    0.017542    0.039748    0.126251    0.162173 ^ clkbuf_0_clk/X (sky130_fd_sc_hd__clkbuf_16)
                                                         clknet_0_clk (net)
                      0.039749    0.000418    0.162591 ^ clkbuf_1_0__f_clk/A (sky130_fd_sc_hd__clkbuf_16)
     7    0.017962    0.040104    0.121522    0.284113 ^ clkbuf_1_0__f_clk/X (sky130_fd_sc_hd__clkbuf_16)
                                                         clknet_1_0__leaf_clk (net)
                      0.040105    0.000266    0.284379 ^ _102_/CLK (sky130_fd_sc_hd__dfxtp_1)
     6    0.017864    0.173454    0.395712    0.680091 ^ _102_/Q (sky130_fd_sc_hd__dfxtp_1)
                                                         net12 (net)
                      0.173455    0.000358    0.680448 ^ output12/A (sky130_fd_sc_hd__buf_2)
     1    0.034062    0.169769    0.239690    0.920139 ^ output12/X (sky130_fd_sc_hd__buf_2)
                                                         running (net)
                      0.169773    0.000730    0.920869 ^ running (out)
                                              0.920869   data arrival time

                                 19.000000   19.000000   clock clk (rise edge)
                                  0.000000   19.000000   clock network delay (propagated)
                                 -0.250000   18.750002   clock uncertainty
                                  0.000000   18.750002   clock reconvergence pessimism
                                 -3.000000   15.750001   output external delay
                                             15.750001   data required time
---------------------------------------------------------------------------------------------
                                             15.750001   data required time
                                             -0.920869   data arrival time
---------------------------------------------------------------------------------------------
                                             14.829132   slack (MET)


Startpoint: _111_ (rising edge-triggered flip-flop clocked by clk)
Endpoint: count_out[3] (output port clocked by clk)
Path Group: clk
Path Type: max

Fanout         Cap        Slew       Delay        Time   Description
---------------------------------------------------------------------------------------------
                                  0.000000    0.000000   clock clk (rise edge)
                                  0.000000    0.000000   clock source latency
     1    0.010565    0.053958    0.035921    0.035921 ^ clk (in)
                                                         clk (net)
                      0.053961    0.000000    0.035921 ^ clkbuf_0_clk/A (sky130_fd_sc_hd__clkbuf_16)
     2    0.017542    0.039748    0.126251    0.162173 ^ clkbuf_0_clk/X (sky130_fd_sc_hd__clkbuf_16)
                                                         clknet_0_clk (net)
                      0.039749    0.000398    0.162571 ^ clkbuf_1_1__f_clk/A (sky130_fd_sc_hd__clkbuf_16)
    10    0.025045    0.046345    0.128192    0.290763 ^ clkbuf_1_1__f_clk/X (sky130_fd_sc_hd__clkbuf_16)
                                                         clknet_1_1__leaf_clk (net)
                      0.046356    0.000530    0.291292 ^ _111_/CLK (sky130_fd_sc_hd__dfxtp_1)
     6    0.014919    0.146988    0.379075    0.670367 ^ _111_/Q (sky130_fd_sc_hd__dfxtp_1)
                                                         net7 (net)
                      0.146988    0.000188    0.670556 ^ output7/A (sky130_fd_sc_hd__buf_2)
     1    0.033874    0.168841    0.231963    0.902519 ^ output7/X (sky130_fd_sc_hd__buf_2)
                                                         count_out[3] (net)
                      0.168844    0.000651    0.903170 ^ count_out[3] (out)
                                              0.903170   data arrival time

                                 19.000000   19.000000   clock clk (rise edge)
                                  0.000000   19.000000   clock network delay (propagated)
                                 -0.250000   18.750002   clock uncertainty
                                  0.000000   18.750002   clock reconvergence pessimism
                                 -3.000000   15.750001   output external delay
                                             15.750001   data required time
---------------------------------------------------------------------------------------------
                                             15.750001   data required time
                                             -0.903170   data arrival time
---------------------------------------------------------------------------------------------
                                             14.846831   slack (MET)


Startpoint: _113_ (rising edge-triggered flip-flop clocked by clk)
Endpoint: count_out[5] (output port clocked by clk)
Path Group: clk
Path Type: max

Fanout         Cap        Slew       Delay        Time   Description
---------------------------------------------------------------------------------------------
                                  0.000000    0.000000   clock clk (rise edge)
                                  0.000000    0.000000   clock source latency
     1    0.010565    0.053958    0.035921    0.035921 ^ clk (in)
                                                         clk (net)
                      0.053961    0.000000    0.035921 ^ clkbuf_0_clk/A (sky130_fd_sc_hd__clkbuf_16)
     2    0.017542    0.039748    0.126251    0.162173 ^ clkbuf_0_clk/X (sky130_fd_sc_hd__clkbuf_16)
                                                         clknet_0_clk (net)
                      0.039749    0.000418    0.162591 ^ clkbuf_1_0__f_clk/A (sky130_fd_sc_hd__clkbuf_16)
     7    0.017962    0.040104    0.121522    0.284113 ^ clkbuf_1_0__f_clk/X (sky130_fd_sc_hd__clkbuf_16)
                                                         clknet_1_0__leaf_clk (net)
                      0.040105    0.000336    0.284449 ^ _113_/CLK (sky130_fd_sc_hd__dfxtp_1)
     5    0.013062    0.130316    0.364840    0.649288 ^ _113_/Q (sky130_fd_sc_hd__dfxtp_1)
                                                         net9 (net)
                      0.130317    0.000279    0.649567 ^ output9/A (sky130_fd_sc_hd__buf_2)
     1    0.033828    0.168594    0.227314    0.876881 ^ output9/X (sky130_fd_sc_hd__buf_2)
                                                         count_out[5] (net)
                      0.168598    0.000630    0.877511 ^ count_out[5] (out)
                                              0.877511   data arrival time

                                 19.000000   19.000000   clock clk (rise edge)
                                  0.000000   19.000000   clock network delay (propagated)
                                 -0.250000   18.750002   clock uncertainty
                                  0.000000   18.750002   clock reconvergence pessimism
                                 -3.000000   15.750001   output external delay
                                             15.750001   data required time
---------------------------------------------------------------------------------------------
                                             15.750001   data required time
                                             -0.877511   data arrival time
---------------------------------------------------------------------------------------------
                                             14.872490   slack (MET)


Startpoint: _099_ (rising edge-triggered flip-flop clocked by clk)
Endpoint: temp_reset (output port clocked by clk)
Path Group: clk
Path Type: max

Fanout         Cap        Slew       Delay        Time   Description
---------------------------------------------------------------------------------------------
                                  0.000000    0.000000   clock clk (rise edge)
                                  0.000000    0.000000   clock source latency
     1    0.010565    0.053958    0.035921    0.035921 ^ clk (in)
                                                         clk (net)
                      0.053961    0.000000    0.035921 ^ clkbuf_0_clk/A (sky130_fd_sc_hd__clkbuf_16)
     2    0.017542    0.039748    0.126251    0.162173 ^ clkbuf_0_clk/X (sky130_fd_sc_hd__clkbuf_16)
                                                         clknet_0_clk (net)
                      0.039749    0.000398    0.162571 ^ clkbuf_1_1__f_clk/A (sky130_fd_sc_hd__clkbuf_16)
    10    0.025045    0.046345    0.128192    0.290763 ^ clkbuf_1_1__f_clk/X (sky130_fd_sc_hd__clkbuf_16)
                                                         clknet_1_1__leaf_clk (net)
                      0.046363    0.000694    0.291456 ^ _099_/CLK (sky130_fd_sc_hd__dfxtp_1)
     5    0.011375    0.115159    0.356424    0.647881 ^ _099_/Q (sky130_fd_sc_hd__dfxtp_1)
                                                         net13 (net)
                      0.115159    0.000171    0.648051 ^ output13/A (sky130_fd_sc_hd__buf_2)
     1    0.033849    0.168651    0.222530    0.870581 ^ output13/X (sky130_fd_sc_hd__buf_2)
                                                         temp_reset (net)
                      0.168655    0.000685    0.871266 ^ temp_reset (out)
                                              0.871266   data arrival time

                                 19.000000   19.000000   clock clk (rise edge)
                                  0.000000   19.000000   clock network delay (propagated)
                                 -0.250000   18.750002   clock uncertainty
                                  0.000000   18.750002   clock reconvergence pessimism
                                 -3.000000   15.750001   output external delay
                                             15.750001   data required time
---------------------------------------------------------------------------------------------
                                             15.750001   data required time
                                             -0.871266   data arrival time
---------------------------------------------------------------------------------------------
                                             14.878736   slack (MET)


Startpoint: _108_ (rising edge-triggered flip-flop clocked by clk)
Endpoint: count_out[0] (output port clocked by clk)
Path Group: clk
Path Type: max

Fanout         Cap        Slew       Delay        Time   Description
---------------------------------------------------------------------------------------------
                                  0.000000    0.000000   clock clk (rise edge)
                                  0.000000    0.000000   clock source latency
     1    0.010565    0.053958    0.035921    0.035921 ^ clk (in)
                                                         clk (net)
                      0.053961    0.000000    0.035921 ^ clkbuf_0_clk/A (sky130_fd_sc_hd__clkbuf_16)
     2    0.017542    0.039748    0.126251    0.162173 ^ clkbuf_0_clk/X (sky130_fd_sc_hd__clkbuf_16)
                                                         clknet_0_clk (net)
                      0.039749    0.000418    0.162591 ^ clkbuf_1_0__f_clk/A (sky130_fd_sc_hd__clkbuf_16)
     7    0.017962    0.040104    0.121522    0.284113 ^ clkbuf_1_0__f_clk/X (sky130_fd_sc_hd__clkbuf_16)
                                                         clknet_1_0__leaf_clk (net)
                      0.040105    0.000299    0.284412 ^ _108_/CLK (sky130_fd_sc_hd__dfxtp_1)
     5    0.011922    0.120070    0.357569    0.641981 ^ _108_/Q (sky130_fd_sc_hd__dfxtp_1)
                                                         net4 (net)
                      0.120071    0.000312    0.642293 ^ output4/A (sky130_fd_sc_hd__buf_2)
     1    0.034712    0.172764    0.227007    0.869300 ^ output4/X (sky130_fd_sc_hd__buf_2)
                                                         count_out[0] (net)
                      0.172772    0.000974    0.870274 ^ count_out[0] (out)
                                              0.870274   data arrival time

                                 19.000000   19.000000   clock clk (rise edge)
                                  0.000000   19.000000   clock network delay (propagated)
                                 -0.250000   18.750002   clock uncertainty
                                  0.000000   18.750002   clock reconvergence pessimism
                                 -3.000000   15.750001   output external delay
                                             15.750001   data required time
---------------------------------------------------------------------------------------------
                                             15.750001   data required time
                                             -0.870274   data arrival time
---------------------------------------------------------------------------------------------
                                             14.879727   slack (MET)


Startpoint: _109_ (rising edge-triggered flip-flop clocked by clk)
Endpoint: count_out[1] (output port clocked by clk)
Path Group: clk
Path Type: max

Fanout         Cap        Slew       Delay        Time   Description
---------------------------------------------------------------------------------------------
                                  0.000000    0.000000   clock clk (rise edge)
                                  0.000000    0.000000   clock source latency
     1    0.010565    0.053958    0.035921    0.035921 ^ clk (in)
                                                         clk (net)
                      0.053961    0.000000    0.035921 ^ clkbuf_0_clk/A (sky130_fd_sc_hd__clkbuf_16)
     2    0.017542    0.039748    0.126251    0.162173 ^ clkbuf_0_clk/X (sky130_fd_sc_hd__clkbuf_16)
                                                         clknet_0_clk (net)
                      0.039749    0.000418    0.162591 ^ clkbuf_1_0__f_clk/A (sky130_fd_sc_hd__clkbuf_16)
     7    0.017962    0.040104    0.121522    0.284113 ^ clkbuf_1_0__f_clk/X (sky130_fd_sc_hd__clkbuf_16)
                                                         clknet_1_0__leaf_clk (net)
                      0.040105    0.000366    0.284478 ^ _109_/CLK (sky130_fd_sc_hd__dfxtp_1)
     4    0.010260    0.105160    0.346951    0.631430 ^ _109_/Q (sky130_fd_sc_hd__dfxtp_1)
                                                         net5 (net)
                      0.105161    0.000187    0.631617 ^ output5/A (sky130_fd_sc_hd__buf_2)
     1    0.034149    0.170011    0.219781    0.851398 ^ output5/X (sky130_fd_sc_hd__buf_2)
                                                         count_out[1] (net)
                      0.170016    0.000771    0.852170 ^ count_out[1] (out)
                                              0.852170   data arrival time

                                 19.000000   19.000000   clock clk (rise edge)
                                  0.000000   19.000000   clock network delay (propagated)
                                 -0.250000   18.750002   clock uncertainty
                                  0.000000   18.750002   clock reconvergence pessimism
                                 -3.000000   15.750001   output external delay
                                             15.750001   data required time
---------------------------------------------------------------------------------------------
                                             15.750001   data required time
                                             -0.852170   data arrival time
---------------------------------------------------------------------------------------------
                                             14.897831   slack (MET)


Startpoint: _112_ (rising edge-triggered flip-flop clocked by clk)
Endpoint: count_out[4] (output port clocked by clk)
Path Group: clk
Path Type: max

Fanout         Cap        Slew       Delay        Time   Description
---------------------------------------------------------------------------------------------
                                  0.000000    0.000000   clock clk (rise edge)
                                  0.000000    0.000000   clock source latency
     1    0.010565    0.053958    0.035921    0.035921 ^ clk (in)
                                                         clk (net)
                      0.053961    0.000000    0.035921 ^ clkbuf_0_clk/A (sky130_fd_sc_hd__clkbuf_16)
     2    0.017542    0.039748    0.126251    0.162173 ^ clkbuf_0_clk/X (sky130_fd_sc_hd__clkbuf_16)
                                                         clknet_0_clk (net)
                      0.039749    0.000398    0.162571 ^ clkbuf_1_1__f_clk/A (sky130_fd_sc_hd__clkbuf_16)
    10    0.025045    0.046345    0.128192    0.290763 ^ clkbuf_1_1__f_clk/X (sky130_fd_sc_hd__clkbuf_16)
                                                         clknet_1_1__leaf_clk (net)
                      0.046355    0.000523    0.291286 ^ _112_/CLK (sky130_fd_sc_hd__dfxtp_1)
     4    0.009162    0.095345    0.342165    0.633451 ^ _112_/Q (sky130_fd_sc_hd__dfxtp_1)
                                                         net8 (net)
                      0.095346    0.000181    0.633632 ^ output8/A (sky130_fd_sc_hd__buf_2)
     1    0.033827    0.168427    0.215195    0.848827 ^ output8/X (sky130_fd_sc_hd__buf_2)
                                                         count_out[4] (net)
                      0.168430    0.000630    0.849457 ^ count_out[4] (out)
                                              0.849457   data arrival time

                                 19.000000   19.000000   clock clk (rise edge)
                                  0.000000   19.000000   clock network delay (propagated)
                                 -0.250000   18.750002   clock uncertainty
                                  0.000000   18.750002   clock reconvergence pessimism
                                 -3.000000   15.750001   output external delay
                                             15.750001   data required time
---------------------------------------------------------------------------------------------
                                             15.750001   data required time
                                             -0.849457   data arrival time
---------------------------------------------------------------------------------------------
                                             14.900544   slack (MET)


Startpoint: _114_ (rising edge-triggered flip-flop clocked by clk)
Endpoint: count_out[6] (output port clocked by clk)
Path Group: clk
Path Type: max

Fanout         Cap        Slew       Delay        Time   Description
---------------------------------------------------------------------------------------------
                                  0.000000    0.000000   clock clk (rise edge)
                                  0.000000    0.000000   clock source latency
     1    0.010565    0.053958    0.035921    0.035921 ^ clk (in)
                                                         clk (net)
                      0.053961    0.000000    0.035921 ^ clkbuf_0_clk/A (sky130_fd_sc_hd__clkbuf_16)
     2    0.017542    0.039748    0.126251    0.162173 ^ clkbuf_0_clk/X (sky130_fd_sc_hd__clkbuf_16)
                                                         clknet_0_clk (net)
                      0.039749    0.000418    0.162591 ^ clkbuf_1_0__f_clk/A (sky130_fd_sc_hd__clkbuf_16)
     7    0.017962    0.040104    0.121522    0.284113 ^ clkbuf_1_0__f_clk/X (sky130_fd_sc_hd__clkbuf_16)
                                                         clknet_1_0__leaf_clk (net)
                      0.040105    0.000325    0.284438 ^ _114_/CLK (sky130_fd_sc_hd__dfxtp_1)
     3    0.007008    0.076661    0.325731    0.610169 ^ _114_/Q (sky130_fd_sc_hd__dfxtp_1)
                                                         net10 (net)
                      0.076662    0.000145    0.610314 ^ output10/A (sky130_fd_sc_hd__buf_2)
     1    0.033971    0.168994    0.208780    0.819095 ^ output10/X (sky130_fd_sc_hd__buf_2)
                                                         count_out[6] (net)
                      0.168997    0.000641    0.819735 ^ count_out[6] (out)
                                              0.819735   data arrival time

                                 19.000000   19.000000   clock clk (rise edge)
                                  0.000000   19.000000   clock network delay (propagated)
                                 -0.250000   18.750002   clock uncertainty
                                  0.000000   18.750002   clock reconvergence pessimism
                                 -3.000000   15.750001   output external delay
                                             15.750001   data required time
---------------------------------------------------------------------------------------------
                                             15.750001   data required time
                                             -0.819735   data arrival time
---------------------------------------------------------------------------------------------
                                             14.930265   slack (MET)


Startpoint: rst (input port clocked by clk)
Endpoint: _098_ (rising edge-triggered flip-flop clocked by clk)
Path Group: clk
Path Type: max

Fanout         Cap        Slew       Delay        Time   Description
---------------------------------------------------------------------------------------------
                                  0.000000    0.000000   clock clk (rise edge)
                                  0.000000    0.000000   clock network delay (propagated)
                                  3.000000    3.000000 v input external delay
     1    0.002510    0.007957    0.003944    3.003944 v rst (in)
                                                         rst (net)
                      0.007957    0.000000    3.003944 v input2/A (sky130_fd_sc_hd__clkbuf_2)
     6    0.019330    0.079533    0.131552    3.135496 v input2/X (sky130_fd_sc_hd__clkbuf_2)
                                                         net2 (net)
                      0.079534    0.000242    3.135738 v _067_/B1 (sky130_fd_sc_hd__a311o_1)
     1    0.002050    0.048366    0.315189    3.450927 v _067_/X (sky130_fd_sc_hd__a311o_1)
                                                         _004_ (net)
                      0.048366    0.000060    3.450986 v hold10/A (sky130_fd_sc_hd__dlygate4sd3_1)
     1    0.002014    0.049065    0.542345    3.993331 v hold10/X (sky130_fd_sc_hd__dlygate4sd3_1)
                                                         net23 (net)
                      0.049065    0.000058    3.993389 v _098_/D (sky130_fd_sc_hd__dfxtp_1)
                                              3.993389   data arrival time

                                 19.000000   19.000000   clock clk (rise edge)
                                  0.000000   19.000000   clock source latency
     1    0.010565    0.053958    0.035921   19.035921 ^ clk (in)
                                                         clk (net)
                      0.053961    0.000000   19.035921 ^ clkbuf_0_clk/A (sky130_fd_sc_hd__clkbuf_16)
     2    0.017542    0.039748    0.126251   19.162172 ^ clkbuf_0_clk/X (sky130_fd_sc_hd__clkbuf_16)
                                                         clknet_0_clk (net)
                      0.039749    0.000398   19.162571 ^ clkbuf_1_1__f_clk/A (sky130_fd_sc_hd__clkbuf_16)
    10    0.025045    0.046345    0.128193   19.290764 ^ clkbuf_1_1__f_clk/X (sky130_fd_sc_hd__clkbuf_16)
                                                         clknet_1_1__leaf_clk (net)
                      0.046366    0.000748   19.291512 ^ _098_/CLK (sky130_fd_sc_hd__dfxtp_1)
                                 -0.250000   19.041512   clock uncertainty
                                  0.000000   19.041512   clock reconvergence pessimism
                                 -0.111996   18.929516   library setup time
                                             18.929516   data required time
---------------------------------------------------------------------------------------------
                                             18.929516   data required time
                                             -3.993389   data arrival time
---------------------------------------------------------------------------------------------
                                             14.936128   slack (MET)


Startpoint: _101_ (rising edge-triggered flip-flop clocked by clk)
Endpoint: ready (output port clocked by clk)
Path Group: clk
Path Type: max

Fanout         Cap        Slew       Delay        Time   Description
---------------------------------------------------------------------------------------------
                                  0.000000    0.000000   clock clk (rise edge)
                                  0.000000    0.000000   clock source latency
     1    0.010565    0.053958    0.035921    0.035921 ^ clk (in)
                                                         clk (net)
                      0.053961    0.000000    0.035921 ^ clkbuf_0_clk/A (sky130_fd_sc_hd__clkbuf_16)
     2    0.017542    0.039748    0.126251    0.162173 ^ clkbuf_0_clk/X (sky130_fd_sc_hd__clkbuf_16)
                                                         clknet_0_clk (net)
                      0.039749    0.000418    0.162591 ^ clkbuf_1_0__f_clk/A (sky130_fd_sc_hd__clkbuf_16)
     7    0.017962    0.040104    0.121522    0.284113 ^ clkbuf_1_0__f_clk/X (sky130_fd_sc_hd__clkbuf_16)
                                                         clknet_1_0__leaf_clk (net)
                      0.040105    0.000320    0.284433 ^ _101_/CLK (sky130_fd_sc_hd__dfxtp_1)
     2    0.003896    0.049694    0.305243    0.589676 ^ _101_/Q (sky130_fd_sc_hd__dfxtp_1)
                                                         net11 (net)
                      0.049694    0.000098    0.589775 ^ output11/A (sky130_fd_sc_hd__buf_2)
     1    0.033864    0.168361    0.198439    0.788214 ^ output11/X (sky130_fd_sc_hd__buf_2)
                                                         ready (net)
                      0.168364    0.000633    0.788846 ^ ready (out)
                                              0.788846   data arrival time

                                 19.000000   19.000000   clock clk (rise edge)
                                  0.000000   19.000000   clock network delay (propagated)
                                 -0.250000   18.750002   clock uncertainty
                                  0.000000   18.750002   clock reconvergence pessimism
                                 -3.000000   15.750001   output external delay
                                             15.750001   data required time
---------------------------------------------------------------------------------------------
                                             15.750001   data required time
                                             -0.788846   data arrival time
---------------------------------------------------------------------------------------------
                                             14.961155   slack (MET)


Startpoint: rst (input port clocked by clk)
Endpoint: _106_ (rising edge-triggered flip-flop clocked by clk)
Path Group: clk
Path Type: max

Fanout         Cap        Slew       Delay        Time   Description
---------------------------------------------------------------------------------------------
                                  0.000000    0.000000   clock clk (rise edge)
                                  0.000000    0.000000   clock network delay (propagated)
                                  3.000000    3.000000 ^ input external delay
     1    0.002740    0.019477    0.010106    3.010106 ^ rst (in)
                                                         rst (net)
                      0.019478    0.000000    3.010106 ^ input2/A (sky130_fd_sc_hd__clkbuf_2)
     6    0.021273    0.121213    0.150699    3.160805 ^ input2/X (sky130_fd_sc_hd__clkbuf_2)
                                                         net2 (net)
                      0.121218    0.000672    3.161477 ^ _052_/A (sky130_fd_sc_hd__inv_2)
     5    0.012918    0.047603    0.068512    3.229988 v _052_/Y (sky130_fd_sc_hd__inv_2)
                                                         _020_ (net)
                      0.047605    0.000248    3.230236 v _073_/B1 (sky130_fd_sc_hd__o211a_1)
     1    0.002585    0.037289    0.118947    3.349183 v _073_/X (sky130_fd_sc_hd__o211a_1)
                                                         _008_ (net)
                      0.037289    0.000061    3.349244 v hold12/A (sky130_fd_sc_hd__dlygate4sd3_1)
     1    0.001837    0.048266    0.536433    3.885677 v hold12/X (sky130_fd_sc_hd__dlygate4sd3_1)
                                                         net25 (net)
                      0.048266    0.000036    3.885713 v _106_/D (sky130_fd_sc_hd__dfxtp_1)
                                              3.885713   data arrival time

                                 19.000000   19.000000   clock clk (rise edge)
                                  0.000000   19.000000   clock source latency
     1    0.010565    0.053958    0.035921   19.035921 ^ clk (in)
                                                         clk (net)
                      0.053961    0.000000   19.035921 ^ clkbuf_0_clk/A (sky130_fd_sc_hd__clkbuf_16)
     2    0.017542    0.039748    0.126251   19.162172 ^ clkbuf_0_clk/X (sky130_fd_sc_hd__clkbuf_16)
                                                         clknet_0_clk (net)
                      0.039749    0.000398   19.162571 ^ clkbuf_1_1__f_clk/A (sky130_fd_sc_hd__clkbuf_16)
    10    0.025045    0.046345    0.128193   19.290764 ^ clkbuf_1_1__f_clk/X (sky130_fd_sc_hd__clkbuf_16)
                                                         clknet_1_1__leaf_clk (net)
                      0.046358    0.000579   19.291342 ^ _106_/CLK (sky130_fd_sc_hd__dfxtp_1)
                                 -0.250000   19.041344   clock uncertainty
                                  0.000000   19.041344   clock reconvergence pessimism
                                 -0.111647   18.929695   library setup time
                                             18.929695   data required time
---------------------------------------------------------------------------------------------
                                             18.929695   data required time
                                             -3.885713   data arrival time
---------------------------------------------------------------------------------------------
                                             15.043983   slack (MET)


Startpoint: rst (input port clocked by clk)
Endpoint: _113_ (rising edge-triggered flip-flop clocked by clk)
Path Group: clk
Path Type: max

Fanout         Cap        Slew       Delay        Time   Description
---------------------------------------------------------------------------------------------
                                  0.000000    0.000000   clock clk (rise edge)
                                  0.000000    0.000000   clock network delay (propagated)
                                  3.000000    3.000000 v input external delay
     1    0.002510    0.007957    0.003944    3.003944 v rst (in)
                                                         rst (net)
                      0.007957    0.000000    3.003944 v input2/A (sky130_fd_sc_hd__clkbuf_2)
     6    0.019330    0.079533    0.131552    3.135496 v input2/X (sky130_fd_sc_hd__clkbuf_2)
                                                         net2 (net)
                      0.079540    0.000638    3.136134 v _076_/A (sky130_fd_sc_hd__nor2_1)
     5    0.010907    0.209410    0.208968    3.345102 ^ _076_/Y (sky130_fd_sc_hd__nor2_1)
                                                         _034_ (net)
                      0.209410    0.000220    3.345321 ^ _082_/B1 (sky130_fd_sc_hd__o41a_1)
     3    0.007168    0.094101    0.212002    3.557323 ^ _082_/X (sky130_fd_sc_hd__o41a_1)
                                                         _038_ (net)
                      0.094101    0.000173    3.557496 ^ _095_/A (sky130_fd_sc_hd__and3_1)
     1    0.001872    0.041727    0.141354    3.698849 ^ _095_/X (sky130_fd_sc_hd__and3_1)
                                                         _015_ (net)
                      0.041727    0.000053    3.698902 ^ _113_/D (sky130_fd_sc_hd__dfxtp_1)
                                              3.698902   data arrival time

                                 19.000000   19.000000   clock clk (rise edge)
                                  0.000000   19.000000   clock source latency
     1    0.010565    0.053958    0.035921   19.035921 ^ clk (in)
                                                         clk (net)
                      0.053961    0.000000   19.035921 ^ clkbuf_0_clk/A (sky130_fd_sc_hd__clkbuf_16)
     2    0.017542    0.039748    0.126251   19.162172 ^ clkbuf_0_clk/X (sky130_fd_sc_hd__clkbuf_16)
                                                         clknet_0_clk (net)
                      0.039749    0.000417   19.162590 ^ clkbuf_1_0__f_clk/A (sky130_fd_sc_hd__clkbuf_16)
     7    0.017962    0.040104    0.121522   19.284113 ^ clkbuf_1_0__f_clk/X (sky130_fd_sc_hd__clkbuf_16)
                                                         clknet_1_0__leaf_clk (net)
                      0.040105    0.000336   19.284449 ^ _113_/CLK (sky130_fd_sc_hd__dfxtp_1)
                                 -0.250000   19.034449   clock uncertainty
                                  0.000000   19.034449   clock reconvergence pessimism
                                 -0.053932   18.980516   library setup time
                                             18.980516   data required time
---------------------------------------------------------------------------------------------
                                             18.980516   data required time
                                             -3.698902   data arrival time
---------------------------------------------------------------------------------------------
                                             15.281614   slack (MET)


Startpoint: rst (input port clocked by clk)
Endpoint: _114_ (rising edge-triggered flip-flop clocked by clk)
Path Group: clk
Path Type: max

Fanout         Cap        Slew       Delay        Time   Description
---------------------------------------------------------------------------------------------
                                  0.000000    0.000000   clock clk (rise edge)
                                  0.000000    0.000000   clock network delay (propagated)
                                  3.000000    3.000000 v input external delay
     1    0.002510    0.007957    0.003944    3.003944 v rst (in)
                                                         rst (net)
                      0.007957    0.000000    3.003944 v input2/A (sky130_fd_sc_hd__clkbuf_2)
     6    0.019330    0.079533    0.131552    3.135496 v input2/X (sky130_fd_sc_hd__clkbuf_2)
                                                         net2 (net)
                      0.079540    0.000638    3.136134 v _076_/A (sky130_fd_sc_hd__nor2_1)
     5    0.010907    0.209410    0.208968    3.345102 ^ _076_/Y (sky130_fd_sc_hd__nor2_1)
                                                         _034_ (net)
                      0.209410    0.000220    3.345321 ^ _082_/B1 (sky130_fd_sc_hd__o41a_1)
     3    0.007168    0.094101    0.212002    3.557323 ^ _082_/X (sky130_fd_sc_hd__o41a_1)
                                                         _038_ (net)
                      0.094101    0.000123    3.557446 ^ _097_/C1 (sky130_fd_sc_hd__o211a_1)
     1    0.001877    0.035759    0.135630    3.693075 ^ _097_/X (sky130_fd_sc_hd__o211a_1)
                                                         _016_ (net)
                      0.035759    0.000037    3.693112 ^ _114_/D (sky130_fd_sc_hd__dfxtp_1)
                                              3.693112   data arrival time

                                 19.000000   19.000000   clock clk (rise edge)
                                  0.000000   19.000000   clock source latency
     1    0.010565    0.053958    0.035921   19.035921 ^ clk (in)
                                                         clk (net)
                      0.053961    0.000000   19.035921 ^ clkbuf_0_clk/A (sky130_fd_sc_hd__clkbuf_16)
     2    0.017542    0.039748    0.126251   19.162172 ^ clkbuf_0_clk/X (sky130_fd_sc_hd__clkbuf_16)
                                                         clknet_0_clk (net)
                      0.039749    0.000417   19.162590 ^ clkbuf_1_0__f_clk/A (sky130_fd_sc_hd__clkbuf_16)
     7    0.017962    0.040104    0.121522   19.284113 ^ clkbuf_1_0__f_clk/X (sky130_fd_sc_hd__clkbuf_16)
                                                         clknet_1_0__leaf_clk (net)
                      0.040105    0.000325   19.284437 ^ _114_/CLK (sky130_fd_sc_hd__dfxtp_1)
                                 -0.250000   19.034439   clock uncertainty
                                  0.000000   19.034439   clock reconvergence pessimism
                                 -0.052551   18.981886   library setup time
                                             18.981886   data required time
---------------------------------------------------------------------------------------------
                                             18.981886   data required time
                                             -3.693112   data arrival time
---------------------------------------------------------------------------------------------
                                             15.288775   slack (MET)


Startpoint: rst (input port clocked by clk)
Endpoint: _110_ (rising edge-triggered flip-flop clocked by clk)
Path Group: clk
Path Type: max

Fanout         Cap        Slew       Delay        Time   Description
---------------------------------------------------------------------------------------------
                                  0.000000    0.000000   clock clk (rise edge)
                                  0.000000    0.000000   clock network delay (propagated)
                                  3.000000    3.000000 v input external delay
     1    0.002510    0.007957    0.003944    3.003944 v rst (in)
                                                         rst (net)
                      0.007957    0.000000    3.003944 v input2/A (sky130_fd_sc_hd__clkbuf_2)
     6    0.019330    0.079533    0.131552    3.135496 v input2/X (sky130_fd_sc_hd__clkbuf_2)
                                                         net2 (net)
                      0.079540    0.000638    3.136134 v _076_/A (sky130_fd_sc_hd__nor2_1)
     5    0.010907    0.209410    0.208968    3.345102 ^ _076_/Y (sky130_fd_sc_hd__nor2_1)
                                                         _034_ (net)
                      0.209410    0.000220    3.345321 ^ _082_/B1 (sky130_fd_sc_hd__o41a_1)
     3    0.007168    0.094101    0.212002    3.557323 ^ _082_/X (sky130_fd_sc_hd__o41a_1)
                                                         _038_ (net)
                      0.094101    0.000166    3.557489 ^ _085_/A (sky130_fd_sc_hd__and3_1)
     1    0.001832    0.041390    0.140994    3.698483 ^ _085_/X (sky130_fd_sc_hd__and3_1)
                                                         _012_ (net)
                      0.041390    0.000052    3.698535 ^ _110_/D (sky130_fd_sc_hd__dfxtp_1)
                                              3.698535   data arrival time

                                 19.000000   19.000000   clock clk (rise edge)
                                  0.000000   19.000000   clock source latency
     1    0.010565    0.053958    0.035921   19.035921 ^ clk (in)
                                                         clk (net)
                      0.053961    0.000000   19.035921 ^ clkbuf_0_clk/A (sky130_fd_sc_hd__clkbuf_16)
     2    0.017542    0.039748    0.126251   19.162172 ^ clkbuf_0_clk/X (sky130_fd_sc_hd__clkbuf_16)
                                                         clknet_0_clk (net)
                      0.039749    0.000398   19.162571 ^ clkbuf_1_1__f_clk/A (sky130_fd_sc_hd__clkbuf_16)
    10    0.025045    0.046345    0.128193   19.290764 ^ clkbuf_1_1__f_clk/X (sky130_fd_sc_hd__clkbuf_16)
                                                         clknet_1_1__leaf_clk (net)
                      0.046356    0.000549   19.291311 ^ _110_/CLK (sky130_fd_sc_hd__dfxtp_1)
                                 -0.250000   19.041313   clock uncertainty
                                  0.000000   19.041313   clock reconvergence pessimism
                                 -0.052965   18.988350   library setup time
                                             18.988350   data required time
---------------------------------------------------------------------------------------------
                                             18.988350   data required time
                                             -3.698535   data arrival time
---------------------------------------------------------------------------------------------
                                             15.289814   slack (MET)


Startpoint: rst (input port clocked by clk)
Endpoint: _104_ (rising edge-triggered flip-flop clocked by clk)
Path Group: clk
Path Type: max

Fanout         Cap        Slew       Delay        Time   Description
---------------------------------------------------------------------------------------------
                                  0.000000    0.000000   clock clk (rise edge)
                                  0.000000    0.000000   clock network delay (propagated)
                                  3.000000    3.000000 ^ input external delay
     1    0.002740    0.019477    0.010106    3.010106 ^ rst (in)
                                                         rst (net)
                      0.019478    0.000000    3.010106 ^ input2/A (sky130_fd_sc_hd__clkbuf_2)
     6    0.021273    0.121213    0.150699    3.160805 ^ input2/X (sky130_fd_sc_hd__clkbuf_2)
                                                         net2 (net)
                      0.121218    0.000672    3.161477 ^ _052_/A (sky130_fd_sc_hd__inv_2)
     5    0.012918    0.047603    0.068512    3.229988 v _052_/Y (sky130_fd_sc_hd__inv_2)
                                                         _020_ (net)
                      0.047605    0.000219    3.230208 v _055_/B (sky130_fd_sc_hd__and2_1)
     3    0.007350    0.054136    0.172572    3.402780 v _055_/X (sky130_fd_sc_hd__and2_1)
                                                         _022_ (net)
                      0.054137    0.000252    3.403032 v _069_/A2 (sky130_fd_sc_hd__a22o_1)
     1    0.002387    0.037783    0.222801    3.625833 v _069_/X (sky130_fd_sc_hd__a22o_1)
                                                         _006_ (net)
                      0.037783    0.000071    3.625905 v _104_/D (sky130_fd_sc_hd__dfxtp_1)
                                              3.625905   data arrival time

                                 19.000000   19.000000   clock clk (rise edge)
                                  0.000000   19.000000   clock source latency
     1    0.010565    0.053958    0.035921   19.035921 ^ clk (in)
                                                         clk (net)
                      0.053961    0.000000   19.035921 ^ clkbuf_0_clk/A (sky130_fd_sc_hd__clkbuf_16)
     2    0.017542    0.039748    0.126251   19.162172 ^ clkbuf_0_clk/X (sky130_fd_sc_hd__clkbuf_16)
                                                         clknet_0_clk (net)
                      0.039749    0.000398   19.162571 ^ clkbuf_1_1__f_clk/A (sky130_fd_sc_hd__clkbuf_16)
    10    0.025045    0.046345    0.128193   19.290764 ^ clkbuf_1_1__f_clk/X (sky130_fd_sc_hd__clkbuf_16)
                                                         clknet_1_1__leaf_clk (net)
                      0.046349    0.000306   19.291069 ^ _104_/CLK (sky130_fd_sc_hd__dfxtp_1)
                                 -0.250000   19.041069   clock uncertainty
                                  0.000000   19.041069   clock reconvergence pessimism
                                 -0.107048   18.934023   library setup time
                                             18.934023   data required time
---------------------------------------------------------------------------------------------
                                             18.934023   data required time
                                             -3.625905   data arrival time
---------------------------------------------------------------------------------------------
                                             15.308118   slack (MET)


Startpoint: rst (input port clocked by clk)
Endpoint: _100_ (rising edge-triggered flip-flop clocked by clk)
Path Group: clk
Path Type: max

Fanout         Cap        Slew       Delay        Time   Description
---------------------------------------------------------------------------------------------
                                  0.000000    0.000000   clock clk (rise edge)
                                  0.000000    0.000000   clock network delay (propagated)
                                  3.000000    3.000000 ^ input external delay
     1    0.002740    0.019477    0.010106    3.010106 ^ rst (in)
                                                         rst (net)
                      0.019478    0.000000    3.010106 ^ input2/A (sky130_fd_sc_hd__clkbuf_2)
     6    0.021273    0.121213    0.150699    3.160805 ^ input2/X (sky130_fd_sc_hd__clkbuf_2)
                                                         net2 (net)
                      0.121218    0.000672    3.161477 ^ _052_/A (sky130_fd_sc_hd__inv_2)
     5    0.012918    0.047603    0.068512    3.229988 v _052_/Y (sky130_fd_sc_hd__inv_2)
                                                         _020_ (net)
                      0.047605    0.000219    3.230208 v _055_/B (sky130_fd_sc_hd__and2_1)
     3    0.007350    0.054136    0.172572    3.402780 v _055_/X (sky130_fd_sc_hd__and2_1)
                                                         _022_ (net)
                      0.054137    0.000186    3.402966 v _056_/C (sky130_fd_sc_hd__and3b_1)
     1    0.002376    0.035049    0.173343    3.576309 v _056_/X (sky130_fd_sc_hd__and3b_1)
                                                         _001_ (net)
                      0.035049    0.000072    3.576381 v _100_/D (sky130_fd_sc_hd__dfxtp_1)
                                              3.576381   data arrival time

                                 19.000000   19.000000   clock clk (rise edge)
                                  0.000000   19.000000   clock source latency
     1    0.010565    0.053958    0.035921   19.035921 ^ clk (in)
                                                         clk (net)
                      0.053961    0.000000   19.035921 ^ clkbuf_0_clk/A (sky130_fd_sc_hd__clkbuf_16)
     2    0.017542    0.039748    0.126251   19.162172 ^ clkbuf_0_clk/X (sky130_fd_sc_hd__clkbuf_16)
                                                         clknet_0_clk (net)
                      0.039749    0.000398   19.162571 ^ clkbuf_1_1__f_clk/A (sky130_fd_sc_hd__clkbuf_16)
    10    0.025045    0.046345    0.128193   19.290764 ^ clkbuf_1_1__f_clk/X (sky130_fd_sc_hd__clkbuf_16)
                                                         clknet_1_1__leaf_clk (net)
                      0.046352    0.000435   19.291199 ^ _100_/CLK (sky130_fd_sc_hd__dfxtp_1)
                                 -0.250000   19.041199   clock uncertainty
                                  0.000000   19.041199   clock reconvergence pessimism
                                 -0.105847   18.935354   library setup time
                                             18.935354   data required time
---------------------------------------------------------------------------------------------
                                             18.935354   data required time
                                             -3.576381   data arrival time
---------------------------------------------------------------------------------------------
                                             15.358972   slack (MET)


Startpoint: rst (input port clocked by clk)
Endpoint: _108_ (rising edge-triggered flip-flop clocked by clk)
Path Group: clk
Path Type: max

Fanout         Cap        Slew       Delay        Time   Description
---------------------------------------------------------------------------------------------
                                  0.000000    0.000000   clock clk (rise edge)
                                  0.000000    0.000000   clock network delay (propagated)
                                  3.000000    3.000000 v input external delay
     1    0.002510    0.007957    0.003944    3.003944 v rst (in)
                                                         rst (net)
                      0.007957    0.000000    3.003944 v input2/A (sky130_fd_sc_hd__clkbuf_2)
     6    0.019330    0.079533    0.131552    3.135496 v input2/X (sky130_fd_sc_hd__clkbuf_2)
                                                         net2 (net)
                      0.079540    0.000638    3.136134 v _076_/A (sky130_fd_sc_hd__nor2_1)
     5    0.010907    0.209410    0.208968    3.345102 ^ _076_/Y (sky130_fd_sc_hd__nor2_1)
                                                         _034_ (net)
                      0.209410    0.000330    3.345432 ^ _077_/B1 (sky130_fd_sc_hd__o21ai_1)
     1    0.002452    0.065096    0.093941    3.439373 v _077_/Y (sky130_fd_sc_hd__o21ai_1)
                                                         _035_ (net)
                      0.065096    0.000050    3.439423 v _078_/B1 (sky130_fd_sc_hd__a21oi_1)
     1    0.002176    0.092979    0.107365    3.546788 ^ _078_/Y (sky130_fd_sc_hd__a21oi_1)
                                                         _010_ (net)
                      0.092979    0.000064    3.546852 ^ _108_/D (sky130_fd_sc_hd__dfxtp_1)
                                              3.546852   data arrival time

                                 19.000000   19.000000   clock clk (rise edge)
                                  0.000000   19.000000   clock source latency
     1    0.010565    0.053958    0.035921   19.035921 ^ clk (in)
                                                         clk (net)
                      0.053961    0.000000   19.035921 ^ clkbuf_0_clk/A (sky130_fd_sc_hd__clkbuf_16)
     2    0.017542    0.039748    0.126251   19.162172 ^ clkbuf_0_clk/X (sky130_fd_sc_hd__clkbuf_16)
                                                         clknet_0_clk (net)
                      0.039749    0.000417   19.162590 ^ clkbuf_1_0__f_clk/A (sky130_fd_sc_hd__clkbuf_16)
     7    0.017962    0.040104    0.121522   19.284113 ^ clkbuf_1_0__f_clk/X (sky130_fd_sc_hd__clkbuf_16)
                                                         clknet_1_0__leaf_clk (net)
                      0.040105    0.000300   19.284412 ^ _108_/CLK (sky130_fd_sc_hd__dfxtp_1)
                                 -0.250000   19.034414   clock uncertainty
                                  0.000000   19.034414   clock reconvergence pessimism
                                 -0.065791   18.968622   library setup time
                                             18.968622   data required time
---------------------------------------------------------------------------------------------
                                             18.968622   data required time
                                             -3.546852   data arrival time
---------------------------------------------------------------------------------------------
                                             15.421771   slack (MET)


Startpoint: rst (input port clocked by clk)
Endpoint: _109_ (rising edge-triggered flip-flop clocked by clk)
Path Group: clk
Path Type: max

Fanout         Cap        Slew       Delay        Time   Description
---------------------------------------------------------------------------------------------
                                  0.000000    0.000000   clock clk (rise edge)
                                  0.000000    0.000000   clock network delay (propagated)
                                  3.000000    3.000000 v input external delay
     1    0.002510    0.007957    0.003944    3.003944 v rst (in)
                                                         rst (net)
                      0.007957    0.000000    3.003944 v input2/A (sky130_fd_sc_hd__clkbuf_2)
     6    0.019330    0.079533    0.131552    3.135496 v input2/X (sky130_fd_sc_hd__clkbuf_2)
                                                         net2 (net)
                      0.079540    0.000638    3.136134 v _076_/A (sky130_fd_sc_hd__nor2_1)
     5    0.010907    0.209410    0.208968    3.345102 ^ _076_/Y (sky130_fd_sc_hd__nor2_1)
                                                         _034_ (net)
                      0.209410    0.000294    3.345396 ^ _081_/B (sky130_fd_sc_hd__and3b_1)
     1    0.002201    0.046168    0.179416    3.524812 ^ _081_/X (sky130_fd_sc_hd__and3b_1)
                                                         _011_ (net)
                      0.046168    0.000066    3.524877 ^ _109_/D (sky130_fd_sc_hd__dfxtp_1)
                                              3.524877   data arrival time

                                 19.000000   19.000000   clock clk (rise edge)
                                  0.000000   19.000000   clock source latency
     1    0.010565    0.053958    0.035921   19.035921 ^ clk (in)
                                                         clk (net)
                      0.053961    0.000000   19.035921 ^ clkbuf_0_clk/A (sky130_fd_sc_hd__clkbuf_16)
     2    0.017542    0.039748    0.126251   19.162172 ^ clkbuf_0_clk/X (sky130_fd_sc_hd__clkbuf_16)
                                                         clknet_0_clk (net)
                      0.039749    0.000417   19.162590 ^ clkbuf_1_0__f_clk/A (sky130_fd_sc_hd__clkbuf_16)
     7    0.017962    0.040104    0.121522   19.284113 ^ clkbuf_1_0__f_clk/X (sky130_fd_sc_hd__clkbuf_16)
                                                         clknet_1_0__leaf_clk (net)
                      0.040105    0.000366   19.284479 ^ _109_/CLK (sky130_fd_sc_hd__dfxtp_1)
                                 -0.250000   19.034479   clock uncertainty
                                  0.000000   19.034479   clock reconvergence pessimism
                                 -0.054960   18.979519   library setup time
                                             18.979519   data required time
---------------------------------------------------------------------------------------------
                                             18.979519   data required time
                                             -3.524877   data arrival time
---------------------------------------------------------------------------------------------
                                             15.454642   slack (MET)


Startpoint: rst (input port clocked by clk)
Endpoint: _112_ (rising edge-triggered flip-flop clocked by clk)
Path Group: clk
Path Type: max

Fanout         Cap        Slew       Delay        Time   Description
---------------------------------------------------------------------------------------------
                                  0.000000    0.000000   clock clk (rise edge)
                                  0.000000    0.000000   clock network delay (propagated)
                                  3.000000    3.000000 v input external delay
     1    0.002510    0.007957    0.003944    3.003944 v rst (in)
                                                         rst (net)
                      0.007957    0.000000    3.003944 v input2/A (sky130_fd_sc_hd__clkbuf_2)
     6    0.019330    0.079533    0.131552    3.135496 v input2/X (sky130_fd_sc_hd__clkbuf_2)
                                                         net2 (net)
                      0.079540    0.000638    3.136134 v _076_/A (sky130_fd_sc_hd__nor2_1)
     5    0.010907    0.209410    0.208968    3.345102 ^ _076_/Y (sky130_fd_sc_hd__nor2_1)
                                                         _034_ (net)
                      0.209410    0.000199    3.345301 ^ _092_/A (sky130_fd_sc_hd__and3_1)
     1    0.002621    0.049523    0.180141    3.525442 ^ _092_/X (sky130_fd_sc_hd__and3_1)
                                                         _014_ (net)
                      0.049523    0.000082    3.525524 ^ _112_/D (sky130_fd_sc_hd__dfxtp_1)
                                              3.525524   data arrival time

                                 19.000000   19.000000   clock clk (rise edge)
                                  0.000000   19.000000   clock source latency
     1    0.010565    0.053958    0.035921   19.035921 ^ clk (in)
                                                         clk (net)
                      0.053961    0.000000   19.035921 ^ clkbuf_0_clk/A (sky130_fd_sc_hd__clkbuf_16)
     2    0.017542    0.039748    0.126251   19.162172 ^ clkbuf_0_clk/X (sky130_fd_sc_hd__clkbuf_16)
                                                         clknet_0_clk (net)
                      0.039749    0.000398   19.162571 ^ clkbuf_1_1__f_clk/A (sky130_fd_sc_hd__clkbuf_16)
    10    0.025045    0.046345    0.128193   19.290764 ^ clkbuf_1_1__f_clk/X (sky130_fd_sc_hd__clkbuf_16)
                                                         clknet_1_1__leaf_clk (net)
                      0.046355    0.000522   19.291286 ^ _112_/CLK (sky130_fd_sc_hd__dfxtp_1)
                                 -0.250000   19.041286   clock uncertainty
                                  0.000000   19.041286   clock reconvergence pessimism
                                 -0.054844   18.986443   library setup time
                                             18.986443   data required time
---------------------------------------------------------------------------------------------
                                             18.986443   data required time
                                             -3.525524   data arrival time
---------------------------------------------------------------------------------------------
                                             15.460918   slack (MET)


Startpoint: rst (input port clocked by clk)
Endpoint: _111_ (rising edge-triggered flip-flop clocked by clk)
Path Group: clk
Path Type: max

Fanout         Cap        Slew       Delay        Time   Description
---------------------------------------------------------------------------------------------
                                  0.000000    0.000000   clock clk (rise edge)
                                  0.000000    0.000000   clock network delay (propagated)
                                  3.000000    3.000000 v input external delay
     1    0.002510    0.007957    0.003944    3.003944 v rst (in)
                                                         rst (net)
                      0.007957    0.000000    3.003944 v input2/A (sky130_fd_sc_hd__clkbuf_2)
     6    0.019330    0.079533    0.131552    3.135496 v input2/X (sky130_fd_sc_hd__clkbuf_2)
                                                         net2 (net)
                      0.079540    0.000638    3.136134 v _076_/A (sky130_fd_sc_hd__nor2_1)
     5    0.010907    0.209410    0.208968    3.345102 ^ _076_/Y (sky130_fd_sc_hd__nor2_1)
                                                         _034_ (net)
                      0.209410    0.000236    3.345338 ^ _088_/A (sky130_fd_sc_hd__and3_1)
     1    0.002583    0.049206    0.179801    3.525140 ^ _088_/X (sky130_fd_sc_hd__and3_1)
                                                         _013_ (net)
                      0.049206    0.000083    3.525222 ^ _111_/D (sky130_fd_sc_hd__dfxtp_1)
                                              3.525222   data arrival time

                                 19.000000   19.000000   clock clk (rise edge)
                                  0.000000   19.000000   clock source latency
     1    0.010565    0.053958    0.035921   19.035921 ^ clk (in)
                                                         clk (net)
                      0.053961    0.000000   19.035921 ^ clkbuf_0_clk/A (sky130_fd_sc_hd__clkbuf_16)
     2    0.017542    0.039748    0.126251   19.162172 ^ clkbuf_0_clk/X (sky130_fd_sc_hd__clkbuf_16)
                                                         clknet_0_clk (net)
                      0.039749    0.000398   19.162571 ^ clkbuf_1_1__f_clk/A (sky130_fd_sc_hd__clkbuf_16)
    10    0.025045    0.046345    0.128193   19.290764 ^ clkbuf_1_1__f_clk/X (sky130_fd_sc_hd__clkbuf_16)
                                                         clknet_1_1__leaf_clk (net)
                      0.046356    0.000529   19.291292 ^ _111_/CLK (sky130_fd_sc_hd__dfxtp_1)
                                 -0.250000   19.041294   clock uncertainty
                                  0.000000   19.041294   clock reconvergence pessimism
                                 -0.054771   18.986523   library setup time
                                             18.986523   data required time
---------------------------------------------------------------------------------------------
                                             18.986523   data required time
                                             -3.525222   data arrival time
---------------------------------------------------------------------------------------------
                                             15.461300   slack (MET)


Startpoint: start (input port clocked by clk)
Endpoint: _101_ (rising edge-triggered flip-flop clocked by clk)
Path Group: clk
Path Type: max

Fanout         Cap        Slew       Delay        Time   Description
---------------------------------------------------------------------------------------------
                                  0.000000    0.000000   clock clk (rise edge)
                                  0.000000    0.000000   clock network delay (propagated)
                                  3.000000    3.000000 ^ input external delay
     1    0.002576    0.018781    0.009534    3.009534 ^ start (in)
                                                         start (net)
                      0.018781    0.000000    3.009534 ^ input3/A (sky130_fd_sc_hd__buf_1)
     2    0.006913    0.089836    0.104283    3.113816 ^ input3/X (sky130_fd_sc_hd__buf_1)
                                                         net3 (net)
                      0.089836    0.000150    3.113967 ^ _053_/A (sky130_fd_sc_hd__inv_2)
     1    0.002757    0.021768    0.032437    3.146404 v _053_/Y (sky130_fd_sc_hd__inv_2)
                                                         _021_ (net)
                      0.021769    0.000060    3.146465 v _061_/A1 (sky130_fd_sc_hd__a221o_1)
     1    0.002242    0.048716    0.292953    3.439418 v _061_/X (sky130_fd_sc_hd__a221o_1)
                                                         _002_ (net)
                      0.048716    0.000067    3.439485 v _101_/D (sky130_fd_sc_hd__dfxtp_1)
                                              3.439485   data arrival time

                                 19.000000   19.000000   clock clk (rise edge)
                                  0.000000   19.000000   clock source latency
     1    0.010565    0.053958    0.035921   19.035921 ^ clk (in)
                                                         clk (net)
                      0.053961    0.000000   19.035921 ^ clkbuf_0_clk/A (sky130_fd_sc_hd__clkbuf_16)
     2    0.017542    0.039748    0.126251   19.162172 ^ clkbuf_0_clk/X (sky130_fd_sc_hd__clkbuf_16)
                                                         clknet_0_clk (net)
                      0.039749    0.000417   19.162590 ^ clkbuf_1_0__f_clk/A (sky130_fd_sc_hd__clkbuf_16)
     7    0.017962    0.040104    0.121522   19.284113 ^ clkbuf_1_0__f_clk/X (sky130_fd_sc_hd__clkbuf_16)
                                                         clknet_1_0__leaf_clk (net)
                      0.040105    0.000322   19.284433 ^ _101_/CLK (sky130_fd_sc_hd__dfxtp_1)
                                 -0.250000   19.034435   clock uncertainty
                                  0.000000   19.034435   clock reconvergence pessimism
                                 -0.113306   18.921129   library setup time
                                             18.921129   data required time
---------------------------------------------------------------------------------------------
                                             18.921129   data required time
                                             -3.439485   data arrival time
---------------------------------------------------------------------------------------------
                                             15.481645   slack (MET)


Startpoint: rst (input port clocked by clk)
Endpoint: _103_ (rising edge-triggered flip-flop clocked by clk)
Path Group: clk
Path Type: max

Fanout         Cap        Slew       Delay        Time   Description
---------------------------------------------------------------------------------------------
                                  0.000000    0.000000   clock clk (rise edge)
                                  0.000000    0.000000   clock network delay (propagated)
                                  3.000000    3.000000 ^ input external delay
     1    0.002740    0.019477    0.010106    3.010106 ^ rst (in)
                                                         rst (net)
                      0.019478    0.000000    3.010106 ^ input2/A (sky130_fd_sc_hd__clkbuf_2)
     6    0.021273    0.121213    0.150699    3.160805 ^ input2/X (sky130_fd_sc_hd__clkbuf_2)
                                                         net2 (net)
                      0.121218    0.000672    3.161477 ^ _052_/A (sky130_fd_sc_hd__inv_2)
     5    0.012918    0.047603    0.068512    3.229988 v _052_/Y (sky130_fd_sc_hd__inv_2)
                                                         _020_ (net)
                      0.047605    0.000262    3.230250 v _054_/A (sky130_fd_sc_hd__and3_1)
     1    0.002064    0.033374    0.134924    3.365174 v _054_/X (sky130_fd_sc_hd__and3_1)
                                                         _000_ (net)
                      0.033374    0.000060    3.365234 v _103_/D (sky130_fd_sc_hd__dfxtp_1)
                                              3.365234   data arrival time

                                 19.000000   19.000000   clock clk (rise edge)
                                  0.000000   19.000000   clock source latency
     1    0.010565    0.053958    0.035921   19.035921 ^ clk (in)
                                                         clk (net)
                      0.053961    0.000000   19.035921 ^ clkbuf_0_clk/A (sky130_fd_sc_hd__clkbuf_16)
     2    0.017542    0.039748    0.126251   19.162172 ^ clkbuf_0_clk/X (sky130_fd_sc_hd__clkbuf_16)
                                                         clknet_0_clk (net)
                      0.039749    0.000417   19.162590 ^ clkbuf_1_0__f_clk/A (sky130_fd_sc_hd__clkbuf_16)
     7    0.017962    0.040104    0.121522   19.284113 ^ clkbuf_1_0__f_clk/X (sky130_fd_sc_hd__clkbuf_16)
                                                         clknet_1_0__leaf_clk (net)
                      0.040105    0.000329   19.284441 ^ _103_/CLK (sky130_fd_sc_hd__dfxtp_1)
                                 -0.250000   19.034443   clock uncertainty
                                  0.000000   19.034443   clock reconvergence pessimism
                                 -0.106570   18.927874   library setup time
                                             18.927874   data required time
---------------------------------------------------------------------------------------------
                                             18.927874   data required time
                                             -3.365234   data arrival time
---------------------------------------------------------------------------------------------
                                             15.562639   slack (MET)


Startpoint: rst (input port clocked by clk)
Endpoint: _102_ (rising edge-triggered flip-flop clocked by clk)
Path Group: clk
Path Type: max

Fanout         Cap        Slew       Delay        Time   Description
---------------------------------------------------------------------------------------------
                                  0.000000    0.000000   clock clk (rise edge)
                                  0.000000    0.000000   clock network delay (propagated)
                                  3.000000    3.000000 ^ input external delay
     1    0.002740    0.019477    0.010106    3.010106 ^ rst (in)
                                                         rst (net)
                      0.019478    0.000000    3.010106 ^ input2/A (sky130_fd_sc_hd__clkbuf_2)
     6    0.021273    0.121213    0.150699    3.160805 ^ input2/X (sky130_fd_sc_hd__clkbuf_2)
                                                         net2 (net)
                      0.121218    0.000672    3.161477 ^ _052_/A (sky130_fd_sc_hd__inv_2)
     5    0.012918    0.047603    0.068512    3.229988 v _052_/Y (sky130_fd_sc_hd__inv_2)
                                                         _020_ (net)
                      0.047605    0.000226    3.230215 v _063_/B1 (sky130_fd_sc_hd__o21a_1)
     1    0.002878    0.035305    0.099423    3.329638 v _063_/X (sky130_fd_sc_hd__o21a_1)
                                                         _003_ (net)
                      0.035306    0.000094    3.329732 v _102_/D (sky130_fd_sc_hd__dfxtp_1)
                                              3.329732   data arrival time

                                 19.000000   19.000000   clock clk (rise edge)
                                  0.000000   19.000000   clock source latency
     1    0.010565    0.053958    0.035921   19.035921 ^ clk (in)
                                                         clk (net)
                      0.053961    0.000000   19.035921 ^ clkbuf_0_clk/A (sky130_fd_sc_hd__clkbuf_16)
     2    0.017542    0.039748    0.126251   19.162172 ^ clkbuf_0_clk/X (sky130_fd_sc_hd__clkbuf_16)
                                                         clknet_0_clk (net)
                      0.039749    0.000417   19.162590 ^ clkbuf_1_0__f_clk/A (sky130_fd_sc_hd__clkbuf_16)
     7    0.017962    0.040104    0.121522   19.284113 ^ clkbuf_1_0__f_clk/X (sky130_fd_sc_hd__clkbuf_16)
                                                         clknet_1_0__leaf_clk (net)
                      0.040105    0.000266   19.284380 ^ _102_/CLK (sky130_fd_sc_hd__dfxtp_1)
                                 -0.250000   19.034380   clock uncertainty
                                  0.000000   19.034380   clock reconvergence pessimism
                                 -0.107418   18.926962   library setup time
                                             18.926962   data required time
---------------------------------------------------------------------------------------------
                                             18.926962   data required time
                                             -3.329732   data arrival time
---------------------------------------------------------------------------------------------
                                             15.597231   slack (MET)


Startpoint: rst (input port clocked by clk)
Endpoint: _099_ (rising edge-triggered flip-flop clocked by clk)
Path Group: clk
Path Type: max

Fanout         Cap        Slew       Delay        Time   Description
---------------------------------------------------------------------------------------------
                                  0.000000    0.000000   clock clk (rise edge)
                                  0.000000    0.000000   clock network delay (propagated)
                                  3.000000    3.000000 ^ input external delay
     1    0.002740    0.019477    0.010106    3.010106 ^ rst (in)
                                                         rst (net)
                      0.019478    0.000000    3.010106 ^ input2/A (sky130_fd_sc_hd__clkbuf_2)
     6    0.021273    0.121213    0.150699    3.160805 ^ input2/X (sky130_fd_sc_hd__clkbuf_2)
                                                         net2 (net)
                      0.121218    0.000672    3.161477 ^ _052_/A (sky130_fd_sc_hd__inv_2)
     5    0.012918    0.047603    0.068512    3.229988 v _052_/Y (sky130_fd_sc_hd__inv_2)
                                                         _020_ (net)
                      0.047606    0.000311    3.230299 v _065_/B1 (sky130_fd_sc_hd__o21a_1)
     1    0.001878    0.030425    0.093578    3.323877 v _065_/X (sky130_fd_sc_hd__o21a_1)
                                                         _005_ (net)
                      0.030425    0.000053    3.323931 v _099_/D (sky130_fd_sc_hd__dfxtp_1)
                                              3.323931   data arrival time

                                 19.000000   19.000000   clock clk (rise edge)
                                  0.000000   19.000000   clock source latency
     1    0.010565    0.053958    0.035921   19.035921 ^ clk (in)
                                                         clk (net)
                      0.053961    0.000000   19.035921 ^ clkbuf_0_clk/A (sky130_fd_sc_hd__clkbuf_16)
     2    0.017542    0.039748    0.126251   19.162172 ^ clkbuf_0_clk/X (sky130_fd_sc_hd__clkbuf_16)
                                                         clknet_0_clk (net)
                      0.039749    0.000398   19.162571 ^ clkbuf_1_1__f_clk/A (sky130_fd_sc_hd__clkbuf_16)
    10    0.025045    0.046345    0.128193   19.290764 ^ clkbuf_1_1__f_clk/X (sky130_fd_sc_hd__clkbuf_16)
                                                         clknet_1_1__leaf_clk (net)
                      0.046363    0.000693   19.291456 ^ _099_/CLK (sky130_fd_sc_hd__dfxtp_1)
                                 -0.250000   19.041456   clock uncertainty
                                  0.000000   19.041456   clock reconvergence pessimism
                                 -0.103815   18.937643   library setup time
                                             18.937643   data required time
---------------------------------------------------------------------------------------------
                                             18.937643   data required time
                                             -3.323931   data arrival time
---------------------------------------------------------------------------------------------
                                             15.613711   slack (MET)


Startpoint: rst (input port clocked by clk)
Endpoint: _107_ (rising edge-triggered flip-flop clocked by clk)
Path Group: clk
Path Type: max

Fanout         Cap        Slew       Delay        Time   Description
---------------------------------------------------------------------------------------------
                                  0.000000    0.000000   clock clk (rise edge)
                                  0.000000    0.000000   clock network delay (propagated)
                                  3.000000    3.000000 v input external delay
     1    0.002510    0.007957    0.003944    3.003944 v rst (in)
                                                         rst (net)
                      0.007957    0.000000    3.003944 v input2/A (sky130_fd_sc_hd__clkbuf_2)
     6    0.019330    0.079533    0.131552    3.135496 v input2/X (sky130_fd_sc_hd__clkbuf_2)
                                                         net2 (net)
                      0.079534    0.000306    3.135802 v _074_/C1 (sky130_fd_sc_hd__a211oi_1)
     1    0.002031    0.161006    0.158725    3.294527 ^ _074_/Y (sky130_fd_sc_hd__a211oi_1)
                                                         _009_ (net)
                      0.161006    0.000060    3.294587 ^ _107_/D (sky130_fd_sc_hd__dfxtp_1)
                                              3.294587   data arrival time

                                 19.000000   19.000000   clock clk (rise edge)
                                  0.000000   19.000000   clock source latency
     1    0.010565    0.053958    0.035921   19.035921 ^ clk (in)
                                                         clk (net)
                      0.053961    0.000000   19.035921 ^ clkbuf_0_clk/A (sky130_fd_sc_hd__clkbuf_16)
     2    0.017542    0.039748    0.126251   19.162172 ^ clkbuf_0_clk/X (sky130_fd_sc_hd__clkbuf_16)
                                                         clknet_0_clk (net)
                      0.039749    0.000398   19.162571 ^ clkbuf_1_1__f_clk/A (sky130_fd_sc_hd__clkbuf_16)
    10    0.025045    0.046345    0.128193   19.290764 ^ clkbuf_1_1__f_clk/X (sky130_fd_sc_hd__clkbuf_16)
                                                         clknet_1_1__leaf_clk (net)
                      0.046367    0.000767   19.291531 ^ _107_/CLK (sky130_fd_sc_hd__dfxtp_1)
                                 -0.250000   19.041531   clock uncertainty
                                  0.000000   19.041531   clock reconvergence pessimism
                                 -0.080602   18.960930   library setup time
                                             18.960930   data required time
---------------------------------------------------------------------------------------------
                                             18.960930   data required time
                                             -3.294587   data arrival time
---------------------------------------------------------------------------------------------
                                             15.666344   slack (MET)



