
===========================================================================
report_checks -unconstrained
===========================================================================
======================= nom_ss_100C_1v60 Corner ===================================

Startpoint: _110_ (rising edge-triggered flip-flop clocked by clk)
Endpoint: count_out[2] (output port clocked by clk)
Path Group: clk
Path Type: max

Fanout         Cap        Slew       Delay        Time   Description
---------------------------------------------------------------------------------------------
                                  0.000000    0.000000   clock clk (rise edge)
                                  0.000000    0.000000   clock source latency
     1    0.010540    0.084815    0.055146    0.055146 ^ clk (in)
                                                         clk (net)
                      0.084816    0.000000    0.055146 ^ clkbuf_0_clk/A (sky130_fd_sc_hd__clkbuf_16)
     2    0.018617    0.065708    0.226273    0.281419 ^ clkbuf_0_clk/X (sky130_fd_sc_hd__clkbuf_16)
                                                         clknet_0_clk (net)
                      0.065708    0.000474    0.281893 ^ clkbuf_1_0__f_clk/A (sky130_fd_sc_hd__clkbuf_16)
     8    0.018517    0.065592    0.217436    0.499329 ^ clkbuf_1_0__f_clk/X (sky130_fd_sc_hd__clkbuf_16)
                                                         clknet_1_0__leaf_clk (net)
                      0.065593    0.000387    0.499715 ^ _110_/CLK (sky130_fd_sc_hd__dfxtp_1)
     8    0.019774    0.303604    0.799888    1.299603 ^ _110_/Q (sky130_fd_sc_hd__dfxtp_1)
                                                         net6 (net)
                      0.303607    0.000813    1.300416 ^ output6/A (sky130_fd_sc_hd__buf_2)
     1    0.034061    0.271357    0.445357    1.745774 ^ output6/X (sky130_fd_sc_hd__buf_2)
                                                         count_out[2] (net)
                      0.271360    0.000734    1.746508 ^ count_out[2] (out)
                                              1.746508   data arrival time

                                 25.000000   25.000000   clock clk (rise edge)
                                  0.000000   25.000000   clock network delay (propagated)
                                 -0.250000   24.750000   clock uncertainty
                                  0.000000   24.750000   clock reconvergence pessimism
                                 -5.000000   19.750000   output external delay
                                             19.750000   data required time
---------------------------------------------------------------------------------------------
                                             19.750000   data required time
                                             -1.746508   data arrival time
---------------------------------------------------------------------------------------------
                                             18.003490   slack (MET)




===========================================================================
report_checks --slack_max -0.01
============================================================================
======================= nom_ss_100C_1v60 Corner ===================================

No paths found.


===========================================================================
 report_check_types -max_slew -max_cap -max_fanout -violators
============================================================================
======================= nom_ss_100C_1v60 Corner ===================================



===========================================================================
report_parasitic_annotation -report_unannotated
============================================================================
Found 0 unannotated drivers.
Found 0 partially unannotated drivers.

===========================================================================
max slew violation count 0
max fanout violation count 0
max cap violation count 0
============================================================================

===========================================================================
check_setup -verbose -unconstrained_endpoints -multiple_clock -no_clock -no_input_delay -loops -generated_clocks
===========================================================================
