
===========================================================================
report_checks -path_delay min (Hold)
============================================================================
======================= nom_tt_025C_1v80 Corner ===================================

Startpoint: _100_ (rising edge-triggered flip-flop clocked by clk)
Endpoint: _108_ (rising edge-triggered flip-flop clocked by clk)
Path Group: clk
Path Type: min

Fanout         Cap        Slew       Delay        Time   Description
---------------------------------------------------------------------------------------------
                                  0.000000    0.000000   clock clk (rise edge)
                                  0.000000    0.000000   clock source latency
     1    0.007894    0.043275    0.027159    0.027159 ^ clk (in)
                                                         clk (net)
                      0.043275    0.000000    0.027159 ^ clkbuf_0_clk/A (sky130_fd_sc_hd__clkbuf_16)
     2    0.015788    0.039241    0.120826    0.147985 ^ clkbuf_0_clk/X (sky130_fd_sc_hd__clkbuf_16)
                                                         clknet_0_clk (net)
                      0.039241    0.000000    0.147985 ^ clkbuf_1_1__f_clk/A (sky130_fd_sc_hd__clkbuf_16)
    10    0.018770    0.042064    0.122230    0.270215 ^ clkbuf_1_1__f_clk/X (sky130_fd_sc_hd__clkbuf_16)
                                                         clknet_1_1__leaf_clk (net)
                      0.042064    0.000000    0.270215 ^ _100_/CLK (sky130_fd_sc_hd__dfxtp_1)
     4    0.007518    0.047120    0.309698    0.579913 v _100_/Q (sky130_fd_sc_hd__dfxtp_1)
                                                         data_counter_inst.inc (net)
                      0.047120    0.000000    0.579913 v _075_/B (sky130_fd_sc_hd__nand2_1)
     3    0.009540    0.096103    0.103888    0.683801 ^ _075_/Y (sky130_fd_sc_hd__nand2_1)
                                                         _033_ (net)
                      0.096104    0.000140    0.683941 ^ _078_/A2 (sky130_fd_sc_hd__a21oi_1)
     1    0.002846    0.032566    0.073651    0.757592 v _078_/Y (sky130_fd_sc_hd__a21oi_1)
                                                         _010_ (net)
                      0.032566    0.000072    0.757664 v _108_/D (sky130_fd_sc_hd__dfxtp_1)
                                              0.757664   data arrival time

                                  0.000000    0.000000   clock clk (rise edge)
                                  0.000000    0.000000   clock source latency
     1    0.007894    0.043275    0.027159    0.027159 ^ clk (in)
                                                         clk (net)
                      0.043275    0.000000    0.027159 ^ clkbuf_0_clk/A (sky130_fd_sc_hd__clkbuf_16)
     2    0.015788    0.039241    0.120826    0.147985 ^ clkbuf_0_clk/X (sky130_fd_sc_hd__clkbuf_16)
                                                         clknet_0_clk (net)
                      0.039241    0.000000    0.147985 ^ clkbuf_1_0__f_clk/A (sky130_fd_sc_hd__clkbuf_16)
     7    0.020542    0.042305    0.123743    0.271727 ^ clkbuf_1_0__f_clk/X (sky130_fd_sc_hd__clkbuf_16)
                                                         clknet_1_0__leaf_clk (net)
                      0.042314    0.000445    0.272172 ^ _108_/CLK (sky130_fd_sc_hd__dfxtp_1)
                                  0.250000    0.522172   clock uncertainty
                                  0.000000    0.522172   clock reconvergence pessimism
                                 -0.048959    0.473213   library hold time
                                              0.473213   data required time
---------------------------------------------------------------------------------------------
                                              0.473213   data required time
                                             -0.757664   data arrival time
---------------------------------------------------------------------------------------------
                                              0.284450   slack (MET)


Startpoint: _113_ (rising edge-triggered flip-flop clocked by clk)
Endpoint: _113_ (rising edge-triggered flip-flop clocked by clk)
Path Group: clk
Path Type: min

Fanout         Cap        Slew       Delay        Time   Description
---------------------------------------------------------------------------------------------
                                  0.000000    0.000000   clock clk (rise edge)
                                  0.000000    0.000000   clock source latency
     1    0.007894    0.043275    0.027159    0.027159 ^ clk (in)
                                                         clk (net)
                      0.043275    0.000000    0.027159 ^ clkbuf_0_clk/A (sky130_fd_sc_hd__clkbuf_16)
     2    0.015788    0.039241    0.120826    0.147985 ^ clkbuf_0_clk/X (sky130_fd_sc_hd__clkbuf_16)
                                                         clknet_0_clk (net)
                      0.039241    0.000000    0.147985 ^ clkbuf_1_0__f_clk/A (sky130_fd_sc_hd__clkbuf_16)
     7    0.020542    0.042305    0.123743    0.271727 ^ clkbuf_1_0__f_clk/X (sky130_fd_sc_hd__clkbuf_16)
                                                         clknet_1_0__leaf_clk (net)
                      0.042310    0.000299    0.272027 ^ _113_/CLK (sky130_fd_sc_hd__dfxtp_1)
     5    0.013659    0.071536    0.331891    0.603918 v _113_/Q (sky130_fd_sc_hd__dfxtp_1)
                                                         net9 (net)
                      0.071537    0.000235    0.604153 v _093_/A (sky130_fd_sc_hd__nand3_1)
     1    0.002481    0.047950    0.071326    0.675479 ^ _093_/Y (sky130_fd_sc_hd__nand3_1)
                                                         _046_ (net)
                      0.047950    0.000058    0.675537 ^ _095_/B (sky130_fd_sc_hd__and3_1)
     1    0.002413    0.045998    0.137665    0.813202 ^ _095_/X (sky130_fd_sc_hd__and3_1)
                                                         _015_ (net)
                      0.045998    0.000055    0.813257 ^ _113_/D (sky130_fd_sc_hd__dfxtp_1)
                                              0.813257   data arrival time

                                  0.000000    0.000000   clock clk (rise edge)
                                  0.000000    0.000000   clock source latency
     1    0.007894    0.043275    0.027159    0.027159 ^ clk (in)
                                                         clk (net)
                      0.043275    0.000000    0.027159 ^ clkbuf_0_clk/A (sky130_fd_sc_hd__clkbuf_16)
     2    0.015788    0.039241    0.120826    0.147985 ^ clkbuf_0_clk/X (sky130_fd_sc_hd__clkbuf_16)
                                                         clknet_0_clk (net)
                      0.039241    0.000000    0.147985 ^ clkbuf_1_0__f_clk/A (sky130_fd_sc_hd__clkbuf_16)
     7    0.020542    0.042305    0.123743    0.271727 ^ clkbuf_1_0__f_clk/X (sky130_fd_sc_hd__clkbuf_16)
                                                         clknet_1_0__leaf_clk (net)
                      0.042310    0.000299    0.272027 ^ _113_/CLK (sky130_fd_sc_hd__dfxtp_1)
                                  0.250000    0.522027   clock uncertainty
                                  0.000000    0.522027   clock reconvergence pessimism
                                 -0.031834    0.490193   library hold time
                                              0.490193   data required time
---------------------------------------------------------------------------------------------
                                              0.490193   data required time
                                             -0.813257   data arrival time
---------------------------------------------------------------------------------------------
                                              0.323064   slack (MET)


Startpoint: _111_ (rising edge-triggered flip-flop clocked by clk)
Endpoint: _111_ (rising edge-triggered flip-flop clocked by clk)
Path Group: clk
Path Type: min

Fanout         Cap        Slew       Delay        Time   Description
---------------------------------------------------------------------------------------------
                                  0.000000    0.000000   clock clk (rise edge)
                                  0.000000    0.000000   clock source latency
     1    0.007894    0.043275    0.027159    0.027159 ^ clk (in)
                                                         clk (net)
                      0.043275    0.000000    0.027159 ^ clkbuf_0_clk/A (sky130_fd_sc_hd__clkbuf_16)
     2    0.015788    0.039241    0.120826    0.147985 ^ clkbuf_0_clk/X (sky130_fd_sc_hd__clkbuf_16)
                                                         clknet_0_clk (net)
                      0.039241    0.000000    0.147985 ^ clkbuf_1_1__f_clk/A (sky130_fd_sc_hd__clkbuf_16)
    10    0.018770    0.042064    0.122230    0.270215 ^ clkbuf_1_1__f_clk/X (sky130_fd_sc_hd__clkbuf_16)
                                                         clknet_1_1__leaf_clk (net)
                      0.042064    0.000000    0.270215 ^ _111_/CLK (sky130_fd_sc_hd__dfxtp_1)
     6    0.016201    0.082478    0.340588    0.610802 v _111_/Q (sky130_fd_sc_hd__dfxtp_1)
                                                         net7 (net)
                      0.082480    0.000287    0.611090 v _086_/A (sky130_fd_sc_hd__nand3_1)
     1    0.002520    0.050001    0.076292    0.687382 ^ _086_/Y (sky130_fd_sc_hd__nand3_1)
                                                         _041_ (net)
                      0.050001    0.000079    0.687461 ^ _088_/B (sky130_fd_sc_hd__and3_1)
     1    0.002811    0.049422    0.141817    0.829278 ^ _088_/X (sky130_fd_sc_hd__and3_1)
                                                         _013_ (net)
                      0.049422    0.000089    0.829367 ^ _111_/D (sky130_fd_sc_hd__dfxtp_1)
                                              0.829367   data arrival time

                                  0.000000    0.000000   clock clk (rise edge)
                                  0.000000    0.000000   clock source latency
     1    0.007894    0.043275    0.027159    0.027159 ^ clk (in)
                                                         clk (net)
                      0.043275    0.000000    0.027159 ^ clkbuf_0_clk/A (sky130_fd_sc_hd__clkbuf_16)
     2    0.015788    0.039241    0.120826    0.147985 ^ clkbuf_0_clk/X (sky130_fd_sc_hd__clkbuf_16)
                                                         clknet_0_clk (net)
                      0.039241    0.000000    0.147985 ^ clkbuf_1_1__f_clk/A (sky130_fd_sc_hd__clkbuf_16)
    10    0.018770    0.042064    0.122230    0.270215 ^ clkbuf_1_1__f_clk/X (sky130_fd_sc_hd__clkbuf_16)
                                                         clknet_1_1__leaf_clk (net)
                      0.042064    0.000000    0.270215 ^ _111_/CLK (sky130_fd_sc_hd__dfxtp_1)
                                  0.250000    0.520215   clock uncertainty
                                  0.000000    0.520215   clock reconvergence pessimism
                                 -0.032584    0.487631   library hold time
                                              0.487631   data required time
---------------------------------------------------------------------------------------------
                                              0.487631   data required time
                                             -0.829367   data arrival time
---------------------------------------------------------------------------------------------
                                              0.341736   slack (MET)


Startpoint: _107_ (rising edge-triggered flip-flop clocked by clk)
Endpoint: _099_ (rising edge-triggered flip-flop clocked by clk)
Path Group: clk
Path Type: min

Fanout         Cap        Slew       Delay        Time   Description
---------------------------------------------------------------------------------------------
                                  0.000000    0.000000   clock clk (rise edge)
                                  0.000000    0.000000   clock source latency
     1    0.007894    0.043275    0.027159    0.027159 ^ clk (in)
                                                         clk (net)
                      0.043275    0.000000    0.027159 ^ clkbuf_0_clk/A (sky130_fd_sc_hd__clkbuf_16)
     2    0.015788    0.039241    0.120826    0.147985 ^ clkbuf_0_clk/X (sky130_fd_sc_hd__clkbuf_16)
                                                         clknet_0_clk (net)
                      0.039241    0.000000    0.147985 ^ clkbuf_1_1__f_clk/A (sky130_fd_sc_hd__clkbuf_16)
    10    0.018770    0.042064    0.122230    0.270215 ^ clkbuf_1_1__f_clk/X (sky130_fd_sc_hd__clkbuf_16)
                                                         clknet_1_1__leaf_clk (net)
                      0.042064    0.000000    0.270215 ^ _107_/CLK (sky130_fd_sc_hd__dfxtp_1)
     2    0.006345    0.070837    0.322059    0.592273 ^ _107_/Q (sky130_fd_sc_hd__dfxtp_1)
                                                         data_edge_detector_inst.reset_counter[1] (net)
                      0.070838    0.000218    0.592491 ^ _064_/A1 (sky130_fd_sc_hd__a21boi_1)
     2    0.005538    0.046902    0.075409    0.667900 v _064_/Y (sky130_fd_sc_hd__a21boi_1)
                                                         _028_ (net)
                      0.046903    0.000129    0.668029 v _065_/A2 (sky130_fd_sc_hd__o21a_1)
     1    0.002190    0.026201    0.158724    0.826753 v _065_/X (sky130_fd_sc_hd__o21a_1)
                                                         _005_ (net)
                      0.026202    0.000047    0.826801 v _099_/D (sky130_fd_sc_hd__dfxtp_1)
                                              0.826801   data arrival time

                                  0.000000    0.000000   clock clk (rise edge)
                                  0.000000    0.000000   clock source latency
     1    0.007894    0.043275    0.027159    0.027159 ^ clk (in)
                                                         clk (net)
                      0.043275    0.000000    0.027159 ^ clkbuf_0_clk/A (sky130_fd_sc_hd__clkbuf_16)
     2    0.015788    0.039241    0.120826    0.147985 ^ clkbuf_0_clk/X (sky130_fd_sc_hd__clkbuf_16)
                                                         clknet_0_clk (net)
                      0.039241    0.000000    0.147985 ^ clkbuf_1_1__f_clk/A (sky130_fd_sc_hd__clkbuf_16)
    10    0.018770    0.042064    0.122230    0.270215 ^ clkbuf_1_1__f_clk/X (sky130_fd_sc_hd__clkbuf_16)
                                                         clknet_1_1__leaf_clk (net)
                      0.042064    0.000000    0.270215 ^ _099_/CLK (sky130_fd_sc_hd__dfxtp_1)
                                  0.250000    0.520215   clock uncertainty
                                  0.000000    0.520215   clock reconvergence pessimism
                                 -0.046360    0.473855   library hold time
                                              0.473855   data required time
---------------------------------------------------------------------------------------------
                                              0.473855   data required time
                                             -0.826801   data arrival time
---------------------------------------------------------------------------------------------
                                              0.352946   slack (MET)


Startpoint: _098_ (rising edge-triggered flip-flop clocked by clk)
Endpoint: _107_ (rising edge-triggered flip-flop clocked by clk)
Path Group: clk
Path Type: min

Fanout         Cap        Slew       Delay        Time   Description
---------------------------------------------------------------------------------------------
                                  0.000000    0.000000   clock clk (rise edge)
                                  0.000000    0.000000   clock source latency
     1    0.007894    0.043275    0.027159    0.027159 ^ clk (in)
                                                         clk (net)
                      0.043275    0.000000    0.027159 ^ clkbuf_0_clk/A (sky130_fd_sc_hd__clkbuf_16)
     2    0.015788    0.039241    0.120826    0.147985 ^ clkbuf_0_clk/X (sky130_fd_sc_hd__clkbuf_16)
                                                         clknet_0_clk (net)
                      0.039241    0.000000    0.147985 ^ clkbuf_1_1__f_clk/A (sky130_fd_sc_hd__clkbuf_16)
    10    0.018770    0.042064    0.122230    0.270215 ^ clkbuf_1_1__f_clk/X (sky130_fd_sc_hd__clkbuf_16)
                                                         clknet_1_1__leaf_clk (net)
                      0.042064    0.000000    0.270215 ^ _098_/CLK (sky130_fd_sc_hd__dfxtp_1)
     4    0.011150    0.113148    0.353351    0.623565 ^ _098_/Q (sky130_fd_sc_hd__dfxtp_1)
                                                         data_edge_detector_inst.state[0] (net)
                      0.113149    0.000292    0.623857 ^ _071_/B (sky130_fd_sc_hd__and2b_1)
     2    0.006197    0.068884    0.153628    0.777485 ^ _071_/X (sky130_fd_sc_hd__and2b_1)
                                                         _031_ (net)
                      0.068885    0.000131    0.777616 ^ _074_/B1 (sky130_fd_sc_hd__a211oi_1)
     1    0.002615    0.035534    0.049835    0.827450 v _074_/Y (sky130_fd_sc_hd__a211oi_1)
                                                         _009_ (net)
                      0.035534    0.000081    0.827532 v _107_/D (sky130_fd_sc_hd__dfxtp_1)
                                              0.827532   data arrival time

                                  0.000000    0.000000   clock clk (rise edge)
                                  0.000000    0.000000   clock source latency
     1    0.007894    0.043275    0.027159    0.027159 ^ clk (in)
                                                         clk (net)
                      0.043275    0.000000    0.027159 ^ clkbuf_0_clk/A (sky130_fd_sc_hd__clkbuf_16)
     2    0.015788    0.039241    0.120826    0.147985 ^ clkbuf_0_clk/X (sky130_fd_sc_hd__clkbuf_16)
                                                         clknet_0_clk (net)
                      0.039241    0.000000    0.147985 ^ clkbuf_1_1__f_clk/A (sky130_fd_sc_hd__clkbuf_16)
    10    0.018770    0.042064    0.122230    0.270215 ^ clkbuf_1_1__f_clk/X (sky130_fd_sc_hd__clkbuf_16)
                                                         clknet_1_1__leaf_clk (net)
                      0.042064    0.000000    0.270215 ^ _107_/CLK (sky130_fd_sc_hd__dfxtp_1)
                                  0.250000    0.520215   clock uncertainty
                                  0.000000    0.520215   clock reconvergence pessimism
                                 -0.050254    0.469961   library hold time
                                              0.469961   data required time
---------------------------------------------------------------------------------------------
                                              0.469961   data required time
                                             -0.827532   data arrival time
---------------------------------------------------------------------------------------------
                                              0.357571   slack (MET)


Startpoint: _102_ (rising edge-triggered flip-flop clocked by clk)
Endpoint: _101_ (rising edge-triggered flip-flop clocked by clk)
Path Group: clk
Path Type: min

Fanout         Cap        Slew       Delay        Time   Description
---------------------------------------------------------------------------------------------
                                  0.000000    0.000000   clock clk (rise edge)
                                  0.000000    0.000000   clock source latency
     1    0.007894    0.043275    0.027159    0.027159 ^ clk (in)
                                                         clk (net)
                      0.043275    0.000000    0.027159 ^ clkbuf_0_clk/A (sky130_fd_sc_hd__clkbuf_16)
     2    0.015788    0.039241    0.120826    0.147985 ^ clkbuf_0_clk/X (sky130_fd_sc_hd__clkbuf_16)
                                                         clknet_0_clk (net)
                      0.039241    0.000000    0.147985 ^ clkbuf_1_0__f_clk/A (sky130_fd_sc_hd__clkbuf_16)
     7    0.020542    0.042305    0.123743    0.271727 ^ clkbuf_1_0__f_clk/X (sky130_fd_sc_hd__clkbuf_16)
                                                         clknet_1_0__leaf_clk (net)
                      0.042312    0.000369    0.272096 ^ _102_/CLK (sky130_fd_sc_hd__dfxtp_1)
     6    0.019828    0.191287    0.409118    0.681214 ^ _102_/Q (sky130_fd_sc_hd__dfxtp_1)
                                                         net12 (net)
                      0.191288    0.000416    0.681631 ^ _061_/B1 (sky130_fd_sc_hd__a221o_1)
     1    0.002994    0.044041    0.170893    0.852523 ^ _061_/X (sky130_fd_sc_hd__a221o_1)
                                                         _002_ (net)
                      0.044041    0.000097    0.852620 ^ _101_/D (sky130_fd_sc_hd__dfxtp_1)
                                              0.852620   data arrival time

                                  0.000000    0.000000   clock clk (rise edge)
                                  0.000000    0.000000   clock source latency
     1    0.007894    0.043275    0.027159    0.027159 ^ clk (in)
                                                         clk (net)
                      0.043275    0.000000    0.027159 ^ clkbuf_0_clk/A (sky130_fd_sc_hd__clkbuf_16)
     2    0.015788    0.039241    0.120826    0.147985 ^ clkbuf_0_clk/X (sky130_fd_sc_hd__clkbuf_16)
                                                         clknet_0_clk (net)
                      0.039241    0.000000    0.147985 ^ clkbuf_1_0__f_clk/A (sky130_fd_sc_hd__clkbuf_16)
     7    0.020542    0.042305    0.123743    0.271727 ^ clkbuf_1_0__f_clk/X (sky130_fd_sc_hd__clkbuf_16)
                                                         clknet_1_0__leaf_clk (net)
                      0.042321    0.000626    0.272353 ^ _101_/CLK (sky130_fd_sc_hd__dfxtp_1)
                                  0.250000    0.522353   clock uncertainty
                                  0.000000    0.522353   clock reconvergence pessimism
                                 -0.031423    0.490931   library hold time
                                              0.490931   data required time
---------------------------------------------------------------------------------------------
                                              0.490931   data required time
                                             -0.852620   data arrival time
---------------------------------------------------------------------------------------------
                                              0.361689   slack (MET)


Startpoint: _110_ (rising edge-triggered flip-flop clocked by clk)
Endpoint: _110_ (rising edge-triggered flip-flop clocked by clk)
Path Group: clk
Path Type: min

Fanout         Cap        Slew       Delay        Time   Description
---------------------------------------------------------------------------------------------
                                  0.000000    0.000000   clock clk (rise edge)
                                  0.000000    0.000000   clock source latency
     1    0.007894    0.043275    0.027159    0.027159 ^ clk (in)
                                                         clk (net)
                      0.043275    0.000000    0.027159 ^ clkbuf_0_clk/A (sky130_fd_sc_hd__clkbuf_16)
     2    0.015788    0.039241    0.120826    0.147985 ^ clkbuf_0_clk/X (sky130_fd_sc_hd__clkbuf_16)
                                                         clknet_0_clk (net)
                      0.039241    0.000000    0.147985 ^ clkbuf_1_1__f_clk/A (sky130_fd_sc_hd__clkbuf_16)
    10    0.018770    0.042064    0.122230    0.270215 ^ clkbuf_1_1__f_clk/X (sky130_fd_sc_hd__clkbuf_16)
                                                         clknet_1_1__leaf_clk (net)
                      0.042064    0.000000    0.270215 ^ _110_/CLK (sky130_fd_sc_hd__dfxtp_1)
     8    0.021275    0.104677    0.358092    0.628307 v _110_/Q (sky130_fd_sc_hd__dfxtp_1)
                                                         net6 (net)
                      0.104680    0.000444    0.628751 v _083_/A (sky130_fd_sc_hd__nand2_1)
     1    0.003150    0.049288    0.081036    0.709788 ^ _083_/Y (sky130_fd_sc_hd__nand2_1)
                                                         _039_ (net)
                      0.049288    0.000101    0.709889 ^ _085_/B (sky130_fd_sc_hd__and3_1)
     1    0.002742    0.048830    0.140992    0.850881 ^ _085_/X (sky130_fd_sc_hd__and3_1)
                                                         _012_ (net)
                      0.048830    0.000088    0.850969 ^ _110_/D (sky130_fd_sc_hd__dfxtp_1)
                                              0.850969   data arrival time

                                  0.000000    0.000000   clock clk (rise edge)
                                  0.000000    0.000000   clock source latency
     1    0.007894    0.043275    0.027159    0.027159 ^ clk (in)
                                                         clk (net)
                      0.043275    0.000000    0.027159 ^ clkbuf_0_clk/A (sky130_fd_sc_hd__clkbuf_16)
     2    0.015788    0.039241    0.120826    0.147985 ^ clkbuf_0_clk/X (sky130_fd_sc_hd__clkbuf_16)
                                                         clknet_0_clk (net)
                      0.039241    0.000000    0.147985 ^ clkbuf_1_1__f_clk/A (sky130_fd_sc_hd__clkbuf_16)
    10    0.018770    0.042064    0.122230    0.270215 ^ clkbuf_1_1__f_clk/X (sky130_fd_sc_hd__clkbuf_16)
                                                         clknet_1_1__leaf_clk (net)
                      0.042064    0.000000    0.270215 ^ _110_/CLK (sky130_fd_sc_hd__dfxtp_1)
                                  0.250000    0.520215   clock uncertainty
                                  0.000000    0.520215   clock reconvergence pessimism
                                 -0.032460    0.487755   library hold time
                                              0.487755   data required time
---------------------------------------------------------------------------------------------
                                              0.487755   data required time
                                             -0.850969   data arrival time
---------------------------------------------------------------------------------------------
                                              0.363215   slack (MET)


Startpoint: _114_ (rising edge-triggered flip-flop clocked by clk)
Endpoint: _114_ (rising edge-triggered flip-flop clocked by clk)
Path Group: clk
Path Type: min

Fanout         Cap        Slew       Delay        Time   Description
---------------------------------------------------------------------------------------------
                                  0.000000    0.000000   clock clk (rise edge)
                                  0.000000    0.000000   clock source latency
     1    0.007894    0.043275    0.027159    0.027159 ^ clk (in)
                                                         clk (net)
                      0.043275    0.000000    0.027159 ^ clkbuf_0_clk/A (sky130_fd_sc_hd__clkbuf_16)
     2    0.015788    0.039241    0.120826    0.147985 ^ clkbuf_0_clk/X (sky130_fd_sc_hd__clkbuf_16)
                                                         clknet_0_clk (net)
                      0.039241    0.000000    0.147985 ^ clkbuf_1_0__f_clk/A (sky130_fd_sc_hd__clkbuf_16)
     7    0.020542    0.042305    0.123743    0.271727 ^ clkbuf_1_0__f_clk/X (sky130_fd_sc_hd__clkbuf_16)
                                                         clknet_1_0__leaf_clk (net)
                      0.042324    0.000679    0.272406 ^ _114_/CLK (sky130_fd_sc_hd__dfxtp_1)
     3    0.008619    0.050432    0.314111    0.586518 v _114_/Q (sky130_fd_sc_hd__dfxtp_1)
                                                         net10 (net)
                      0.050434    0.000273    0.586790 v _058_/A (sky130_fd_sc_hd__nand2_1)
     4    0.014037    0.134075    0.125807    0.712597 ^ _058_/Y (sky130_fd_sc_hd__nand2_1)
                                                         _024_ (net)
                      0.134078    0.000542    0.713139 ^ _097_/A1 (sky130_fd_sc_hd__o211a_1)
     1    0.002268    0.036543    0.162884    0.876023 ^ _097_/X (sky130_fd_sc_hd__o211a_1)
                                                         _016_ (net)
                      0.036543    0.000048    0.876071 ^ _114_/D (sky130_fd_sc_hd__dfxtp_1)
                                              0.876071   data arrival time

                                  0.000000    0.000000   clock clk (rise edge)
                                  0.000000    0.000000   clock source latency
     1    0.007894    0.043275    0.027159    0.027159 ^ clk (in)
                                                         clk (net)
                      0.043275    0.000000    0.027159 ^ clkbuf_0_clk/A (sky130_fd_sc_hd__clkbuf_16)
     2    0.015788    0.039241    0.120826    0.147985 ^ clkbuf_0_clk/X (sky130_fd_sc_hd__clkbuf_16)
                                                         clknet_0_clk (net)
                      0.039241    0.000000    0.147985 ^ clkbuf_1_0__f_clk/A (sky130_fd_sc_hd__clkbuf_16)
     7    0.020542    0.042305    0.123743    0.271727 ^ clkbuf_1_0__f_clk/X (sky130_fd_sc_hd__clkbuf_16)
                                                         clknet_1_0__leaf_clk (net)
                      0.042324    0.000679    0.272406 ^ _114_/CLK (sky130_fd_sc_hd__dfxtp_1)
                                  0.250000    0.522406   clock uncertainty
                                  0.000000    0.522406   clock reconvergence pessimism
                                 -0.029851    0.492555   library hold time
                                              0.492555   data required time
---------------------------------------------------------------------------------------------
                                              0.492555   data required time
                                             -0.876071   data arrival time
---------------------------------------------------------------------------------------------
                                              0.383517   slack (MET)


Startpoint: _098_ (rising edge-triggered flip-flop clocked by clk)
Endpoint: _104_ (rising edge-triggered flip-flop clocked by clk)
Path Group: clk
Path Type: min

Fanout         Cap        Slew       Delay        Time   Description
---------------------------------------------------------------------------------------------
                                  0.000000    0.000000   clock clk (rise edge)
                                  0.000000    0.000000   clock source latency
     1    0.007894    0.043275    0.027159    0.027159 ^ clk (in)
                                                         clk (net)
                      0.043275    0.000000    0.027159 ^ clkbuf_0_clk/A (sky130_fd_sc_hd__clkbuf_16)
     2    0.015788    0.039241    0.120826    0.147985 ^ clkbuf_0_clk/X (sky130_fd_sc_hd__clkbuf_16)
                                                         clknet_0_clk (net)
                      0.039241    0.000000    0.147985 ^ clkbuf_1_1__f_clk/A (sky130_fd_sc_hd__clkbuf_16)
    10    0.018770    0.042064    0.122230    0.270215 ^ clkbuf_1_1__f_clk/X (sky130_fd_sc_hd__clkbuf_16)
                                                         clknet_1_1__leaf_clk (net)
                      0.042064    0.000000    0.270215 ^ _098_/CLK (sky130_fd_sc_hd__dfxtp_1)
     4    0.010609    0.058479    0.321184    0.591399 v _098_/Q (sky130_fd_sc_hd__dfxtp_1)
                                                         data_edge_detector_inst.state[0] (net)
                      0.058480    0.000191    0.591590 v _068_/A (sky130_fd_sc_hd__nor2_1)
     2    0.006140    0.129725    0.142512    0.734101 ^ _068_/Y (sky130_fd_sc_hd__nor2_1)
                                                         _030_ (net)
                      0.129725    0.000113    0.734214 ^ _069_/B1 (sky130_fd_sc_hd__a22o_1)
     1    0.002986    0.044750    0.139743    0.873957 ^ _069_/X (sky130_fd_sc_hd__a22o_1)
                                                         _006_ (net)
                      0.044751    0.000074    0.874031 ^ _104_/D (sky130_fd_sc_hd__dfxtp_1)
                                              0.874031   data arrival time

                                  0.000000    0.000000   clock clk (rise edge)
                                  0.000000    0.000000   clock source latency
     1    0.007894    0.043275    0.027159    0.027159 ^ clk (in)
                                                         clk (net)
                      0.043275    0.000000    0.027159 ^ clkbuf_0_clk/A (sky130_fd_sc_hd__clkbuf_16)
     2    0.015788    0.039241    0.120826    0.147985 ^ clkbuf_0_clk/X (sky130_fd_sc_hd__clkbuf_16)
                                                         clknet_0_clk (net)
                      0.039241    0.000000    0.147985 ^ clkbuf_1_1__f_clk/A (sky130_fd_sc_hd__clkbuf_16)
    10    0.018770    0.042064    0.122230    0.270215 ^ clkbuf_1_1__f_clk/X (sky130_fd_sc_hd__clkbuf_16)
                                                         clknet_1_1__leaf_clk (net)
                      0.042064    0.000000    0.270215 ^ _104_/CLK (sky130_fd_sc_hd__dfxtp_1)
                                  0.250000    0.520215   clock uncertainty
                                  0.000000    0.520215   clock reconvergence pessimism
                                 -0.031605    0.488609   library hold time
                                              0.488609   data required time
---------------------------------------------------------------------------------------------
                                              0.488609   data required time
                                             -0.874031   data arrival time
---------------------------------------------------------------------------------------------
                                              0.385422   slack (MET)


Startpoint: _112_ (rising edge-triggered flip-flop clocked by clk)
Endpoint: _112_ (rising edge-triggered flip-flop clocked by clk)
Path Group: clk
Path Type: min

Fanout         Cap        Slew       Delay        Time   Description
---------------------------------------------------------------------------------------------
                                  0.000000    0.000000   clock clk (rise edge)
                                  0.000000    0.000000   clock source latency
     1    0.007894    0.043275    0.027159    0.027159 ^ clk (in)
                                                         clk (net)
                      0.043275    0.000000    0.027159 ^ clkbuf_0_clk/A (sky130_fd_sc_hd__clkbuf_16)
     2    0.015788    0.039241    0.120826    0.147985 ^ clkbuf_0_clk/X (sky130_fd_sc_hd__clkbuf_16)
                                                         clknet_0_clk (net)
                      0.039241    0.000000    0.147985 ^ clkbuf_1_1__f_clk/A (sky130_fd_sc_hd__clkbuf_16)
    10    0.018770    0.042064    0.122230    0.270215 ^ clkbuf_1_1__f_clk/X (sky130_fd_sc_hd__clkbuf_16)
                                                         clknet_1_1__leaf_clk (net)
                      0.042064    0.000000    0.270215 ^ _112_/CLK (sky130_fd_sc_hd__dfxtp_1)
     4    0.011137    0.113023    0.353285    0.623500 ^ _112_/Q (sky130_fd_sc_hd__dfxtp_1)
                                                         net8 (net)
                      0.113024    0.000252    0.623752 ^ _089_/B1 (sky130_fd_sc_hd__a31o_1)
     1    0.003426    0.046259    0.112747    0.736499 ^ _089_/X (sky130_fd_sc_hd__a31o_1)
                                                         _043_ (net)
                      0.046260    0.000114    0.736612 ^ _092_/B (sky130_fd_sc_hd__and3_1)
     1    0.003185    0.052677    0.144028    0.880641 ^ _092_/X (sky130_fd_sc_hd__and3_1)
                                                         _014_ (net)
                      0.052677    0.000102    0.880743 ^ _112_/D (sky130_fd_sc_hd__dfxtp_1)
                                              0.880743   data arrival time

                                  0.000000    0.000000   clock clk (rise edge)
                                  0.000000    0.000000   clock source latency
     1    0.007894    0.043275    0.027159    0.027159 ^ clk (in)
                                                         clk (net)
                      0.043275    0.000000    0.027159 ^ clkbuf_0_clk/A (sky130_fd_sc_hd__clkbuf_16)
     2    0.015788    0.039241    0.120826    0.147985 ^ clkbuf_0_clk/X (sky130_fd_sc_hd__clkbuf_16)
                                                         clknet_0_clk (net)
                      0.039241    0.000000    0.147985 ^ clkbuf_1_1__f_clk/A (sky130_fd_sc_hd__clkbuf_16)
    10    0.018770    0.042064    0.122230    0.270215 ^ clkbuf_1_1__f_clk/X (sky130_fd_sc_hd__clkbuf_16)
                                                         clknet_1_1__leaf_clk (net)
                      0.042064    0.000000    0.270215 ^ _112_/CLK (sky130_fd_sc_hd__dfxtp_1)
                                  0.250000    0.520215   clock uncertainty
                                  0.000000    0.520215   clock reconvergence pessimism
                                 -0.033266    0.486949   library hold time
                                              0.486949   data required time
---------------------------------------------------------------------------------------------
                                              0.486949   data required time
                                             -0.880743   data arrival time
---------------------------------------------------------------------------------------------
                                              0.393794   slack (MET)


Startpoint: _109_ (rising edge-triggered flip-flop clocked by clk)
Endpoint: _109_ (rising edge-triggered flip-flop clocked by clk)
Path Group: clk
Path Type: min

Fanout         Cap        Slew       Delay        Time   Description
---------------------------------------------------------------------------------------------
                                  0.000000    0.000000   clock clk (rise edge)
                                  0.000000    0.000000   clock source latency
     1    0.007894    0.043275    0.027159    0.027159 ^ clk (in)
                                                         clk (net)
                      0.043275    0.000000    0.027159 ^ clkbuf_0_clk/A (sky130_fd_sc_hd__clkbuf_16)
     2    0.015788    0.039241    0.120826    0.147985 ^ clkbuf_0_clk/X (sky130_fd_sc_hd__clkbuf_16)
                                                         clknet_0_clk (net)
                      0.039241    0.000000    0.147985 ^ clkbuf_1_0__f_clk/A (sky130_fd_sc_hd__clkbuf_16)
     7    0.020542    0.042305    0.123743    0.271727 ^ clkbuf_1_0__f_clk/X (sky130_fd_sc_hd__clkbuf_16)
                                                         clknet_1_0__leaf_clk (net)
                      0.042309    0.000279    0.272007 ^ _109_/CLK (sky130_fd_sc_hd__dfxtp_1)
     4    0.012227    0.122805    0.360374    0.632381 ^ _109_/Q (sky130_fd_sc_hd__dfxtp_1)
                                                         net5 (net)
                      0.122805    0.000247    0.632628 ^ _079_/B1 (sky130_fd_sc_hd__a31o_1)
     1    0.002826    0.041781    0.111118    0.743745 ^ _079_/X (sky130_fd_sc_hd__a31o_1)
                                                         _036_ (net)
                      0.041781    0.000091    0.743836 ^ _081_/C (sky130_fd_sc_hd__and3b_1)
     1    0.002402    0.046221    0.145945    0.889781 ^ _081_/X (sky130_fd_sc_hd__and3b_1)
                                                         _011_ (net)
                      0.046221    0.000052    0.889834 ^ _109_/D (sky130_fd_sc_hd__dfxtp_1)
                                              0.889834   data arrival time

                                  0.000000    0.000000   clock clk (rise edge)
                                  0.000000    0.000000   clock source latency
     1    0.007894    0.043275    0.027159    0.027159 ^ clk (in)
                                                         clk (net)
                      0.043275    0.000000    0.027159 ^ clkbuf_0_clk/A (sky130_fd_sc_hd__clkbuf_16)
     2    0.015788    0.039241    0.120826    0.147985 ^ clkbuf_0_clk/X (sky130_fd_sc_hd__clkbuf_16)
                                                         clknet_0_clk (net)
                      0.039241    0.000000    0.147985 ^ clkbuf_1_0__f_clk/A (sky130_fd_sc_hd__clkbuf_16)
     7    0.020542    0.042305    0.123743    0.271727 ^ clkbuf_1_0__f_clk/X (sky130_fd_sc_hd__clkbuf_16)
                                                         clknet_1_0__leaf_clk (net)
                      0.042309    0.000279    0.272007 ^ _109_/CLK (sky130_fd_sc_hd__dfxtp_1)
                                  0.250000    0.522007   clock uncertainty
                                  0.000000    0.522007   clock reconvergence pessimism
                                 -0.031881    0.490126   library hold time
                                              0.490126   data required time
---------------------------------------------------------------------------------------------
                                              0.490126   data required time
                                             -0.889834   data arrival time
---------------------------------------------------------------------------------------------
                                              0.399708   slack (MET)


Startpoint: _102_ (rising edge-triggered flip-flop clocked by clk)
Endpoint: _102_ (rising edge-triggered flip-flop clocked by clk)
Path Group: clk
Path Type: min

Fanout         Cap        Slew       Delay        Time   Description
---------------------------------------------------------------------------------------------
                                  0.000000    0.000000   clock clk (rise edge)
                                  0.000000    0.000000   clock source latency
     1    0.007894    0.043275    0.027159    0.027159 ^ clk (in)
                                                         clk (net)
                      0.043275    0.000000    0.027159 ^ clkbuf_0_clk/A (sky130_fd_sc_hd__clkbuf_16)
     2    0.015788    0.039241    0.120826    0.147985 ^ clkbuf_0_clk/X (sky130_fd_sc_hd__clkbuf_16)
                                                         clknet_0_clk (net)
                      0.039241    0.000000    0.147985 ^ clkbuf_1_0__f_clk/A (sky130_fd_sc_hd__clkbuf_16)
     7    0.020542    0.042305    0.123743    0.271727 ^ clkbuf_1_0__f_clk/X (sky130_fd_sc_hd__clkbuf_16)
                                                         clknet_1_0__leaf_clk (net)
                      0.042312    0.000369    0.272096 ^ _102_/CLK (sky130_fd_sc_hd__dfxtp_1)
     6    0.018871    0.094013    0.349917    0.622013 v _102_/Q (sky130_fd_sc_hd__dfxtp_1)
                                                         net12 (net)
                      0.094016    0.000400    0.622413 v _062_/B1 (sky130_fd_sc_hd__o31a_1)
     1    0.002979    0.029252    0.120462    0.742875 v _062_/X (sky130_fd_sc_hd__o31a_1)
                                                         _027_ (net)
                      0.029252    0.000069    0.742944 v _063_/A2 (sky130_fd_sc_hd__o21a_1)
     1    0.003406    0.032613    0.160319    0.903263 v _063_/X (sky130_fd_sc_hd__o21a_1)
                                                         _003_ (net)
                      0.032614    0.000119    0.903382 v _102_/D (sky130_fd_sc_hd__dfxtp_1)
                                              0.903382   data arrival time

                                  0.000000    0.000000   clock clk (rise edge)
                                  0.000000    0.000000   clock source latency
     1    0.007894    0.043275    0.027159    0.027159 ^ clk (in)
                                                         clk (net)
                      0.043275    0.000000    0.027159 ^ clkbuf_0_clk/A (sky130_fd_sc_hd__clkbuf_16)
     2    0.015788    0.039241    0.120826    0.147985 ^ clkbuf_0_clk/X (sky130_fd_sc_hd__clkbuf_16)
                                                         clknet_0_clk (net)
                      0.039241    0.000000    0.147985 ^ clkbuf_1_0__f_clk/A (sky130_fd_sc_hd__clkbuf_16)
     7    0.020542    0.042305    0.123743    0.271727 ^ clkbuf_1_0__f_clk/X (sky130_fd_sc_hd__clkbuf_16)
                                                         clknet_1_0__leaf_clk (net)
                      0.042312    0.000369    0.272096 ^ _102_/CLK (sky130_fd_sc_hd__dfxtp_1)
                                  0.250000    0.522096   clock uncertainty
                                  0.000000    0.522096   clock reconvergence pessimism
                                 -0.048980    0.473117   library hold time
                                              0.473117   data required time
---------------------------------------------------------------------------------------------
                                              0.473117   data required time
                                             -0.903382   data arrival time
---------------------------------------------------------------------------------------------
                                              0.430265   slack (MET)


Startpoint: _098_ (rising edge-triggered flip-flop clocked by clk)
Endpoint: _100_ (rising edge-triggered flip-flop clocked by clk)
Path Group: clk
Path Type: min

Fanout         Cap        Slew       Delay        Time   Description
---------------------------------------------------------------------------------------------
                                  0.000000    0.000000   clock clk (rise edge)
                                  0.000000    0.000000   clock source latency
     1    0.007894    0.043275    0.027159    0.027159 ^ clk (in)
                                                         clk (net)
                      0.043275    0.000000    0.027159 ^ clkbuf_0_clk/A (sky130_fd_sc_hd__clkbuf_16)
     2    0.015788    0.039241    0.120826    0.147985 ^ clkbuf_0_clk/X (sky130_fd_sc_hd__clkbuf_16)
                                                         clknet_0_clk (net)
                      0.039241    0.000000    0.147985 ^ clkbuf_1_1__f_clk/A (sky130_fd_sc_hd__clkbuf_16)
    10    0.018770    0.042064    0.122230    0.270215 ^ clkbuf_1_1__f_clk/X (sky130_fd_sc_hd__clkbuf_16)
                                                         clknet_1_1__leaf_clk (net)
                      0.042064    0.000000    0.270215 ^ _098_/CLK (sky130_fd_sc_hd__dfxtp_1)
     4    0.010609    0.058479    0.321184    0.591399 v _098_/Q (sky130_fd_sc_hd__dfxtp_1)
                                                         data_edge_detector_inst.state[0] (net)
                      0.058481    0.000266    0.591665 v _055_/A (sky130_fd_sc_hd__and2_1)
     3    0.008320    0.056450    0.162957    0.754622 v _055_/X (sky130_fd_sc_hd__and2_1)
                                                         _022_ (net)
                      0.056451    0.000225    0.754847 v _056_/C (sky130_fd_sc_hd__and3b_1)
     1    0.003336    0.036040    0.180730    0.935577 v _056_/X (sky130_fd_sc_hd__and3b_1)
                                                         _001_ (net)
                      0.036041    0.000111    0.935688 v _100_/D (sky130_fd_sc_hd__dfxtp_1)
                                              0.935688   data arrival time

                                  0.000000    0.000000   clock clk (rise edge)
                                  0.000000    0.000000   clock source latency
     1    0.007894    0.043275    0.027159    0.027159 ^ clk (in)
                                                         clk (net)
                      0.043275    0.000000    0.027159 ^ clkbuf_0_clk/A (sky130_fd_sc_hd__clkbuf_16)
     2    0.015788    0.039241    0.120826    0.147985 ^ clkbuf_0_clk/X (sky130_fd_sc_hd__clkbuf_16)
                                                         clknet_0_clk (net)
                      0.039241    0.000000    0.147985 ^ clkbuf_1_1__f_clk/A (sky130_fd_sc_hd__clkbuf_16)
    10    0.018770    0.042064    0.122230    0.270215 ^ clkbuf_1_1__f_clk/X (sky130_fd_sc_hd__clkbuf_16)
                                                         clknet_1_1__leaf_clk (net)
                      0.042064    0.000000    0.270215 ^ _100_/CLK (sky130_fd_sc_hd__dfxtp_1)
                                  0.250000    0.520215   clock uncertainty
                                  0.000000    0.520215   clock reconvergence pessimism
                                 -0.050465    0.469749   library hold time
                                              0.469749   data required time
---------------------------------------------------------------------------------------------
                                              0.469749   data required time
                                             -0.935688   data arrival time
---------------------------------------------------------------------------------------------
                                              0.465939   slack (MET)


Startpoint: _104_ (rising edge-triggered flip-flop clocked by clk)
Endpoint: _105_ (rising edge-triggered flip-flop clocked by clk)
Path Group: clk
Path Type: min

Fanout         Cap        Slew       Delay        Time   Description
---------------------------------------------------------------------------------------------
                                  0.000000    0.000000   clock clk (rise edge)
                                  0.000000    0.000000   clock source latency
     1    0.007894    0.043275    0.027159    0.027159 ^ clk (in)
                                                         clk (net)
                      0.043275    0.000000    0.027159 ^ clkbuf_0_clk/A (sky130_fd_sc_hd__clkbuf_16)
     2    0.015788    0.039241    0.120826    0.147985 ^ clkbuf_0_clk/X (sky130_fd_sc_hd__clkbuf_16)
                                                         clknet_0_clk (net)
                      0.039241    0.000000    0.147985 ^ clkbuf_1_1__f_clk/A (sky130_fd_sc_hd__clkbuf_16)
    10    0.018770    0.042064    0.122230    0.270215 ^ clkbuf_1_1__f_clk/X (sky130_fd_sc_hd__clkbuf_16)
                                                         clknet_1_1__leaf_clk (net)
                      0.042064    0.000000    0.270215 ^ _104_/CLK (sky130_fd_sc_hd__dfxtp_1)
     3    0.009945    0.102338    0.345658    0.615873 ^ _104_/Q (sky130_fd_sc_hd__dfxtp_1)
                                                         data_edge_detector_inst.input_buffer[0] (net)
                      0.102339    0.000165    0.616037 ^ _070_/A1 (sky130_fd_sc_hd__a22o_1)
     1    0.002983    0.044724    0.142882    0.758920 ^ _070_/X (sky130_fd_sc_hd__a22o_1)
                                                         _007_ (net)
                      0.044725    0.000075    0.758995 ^ hold3/A (sky130_fd_sc_hd__dlygate4sd3_1)
     1    0.002082    0.047473    0.527988    1.286982 ^ hold3/X (sky130_fd_sc_hd__dlygate4sd3_1)
                                                         net16 (net)
                      0.047473    0.000044    1.287026 ^ _105_/D (sky130_fd_sc_hd__dfxtp_1)
                                              1.287026   data arrival time

                                  0.000000    0.000000   clock clk (rise edge)
                                  0.000000    0.000000   clock source latency
     1    0.007894    0.043275    0.027159    0.027159 ^ clk (in)
                                                         clk (net)
                      0.043275    0.000000    0.027159 ^ clkbuf_0_clk/A (sky130_fd_sc_hd__clkbuf_16)
     2    0.015788    0.039241    0.120826    0.147985 ^ clkbuf_0_clk/X (sky130_fd_sc_hd__clkbuf_16)
                                                         clknet_0_clk (net)
                      0.039241    0.000000    0.147985 ^ clkbuf_1_1__f_clk/A (sky130_fd_sc_hd__clkbuf_16)
    10    0.018770    0.042064    0.122230    0.270215 ^ clkbuf_1_1__f_clk/X (sky130_fd_sc_hd__clkbuf_16)
                                                         clknet_1_1__leaf_clk (net)
                      0.042064    0.000000    0.270215 ^ _105_/CLK (sky130_fd_sc_hd__dfxtp_1)
                                  0.250000    0.520215   clock uncertainty
                                  0.000000    0.520215   clock reconvergence pessimism
                                 -0.032176    0.488039   library hold time
                                              0.488039   data required time
---------------------------------------------------------------------------------------------
                                              0.488039   data required time
                                             -1.287026   data arrival time
---------------------------------------------------------------------------------------------
                                              0.798987   slack (MET)


Startpoint: _101_ (rising edge-triggered flip-flop clocked by clk)
Endpoint: _103_ (rising edge-triggered flip-flop clocked by clk)
Path Group: clk
Path Type: min

Fanout         Cap        Slew       Delay        Time   Description
---------------------------------------------------------------------------------------------
                                  0.000000    0.000000   clock clk (rise edge)
                                  0.000000    0.000000   clock source latency
     1    0.007894    0.043275    0.027159    0.027159 ^ clk (in)
                                                         clk (net)
                      0.043275    0.000000    0.027159 ^ clkbuf_0_clk/A (sky130_fd_sc_hd__clkbuf_16)
     2    0.015788    0.039241    0.120826    0.147985 ^ clkbuf_0_clk/X (sky130_fd_sc_hd__clkbuf_16)
                                                         clknet_0_clk (net)
                      0.039241    0.000000    0.147985 ^ clkbuf_1_0__f_clk/A (sky130_fd_sc_hd__clkbuf_16)
     7    0.020542    0.042305    0.123743    0.271727 ^ clkbuf_1_0__f_clk/X (sky130_fd_sc_hd__clkbuf_16)
                                                         clknet_1_0__leaf_clk (net)
                      0.042321    0.000626    0.272353 ^ _101_/CLK (sky130_fd_sc_hd__dfxtp_1)
     2    0.004556    0.055337    0.310416    0.582770 ^ _101_/Q (sky130_fd_sc_hd__dfxtp_1)
                                                         net11 (net)
                      0.055337    0.000083    0.582853 ^ hold4/A (sky130_fd_sc_hd__dlygate4sd3_1)
     2    0.005862    0.079669    0.562663    1.145516 ^ hold4/X (sky130_fd_sc_hd__dlygate4sd3_1)
                                                         net17 (net)
                      0.079669    0.000182    1.145697 ^ _054_/C (sky130_fd_sc_hd__and3_1)
     1    0.003170    0.052532    0.157543    1.303240 ^ _054_/X (sky130_fd_sc_hd__and3_1)
                                                         _000_ (net)
                      0.052532    0.000105    1.303345 ^ _103_/D (sky130_fd_sc_hd__dfxtp_1)
                                              1.303345   data arrival time

                                  0.000000    0.000000   clock clk (rise edge)
                                  0.000000    0.000000   clock source latency
     1    0.007894    0.043275    0.027159    0.027159 ^ clk (in)
                                                         clk (net)
                      0.043275    0.000000    0.027159 ^ clkbuf_0_clk/A (sky130_fd_sc_hd__clkbuf_16)
     2    0.015788    0.039241    0.120826    0.147985 ^ clkbuf_0_clk/X (sky130_fd_sc_hd__clkbuf_16)
                                                         clknet_0_clk (net)
                      0.039241    0.000000    0.147985 ^ clkbuf_1_0__f_clk/A (sky130_fd_sc_hd__clkbuf_16)
     7    0.020542    0.042305    0.123743    0.271727 ^ clkbuf_1_0__f_clk/X (sky130_fd_sc_hd__clkbuf_16)
                                                         clknet_1_0__leaf_clk (net)
                      0.042320    0.000583    0.272310 ^ _103_/CLK (sky130_fd_sc_hd__dfxtp_1)
                                  0.250000    0.522310   clock uncertainty
                                  0.000000    0.522310   clock reconvergence pessimism
                                 -0.033202    0.489109   library hold time
                                              0.489109   data required time
---------------------------------------------------------------------------------------------
                                              0.489109   data required time
                                             -1.303345   data arrival time
---------------------------------------------------------------------------------------------
                                              0.814236   slack (MET)


Startpoint: _099_ (rising edge-triggered flip-flop clocked by clk)
Endpoint: _098_ (rising edge-triggered flip-flop clocked by clk)
Path Group: clk
Path Type: min

Fanout         Cap        Slew       Delay        Time   Description
---------------------------------------------------------------------------------------------
                                  0.000000    0.000000   clock clk (rise edge)
                                  0.000000    0.000000   clock source latency
     1    0.007894    0.043275    0.027159    0.027159 ^ clk (in)
                                                         clk (net)
                      0.043275    0.000000    0.027159 ^ clkbuf_0_clk/A (sky130_fd_sc_hd__clkbuf_16)
     2    0.015788    0.039241    0.120826    0.147985 ^ clkbuf_0_clk/X (sky130_fd_sc_hd__clkbuf_16)
                                                         clknet_0_clk (net)
                      0.039241    0.000000    0.147985 ^ clkbuf_1_1__f_clk/A (sky130_fd_sc_hd__clkbuf_16)
    10    0.018770    0.042064    0.122230    0.270215 ^ clkbuf_1_1__f_clk/X (sky130_fd_sc_hd__clkbuf_16)
                                                         clknet_1_1__leaf_clk (net)
                      0.042064    0.000000    0.270215 ^ _099_/CLK (sky130_fd_sc_hd__dfxtp_1)
     5    0.013264    0.132127    0.366840    0.637055 ^ _099_/Q (sky130_fd_sc_hd__dfxtp_1)
                                                         net13 (net)
                      0.132129    0.000435    0.637490 ^ _067_/A3 (sky130_fd_sc_hd__a311o_1)
     1    0.002734    0.045689    0.175856    0.813346 ^ _067_/X (sky130_fd_sc_hd__a311o_1)
                                                         _004_ (net)
                      0.045689    0.000065    0.813411 ^ hold10/A (sky130_fd_sc_hd__dlygate4sd3_1)
     1    0.002214    0.048533    0.529547    1.342958 ^ hold10/X (sky130_fd_sc_hd__dlygate4sd3_1)
                                                         net23 (net)
                      0.048533    0.000048    1.343006 ^ _098_/D (sky130_fd_sc_hd__dfxtp_1)
                                              1.343006   data arrival time

                                  0.000000    0.000000   clock clk (rise edge)
                                  0.000000    0.000000   clock source latency
     1    0.007894    0.043275    0.027159    0.027159 ^ clk (in)
                                                         clk (net)
                      0.043275    0.000000    0.027159 ^ clkbuf_0_clk/A (sky130_fd_sc_hd__clkbuf_16)
     2    0.015788    0.039241    0.120826    0.147985 ^ clkbuf_0_clk/X (sky130_fd_sc_hd__clkbuf_16)
                                                         clknet_0_clk (net)
                      0.039241    0.000000    0.147985 ^ clkbuf_1_1__f_clk/A (sky130_fd_sc_hd__clkbuf_16)
    10    0.018770    0.042064    0.122230    0.270215 ^ clkbuf_1_1__f_clk/X (sky130_fd_sc_hd__clkbuf_16)
                                                         clknet_1_1__leaf_clk (net)
                      0.042064    0.000000    0.270215 ^ _098_/CLK (sky130_fd_sc_hd__dfxtp_1)
                                  0.250000    0.520215   clock uncertainty
                                  0.000000    0.520215   clock reconvergence pessimism
                                 -0.032398    0.487817   library hold time
                                              0.487817   data required time
---------------------------------------------------------------------------------------------
                                              0.487817   data required time
                                             -1.343006   data arrival time
---------------------------------------------------------------------------------------------
                                              0.855190   slack (MET)


Startpoint: _107_ (rising edge-triggered flip-flop clocked by clk)
Endpoint: _106_ (rising edge-triggered flip-flop clocked by clk)
Path Group: clk
Path Type: min

Fanout         Cap        Slew       Delay        Time   Description
---------------------------------------------------------------------------------------------
                                  0.000000    0.000000   clock clk (rise edge)
                                  0.000000    0.000000   clock source latency
     1    0.007894    0.043275    0.027159    0.027159 ^ clk (in)
                                                         clk (net)
                      0.043275    0.000000    0.027159 ^ clkbuf_0_clk/A (sky130_fd_sc_hd__clkbuf_16)
     2    0.015788    0.039241    0.120826    0.147985 ^ clkbuf_0_clk/X (sky130_fd_sc_hd__clkbuf_16)
                                                         clknet_0_clk (net)
                      0.039241    0.000000    0.147985 ^ clkbuf_1_1__f_clk/A (sky130_fd_sc_hd__clkbuf_16)
    10    0.018770    0.042064    0.122230    0.270215 ^ clkbuf_1_1__f_clk/X (sky130_fd_sc_hd__clkbuf_16)
                                                         clknet_1_1__leaf_clk (net)
                      0.042064    0.000000    0.270215 ^ _107_/CLK (sky130_fd_sc_hd__dfxtp_1)
     2    0.006040    0.040000    0.303572    0.573787 v _107_/Q (sky130_fd_sc_hd__dfxtp_1)
                                                         data_edge_detector_inst.reset_counter[1] (net)
                      0.040002    0.000207    0.573994 v _064_/A1 (sky130_fd_sc_hd__a21boi_1)
     2    0.006042    0.143156    0.158307    0.732300 ^ _064_/Y (sky130_fd_sc_hd__a21boi_1)
                                                         _028_ (net)
                      0.143156    0.000099    0.732399 ^ _072_/A1 (sky130_fd_sc_hd__o21ai_1)
     2    0.006353    0.054164    0.110678    0.843077 v _072_/Y (sky130_fd_sc_hd__o21ai_1)
                                                         _032_ (net)
                      0.054165    0.000169    0.843246 v _073_/C1 (sky130_fd_sc_hd__o211a_1)
     1    0.003333    0.032261    0.110719    0.953965 v _073_/X (sky130_fd_sc_hd__o211a_1)
                                                         _008_ (net)
                      0.032262    0.000092    0.954057 v hold12/A (sky130_fd_sc_hd__dlygate4sd3_1)
     1    0.002251    0.050363    0.538233    1.492290 v hold12/X (sky130_fd_sc_hd__dlygate4sd3_1)
                                                         net25 (net)
                      0.050363    0.000048    1.492338 v _106_/D (sky130_fd_sc_hd__dfxtp_1)
                                              1.492338   data arrival time

                                  0.000000    0.000000   clock clk (rise edge)
                                  0.000000    0.000000   clock source latency
     1    0.007894    0.043275    0.027159    0.027159 ^ clk (in)
                                                         clk (net)
                      0.043275    0.000000    0.027159 ^ clkbuf_0_clk/A (sky130_fd_sc_hd__clkbuf_16)
     2    0.015788    0.039241    0.120826    0.147985 ^ clkbuf_0_clk/X (sky130_fd_sc_hd__clkbuf_16)
                                                         clknet_0_clk (net)
                      0.039241    0.000000    0.147985 ^ clkbuf_1_1__f_clk/A (sky130_fd_sc_hd__clkbuf_16)
    10    0.018770    0.042064    0.122230    0.270215 ^ clkbuf_1_1__f_clk/X (sky130_fd_sc_hd__clkbuf_16)
                                                         clknet_1_1__leaf_clk (net)
                      0.042064    0.000000    0.270215 ^ _106_/CLK (sky130_fd_sc_hd__dfxtp_1)
                                  0.250000    0.520215   clock uncertainty
                                  0.000000    0.520215   clock reconvergence pessimism
                                 -0.056441    0.463773   library hold time
                                              0.463773   data required time
---------------------------------------------------------------------------------------------
                                              0.463773   data required time
                                             -1.492338   data arrival time
---------------------------------------------------------------------------------------------
                                              1.028565   slack (MET)


Startpoint: _101_ (rising edge-triggered flip-flop clocked by clk)
Endpoint: ready (output port clocked by clk)
Path Group: clk
Path Type: min

Fanout         Cap        Slew       Delay        Time   Description
---------------------------------------------------------------------------------------------
                                  0.000000    0.000000   clock clk (rise edge)
                                  0.000000    0.000000   clock source latency
     1    0.007894    0.043275    0.027159    0.027159 ^ clk (in)
                                                         clk (net)
                      0.043275    0.000000    0.027159 ^ clkbuf_0_clk/A (sky130_fd_sc_hd__clkbuf_16)
     2    0.015788    0.039241    0.120826    0.147985 ^ clkbuf_0_clk/X (sky130_fd_sc_hd__clkbuf_16)
                                                         clknet_0_clk (net)
                      0.039241    0.000000    0.147985 ^ clkbuf_1_0__f_clk/A (sky130_fd_sc_hd__clkbuf_16)
     7    0.020542    0.042305    0.123743    0.271727 ^ clkbuf_1_0__f_clk/X (sky130_fd_sc_hd__clkbuf_16)
                                                         clknet_1_0__leaf_clk (net)
                      0.042321    0.000626    0.272353 ^ _101_/CLK (sky130_fd_sc_hd__dfxtp_1)
     2    0.004231    0.032512    0.296376    0.568730 v _101_/Q (sky130_fd_sc_hd__dfxtp_1)
                                                         net11 (net)
                      0.032512    0.000079    0.568809 v output11/A (sky130_fd_sc_hd__buf_2)
     1    0.034785    0.090872    0.175435    0.744244 v output11/X (sky130_fd_sc_hd__buf_2)
                                                         ready (net)
                      0.090886    0.000976    0.745219 v ready (out)
                                              0.745219   data arrival time

                                  0.000000    0.000000   clock clk (rise edge)
                                  0.000000    0.000000   clock network delay (propagated)
                                  0.250000    0.250000   clock uncertainty
                                  0.000000    0.250000   clock reconvergence pessimism
                                 -3.000000   -2.750000   output external delay
                                             -2.750000   data required time
---------------------------------------------------------------------------------------------
                                             -2.750000   data required time
                                             -0.745219   data arrival time
---------------------------------------------------------------------------------------------
                                              3.495219   slack (MET)


Startpoint: _114_ (rising edge-triggered flip-flop clocked by clk)
Endpoint: count_out[6] (output port clocked by clk)
Path Group: clk
Path Type: min

Fanout         Cap        Slew       Delay        Time   Description
---------------------------------------------------------------------------------------------
                                  0.000000    0.000000   clock clk (rise edge)
                                  0.000000    0.000000   clock source latency
     1    0.007894    0.043275    0.027159    0.027159 ^ clk (in)
                                                         clk (net)
                      0.043275    0.000000    0.027159 ^ clkbuf_0_clk/A (sky130_fd_sc_hd__clkbuf_16)
     2    0.015788    0.039241    0.120826    0.147985 ^ clkbuf_0_clk/X (sky130_fd_sc_hd__clkbuf_16)
                                                         clknet_0_clk (net)
                      0.039241    0.000000    0.147985 ^ clkbuf_1_0__f_clk/A (sky130_fd_sc_hd__clkbuf_16)
     7    0.020542    0.042305    0.123743    0.271727 ^ clkbuf_1_0__f_clk/X (sky130_fd_sc_hd__clkbuf_16)
                                                         clknet_1_0__leaf_clk (net)
                      0.042324    0.000679    0.272406 ^ _114_/CLK (sky130_fd_sc_hd__dfxtp_1)
     3    0.008619    0.050432    0.314111    0.586518 v _114_/Q (sky130_fd_sc_hd__dfxtp_1)
                                                         net10 (net)
                      0.050433    0.000181    0.586699 v output10/A (sky130_fd_sc_hd__buf_2)
     1    0.034585    0.090232    0.182929    0.769627 v output10/X (sky130_fd_sc_hd__buf_2)
                                                         count_out[6] (net)
                      0.090242    0.000784    0.770412 v count_out[6] (out)
                                              0.770412   data arrival time

                                  0.000000    0.000000   clock clk (rise edge)
                                  0.000000    0.000000   clock network delay (propagated)
                                  0.250000    0.250000   clock uncertainty
                                  0.000000    0.250000   clock reconvergence pessimism
                                 -3.000000   -2.750000   output external delay
                                             -2.750000   data required time
---------------------------------------------------------------------------------------------
                                             -2.750000   data required time
                                             -0.770412   data arrival time
---------------------------------------------------------------------------------------------
                                              3.520411   slack (MET)


Startpoint: _112_ (rising edge-triggered flip-flop clocked by clk)
Endpoint: count_out[4] (output port clocked by clk)
Path Group: clk
Path Type: min

Fanout         Cap        Slew       Delay        Time   Description
---------------------------------------------------------------------------------------------
                                  0.000000    0.000000   clock clk (rise edge)
                                  0.000000    0.000000   clock source latency
     1    0.007894    0.043275    0.027159    0.027159 ^ clk (in)
                                                         clk (net)
                      0.043275    0.000000    0.027159 ^ clkbuf_0_clk/A (sky130_fd_sc_hd__clkbuf_16)
     2    0.015788    0.039241    0.120826    0.147985 ^ clkbuf_0_clk/X (sky130_fd_sc_hd__clkbuf_16)
                                                         clknet_0_clk (net)
                      0.039241    0.000000    0.147985 ^ clkbuf_1_1__f_clk/A (sky130_fd_sc_hd__clkbuf_16)
    10    0.018770    0.042064    0.122230    0.270215 ^ clkbuf_1_1__f_clk/X (sky130_fd_sc_hd__clkbuf_16)
                                                         clknet_1_1__leaf_clk (net)
                      0.042064    0.000000    0.270215 ^ _112_/CLK (sky130_fd_sc_hd__dfxtp_1)
     4    0.010393    0.057552    0.320455    0.590670 v _112_/Q (sky130_fd_sc_hd__dfxtp_1)
                                                         net8 (net)
                      0.057553    0.000188    0.590858 v output8/A (sky130_fd_sc_hd__buf_2)
     1    0.034165    0.089398    0.185170    0.776027 v output8/X (sky130_fd_sc_hd__buf_2)
                                                         count_out[4] (net)
                      0.089412    0.000974    0.777002 v count_out[4] (out)
                                              0.777002   data arrival time

                                  0.000000    0.000000   clock clk (rise edge)
                                  0.000000    0.000000   clock network delay (propagated)
                                  0.250000    0.250000   clock uncertainty
                                  0.000000    0.250000   clock reconvergence pessimism
                                 -3.000000   -2.750000   output external delay
                                             -2.750000   data required time
---------------------------------------------------------------------------------------------
                                             -2.750000   data required time
                                             -0.777002   data arrival time
---------------------------------------------------------------------------------------------
                                              3.527002   slack (MET)


Startpoint: _099_ (rising edge-triggered flip-flop clocked by clk)
Endpoint: temp_reset (output port clocked by clk)
Path Group: clk
Path Type: min

Fanout         Cap        Slew       Delay        Time   Description
---------------------------------------------------------------------------------------------
                                  0.000000    0.000000   clock clk (rise edge)
                                  0.000000    0.000000   clock source latency
     1    0.007894    0.043275    0.027159    0.027159 ^ clk (in)
                                                         clk (net)
                      0.043275    0.000000    0.027159 ^ clkbuf_0_clk/A (sky130_fd_sc_hd__clkbuf_16)
     2    0.015788    0.039241    0.120826    0.147985 ^ clkbuf_0_clk/X (sky130_fd_sc_hd__clkbuf_16)
                                                         clknet_0_clk (net)
                      0.039241    0.000000    0.147985 ^ clkbuf_1_1__f_clk/A (sky130_fd_sc_hd__clkbuf_16)
    10    0.018770    0.042064    0.122230    0.270215 ^ clkbuf_1_1__f_clk/X (sky130_fd_sc_hd__clkbuf_16)
                                                         clknet_1_1__leaf_clk (net)
                      0.042064    0.000000    0.270215 ^ _099_/CLK (sky130_fd_sc_hd__dfxtp_1)
     5    0.012369    0.066003    0.327220    0.597435 v _099_/Q (sky130_fd_sc_hd__dfxtp_1)
                                                         net13 (net)
                      0.066007    0.000392    0.597827 v output13/A (sky130_fd_sc_hd__buf_2)
     1    0.034673    0.090478    0.190001    0.787828 v output13/X (sky130_fd_sc_hd__buf_2)
                                                         temp_reset (net)
                      0.090491    0.000930    0.788757 v temp_reset (out)
                                              0.788757   data arrival time

                                  0.000000    0.000000   clock clk (rise edge)
                                  0.000000    0.000000   clock network delay (propagated)
                                  0.250000    0.250000   clock uncertainty
                                  0.000000    0.250000   clock reconvergence pessimism
                                 -3.000000   -2.750000   output external delay
                                             -2.750000   data required time
---------------------------------------------------------------------------------------------
                                             -2.750000   data required time
                                             -0.788757   data arrival time
---------------------------------------------------------------------------------------------
                                              3.538757   slack (MET)


Startpoint: _109_ (rising edge-triggered flip-flop clocked by clk)
Endpoint: count_out[1] (output port clocked by clk)
Path Group: clk
Path Type: min

Fanout         Cap        Slew       Delay        Time   Description
---------------------------------------------------------------------------------------------
                                  0.000000    0.000000   clock clk (rise edge)
                                  0.000000    0.000000   clock source latency
     1    0.007894    0.043275    0.027159    0.027159 ^ clk (in)
                                                         clk (net)
                      0.043275    0.000000    0.027159 ^ clkbuf_0_clk/A (sky130_fd_sc_hd__clkbuf_16)
     2    0.015788    0.039241    0.120826    0.147985 ^ clkbuf_0_clk/X (sky130_fd_sc_hd__clkbuf_16)
                                                         clknet_0_clk (net)
                      0.039241    0.000000    0.147985 ^ clkbuf_1_0__f_clk/A (sky130_fd_sc_hd__clkbuf_16)
     7    0.020542    0.042305    0.123743    0.271727 ^ clkbuf_1_0__f_clk/X (sky130_fd_sc_hd__clkbuf_16)
                                                         clknet_1_0__leaf_clk (net)
                      0.042309    0.000279    0.272007 ^ _109_/CLK (sky130_fd_sc_hd__dfxtp_1)
     4    0.011578    0.062597    0.324657    0.596663 v _109_/Q (sky130_fd_sc_hd__dfxtp_1)
                                                         net5 (net)
                      0.062598    0.000231    0.596894 v output5/A (sky130_fd_sc_hd__buf_2)
     1    0.036394    0.092584    0.191473    0.788368 v output5/X (sky130_fd_sc_hd__buf_2)
                                                         count_out[1] (net)
                      0.092607    0.001215    0.789582 v count_out[1] (out)
                                              0.789582   data arrival time

                                  0.000000    0.000000   clock clk (rise edge)
                                  0.000000    0.000000   clock network delay (propagated)
                                  0.250000    0.250000   clock uncertainty
                                  0.000000    0.250000   clock reconvergence pessimism
                                 -3.000000   -2.750000   output external delay
                                             -2.750000   data required time
---------------------------------------------------------------------------------------------
                                             -2.750000   data required time
                                             -0.789582   data arrival time
---------------------------------------------------------------------------------------------
                                              3.539582   slack (MET)


Startpoint: _113_ (rising edge-triggered flip-flop clocked by clk)
Endpoint: count_out[5] (output port clocked by clk)
Path Group: clk
Path Type: min

Fanout         Cap        Slew       Delay        Time   Description
---------------------------------------------------------------------------------------------
                                  0.000000    0.000000   clock clk (rise edge)
                                  0.000000    0.000000   clock source latency
     1    0.007894    0.043275    0.027159    0.027159 ^ clk (in)
                                                         clk (net)
                      0.043275    0.000000    0.027159 ^ clkbuf_0_clk/A (sky130_fd_sc_hd__clkbuf_16)
     2    0.015788    0.039241    0.120826    0.147985 ^ clkbuf_0_clk/X (sky130_fd_sc_hd__clkbuf_16)
                                                         clknet_0_clk (net)
                      0.039241    0.000000    0.147985 ^ clkbuf_1_0__f_clk/A (sky130_fd_sc_hd__clkbuf_16)
     7    0.020542    0.042305    0.123743    0.271727 ^ clkbuf_1_0__f_clk/X (sky130_fd_sc_hd__clkbuf_16)
                                                         clknet_1_0__leaf_clk (net)
                      0.042310    0.000299    0.272027 ^ _113_/CLK (sky130_fd_sc_hd__dfxtp_1)
     5    0.013659    0.071536    0.331891    0.603918 v _113_/Q (sky130_fd_sc_hd__dfxtp_1)
                                                         net9 (net)
                      0.071536    0.000217    0.604135 v output9/A (sky130_fd_sc_hd__buf_2)
     1    0.033816    0.088634    0.190931    0.795066 v output9/X (sky130_fd_sc_hd__buf_2)
                                                         count_out[5] (net)
                      0.088647    0.000906    0.795972 v count_out[5] (out)
                                              0.795972   data arrival time

                                  0.000000    0.000000   clock clk (rise edge)
                                  0.000000    0.000000   clock network delay (propagated)
                                  0.250000    0.250000   clock uncertainty
                                  0.000000    0.250000   clock reconvergence pessimism
                                 -3.000000   -2.750000   output external delay
                                             -2.750000   data required time
---------------------------------------------------------------------------------------------
                                             -2.750000   data required time
                                             -0.795972   data arrival time
---------------------------------------------------------------------------------------------
                                              3.545972   slack (MET)


Startpoint: _108_ (rising edge-triggered flip-flop clocked by clk)
Endpoint: count_out[0] (output port clocked by clk)
Path Group: clk
Path Type: min

Fanout         Cap        Slew       Delay        Time   Description
---------------------------------------------------------------------------------------------
                                  0.000000    0.000000   clock clk (rise edge)
                                  0.000000    0.000000   clock source latency
     1    0.007894    0.043275    0.027159    0.027159 ^ clk (in)
                                                         clk (net)
                      0.043275    0.000000    0.027159 ^ clkbuf_0_clk/A (sky130_fd_sc_hd__clkbuf_16)
     2    0.015788    0.039241    0.120826    0.147985 ^ clkbuf_0_clk/X (sky130_fd_sc_hd__clkbuf_16)
                                                         clknet_0_clk (net)
                      0.039241    0.000000    0.147985 ^ clkbuf_1_0__f_clk/A (sky130_fd_sc_hd__clkbuf_16)
     7    0.020542    0.042305    0.123743    0.271727 ^ clkbuf_1_0__f_clk/X (sky130_fd_sc_hd__clkbuf_16)
                                                         clknet_1_0__leaf_clk (net)
                      0.042314    0.000445    0.272172 ^ _108_/CLK (sky130_fd_sc_hd__dfxtp_1)
     5    0.013456    0.070691    0.331111    0.603283 v _108_/Q (sky130_fd_sc_hd__dfxtp_1)
                                                         net4 (net)
                      0.070694    0.000401    0.603684 v output4/A (sky130_fd_sc_hd__buf_2)
     1    0.036178    0.092701    0.194807    0.798491 v output4/X (sky130_fd_sc_hd__buf_2)
                                                         count_out[0] (net)
                      0.092721    0.001131    0.799622 v count_out[0] (out)
                                              0.799622   data arrival time

                                  0.000000    0.000000   clock clk (rise edge)
                                  0.000000    0.000000   clock network delay (propagated)
                                  0.250000    0.250000   clock uncertainty
                                  0.000000    0.250000   clock reconvergence pessimism
                                 -3.000000   -2.750000   output external delay
                                             -2.750000   data required time
---------------------------------------------------------------------------------------------
                                             -2.750000   data required time
                                             -0.799622   data arrival time
---------------------------------------------------------------------------------------------
                                              3.549622   slack (MET)


Startpoint: _111_ (rising edge-triggered flip-flop clocked by clk)
Endpoint: count_out[3] (output port clocked by clk)
Path Group: clk
Path Type: min

Fanout         Cap        Slew       Delay        Time   Description
---------------------------------------------------------------------------------------------
                                  0.000000    0.000000   clock clk (rise edge)
                                  0.000000    0.000000   clock source latency
     1    0.007894    0.043275    0.027159    0.027159 ^ clk (in)
                                                         clk (net)
                      0.043275    0.000000    0.027159 ^ clkbuf_0_clk/A (sky130_fd_sc_hd__clkbuf_16)
     2    0.015788    0.039241    0.120826    0.147985 ^ clkbuf_0_clk/X (sky130_fd_sc_hd__clkbuf_16)
                                                         clknet_0_clk (net)
                      0.039241    0.000000    0.147985 ^ clkbuf_1_1__f_clk/A (sky130_fd_sc_hd__clkbuf_16)
    10    0.018770    0.042064    0.122230    0.270215 ^ clkbuf_1_1__f_clk/X (sky130_fd_sc_hd__clkbuf_16)
                                                         clknet_1_1__leaf_clk (net)
                      0.042064    0.000000    0.270215 ^ _111_/CLK (sky130_fd_sc_hd__dfxtp_1)
     6    0.016201    0.082478    0.340588    0.610802 v _111_/Q (sky130_fd_sc_hd__dfxtp_1)
                                                         net7 (net)
                      0.082479    0.000264    0.611066 v output7/A (sky130_fd_sc_hd__buf_2)
     1    0.036973    0.092699    0.201790    0.812856 v output7/X (sky130_fd_sc_hd__buf_2)
                                                         count_out[3] (net)
                      0.092714    0.000979    0.813835 v count_out[3] (out)
                                              0.813835   data arrival time

                                  0.000000    0.000000   clock clk (rise edge)
                                  0.000000    0.000000   clock network delay (propagated)
                                  0.250000    0.250000   clock uncertainty
                                  0.000000    0.250000   clock reconvergence pessimism
                                 -3.000000   -2.750000   output external delay
                                             -2.750000   data required time
---------------------------------------------------------------------------------------------
                                             -2.750000   data required time
                                             -0.813835   data arrival time
---------------------------------------------------------------------------------------------
                                              3.563835   slack (MET)


Startpoint: _102_ (rising edge-triggered flip-flop clocked by clk)
Endpoint: running (output port clocked by clk)
Path Group: clk
Path Type: min

Fanout         Cap        Slew       Delay        Time   Description
---------------------------------------------------------------------------------------------
                                  0.000000    0.000000   clock clk (rise edge)
                                  0.000000    0.000000   clock source latency
     1    0.007894    0.043275    0.027159    0.027159 ^ clk (in)
                                                         clk (net)
                      0.043275    0.000000    0.027159 ^ clkbuf_0_clk/A (sky130_fd_sc_hd__clkbuf_16)
     2    0.015788    0.039241    0.120826    0.147985 ^ clkbuf_0_clk/X (sky130_fd_sc_hd__clkbuf_16)
                                                         clknet_0_clk (net)
                      0.039241    0.000000    0.147985 ^ clkbuf_1_0__f_clk/A (sky130_fd_sc_hd__clkbuf_16)
     7    0.020542    0.042305    0.123743    0.271727 ^ clkbuf_1_0__f_clk/X (sky130_fd_sc_hd__clkbuf_16)
                                                         clknet_1_0__leaf_clk (net)
                      0.042312    0.000369    0.272096 ^ _102_/CLK (sky130_fd_sc_hd__dfxtp_1)
     6    0.018871    0.094013    0.349917    0.622013 v _102_/Q (sky130_fd_sc_hd__dfxtp_1)
                                                         net12 (net)
                      0.094016    0.000398    0.622411 v output12/A (sky130_fd_sc_hd__buf_2)
     1    0.036465    0.092567    0.205887    0.828298 v output12/X (sky130_fd_sc_hd__buf_2)
                                                         running (net)
                      0.092591    0.001244    0.829543 v running (out)
                                              0.829543   data arrival time

                                  0.000000    0.000000   clock clk (rise edge)
                                  0.000000    0.000000   clock network delay (propagated)
                                  0.250000    0.250000   clock uncertainty
                                  0.000000    0.250000   clock reconvergence pessimism
                                 -3.000000   -2.750000   output external delay
                                             -2.750000   data required time
---------------------------------------------------------------------------------------------
                                             -2.750000   data required time
                                             -0.829543   data arrival time
---------------------------------------------------------------------------------------------
                                              3.579543   slack (MET)


Startpoint: _110_ (rising edge-triggered flip-flop clocked by clk)
Endpoint: count_out[2] (output port clocked by clk)
Path Group: clk
Path Type: min

Fanout         Cap        Slew       Delay        Time   Description
---------------------------------------------------------------------------------------------
                                  0.000000    0.000000   clock clk (rise edge)
                                  0.000000    0.000000   clock source latency
     1    0.007894    0.043275    0.027159    0.027159 ^ clk (in)
                                                         clk (net)
                      0.043275    0.000000    0.027159 ^ clkbuf_0_clk/A (sky130_fd_sc_hd__clkbuf_16)
     2    0.015788    0.039241    0.120826    0.147985 ^ clkbuf_0_clk/X (sky130_fd_sc_hd__clkbuf_16)
                                                         clknet_0_clk (net)
                      0.039241    0.000000    0.147985 ^ clkbuf_1_1__f_clk/A (sky130_fd_sc_hd__clkbuf_16)
    10    0.018770    0.042064    0.122230    0.270215 ^ clkbuf_1_1__f_clk/X (sky130_fd_sc_hd__clkbuf_16)
                                                         clknet_1_1__leaf_clk (net)
                      0.042064    0.000000    0.270215 ^ _110_/CLK (sky130_fd_sc_hd__dfxtp_1)
     8    0.021275    0.104677    0.358092    0.628307 v _110_/Q (sky130_fd_sc_hd__dfxtp_1)
                                                         net6 (net)
                      0.104679    0.000329    0.628636 v output6/A (sky130_fd_sc_hd__buf_2)
     1    0.033930    0.088930    0.206191    0.834827 v output6/X (sky130_fd_sc_hd__buf_2)
                                                         count_out[2] (net)
                      0.088944    0.000944    0.835770 v count_out[2] (out)
                                              0.835770   data arrival time

                                  0.000000    0.000000   clock clk (rise edge)
                                  0.000000    0.000000   clock network delay (propagated)
                                  0.250000    0.250000   clock uncertainty
                                  0.000000    0.250000   clock reconvergence pessimism
                                 -3.000000   -2.750000   output external delay
                                             -2.750000   data required time
---------------------------------------------------------------------------------------------
                                             -2.750000   data required time
                                             -0.835770   data arrival time
---------------------------------------------------------------------------------------------
                                              3.585770   slack (MET)



