
===========================================================================
report_checks -unconstrained
===========================================================================
======================= max_ss_100C_1v60 Corner ===================================

Startpoint: rst (input port clocked by clk)
Endpoint: _105_ (rising edge-triggered flip-flop clocked by clk)
Path Group: clk
Path Type: max

Fanout         Cap        Slew       Delay        Time   Description
---------------------------------------------------------------------------------------------
                                  0.000000    0.000000   clock clk (rise edge)
                                  0.000000    0.000000   clock network delay (propagated)
                                  3.000000    3.000000 ^ input external delay
     1    0.002718    0.031702    0.015402    3.015402 ^ rst (in)
                                                         rst (net)
                      0.031702    0.000000    3.015402 ^ input2/A (sky130_fd_sc_hd__clkbuf_2)
     6    0.021157    0.188758    0.260932    3.276334 ^ input2/X (sky130_fd_sc_hd__clkbuf_2)
                                                         net2 (net)
                      0.188775    0.001505    3.277839 ^ _052_/A (sky130_fd_sc_hd__inv_2)
     5    0.012874    0.077162    0.136499    3.414338 v _052_/Y (sky130_fd_sc_hd__inv_2)
                                                         _020_ (net)
                      0.077166    0.000489    3.414826 v _055_/B (sky130_fd_sc_hd__and2_1)
     3    0.007384    0.104220    0.356578    3.771404 v _055_/X (sky130_fd_sc_hd__and2_1)
                                                         _022_ (net)
                      0.104224    0.000501    3.771906 v _070_/A2 (sky130_fd_sc_hd__a22o_1)
     1    0.002157    0.065499    0.413229    4.185134 v _070_/X (sky130_fd_sc_hd__a22o_1)
                                                         _007_ (net)
                      0.065499    0.000142    4.185277 v hold3/A (sky130_fd_sc_hd__dlygate4sd3_1)
     1    0.001818    0.097283    1.104840    5.290116 v hold3/X (sky130_fd_sc_hd__dlygate4sd3_1)
                                                         net16 (net)
                      0.097283    0.000132    5.290249 v _105_/D (sky130_fd_sc_hd__dfxtp_1)
                                              5.290249   data arrival time

                                 19.000000   19.000000   clock clk (rise edge)
                                  0.000000   19.000000   clock source latency
     1    0.010565    0.085012    0.055412   19.055412 ^ clk (in)
                                                         clk (net)
                      0.085018    0.000000   19.055412 ^ clkbuf_0_clk/A (sky130_fd_sc_hd__clkbuf_16)
     2    0.017542    0.064378    0.224688   19.280100 ^ clkbuf_0_clk/X (sky130_fd_sc_hd__clkbuf_16)
                                                         clknet_0_clk (net)
                      0.064382    0.000929   19.281029 ^ clkbuf_1_1__f_clk/A (sky130_fd_sc_hd__clkbuf_16)
    10    0.023455    0.071762    0.223610   19.504639 ^ clkbuf_1_1__f_clk/X (sky130_fd_sc_hd__clkbuf_16)
                                                         clknet_1_1__leaf_clk (net)
                      0.071778    0.000711   19.505348 ^ _105_/CLK (sky130_fd_sc_hd__dfxtp_1)
                                 -0.250000   19.255350   clock uncertainty
                                  0.000000   19.255350   clock reconvergence pessimism
                                 -0.279841   18.975508   library setup time
                                             18.975508   data required time
---------------------------------------------------------------------------------------------
                                             18.975508   data required time
                                             -5.290249   data arrival time
---------------------------------------------------------------------------------------------
                                             13.685260   slack (MET)




===========================================================================
report_checks --slack_max -0.01
============================================================================
======================= max_ss_100C_1v60 Corner ===================================

No paths found.


===========================================================================
 report_check_types -max_slew -max_cap -max_fanout -violators
============================================================================
======================= max_ss_100C_1v60 Corner ===================================



===========================================================================
report_parasitic_annotation -report_unannotated
============================================================================
Found 0 unannotated drivers.
Found 0 partially unannotated drivers.

===========================================================================
max slew violation count 0
max fanout violation count 0
max cap violation count 0
============================================================================

===========================================================================
check_setup -verbose -unconstrained_endpoints -multiple_clock -no_clock -no_input_delay -loops -generated_clocks
===========================================================================
