
===========================================================================
report_checks -path_delay max (Setup)
============================================================================
======================= max_tt_025C_1v80 Corner ===================================

Startpoint: rst (input port clocked by clk)
Endpoint: _105_ (rising edge-triggered flip-flop clocked by clk)
Path Group: clk
Path Type: max

Fanout         Cap        Slew       Delay        Time   Description
---------------------------------------------------------------------------------------------
                                  0.000000    0.000000   clock clk (rise edge)
                                  0.000000    0.000000   clock network delay (propagated)
                                  3.000000    3.000000 ^ input external delay
     1    0.002740    0.019476    0.010149    3.010149 ^ rst (in)
                                                         rst (net)
                      0.019477    0.000000    3.010149 ^ input2/A (sky130_fd_sc_hd__clkbuf_2)
     6    0.021273    0.121278    0.150304    3.160454 ^ input2/X (sky130_fd_sc_hd__clkbuf_2)
                                                         net2 (net)
                      0.121307    0.001512    3.161966 ^ _052_/A (sky130_fd_sc_hd__inv_2)
     5    0.012918    0.047624    0.068311    3.230277 v _052_/Y (sky130_fd_sc_hd__inv_2)
                                                         _020_ (net)
                      0.047633    0.000493    3.230770 v _055_/B (sky130_fd_sc_hd__and2_1)
     3    0.007350    0.054236    0.172408    3.403178 v _055_/X (sky130_fd_sc_hd__and2_1)
                                                         _022_ (net)
                      0.054243    0.000498    3.403676 v _070_/A2 (sky130_fd_sc_hd__a22o_1)
     1    0.002208    0.036977    0.221513    3.625189 v _070_/X (sky130_fd_sc_hd__a22o_1)
                                                         _007_ (net)
                      0.036977    0.000146    3.625336 v hold3/A (sky130_fd_sc_hd__dlygate4sd3_1)
     1    0.001879    0.048489    0.536667    4.162003 v hold3/X (sky130_fd_sc_hd__dlygate4sd3_1)
                                                         net16 (net)
                      0.048489    0.000137    4.162139 v _105_/D (sky130_fd_sc_hd__dfxtp_1)
                                              4.162139   data arrival time

                                 19.000000   19.000000   clock clk (rise edge)
                                  0.000000   19.000000   clock source latency
     1    0.010565    0.053986    0.036049   19.036049 ^ clk (in)
                                                         clk (net)
                      0.053995    0.000000   19.036049 ^ clkbuf_0_clk/A (sky130_fd_sc_hd__clkbuf_16)
     2    0.017542    0.039750    0.126073   19.162123 ^ clkbuf_0_clk/X (sky130_fd_sc_hd__clkbuf_16)
                                                         clknet_0_clk (net)
                      0.039754    0.000929   19.163052 ^ clkbuf_1_1__f_clk/A (sky130_fd_sc_hd__clkbuf_16)
    10    0.025045    0.046403    0.127862   19.290915 ^ clkbuf_1_1__f_clk/X (sky130_fd_sc_hd__clkbuf_16)
                                                         clknet_1_1__leaf_clk (net)
                      0.046424    0.000760   19.291674 ^ _105_/CLK (sky130_fd_sc_hd__dfxtp_1)
                                 -0.250000   19.041676   clock uncertainty
                                  0.000000   19.041676   clock reconvergence pessimism
                                 -0.111729   18.929947   library setup time
                                             18.929947   data required time
---------------------------------------------------------------------------------------------
                                             18.929947   data required time
                                             -4.162139   data arrival time
---------------------------------------------------------------------------------------------
                                             14.767807   slack (MET)


Startpoint: _110_ (rising edge-triggered flip-flop clocked by clk)
Endpoint: count_out[2] (output port clocked by clk)
Path Group: clk
Path Type: max

Fanout         Cap        Slew       Delay        Time   Description
---------------------------------------------------------------------------------------------
                                  0.000000    0.000000   clock clk (rise edge)
                                  0.000000    0.000000   clock source latency
     1    0.010565    0.053986    0.036049    0.036049 ^ clk (in)
                                                         clk (net)
                      0.053995    0.000000    0.036049 ^ clkbuf_0_clk/A (sky130_fd_sc_hd__clkbuf_16)
     2    0.017542    0.039750    0.126073    0.162122 ^ clkbuf_0_clk/X (sky130_fd_sc_hd__clkbuf_16)
                                                         clknet_0_clk (net)
                      0.039754    0.000929    0.163052 ^ clkbuf_1_1__f_clk/A (sky130_fd_sc_hd__clkbuf_16)
    10    0.025045    0.046403    0.127863    0.290915 ^ clkbuf_1_1__f_clk/X (sky130_fd_sc_hd__clkbuf_16)
                                                         clknet_1_1__leaf_clk (net)
                      0.046460    0.001242    0.292156 ^ _110_/CLK (sky130_fd_sc_hd__dfxtp_1)
     8    0.019396    0.187574    0.407216    0.699372 ^ _110_/Q (sky130_fd_sc_hd__dfxtp_1)
                                                         net6 (net)
                      0.187579    0.000860    0.700232 ^ output6/A (sky130_fd_sc_hd__buf_2)
     1    0.033921    0.169296    0.242395    0.942627 ^ output6/X (sky130_fd_sc_hd__buf_2)
                                                         count_out[2] (net)
                      0.169320    0.001655    0.944282 ^ count_out[2] (out)
                                              0.944282   data arrival time

                                 19.000000   19.000000   clock clk (rise edge)
                                  0.000000   19.000000   clock network delay (propagated)
                                 -0.250000   18.750002   clock uncertainty
                                  0.000000   18.750002   clock reconvergence pessimism
                                 -3.000000   15.750001   output external delay
                                             15.750001   data required time
---------------------------------------------------------------------------------------------
                                             15.750001   data required time
                                             -0.944282   data arrival time
---------------------------------------------------------------------------------------------
                                             14.805718   slack (MET)


Startpoint: _102_ (rising edge-triggered flip-flop clocked by clk)
Endpoint: running (output port clocked by clk)
Path Group: clk
Path Type: max

Fanout         Cap        Slew       Delay        Time   Description
---------------------------------------------------------------------------------------------
                                  0.000000    0.000000   clock clk (rise edge)
                                  0.000000    0.000000   clock source latency
     1    0.010565    0.053986    0.036049    0.036049 ^ clk (in)
                                                         clk (net)
                      0.053995    0.000000    0.036049 ^ clkbuf_0_clk/A (sky130_fd_sc_hd__clkbuf_16)
     2    0.017542    0.039750    0.126073    0.162122 ^ clkbuf_0_clk/X (sky130_fd_sc_hd__clkbuf_16)
                                                         clknet_0_clk (net)
                      0.039754    0.000953    0.163076 ^ clkbuf_1_0__f_clk/A (sky130_fd_sc_hd__clkbuf_16)
     7    0.017962    0.040112    0.121389    0.284465 ^ clkbuf_1_0__f_clk/X (sky130_fd_sc_hd__clkbuf_16)
                                                         clknet_1_0__leaf_clk (net)
                      0.040114    0.000551    0.285016 ^ _102_/CLK (sky130_fd_sc_hd__dfxtp_1)
     6    0.017864    0.173518    0.395453    0.680469 ^ _102_/Q (sky130_fd_sc_hd__dfxtp_1)
                                                         net12 (net)
                      0.173522    0.000775    0.681244 ^ output12/A (sky130_fd_sc_hd__buf_2)
     1    0.034062    0.169920    0.239109    0.920353 ^ output12/X (sky130_fd_sc_hd__buf_2)
                                                         running (net)
                      0.169942    0.001588    0.921941 ^ running (out)
                                              0.921941   data arrival time

                                 19.000000   19.000000   clock clk (rise edge)
                                  0.000000   19.000000   clock network delay (propagated)
                                 -0.250000   18.750002   clock uncertainty
                                  0.000000   18.750002   clock reconvergence pessimism
                                 -3.000000   15.750001   output external delay
                                             15.750001   data required time
---------------------------------------------------------------------------------------------
                                             15.750001   data required time
                                             -0.921941   data arrival time
---------------------------------------------------------------------------------------------
                                             14.828060   slack (MET)


Startpoint: _111_ (rising edge-triggered flip-flop clocked by clk)
Endpoint: count_out[3] (output port clocked by clk)
Path Group: clk
Path Type: max

Fanout         Cap        Slew       Delay        Time   Description
---------------------------------------------------------------------------------------------
                                  0.000000    0.000000   clock clk (rise edge)
                                  0.000000    0.000000   clock source latency
     1    0.010565    0.053986    0.036049    0.036049 ^ clk (in)
                                                         clk (net)
                      0.053995    0.000000    0.036049 ^ clkbuf_0_clk/A (sky130_fd_sc_hd__clkbuf_16)
     2    0.017542    0.039750    0.126073    0.162122 ^ clkbuf_0_clk/X (sky130_fd_sc_hd__clkbuf_16)
                                                         clknet_0_clk (net)
                      0.039754    0.000929    0.163052 ^ clkbuf_1_1__f_clk/A (sky130_fd_sc_hd__clkbuf_16)
    10    0.025045    0.046403    0.127863    0.290915 ^ clkbuf_1_1__f_clk/X (sky130_fd_sc_hd__clkbuf_16)
                                                         clknet_1_1__leaf_clk (net)
                      0.046462    0.001264    0.292179 ^ _111_/CLK (sky130_fd_sc_hd__dfxtp_1)
     6    0.014919    0.147054    0.378817    0.670996 ^ _111_/Q (sky130_fd_sc_hd__dfxtp_1)
                                                         net7 (net)
                      0.147056    0.000460    0.671457 ^ output7/A (sky130_fd_sc_hd__buf_2)
     1    0.033874    0.169012    0.231295    0.902752 ^ output7/X (sky130_fd_sc_hd__buf_2)
                                                         count_out[3] (net)
                      0.169035    0.001630    0.904382 ^ count_out[3] (out)
                                              0.904382   data arrival time

                                 19.000000   19.000000   clock clk (rise edge)
                                  0.000000   19.000000   clock network delay (propagated)
                                 -0.250000   18.750002   clock uncertainty
                                  0.000000   18.750002   clock reconvergence pessimism
                                 -3.000000   15.750001   output external delay
                                             15.750001   data required time
---------------------------------------------------------------------------------------------
                                             15.750001   data required time
                                             -0.904382   data arrival time
---------------------------------------------------------------------------------------------
                                             14.845618   slack (MET)


Startpoint: _113_ (rising edge-triggered flip-flop clocked by clk)
Endpoint: count_out[5] (output port clocked by clk)
Path Group: clk
Path Type: max

Fanout         Cap        Slew       Delay        Time   Description
---------------------------------------------------------------------------------------------
                                  0.000000    0.000000   clock clk (rise edge)
                                  0.000000    0.000000   clock source latency
     1    0.010565    0.053986    0.036049    0.036049 ^ clk (in)
                                                         clk (net)
                      0.053995    0.000000    0.036049 ^ clkbuf_0_clk/A (sky130_fd_sc_hd__clkbuf_16)
     2    0.017542    0.039750    0.126073    0.162122 ^ clkbuf_0_clk/X (sky130_fd_sc_hd__clkbuf_16)
                                                         clknet_0_clk (net)
                      0.039754    0.000953    0.163076 ^ clkbuf_1_0__f_clk/A (sky130_fd_sc_hd__clkbuf_16)
     7    0.017962    0.040112    0.121389    0.284465 ^ clkbuf_1_0__f_clk/X (sky130_fd_sc_hd__clkbuf_16)
                                                         clknet_1_0__leaf_clk (net)
                      0.040114    0.000757    0.285222 ^ _113_/CLK (sky130_fd_sc_hd__dfxtp_1)
     5    0.013062    0.130389    0.364486    0.649708 ^ _113_/Q (sky130_fd_sc_hd__dfxtp_1)
                                                         net9 (net)
                      0.130396    0.000759    0.650467 ^ output9/A (sky130_fd_sc_hd__buf_2)
     1    0.033828    0.168765    0.226651    0.877118 ^ output9/X (sky130_fd_sc_hd__buf_2)
                                                         count_out[5] (net)
                      0.168787    0.001606    0.878723 ^ count_out[5] (out)
                                              0.878723   data arrival time

                                 19.000000   19.000000   clock clk (rise edge)
                                  0.000000   19.000000   clock network delay (propagated)
                                 -0.250000   18.750002   clock uncertainty
                                  0.000000   18.750002   clock reconvergence pessimism
                                 -3.000000   15.750001   output external delay
                                             15.750001   data required time
---------------------------------------------------------------------------------------------
                                             15.750001   data required time
                                             -0.878723   data arrival time
---------------------------------------------------------------------------------------------
                                             14.871277   slack (MET)


Startpoint: _099_ (rising edge-triggered flip-flop clocked by clk)
Endpoint: temp_reset (output port clocked by clk)
Path Group: clk
Path Type: max

Fanout         Cap        Slew       Delay        Time   Description
---------------------------------------------------------------------------------------------
                                  0.000000    0.000000   clock clk (rise edge)
                                  0.000000    0.000000   clock source latency
     1    0.010565    0.053986    0.036049    0.036049 ^ clk (in)
                                                         clk (net)
                      0.053995    0.000000    0.036049 ^ clkbuf_0_clk/A (sky130_fd_sc_hd__clkbuf_16)
     2    0.017542    0.039750    0.126073    0.162122 ^ clkbuf_0_clk/X (sky130_fd_sc_hd__clkbuf_16)
                                                         clknet_0_clk (net)
                      0.039754    0.000929    0.163052 ^ clkbuf_1_1__f_clk/A (sky130_fd_sc_hd__clkbuf_16)
    10    0.025045    0.046403    0.127863    0.290915 ^ clkbuf_1_1__f_clk/X (sky130_fd_sc_hd__clkbuf_16)
                                                         clknet_1_1__leaf_clk (net)
                      0.046481    0.001458    0.292372 ^ _099_/CLK (sky130_fd_sc_hd__dfxtp_1)
     5    0.011375    0.115195    0.356303    0.648675 ^ _099_/Q (sky130_fd_sc_hd__dfxtp_1)
                                                         net13 (net)
                      0.115197    0.000397    0.649072 ^ output13/A (sky130_fd_sc_hd__buf_2)
     1    0.033849    0.168821    0.221853    0.870924 ^ output13/X (sky130_fd_sc_hd__buf_2)
                                                         temp_reset (net)
                      0.168845    0.001669    0.872593 ^ temp_reset (out)
                                              0.872593   data arrival time

                                 19.000000   19.000000   clock clk (rise edge)
                                  0.000000   19.000000   clock network delay (propagated)
                                 -0.250000   18.750002   clock uncertainty
                                  0.000000   18.750002   clock reconvergence pessimism
                                 -3.000000   15.750001   output external delay
                                             15.750001   data required time
---------------------------------------------------------------------------------------------
                                             15.750001   data required time
                                             -0.872593   data arrival time
---------------------------------------------------------------------------------------------
                                             14.877407   slack (MET)


Startpoint: _108_ (rising edge-triggered flip-flop clocked by clk)
Endpoint: count_out[0] (output port clocked by clk)
Path Group: clk
Path Type: max

Fanout         Cap        Slew       Delay        Time   Description
---------------------------------------------------------------------------------------------
                                  0.000000    0.000000   clock clk (rise edge)
                                  0.000000    0.000000   clock source latency
     1    0.010565    0.053986    0.036049    0.036049 ^ clk (in)
                                                         clk (net)
                      0.053995    0.000000    0.036049 ^ clkbuf_0_clk/A (sky130_fd_sc_hd__clkbuf_16)
     2    0.017542    0.039750    0.126073    0.162122 ^ clkbuf_0_clk/X (sky130_fd_sc_hd__clkbuf_16)
                                                         clknet_0_clk (net)
                      0.039754    0.000953    0.163076 ^ clkbuf_1_0__f_clk/A (sky130_fd_sc_hd__clkbuf_16)
     7    0.017962    0.040112    0.121389    0.284465 ^ clkbuf_1_0__f_clk/X (sky130_fd_sc_hd__clkbuf_16)
                                                         clknet_1_0__leaf_clk (net)
                      0.040114    0.000627    0.285092 ^ _108_/CLK (sky130_fd_sc_hd__dfxtp_1)
     5    0.011922    0.120119    0.357337    0.642429 ^ _108_/Q (sky130_fd_sc_hd__dfxtp_1)
                                                         net4 (net)
                      0.120125    0.000709    0.643138 ^ output4/A (sky130_fd_sc_hd__buf_2)
     1    0.034712    0.172914    0.226384    0.869522 ^ output4/X (sky130_fd_sc_hd__buf_2)
                                                         count_out[0] (net)
                      0.172944    0.001889    0.871411 ^ count_out[0] (out)
                                              0.871411   data arrival time

                                 19.000000   19.000000   clock clk (rise edge)
                                  0.000000   19.000000   clock network delay (propagated)
                                 -0.250000   18.750002   clock uncertainty
                                  0.000000   18.750002   clock reconvergence pessimism
                                 -3.000000   15.750001   output external delay
                                             15.750001   data required time
---------------------------------------------------------------------------------------------
                                             15.750001   data required time
                                             -0.871411   data arrival time
---------------------------------------------------------------------------------------------
                                             14.878590   slack (MET)


Startpoint: _109_ (rising edge-triggered flip-flop clocked by clk)
Endpoint: count_out[1] (output port clocked by clk)
Path Group: clk
Path Type: max

Fanout         Cap        Slew       Delay        Time   Description
---------------------------------------------------------------------------------------------
                                  0.000000    0.000000   clock clk (rise edge)
                                  0.000000    0.000000   clock source latency
     1    0.010565    0.053986    0.036049    0.036049 ^ clk (in)
                                                         clk (net)
                      0.053995    0.000000    0.036049 ^ clkbuf_0_clk/A (sky130_fd_sc_hd__clkbuf_16)
     2    0.017542    0.039750    0.126073    0.162122 ^ clkbuf_0_clk/X (sky130_fd_sc_hd__clkbuf_16)
                                                         clknet_0_clk (net)
                      0.039754    0.000953    0.163076 ^ clkbuf_1_0__f_clk/A (sky130_fd_sc_hd__clkbuf_16)
     7    0.017962    0.040112    0.121389    0.284465 ^ clkbuf_1_0__f_clk/X (sky130_fd_sc_hd__clkbuf_16)
                                                         clknet_1_0__leaf_clk (net)
                      0.040115    0.000798    0.285263 ^ _109_/CLK (sky130_fd_sc_hd__dfxtp_1)
     4    0.010260    0.105192    0.346800    0.632063 ^ _109_/Q (sky130_fd_sc_hd__dfxtp_1)
                                                         net5 (net)
                      0.105195    0.000469    0.632531 ^ output5/A (sky130_fd_sc_hd__buf_2)
     1    0.034149    0.170160    0.219188    0.851719 ^ output5/X (sky130_fd_sc_hd__buf_2)
                                                         count_out[1] (net)
                      0.170183    0.001637    0.853356 ^ count_out[1] (out)
                                              0.853356   data arrival time

                                 19.000000   19.000000   clock clk (rise edge)
                                  0.000000   19.000000   clock network delay (propagated)
                                 -0.250000   18.750002   clock uncertainty
                                  0.000000   18.750002   clock reconvergence pessimism
                                 -3.000000   15.750001   output external delay
                                             15.750001   data required time
---------------------------------------------------------------------------------------------
                                             15.750001   data required time
                                             -0.853356   data arrival time
---------------------------------------------------------------------------------------------
                                             14.896645   slack (MET)


Startpoint: _112_ (rising edge-triggered flip-flop clocked by clk)
Endpoint: count_out[4] (output port clocked by clk)
Path Group: clk
Path Type: max

Fanout         Cap        Slew       Delay        Time   Description
---------------------------------------------------------------------------------------------
                                  0.000000    0.000000   clock clk (rise edge)
                                  0.000000    0.000000   clock source latency
     1    0.010565    0.053986    0.036049    0.036049 ^ clk (in)
                                                         clk (net)
                      0.053995    0.000000    0.036049 ^ clkbuf_0_clk/A (sky130_fd_sc_hd__clkbuf_16)
     2    0.017542    0.039750    0.126073    0.162122 ^ clkbuf_0_clk/X (sky130_fd_sc_hd__clkbuf_16)
                                                         clknet_0_clk (net)
                      0.039754    0.000929    0.163052 ^ clkbuf_1_1__f_clk/A (sky130_fd_sc_hd__clkbuf_16)
    10    0.025045    0.046403    0.127863    0.290915 ^ clkbuf_1_1__f_clk/X (sky130_fd_sc_hd__clkbuf_16)
                                                         clknet_1_1__leaf_clk (net)
                      0.046454    0.001175    0.292090 ^ _112_/CLK (sky130_fd_sc_hd__dfxtp_1)
     4    0.009162    0.095380    0.342011    0.634101 ^ _112_/Q (sky130_fd_sc_hd__dfxtp_1)
                                                         net8 (net)
                      0.095383    0.000451    0.634552 ^ output8/A (sky130_fd_sc_hd__buf_2)
     1    0.033827    0.168599    0.214522    0.849074 ^ output8/X (sky130_fd_sc_hd__buf_2)
                                                         count_out[4] (net)
                      0.168621    0.001606    0.850680 ^ count_out[4] (out)
                                              0.850680   data arrival time

                                 19.000000   19.000000   clock clk (rise edge)
                                  0.000000   19.000000   clock network delay (propagated)
                                 -0.250000   18.750002   clock uncertainty
                                  0.000000   18.750002   clock reconvergence pessimism
                                 -3.000000   15.750001   output external delay
                                             15.750001   data required time
---------------------------------------------------------------------------------------------
                                             15.750001   data required time
                                             -0.850680   data arrival time
---------------------------------------------------------------------------------------------
                                             14.899322   slack (MET)


Startpoint: _114_ (rising edge-triggered flip-flop clocked by clk)
Endpoint: count_out[6] (output port clocked by clk)
Path Group: clk
Path Type: max

Fanout         Cap        Slew       Delay        Time   Description
---------------------------------------------------------------------------------------------
                                  0.000000    0.000000   clock clk (rise edge)
                                  0.000000    0.000000   clock source latency
     1    0.010565    0.053986    0.036049    0.036049 ^ clk (in)
                                                         clk (net)
                      0.053995    0.000000    0.036049 ^ clkbuf_0_clk/A (sky130_fd_sc_hd__clkbuf_16)
     2    0.017542    0.039750    0.126073    0.162122 ^ clkbuf_0_clk/X (sky130_fd_sc_hd__clkbuf_16)
                                                         clknet_0_clk (net)
                      0.039754    0.000953    0.163076 ^ clkbuf_1_0__f_clk/A (sky130_fd_sc_hd__clkbuf_16)
     7    0.017962    0.040112    0.121389    0.284465 ^ clkbuf_1_0__f_clk/X (sky130_fd_sc_hd__clkbuf_16)
                                                         clknet_1_0__leaf_clk (net)
                      0.040114    0.000721    0.285186 ^ _114_/CLK (sky130_fd_sc_hd__dfxtp_1)
     3    0.007008    0.076693    0.325594    0.610780 ^ _114_/Q (sky130_fd_sc_hd__dfxtp_1)
                                                         net10 (net)
                      0.076695    0.000365    0.611144 ^ output10/A (sky130_fd_sc_hd__buf_2)
     1    0.033971    0.169168    0.208103    0.819248 ^ output10/X (sky130_fd_sc_hd__buf_2)
                                                         count_out[6] (net)
                      0.169190    0.001621    0.820868 ^ count_out[6] (out)
                                              0.820868   data arrival time

                                 19.000000   19.000000   clock clk (rise edge)
                                  0.000000   19.000000   clock network delay (propagated)
                                 -0.250000   18.750002   clock uncertainty
                                  0.000000   18.750002   clock reconvergence pessimism
                                 -3.000000   15.750001   output external delay
                                             15.750001   data required time
---------------------------------------------------------------------------------------------
                                             15.750001   data required time
                                             -0.820868   data arrival time
---------------------------------------------------------------------------------------------
                                             14.929132   slack (MET)


Startpoint: rst (input port clocked by clk)
Endpoint: _098_ (rising edge-triggered flip-flop clocked by clk)
Path Group: clk
Path Type: max

Fanout         Cap        Slew       Delay        Time   Description
---------------------------------------------------------------------------------------------
                                  0.000000    0.000000   clock clk (rise edge)
                                  0.000000    0.000000   clock network delay (propagated)
                                  3.000000    3.000000 v input external delay
     1    0.002510    0.007949    0.003980    3.003980 v rst (in)
                                                         rst (net)
                      0.007951    0.000000    3.003980 v input2/A (sky130_fd_sc_hd__clkbuf_2)
     6    0.019330    0.079673    0.131155    3.135136 v input2/X (sky130_fd_sc_hd__clkbuf_2)
                                                         net2 (net)
                      0.079678    0.000542    3.135678 v _067_/B1 (sky130_fd_sc_hd__a311o_1)
     1    0.002050    0.048373    0.315221    3.450899 v _067_/X (sky130_fd_sc_hd__a311o_1)
                                                         _004_ (net)
                      0.048373    0.000139    3.451038 v hold10/A (sky130_fd_sc_hd__dlygate4sd3_1)
     1    0.002014    0.049077    0.542320    3.993359 v hold10/X (sky130_fd_sc_hd__dlygate4sd3_1)
                                                         net23 (net)
                      0.049077    0.000151    3.993510 v _098_/D (sky130_fd_sc_hd__dfxtp_1)
                                              3.993510   data arrival time

                                 19.000000   19.000000   clock clk (rise edge)
                                  0.000000   19.000000   clock source latency
     1    0.010565    0.053986    0.036049   19.036049 ^ clk (in)
                                                         clk (net)
                      0.053995    0.000000   19.036049 ^ clkbuf_0_clk/A (sky130_fd_sc_hd__clkbuf_16)
     2    0.017542    0.039750    0.126073   19.162123 ^ clkbuf_0_clk/X (sky130_fd_sc_hd__clkbuf_16)
                                                         clknet_0_clk (net)
                      0.039754    0.000929   19.163052 ^ clkbuf_1_1__f_clk/A (sky130_fd_sc_hd__clkbuf_16)
    10    0.025045    0.046403    0.127862   19.290915 ^ clkbuf_1_1__f_clk/X (sky130_fd_sc_hd__clkbuf_16)
                                                         clknet_1_1__leaf_clk (net)
                      0.046494    0.001585   19.292500 ^ _098_/CLK (sky130_fd_sc_hd__dfxtp_1)
                                 -0.250000   19.042500   clock uncertainty
                                  0.000000   19.042500   clock reconvergence pessimism
                                 -0.111971   18.930529   library setup time
                                             18.930529   data required time
---------------------------------------------------------------------------------------------
                                             18.930529   data required time
                                             -3.993510   data arrival time
---------------------------------------------------------------------------------------------
                                             14.937019   slack (MET)


Startpoint: _101_ (rising edge-triggered flip-flop clocked by clk)
Endpoint: ready (output port clocked by clk)
Path Group: clk
Path Type: max

Fanout         Cap        Slew       Delay        Time   Description
---------------------------------------------------------------------------------------------
                                  0.000000    0.000000   clock clk (rise edge)
                                  0.000000    0.000000   clock source latency
     1    0.010565    0.053986    0.036049    0.036049 ^ clk (in)
                                                         clk (net)
                      0.053995    0.000000    0.036049 ^ clkbuf_0_clk/A (sky130_fd_sc_hd__clkbuf_16)
     2    0.017542    0.039750    0.126073    0.162122 ^ clkbuf_0_clk/X (sky130_fd_sc_hd__clkbuf_16)
                                                         clknet_0_clk (net)
                      0.039754    0.000953    0.163076 ^ clkbuf_1_0__f_clk/A (sky130_fd_sc_hd__clkbuf_16)
     7    0.017962    0.040112    0.121389    0.284465 ^ clkbuf_1_0__f_clk/X (sky130_fd_sc_hd__clkbuf_16)
                                                         clknet_1_0__leaf_clk (net)
                      0.040114    0.000674    0.285139 ^ _101_/CLK (sky130_fd_sc_hd__dfxtp_1)
     2    0.003896    0.049676    0.305175    0.590314 ^ _101_/Q (sky130_fd_sc_hd__dfxtp_1)
                                                         net11 (net)
                      0.049679    0.000256    0.590571 ^ output11/A (sky130_fd_sc_hd__buf_2)
     1    0.033864    0.168442    0.197745    0.788316 ^ output11/X (sky130_fd_sc_hd__buf_2)
                                                         ready (net)
                      0.168464    0.001609    0.789925 ^ ready (out)
                                              0.789925   data arrival time

                                 19.000000   19.000000   clock clk (rise edge)
                                  0.000000   19.000000   clock network delay (propagated)
                                 -0.250000   18.750002   clock uncertainty
                                  0.000000   18.750002   clock reconvergence pessimism
                                 -3.000000   15.750001   output external delay
                                             15.750001   data required time
---------------------------------------------------------------------------------------------
                                             15.750001   data required time
                                             -0.789925   data arrival time
---------------------------------------------------------------------------------------------
                                             14.960076   slack (MET)


Startpoint: rst (input port clocked by clk)
Endpoint: _106_ (rising edge-triggered flip-flop clocked by clk)
Path Group: clk
Path Type: max

Fanout         Cap        Slew       Delay        Time   Description
---------------------------------------------------------------------------------------------
                                  0.000000    0.000000   clock clk (rise edge)
                                  0.000000    0.000000   clock network delay (propagated)
                                  3.000000    3.000000 ^ input external delay
     1    0.002740    0.019476    0.010149    3.010149 ^ rst (in)
                                                         rst (net)
                      0.019477    0.000000    3.010149 ^ input2/A (sky130_fd_sc_hd__clkbuf_2)
     6    0.021273    0.121278    0.150304    3.160454 ^ input2/X (sky130_fd_sc_hd__clkbuf_2)
                                                         net2 (net)
                      0.121307    0.001512    3.161966 ^ _052_/A (sky130_fd_sc_hd__inv_2)
     5    0.012918    0.047624    0.068311    3.230277 v _052_/Y (sky130_fd_sc_hd__inv_2)
                                                         _020_ (net)
                      0.047635    0.000548    3.230825 v _073_/B1 (sky130_fd_sc_hd__o211a_1)
     1    0.002585    0.037295    0.118945    3.349770 v _073_/X (sky130_fd_sc_hd__o211a_1)
                                                         _008_ (net)
                      0.037295    0.000109    3.349879 v hold12/A (sky130_fd_sc_hd__dlygate4sd3_1)
     1    0.001837    0.048272    0.536423    3.886302 v hold12/X (sky130_fd_sc_hd__dlygate4sd3_1)
                                                         net25 (net)
                      0.048272    0.000084    3.886386 v _106_/D (sky130_fd_sc_hd__dfxtp_1)
                                              3.886386   data arrival time

                                 19.000000   19.000000   clock clk (rise edge)
                                  0.000000   19.000000   clock source latency
     1    0.010565    0.053986    0.036049   19.036049 ^ clk (in)
                                                         clk (net)
                      0.053995    0.000000   19.036049 ^ clkbuf_0_clk/A (sky130_fd_sc_hd__clkbuf_16)
     2    0.017542    0.039750    0.126073   19.162123 ^ clkbuf_0_clk/X (sky130_fd_sc_hd__clkbuf_16)
                                                         clknet_0_clk (net)
                      0.039754    0.000929   19.163052 ^ clkbuf_1_1__f_clk/A (sky130_fd_sc_hd__clkbuf_16)
    10    0.025045    0.046403    0.127862   19.290915 ^ clkbuf_1_1__f_clk/X (sky130_fd_sc_hd__clkbuf_16)
                                                         clknet_1_1__leaf_clk (net)
                      0.046467    0.001323   19.292238 ^ _106_/CLK (sky130_fd_sc_hd__dfxtp_1)
                                 -0.250000   19.042238   clock uncertainty
                                  0.000000   19.042238   clock reconvergence pessimism
                                 -0.111624   18.930614   library setup time
                                             18.930614   data required time
---------------------------------------------------------------------------------------------
                                             18.930614   data required time
                                             -3.886386   data arrival time
---------------------------------------------------------------------------------------------
                                             15.044228   slack (MET)


Startpoint: rst (input port clocked by clk)
Endpoint: _113_ (rising edge-triggered flip-flop clocked by clk)
Path Group: clk
Path Type: max

Fanout         Cap        Slew       Delay        Time   Description
---------------------------------------------------------------------------------------------
                                  0.000000    0.000000   clock clk (rise edge)
                                  0.000000    0.000000   clock network delay (propagated)
                                  3.000000    3.000000 v input external delay
     1    0.002510    0.007949    0.003980    3.003980 v rst (in)
                                                         rst (net)
                      0.007951    0.000000    3.003980 v input2/A (sky130_fd_sc_hd__clkbuf_2)
     6    0.019330    0.079673    0.131155    3.135136 v input2/X (sky130_fd_sc_hd__clkbuf_2)
                                                         net2 (net)
                      0.079710    0.001434    3.136570 v _076_/A (sky130_fd_sc_hd__nor2_1)
     5    0.010907    0.209481    0.208775    3.345345 ^ _076_/Y (sky130_fd_sc_hd__nor2_1)
                                                         _034_ (net)
                      0.209484    0.000547    3.345892 ^ _082_/B1 (sky130_fd_sc_hd__o41a_1)
     3    0.007168    0.094130    0.211930    3.557823 ^ _082_/X (sky130_fd_sc_hd__o41a_1)
                                                         _038_ (net)
                      0.094132    0.000363    3.558185 ^ _095_/A (sky130_fd_sc_hd__and3_1)
     1    0.001872    0.041727    0.141335    3.699521 ^ _095_/X (sky130_fd_sc_hd__and3_1)
                                                         _015_ (net)
                      0.041727    0.000140    3.699661 ^ _113_/D (sky130_fd_sc_hd__dfxtp_1)
                                              3.699661   data arrival time

                                 19.000000   19.000000   clock clk (rise edge)
                                  0.000000   19.000000   clock source latency
     1    0.010565    0.053986    0.036049   19.036049 ^ clk (in)
                                                         clk (net)
                      0.053995    0.000000   19.036049 ^ clkbuf_0_clk/A (sky130_fd_sc_hd__clkbuf_16)
     2    0.017542    0.039750    0.126073   19.162123 ^ clkbuf_0_clk/X (sky130_fd_sc_hd__clkbuf_16)
                                                         clknet_0_clk (net)
                      0.039754    0.000952   19.163074 ^ clkbuf_1_0__f_clk/A (sky130_fd_sc_hd__clkbuf_16)
     7    0.017962    0.040112    0.121391   19.284466 ^ clkbuf_1_0__f_clk/X (sky130_fd_sc_hd__clkbuf_16)
                                                         clknet_1_0__leaf_clk (net)
                      0.040114    0.000757   19.285223 ^ _113_/CLK (sky130_fd_sc_hd__dfxtp_1)
                                 -0.250000   19.035223   clock uncertainty
                                  0.000000   19.035223   clock reconvergence pessimism
                                 -0.053931   18.981293   library setup time
                                             18.981293   data required time
---------------------------------------------------------------------------------------------
                                             18.981293   data required time
                                             -3.699661   data arrival time
---------------------------------------------------------------------------------------------
                                             15.281632   slack (MET)


Startpoint: rst (input port clocked by clk)
Endpoint: _114_ (rising edge-triggered flip-flop clocked by clk)
Path Group: clk
Path Type: max

Fanout         Cap        Slew       Delay        Time   Description
---------------------------------------------------------------------------------------------
                                  0.000000    0.000000   clock clk (rise edge)
                                  0.000000    0.000000   clock network delay (propagated)
                                  3.000000    3.000000 v input external delay
     1    0.002510    0.007949    0.003980    3.003980 v rst (in)
                                                         rst (net)
                      0.007951    0.000000    3.003980 v input2/A (sky130_fd_sc_hd__clkbuf_2)
     6    0.019330    0.079673    0.131155    3.135136 v input2/X (sky130_fd_sc_hd__clkbuf_2)
                                                         net2 (net)
                      0.079710    0.001434    3.136570 v _076_/A (sky130_fd_sc_hd__nor2_1)
     5    0.010907    0.209481    0.208775    3.345345 ^ _076_/Y (sky130_fd_sc_hd__nor2_1)
                                                         _034_ (net)
                      0.209484    0.000547    3.345892 ^ _082_/B1 (sky130_fd_sc_hd__o41a_1)
     3    0.007168    0.094130    0.211930    3.557823 ^ _082_/X (sky130_fd_sc_hd__o41a_1)
                                                         _038_ (net)
                      0.094131    0.000257    3.558080 ^ _097_/C1 (sky130_fd_sc_hd__o211a_1)
     1    0.001877    0.035759    0.135623    3.693703 ^ _097_/X (sky130_fd_sc_hd__o211a_1)
                                                         _016_ (net)
                      0.035759    0.000086    3.693789 ^ _114_/D (sky130_fd_sc_hd__dfxtp_1)
                                              3.693789   data arrival time

                                 19.000000   19.000000   clock clk (rise edge)
                                  0.000000   19.000000   clock source latency
     1    0.010565    0.053986    0.036049   19.036049 ^ clk (in)
                                                         clk (net)
                      0.053995    0.000000   19.036049 ^ clkbuf_0_clk/A (sky130_fd_sc_hd__clkbuf_16)
     2    0.017542    0.039750    0.126073   19.162123 ^ clkbuf_0_clk/X (sky130_fd_sc_hd__clkbuf_16)
                                                         clknet_0_clk (net)
                      0.039754    0.000952   19.163074 ^ clkbuf_1_0__f_clk/A (sky130_fd_sc_hd__clkbuf_16)
     7    0.017962    0.040112    0.121391   19.284466 ^ clkbuf_1_0__f_clk/X (sky130_fd_sc_hd__clkbuf_16)
                                                         clknet_1_0__leaf_clk (net)
                      0.040114    0.000719   19.285185 ^ _114_/CLK (sky130_fd_sc_hd__dfxtp_1)
                                 -0.250000   19.035187   clock uncertainty
                                  0.000000   19.035187   clock reconvergence pessimism
                                 -0.052550   18.982635   library setup time
                                             18.982635   data required time
---------------------------------------------------------------------------------------------
                                             18.982635   data required time
                                             -3.693789   data arrival time
---------------------------------------------------------------------------------------------
                                             15.288848   slack (MET)


Startpoint: rst (input port clocked by clk)
Endpoint: _110_ (rising edge-triggered flip-flop clocked by clk)
Path Group: clk
Path Type: max

Fanout         Cap        Slew       Delay        Time   Description
---------------------------------------------------------------------------------------------
                                  0.000000    0.000000   clock clk (rise edge)
                                  0.000000    0.000000   clock network delay (propagated)
                                  3.000000    3.000000 v input external delay
     1    0.002510    0.007949    0.003980    3.003980 v rst (in)
                                                         rst (net)
                      0.007951    0.000000    3.003980 v input2/A (sky130_fd_sc_hd__clkbuf_2)
     6    0.019330    0.079673    0.131155    3.135136 v input2/X (sky130_fd_sc_hd__clkbuf_2)
                                                         net2 (net)
                      0.079710    0.001434    3.136570 v _076_/A (sky130_fd_sc_hd__nor2_1)
     5    0.010907    0.209481    0.208775    3.345345 ^ _076_/Y (sky130_fd_sc_hd__nor2_1)
                                                         _034_ (net)
                      0.209484    0.000547    3.345892 ^ _082_/B1 (sky130_fd_sc_hd__o41a_1)
     3    0.007168    0.094130    0.211930    3.557823 ^ _082_/X (sky130_fd_sc_hd__o41a_1)
                                                         _038_ (net)
                      0.094132    0.000353    3.558175 ^ _085_/A (sky130_fd_sc_hd__and3_1)
     1    0.001832    0.041391    0.140977    3.699153 ^ _085_/X (sky130_fd_sc_hd__and3_1)
                                                         _012_ (net)
                      0.041391    0.000136    3.699289 ^ _110_/D (sky130_fd_sc_hd__dfxtp_1)
                                              3.699289   data arrival time

                                 19.000000   19.000000   clock clk (rise edge)
                                  0.000000   19.000000   clock source latency
     1    0.010565    0.053986    0.036049   19.036049 ^ clk (in)
                                                         clk (net)
                      0.053995    0.000000   19.036049 ^ clkbuf_0_clk/A (sky130_fd_sc_hd__clkbuf_16)
     2    0.017542    0.039750    0.126073   19.162123 ^ clkbuf_0_clk/X (sky130_fd_sc_hd__clkbuf_16)
                                                         clknet_0_clk (net)
                      0.039754    0.000929   19.163052 ^ clkbuf_1_1__f_clk/A (sky130_fd_sc_hd__clkbuf_16)
    10    0.025045    0.046403    0.127862   19.290915 ^ clkbuf_1_1__f_clk/X (sky130_fd_sc_hd__clkbuf_16)
                                                         clknet_1_1__leaf_clk (net)
                      0.046460    0.001242   19.292156 ^ _110_/CLK (sky130_fd_sc_hd__dfxtp_1)
                                 -0.250000   19.042156   clock uncertainty
                                  0.000000   19.042156   clock reconvergence pessimism
                                 -0.052950   18.989206   library setup time
                                             18.989206   data required time
---------------------------------------------------------------------------------------------
                                             18.989206   data required time
                                             -3.699289   data arrival time
---------------------------------------------------------------------------------------------
                                             15.289917   slack (MET)


Startpoint: rst (input port clocked by clk)
Endpoint: _104_ (rising edge-triggered flip-flop clocked by clk)
Path Group: clk
Path Type: max

Fanout         Cap        Slew       Delay        Time   Description
---------------------------------------------------------------------------------------------
                                  0.000000    0.000000   clock clk (rise edge)
                                  0.000000    0.000000   clock network delay (propagated)
                                  3.000000    3.000000 ^ input external delay
     1    0.002740    0.019476    0.010149    3.010149 ^ rst (in)
                                                         rst (net)
                      0.019477    0.000000    3.010149 ^ input2/A (sky130_fd_sc_hd__clkbuf_2)
     6    0.021273    0.121278    0.150304    3.160454 ^ input2/X (sky130_fd_sc_hd__clkbuf_2)
                                                         net2 (net)
                      0.121307    0.001512    3.161966 ^ _052_/A (sky130_fd_sc_hd__inv_2)
     5    0.012918    0.047624    0.068311    3.230277 v _052_/Y (sky130_fd_sc_hd__inv_2)
                                                         _020_ (net)
                      0.047633    0.000493    3.230770 v _055_/B (sky130_fd_sc_hd__and2_1)
     3    0.007350    0.054236    0.172408    3.403178 v _055_/X (sky130_fd_sc_hd__and2_1)
                                                         _022_ (net)
                      0.054246    0.000589    3.403767 v _069_/A2 (sky130_fd_sc_hd__a22o_1)
     1    0.002387    0.037794    0.222802    3.626569 v _069_/X (sky130_fd_sc_hd__a22o_1)
                                                         _006_ (net)
                      0.037796    0.000183    3.626752 v _104_/D (sky130_fd_sc_hd__dfxtp_1)
                                              3.626752   data arrival time

                                 19.000000   19.000000   clock clk (rise edge)
                                  0.000000   19.000000   clock source latency
     1    0.010565    0.053986    0.036049   19.036049 ^ clk (in)
                                                         clk (net)
                      0.053995    0.000000   19.036049 ^ clkbuf_0_clk/A (sky130_fd_sc_hd__clkbuf_16)
     2    0.017542    0.039750    0.126073   19.162123 ^ clkbuf_0_clk/X (sky130_fd_sc_hd__clkbuf_16)
                                                         clknet_0_clk (net)
                      0.039754    0.000929   19.163052 ^ clkbuf_1_1__f_clk/A (sky130_fd_sc_hd__clkbuf_16)
    10    0.025045    0.046403    0.127862   19.290915 ^ clkbuf_1_1__f_clk/X (sky130_fd_sc_hd__clkbuf_16)
                                                         clknet_1_1__leaf_clk (net)
                      0.046424    0.000748   19.291662 ^ _104_/CLK (sky130_fd_sc_hd__dfxtp_1)
                                 -0.250000   19.041662   clock uncertainty
                                  0.000000   19.041662   clock reconvergence pessimism
                                 -0.107036   18.934628   library setup time
                                             18.934628   data required time
---------------------------------------------------------------------------------------------
                                             18.934628   data required time
                                             -3.626752   data arrival time
---------------------------------------------------------------------------------------------
                                             15.307875   slack (MET)


Startpoint: rst (input port clocked by clk)
Endpoint: _100_ (rising edge-triggered flip-flop clocked by clk)
Path Group: clk
Path Type: max

Fanout         Cap        Slew       Delay        Time   Description
---------------------------------------------------------------------------------------------
                                  0.000000    0.000000   clock clk (rise edge)
                                  0.000000    0.000000   clock network delay (propagated)
                                  3.000000    3.000000 ^ input external delay
     1    0.002740    0.019476    0.010149    3.010149 ^ rst (in)
                                                         rst (net)
                      0.019477    0.000000    3.010149 ^ input2/A (sky130_fd_sc_hd__clkbuf_2)
     6    0.021273    0.121278    0.150304    3.160454 ^ input2/X (sky130_fd_sc_hd__clkbuf_2)
                                                         net2 (net)
                      0.121307    0.001512    3.161966 ^ _052_/A (sky130_fd_sc_hd__inv_2)
     5    0.012918    0.047624    0.068311    3.230277 v _052_/Y (sky130_fd_sc_hd__inv_2)
                                                         _020_ (net)
                      0.047633    0.000493    3.230770 v _055_/B (sky130_fd_sc_hd__and2_1)
     3    0.007350    0.054236    0.172408    3.403178 v _055_/X (sky130_fd_sc_hd__and2_1)
                                                         _022_ (net)
                      0.054242    0.000456    3.403635 v _056_/C (sky130_fd_sc_hd__and3b_1)
     1    0.002376    0.035056    0.173361    3.576996 v _056_/X (sky130_fd_sc_hd__and3b_1)
                                                         _001_ (net)
                      0.035056    0.000167    3.577162 v _100_/D (sky130_fd_sc_hd__dfxtp_1)
                                              3.577162   data arrival time

                                 19.000000   19.000000   clock clk (rise edge)
                                  0.000000   19.000000   clock source latency
     1    0.010565    0.053986    0.036049   19.036049 ^ clk (in)
                                                         clk (net)
                      0.053995    0.000000   19.036049 ^ clkbuf_0_clk/A (sky130_fd_sc_hd__clkbuf_16)
     2    0.017542    0.039750    0.126073   19.162123 ^ clkbuf_0_clk/X (sky130_fd_sc_hd__clkbuf_16)
                                                         clknet_0_clk (net)
                      0.039754    0.000929   19.163052 ^ clkbuf_1_1__f_clk/A (sky130_fd_sc_hd__clkbuf_16)
    10    0.025045    0.046403    0.127862   19.290915 ^ clkbuf_1_1__f_clk/X (sky130_fd_sc_hd__clkbuf_16)
                                                         clknet_1_1__leaf_clk (net)
                      0.046444    0.001048   19.291962 ^ _100_/CLK (sky130_fd_sc_hd__dfxtp_1)
                                 -0.250000   19.041964   clock uncertainty
                                  0.000000   19.041964   clock reconvergence pessimism
                                 -0.105829   18.936134   library setup time
                                             18.936134   data required time
---------------------------------------------------------------------------------------------
                                             18.936134   data required time
                                             -3.577162   data arrival time
---------------------------------------------------------------------------------------------
                                             15.358974   slack (MET)


Startpoint: rst (input port clocked by clk)
Endpoint: _108_ (rising edge-triggered flip-flop clocked by clk)
Path Group: clk
Path Type: max

Fanout         Cap        Slew       Delay        Time   Description
---------------------------------------------------------------------------------------------
                                  0.000000    0.000000   clock clk (rise edge)
                                  0.000000    0.000000   clock network delay (propagated)
                                  3.000000    3.000000 v input external delay
     1    0.002510    0.007949    0.003980    3.003980 v rst (in)
                                                         rst (net)
                      0.007951    0.000000    3.003980 v input2/A (sky130_fd_sc_hd__clkbuf_2)
     6    0.019330    0.079673    0.131155    3.135136 v input2/X (sky130_fd_sc_hd__clkbuf_2)
                                                         net2 (net)
                      0.079710    0.001434    3.136570 v _076_/A (sky130_fd_sc_hd__nor2_1)
     5    0.010907    0.209481    0.208775    3.345345 ^ _076_/Y (sky130_fd_sc_hd__nor2_1)
                                                         _034_ (net)
                      0.209486    0.000831    3.346177 ^ _077_/B1 (sky130_fd_sc_hd__o21ai_1)
     1    0.002452    0.065112    0.093936    3.440113 v _077_/Y (sky130_fd_sc_hd__o21ai_1)
                                                         _035_ (net)
                      0.065112    0.000114    3.440227 v _078_/B1 (sky130_fd_sc_hd__a21oi_1)
     1    0.002176    0.092973    0.107347    3.547574 ^ _078_/Y (sky130_fd_sc_hd__a21oi_1)
                                                         _010_ (net)
                      0.092973    0.000161    3.547734 ^ _108_/D (sky130_fd_sc_hd__dfxtp_1)
                                              3.547734   data arrival time

                                 19.000000   19.000000   clock clk (rise edge)
                                  0.000000   19.000000   clock source latency
     1    0.010565    0.053986    0.036049   19.036049 ^ clk (in)
                                                         clk (net)
                      0.053995    0.000000   19.036049 ^ clkbuf_0_clk/A (sky130_fd_sc_hd__clkbuf_16)
     2    0.017542    0.039750    0.126073   19.162123 ^ clkbuf_0_clk/X (sky130_fd_sc_hd__clkbuf_16)
                                                         clknet_0_clk (net)
                      0.039754    0.000952   19.163074 ^ clkbuf_1_0__f_clk/A (sky130_fd_sc_hd__clkbuf_16)
     7    0.017962    0.040112    0.121391   19.284466 ^ clkbuf_1_0__f_clk/X (sky130_fd_sc_hd__clkbuf_16)
                                                         clknet_1_0__leaf_clk (net)
                      0.040114    0.000627   19.285093 ^ _108_/CLK (sky130_fd_sc_hd__dfxtp_1)
                                 -0.250000   19.035093   clock uncertainty
                                  0.000000   19.035093   clock reconvergence pessimism
                                 -0.065788   18.969305   library setup time
                                             18.969305   data required time
---------------------------------------------------------------------------------------------
                                             18.969305   data required time
                                             -3.547734   data arrival time
---------------------------------------------------------------------------------------------
                                             15.421570   slack (MET)


Startpoint: rst (input port clocked by clk)
Endpoint: _109_ (rising edge-triggered flip-flop clocked by clk)
Path Group: clk
Path Type: max

Fanout         Cap        Slew       Delay        Time   Description
---------------------------------------------------------------------------------------------
                                  0.000000    0.000000   clock clk (rise edge)
                                  0.000000    0.000000   clock network delay (propagated)
                                  3.000000    3.000000 v input external delay
     1    0.002510    0.007949    0.003980    3.003980 v rst (in)
                                                         rst (net)
                      0.007951    0.000000    3.003980 v input2/A (sky130_fd_sc_hd__clkbuf_2)
     6    0.019330    0.079673    0.131155    3.135136 v input2/X (sky130_fd_sc_hd__clkbuf_2)
                                                         net2 (net)
                      0.079710    0.001434    3.136570 v _076_/A (sky130_fd_sc_hd__nor2_1)
     5    0.010907    0.209481    0.208775    3.345345 ^ _076_/Y (sky130_fd_sc_hd__nor2_1)
                                                         _034_ (net)
                      0.209485    0.000742    3.346087 ^ _081_/B (sky130_fd_sc_hd__and3b_1)
     1    0.002201    0.046169    0.179408    3.525495 ^ _081_/X (sky130_fd_sc_hd__and3b_1)
                                                         _011_ (net)
                      0.046169    0.000152    3.525647 ^ _109_/D (sky130_fd_sc_hd__dfxtp_1)
                                              3.525647   data arrival time

                                 19.000000   19.000000   clock clk (rise edge)
                                  0.000000   19.000000   clock source latency
     1    0.010565    0.053986    0.036049   19.036049 ^ clk (in)
                                                         clk (net)
                      0.053995    0.000000   19.036049 ^ clkbuf_0_clk/A (sky130_fd_sc_hd__clkbuf_16)
     2    0.017542    0.039750    0.126073   19.162123 ^ clkbuf_0_clk/X (sky130_fd_sc_hd__clkbuf_16)
                                                         clknet_0_clk (net)
                      0.039754    0.000952   19.163074 ^ clkbuf_1_0__f_clk/A (sky130_fd_sc_hd__clkbuf_16)
     7    0.017962    0.040112    0.121391   19.284466 ^ clkbuf_1_0__f_clk/X (sky130_fd_sc_hd__clkbuf_16)
                                                         clknet_1_0__leaf_clk (net)
                      0.040115    0.000798   19.285263 ^ _109_/CLK (sky130_fd_sc_hd__dfxtp_1)
                                 -0.250000   19.035265   clock uncertainty
                                  0.000000   19.035265   clock reconvergence pessimism
                                 -0.054959   18.980307   library setup time
                                             18.980307   data required time
---------------------------------------------------------------------------------------------
                                             18.980307   data required time
                                             -3.525647   data arrival time
---------------------------------------------------------------------------------------------
                                             15.454659   slack (MET)


Startpoint: rst (input port clocked by clk)
Endpoint: _112_ (rising edge-triggered flip-flop clocked by clk)
Path Group: clk
Path Type: max

Fanout         Cap        Slew       Delay        Time   Description
---------------------------------------------------------------------------------------------
                                  0.000000    0.000000   clock clk (rise edge)
                                  0.000000    0.000000   clock network delay (propagated)
                                  3.000000    3.000000 v input external delay
     1    0.002510    0.007949    0.003980    3.003980 v rst (in)
                                                         rst (net)
                      0.007951    0.000000    3.003980 v input2/A (sky130_fd_sc_hd__clkbuf_2)
     6    0.019330    0.079673    0.131155    3.135136 v input2/X (sky130_fd_sc_hd__clkbuf_2)
                                                         net2 (net)
                      0.079710    0.001434    3.136570 v _076_/A (sky130_fd_sc_hd__nor2_1)
     5    0.010907    0.209481    0.208775    3.345345 ^ _076_/Y (sky130_fd_sc_hd__nor2_1)
                                                         _034_ (net)
                      0.209483    0.000506    3.345851 ^ _092_/A (sky130_fd_sc_hd__and3_1)
     1    0.002621    0.049522    0.180130    3.525982 ^ _092_/X (sky130_fd_sc_hd__and3_1)
                                                         _014_ (net)
                      0.049523    0.000178    3.526160 ^ _112_/D (sky130_fd_sc_hd__dfxtp_1)
                                              3.526160   data arrival time

                                 19.000000   19.000000   clock clk (rise edge)
                                  0.000000   19.000000   clock source latency
     1    0.010565    0.053986    0.036049   19.036049 ^ clk (in)
                                                         clk (net)
                      0.053995    0.000000   19.036049 ^ clkbuf_0_clk/A (sky130_fd_sc_hd__clkbuf_16)
     2    0.017542    0.039750    0.126073   19.162123 ^ clkbuf_0_clk/X (sky130_fd_sc_hd__clkbuf_16)
                                                         clknet_0_clk (net)
                      0.039754    0.000929   19.163052 ^ clkbuf_1_1__f_clk/A (sky130_fd_sc_hd__clkbuf_16)
    10    0.025045    0.046403    0.127862   19.290915 ^ clkbuf_1_1__f_clk/X (sky130_fd_sc_hd__clkbuf_16)
                                                         clknet_1_1__leaf_clk (net)
                      0.046454    0.001176   19.292089 ^ _112_/CLK (sky130_fd_sc_hd__dfxtp_1)
                                 -0.250000   19.042091   clock uncertainty
                                  0.000000   19.042091   clock reconvergence pessimism
                                 -0.054830   18.987263   library setup time
                                             18.987263   data required time
---------------------------------------------------------------------------------------------
                                             18.987263   data required time
                                             -3.526160   data arrival time
---------------------------------------------------------------------------------------------
                                             15.461103   slack (MET)


Startpoint: rst (input port clocked by clk)
Endpoint: _111_ (rising edge-triggered flip-flop clocked by clk)
Path Group: clk
Path Type: max

Fanout         Cap        Slew       Delay        Time   Description
---------------------------------------------------------------------------------------------
                                  0.000000    0.000000   clock clk (rise edge)
                                  0.000000    0.000000   clock network delay (propagated)
                                  3.000000    3.000000 v input external delay
     1    0.002510    0.007949    0.003980    3.003980 v rst (in)
                                                         rst (net)
                      0.007951    0.000000    3.003980 v input2/A (sky130_fd_sc_hd__clkbuf_2)
     6    0.019330    0.079673    0.131155    3.135136 v input2/X (sky130_fd_sc_hd__clkbuf_2)
                                                         net2 (net)
                      0.079710    0.001434    3.136570 v _076_/A (sky130_fd_sc_hd__nor2_1)
     5    0.010907    0.209481    0.208775    3.345345 ^ _076_/Y (sky130_fd_sc_hd__nor2_1)
                                                         _034_ (net)
                      0.209484    0.000593    3.345938 ^ _088_/A (sky130_fd_sc_hd__and3_1)
     1    0.002583    0.049205    0.179790    3.525728 ^ _088_/X (sky130_fd_sc_hd__and3_1)
                                                         _013_ (net)
                      0.049207    0.000178    3.525907 ^ _111_/D (sky130_fd_sc_hd__dfxtp_1)
                                              3.525907   data arrival time

                                 19.000000   19.000000   clock clk (rise edge)
                                  0.000000   19.000000   clock source latency
     1    0.010565    0.053986    0.036049   19.036049 ^ clk (in)
                                                         clk (net)
                      0.053995    0.000000   19.036049 ^ clkbuf_0_clk/A (sky130_fd_sc_hd__clkbuf_16)
     2    0.017542    0.039750    0.126073   19.162123 ^ clkbuf_0_clk/X (sky130_fd_sc_hd__clkbuf_16)
                                                         clknet_0_clk (net)
                      0.039754    0.000929   19.163052 ^ clkbuf_1_1__f_clk/A (sky130_fd_sc_hd__clkbuf_16)
    10    0.025045    0.046403    0.127862   19.290915 ^ clkbuf_1_1__f_clk/X (sky130_fd_sc_hd__clkbuf_16)
                                                         clknet_1_1__leaf_clk (net)
                      0.046462    0.001265   19.292179 ^ _111_/CLK (sky130_fd_sc_hd__dfxtp_1)
                                 -0.250000   19.042179   clock uncertainty
                                  0.000000   19.042179   clock reconvergence pessimism
                                 -0.054756   18.987423   library setup time
                                             18.987423   data required time
---------------------------------------------------------------------------------------------
                                             18.987423   data required time
                                             -3.525907   data arrival time
---------------------------------------------------------------------------------------------
                                             15.461517   slack (MET)


Startpoint: start (input port clocked by clk)
Endpoint: _101_ (rising edge-triggered flip-flop clocked by clk)
Path Group: clk
Path Type: max

Fanout         Cap        Slew       Delay        Time   Description
---------------------------------------------------------------------------------------------
                                  0.000000    0.000000   clock clk (rise edge)
                                  0.000000    0.000000   clock network delay (propagated)
                                  3.000000    3.000000 ^ input external delay
     1    0.002576    0.018777    0.009575    3.009575 ^ start (in)
                                                         start (net)
                      0.018778    0.000000    3.009575 ^ input3/A (sky130_fd_sc_hd__buf_1)
     2    0.006913    0.089850    0.104194    3.113769 ^ input3/X (sky130_fd_sc_hd__buf_1)
                                                         net3 (net)
                      0.089852    0.000314    3.114082 ^ _053_/A (sky130_fd_sc_hd__inv_2)
     1    0.002757    0.021781    0.032417    3.146499 v _053_/Y (sky130_fd_sc_hd__inv_2)
                                                         _021_ (net)
                      0.021782    0.000125    3.146624 v _061_/A1 (sky130_fd_sc_hd__a221o_1)
     1    0.002242    0.048727    0.292929    3.439553 v _061_/X (sky130_fd_sc_hd__a221o_1)
                                                         _002_ (net)
                      0.048727    0.000159    3.439712 v _101_/D (sky130_fd_sc_hd__dfxtp_1)
                                              3.439712   data arrival time

                                 19.000000   19.000000   clock clk (rise edge)
                                  0.000000   19.000000   clock source latency
     1    0.010565    0.053986    0.036049   19.036049 ^ clk (in)
                                                         clk (net)
                      0.053995    0.000000   19.036049 ^ clkbuf_0_clk/A (sky130_fd_sc_hd__clkbuf_16)
     2    0.017542    0.039750    0.126073   19.162123 ^ clkbuf_0_clk/X (sky130_fd_sc_hd__clkbuf_16)
                                                         clknet_0_clk (net)
                      0.039754    0.000952   19.163074 ^ clkbuf_1_0__f_clk/A (sky130_fd_sc_hd__clkbuf_16)
     7    0.017962    0.040112    0.121391   19.284466 ^ clkbuf_1_0__f_clk/X (sky130_fd_sc_hd__clkbuf_16)
                                                         clknet_1_0__leaf_clk (net)
                      0.040114    0.000673   19.285139 ^ _101_/CLK (sky130_fd_sc_hd__dfxtp_1)
                                 -0.250000   19.035141   clock uncertainty
                                  0.000000   19.035141   clock reconvergence pessimism
                                 -0.113309   18.921831   library setup time
                                             18.921831   data required time
---------------------------------------------------------------------------------------------
                                             18.921831   data required time
                                             -3.439712   data arrival time
---------------------------------------------------------------------------------------------
                                             15.482120   slack (MET)


Startpoint: rst (input port clocked by clk)
Endpoint: _103_ (rising edge-triggered flip-flop clocked by clk)
Path Group: clk
Path Type: max

Fanout         Cap        Slew       Delay        Time   Description
---------------------------------------------------------------------------------------------
                                  0.000000    0.000000   clock clk (rise edge)
                                  0.000000    0.000000   clock network delay (propagated)
                                  3.000000    3.000000 ^ input external delay
     1    0.002740    0.019476    0.010149    3.010149 ^ rst (in)
                                                         rst (net)
                      0.019477    0.000000    3.010149 ^ input2/A (sky130_fd_sc_hd__clkbuf_2)
     6    0.021273    0.121278    0.150304    3.160454 ^ input2/X (sky130_fd_sc_hd__clkbuf_2)
                                                         net2 (net)
                      0.121307    0.001512    3.161966 ^ _052_/A (sky130_fd_sc_hd__inv_2)
     5    0.012918    0.047624    0.068311    3.230277 v _052_/Y (sky130_fd_sc_hd__inv_2)
                                                         _020_ (net)
                      0.047637    0.000598    3.230875 v _054_/A (sky130_fd_sc_hd__and3_1)
     1    0.002064    0.033382    0.134908    3.365782 v _054_/X (sky130_fd_sc_hd__and3_1)
                                                         _000_ (net)
                      0.033383    0.000148    3.365931 v _103_/D (sky130_fd_sc_hd__dfxtp_1)
                                              3.365931   data arrival time

                                 19.000000   19.000000   clock clk (rise edge)
                                  0.000000   19.000000   clock source latency
     1    0.010565    0.053986    0.036049   19.036049 ^ clk (in)
                                                         clk (net)
                      0.053995    0.000000   19.036049 ^ clkbuf_0_clk/A (sky130_fd_sc_hd__clkbuf_16)
     2    0.017542    0.039750    0.126073   19.162123 ^ clkbuf_0_clk/X (sky130_fd_sc_hd__clkbuf_16)
                                                         clknet_0_clk (net)
                      0.039754    0.000952   19.163074 ^ clkbuf_1_0__f_clk/A (sky130_fd_sc_hd__clkbuf_16)
     7    0.017962    0.040112    0.121391   19.284466 ^ clkbuf_1_0__f_clk/X (sky130_fd_sc_hd__clkbuf_16)
                                                         clknet_1_0__leaf_clk (net)
                      0.040114    0.000686   19.285152 ^ _103_/CLK (sky130_fd_sc_hd__dfxtp_1)
                                 -0.250000   19.035152   clock uncertainty
                                  0.000000   19.035152   clock reconvergence pessimism
                                 -0.106571   18.928581   library setup time
                                             18.928581   data required time
---------------------------------------------------------------------------------------------
                                             18.928581   data required time
                                             -3.365931   data arrival time
---------------------------------------------------------------------------------------------
                                             15.562652   slack (MET)


Startpoint: rst (input port clocked by clk)
Endpoint: _102_ (rising edge-triggered flip-flop clocked by clk)
Path Group: clk
Path Type: max

Fanout         Cap        Slew       Delay        Time   Description
---------------------------------------------------------------------------------------------
                                  0.000000    0.000000   clock clk (rise edge)
                                  0.000000    0.000000   clock network delay (propagated)
                                  3.000000    3.000000 ^ input external delay
     1    0.002740    0.019476    0.010149    3.010149 ^ rst (in)
                                                         rst (net)
                      0.019477    0.000000    3.010149 ^ input2/A (sky130_fd_sc_hd__clkbuf_2)
     6    0.021273    0.121278    0.150304    3.160454 ^ input2/X (sky130_fd_sc_hd__clkbuf_2)
                                                         net2 (net)
                      0.121307    0.001512    3.161966 ^ _052_/A (sky130_fd_sc_hd__inv_2)
     5    0.012918    0.047624    0.068311    3.230277 v _052_/Y (sky130_fd_sc_hd__inv_2)
                                                         _020_ (net)
                      0.047635    0.000546    3.230823 v _063_/B1 (sky130_fd_sc_hd__o21a_1)
     1    0.002878    0.035311    0.099386    3.330209 v _063_/X (sky130_fd_sc_hd__o21a_1)
                                                         _003_ (net)
                      0.035313    0.000212    3.330421 v _102_/D (sky130_fd_sc_hd__dfxtp_1)
                                              3.330421   data arrival time

                                 19.000000   19.000000   clock clk (rise edge)
                                  0.000000   19.000000   clock source latency
     1    0.010565    0.053986    0.036049   19.036049 ^ clk (in)
                                                         clk (net)
                      0.053995    0.000000   19.036049 ^ clkbuf_0_clk/A (sky130_fd_sc_hd__clkbuf_16)
     2    0.017542    0.039750    0.126073   19.162123 ^ clkbuf_0_clk/X (sky130_fd_sc_hd__clkbuf_16)
                                                         clknet_0_clk (net)
                      0.039754    0.000952   19.163074 ^ clkbuf_1_0__f_clk/A (sky130_fd_sc_hd__clkbuf_16)
     7    0.017962    0.040112    0.121391   19.284466 ^ clkbuf_1_0__f_clk/X (sky130_fd_sc_hd__clkbuf_16)
                                                         clknet_1_0__leaf_clk (net)
                      0.040114    0.000551   19.285017 ^ _102_/CLK (sky130_fd_sc_hd__dfxtp_1)
                                 -0.250000   19.035017   clock uncertainty
                                  0.000000   19.035017   clock reconvergence pessimism
                                 -0.107419   18.927599   library setup time
                                             18.927599   data required time
---------------------------------------------------------------------------------------------
                                             18.927599   data required time
                                             -3.330421   data arrival time
---------------------------------------------------------------------------------------------
                                             15.597179   slack (MET)


Startpoint: rst (input port clocked by clk)
Endpoint: _099_ (rising edge-triggered flip-flop clocked by clk)
Path Group: clk
Path Type: max

Fanout         Cap        Slew       Delay        Time   Description
---------------------------------------------------------------------------------------------
                                  0.000000    0.000000   clock clk (rise edge)
                                  0.000000    0.000000   clock network delay (propagated)
                                  3.000000    3.000000 ^ input external delay
     1    0.002740    0.019476    0.010149    3.010149 ^ rst (in)
                                                         rst (net)
                      0.019477    0.000000    3.010149 ^ input2/A (sky130_fd_sc_hd__clkbuf_2)
     6    0.021273    0.121278    0.150304    3.160454 ^ input2/X (sky130_fd_sc_hd__clkbuf_2)
                                                         net2 (net)
                      0.121307    0.001512    3.161966 ^ _052_/A (sky130_fd_sc_hd__inv_2)
     5    0.012918    0.047624    0.068311    3.230277 v _052_/Y (sky130_fd_sc_hd__inv_2)
                                                         _020_ (net)
                      0.047643    0.000711    3.230989 v _065_/B1 (sky130_fd_sc_hd__o21a_1)
     1    0.001878    0.030432    0.093562    3.324550 v _065_/X (sky130_fd_sc_hd__o21a_1)
                                                         _005_ (net)
                      0.030432    0.000140    3.324690 v _099_/D (sky130_fd_sc_hd__dfxtp_1)
                                              3.324690   data arrival time

                                 19.000000   19.000000   clock clk (rise edge)
                                  0.000000   19.000000   clock source latency
     1    0.010565    0.053986    0.036049   19.036049 ^ clk (in)
                                                         clk (net)
                      0.053995    0.000000   19.036049 ^ clkbuf_0_clk/A (sky130_fd_sc_hd__clkbuf_16)
     2    0.017542    0.039750    0.126073   19.162123 ^ clkbuf_0_clk/X (sky130_fd_sc_hd__clkbuf_16)
                                                         clknet_0_clk (net)
                      0.039754    0.000929   19.163052 ^ clkbuf_1_1__f_clk/A (sky130_fd_sc_hd__clkbuf_16)
    10    0.025045    0.046403    0.127862   19.290915 ^ clkbuf_1_1__f_clk/X (sky130_fd_sc_hd__clkbuf_16)
                                                         clknet_1_1__leaf_clk (net)
                      0.046481    0.001458   19.292372 ^ _099_/CLK (sky130_fd_sc_hd__dfxtp_1)
                                 -0.250000   19.042374   clock uncertainty
                                  0.000000   19.042374   clock reconvergence pessimism
                                 -0.103790   18.938583   library setup time
                                             18.938583   data required time
---------------------------------------------------------------------------------------------
                                             18.938583   data required time
                                             -3.324690   data arrival time
---------------------------------------------------------------------------------------------
                                             15.613893   slack (MET)


Startpoint: rst (input port clocked by clk)
Endpoint: _107_ (rising edge-triggered flip-flop clocked by clk)
Path Group: clk
Path Type: max

Fanout         Cap        Slew       Delay        Time   Description
---------------------------------------------------------------------------------------------
                                  0.000000    0.000000   clock clk (rise edge)
                                  0.000000    0.000000   clock network delay (propagated)
                                  3.000000    3.000000 v input external delay
     1    0.002510    0.007949    0.003980    3.003980 v rst (in)
                                                         rst (net)
                      0.007951    0.000000    3.003980 v input2/A (sky130_fd_sc_hd__clkbuf_2)
     6    0.019330    0.079673    0.131155    3.135136 v input2/X (sky130_fd_sc_hd__clkbuf_2)
                                                         net2 (net)
                      0.079683    0.000770    3.135905 v _074_/C1 (sky130_fd_sc_hd__a211oi_1)
     1    0.002031    0.161002    0.158761    3.294667 ^ _074_/Y (sky130_fd_sc_hd__a211oi_1)
                                                         _009_ (net)
                      0.161002    0.000144    3.294811 ^ _107_/D (sky130_fd_sc_hd__dfxtp_1)
                                              3.294811   data arrival time

                                 19.000000   19.000000   clock clk (rise edge)
                                  0.000000   19.000000   clock source latency
     1    0.010565    0.053986    0.036049   19.036049 ^ clk (in)
                                                         clk (net)
                      0.053995    0.000000   19.036049 ^ clkbuf_0_clk/A (sky130_fd_sc_hd__clkbuf_16)
     2    0.017542    0.039750    0.126073   19.162123 ^ clkbuf_0_clk/X (sky130_fd_sc_hd__clkbuf_16)
                                                         clknet_0_clk (net)
                      0.039754    0.000929   19.163052 ^ clkbuf_1_1__f_clk/A (sky130_fd_sc_hd__clkbuf_16)
    10    0.025045    0.046403    0.127862   19.290915 ^ clkbuf_1_1__f_clk/X (sky130_fd_sc_hd__clkbuf_16)
                                                         clknet_1_1__leaf_clk (net)
                      0.046497    0.001615   19.292528 ^ _107_/CLK (sky130_fd_sc_hd__dfxtp_1)
                                 -0.250000   19.042530   clock uncertainty
                                  0.000000   19.042530   clock reconvergence pessimism
                                 -0.080582   18.961946   library setup time
                                             18.961946   data required time
---------------------------------------------------------------------------------------------
                                             18.961946   data required time
                                             -3.294811   data arrival time
---------------------------------------------------------------------------------------------
                                             15.667137   slack (MET)



