
===========================================================================
report_checks -path_delay min (Hold)
============================================================================
======================= max_tt_025C_1v80 Corner ===================================

Startpoint: _113_ (rising edge-triggered flip-flop clocked by clk)
Endpoint: _113_ (rising edge-triggered flip-flop clocked by clk)
Path Group: clk
Path Type: min

Fanout         Cap        Slew       Delay        Time   Description
---------------------------------------------------------------------------------------------
                                  0.000000    0.000000   clock clk (rise edge)
                                  0.000000    0.000000   clock source latency
     1    0.010565    0.053986    0.036049    0.036049 ^ clk (in)
                                                         clk (net)
                      0.053995    0.000000    0.036049 ^ clkbuf_0_clk/A (sky130_fd_sc_hd__clkbuf_16)
     2    0.017542    0.039750    0.126073    0.162122 ^ clkbuf_0_clk/X (sky130_fd_sc_hd__clkbuf_16)
                                                         clknet_0_clk (net)
                      0.039754    0.000953    0.163076 ^ clkbuf_1_0__f_clk/A (sky130_fd_sc_hd__clkbuf_16)
     7    0.017962    0.040112    0.121389    0.284465 ^ clkbuf_1_0__f_clk/X (sky130_fd_sc_hd__clkbuf_16)
                                                         clknet_1_0__leaf_clk (net)
                      0.040114    0.000757    0.285222 ^ _113_/CLK (sky130_fd_sc_hd__dfxtp_1)
     5    0.012097    0.064958    0.325239    0.610461 v _113_/Q (sky130_fd_sc_hd__dfxtp_1)
                                                         net9 (net)
                      0.064971    0.000794    0.611256 v _093_/A (sky130_fd_sc_hd__nand3_1)
     1    0.001923    0.042506    0.064513    0.675768 ^ _093_/Y (sky130_fd_sc_hd__nand3_1)
                                                         _046_ (net)
                      0.042506    0.000083    0.675852 ^ _095_/B (sky130_fd_sc_hd__and3_1)
     1    0.001872    0.041642    0.131193    0.807044 ^ _095_/X (sky130_fd_sc_hd__and3_1)
                                                         _015_ (net)
                      0.041643    0.000140    0.807184 ^ _113_/D (sky130_fd_sc_hd__dfxtp_1)
                                              0.807184   data arrival time

                                  0.000000    0.000000   clock clk (rise edge)
                                  0.000000    0.000000   clock source latency
     1    0.010565    0.053986    0.036049    0.036049 ^ clk (in)
                                                         clk (net)
                      0.053995    0.000000    0.036049 ^ clkbuf_0_clk/A (sky130_fd_sc_hd__clkbuf_16)
     2    0.017542    0.039750    0.126073    0.162122 ^ clkbuf_0_clk/X (sky130_fd_sc_hd__clkbuf_16)
                                                         clknet_0_clk (net)
                      0.039754    0.000953    0.163076 ^ clkbuf_1_0__f_clk/A (sky130_fd_sc_hd__clkbuf_16)
     7    0.017962    0.040112    0.121389    0.284465 ^ clkbuf_1_0__f_clk/X (sky130_fd_sc_hd__clkbuf_16)
                                                         clknet_1_0__leaf_clk (net)
                      0.040114    0.000757    0.285222 ^ _113_/CLK (sky130_fd_sc_hd__dfxtp_1)
                                  0.250000    0.535222   clock uncertainty
                                  0.000000    0.535222   clock reconvergence pessimism
                                 -0.031211    0.504011   library hold time
                                              0.504011   data required time
---------------------------------------------------------------------------------------------
                                              0.504011   data required time
                                             -0.807184   data arrival time
---------------------------------------------------------------------------------------------
                                              0.303173   slack (MET)


Startpoint: _100_ (rising edge-triggered flip-flop clocked by clk)
Endpoint: _108_ (rising edge-triggered flip-flop clocked by clk)
Path Group: clk
Path Type: min

Fanout         Cap        Slew       Delay        Time   Description
---------------------------------------------------------------------------------------------
                                  0.000000    0.000000   clock clk (rise edge)
                                  0.000000    0.000000   clock source latency
     1    0.010565    0.053986    0.036049    0.036049 ^ clk (in)
                                                         clk (net)
                      0.053995    0.000000    0.036049 ^ clkbuf_0_clk/A (sky130_fd_sc_hd__clkbuf_16)
     2    0.017542    0.039750    0.126073    0.162122 ^ clkbuf_0_clk/X (sky130_fd_sc_hd__clkbuf_16)
                                                         clknet_0_clk (net)
                      0.039754    0.000929    0.163052 ^ clkbuf_1_1__f_clk/A (sky130_fd_sc_hd__clkbuf_16)
    10    0.025045    0.046403    0.127863    0.290915 ^ clkbuf_1_1__f_clk/X (sky130_fd_sc_hd__clkbuf_16)
                                                         clknet_1_1__leaf_clk (net)
                      0.046444    0.001048    0.291962 ^ _100_/CLK (sky130_fd_sc_hd__dfxtp_1)
     4    0.011207    0.061098    0.324590    0.616552 v _100_/Q (sky130_fd_sc_hd__dfxtp_1)
                                                         data_counter_inst.inc (net)
                      0.061112    0.000776    0.617329 v _075_/B (sky130_fd_sc_hd__nand2_1)
     3    0.009096    0.092046    0.107383    0.724711 ^ _075_/Y (sky130_fd_sc_hd__nand2_1)
                                                         _033_ (net)
                      0.092048    0.000276    0.724987 ^ _078_/A2 (sky130_fd_sc_hd__a21oi_1)
     1    0.002183    0.030149    0.068374    0.793361 v _078_/Y (sky130_fd_sc_hd__a21oi_1)
                                                         _010_ (net)
                      0.030149    0.000161    0.793522 v _108_/D (sky130_fd_sc_hd__dfxtp_1)
                                              0.793522   data arrival time

                                  0.000000    0.000000   clock clk (rise edge)
                                  0.000000    0.000000   clock source latency
     1    0.010565    0.053986    0.036049    0.036049 ^ clk (in)
                                                         clk (net)
                      0.053995    0.000000    0.036049 ^ clkbuf_0_clk/A (sky130_fd_sc_hd__clkbuf_16)
     2    0.017542    0.039750    0.126073    0.162122 ^ clkbuf_0_clk/X (sky130_fd_sc_hd__clkbuf_16)
                                                         clknet_0_clk (net)
                      0.039754    0.000953    0.163076 ^ clkbuf_1_0__f_clk/A (sky130_fd_sc_hd__clkbuf_16)
     7    0.017962    0.040112    0.121389    0.284465 ^ clkbuf_1_0__f_clk/X (sky130_fd_sc_hd__clkbuf_16)
                                                         clknet_1_0__leaf_clk (net)
                      0.040114    0.000627    0.285092 ^ _108_/CLK (sky130_fd_sc_hd__dfxtp_1)
                                  0.250000    0.535092   clock uncertainty
                                  0.000000    0.535092   clock reconvergence pessimism
                                 -0.048447    0.486645   library hold time
                                              0.486645   data required time
---------------------------------------------------------------------------------------------
                                              0.486645   data required time
                                             -0.793522   data arrival time
---------------------------------------------------------------------------------------------
                                              0.306877   slack (MET)


Startpoint: _111_ (rising edge-triggered flip-flop clocked by clk)
Endpoint: _111_ (rising edge-triggered flip-flop clocked by clk)
Path Group: clk
Path Type: min

Fanout         Cap        Slew       Delay        Time   Description
---------------------------------------------------------------------------------------------
                                  0.000000    0.000000   clock clk (rise edge)
                                  0.000000    0.000000   clock source latency
     1    0.010565    0.053986    0.036049    0.036049 ^ clk (in)
                                                         clk (net)
                      0.053995    0.000000    0.036049 ^ clkbuf_0_clk/A (sky130_fd_sc_hd__clkbuf_16)
     2    0.017542    0.039750    0.126073    0.162122 ^ clkbuf_0_clk/X (sky130_fd_sc_hd__clkbuf_16)
                                                         clknet_0_clk (net)
                      0.039754    0.000929    0.163052 ^ clkbuf_1_1__f_clk/A (sky130_fd_sc_hd__clkbuf_16)
    10    0.025045    0.046403    0.127863    0.290915 ^ clkbuf_1_1__f_clk/X (sky130_fd_sc_hd__clkbuf_16)
                                                         clknet_1_1__leaf_clk (net)
                      0.046462    0.001264    0.292179 ^ _111_/CLK (sky130_fd_sc_hd__dfxtp_1)
     6    0.013924    0.072789    0.333983    0.626162 v _111_/Q (sky130_fd_sc_hd__dfxtp_1)
                                                         net7 (net)
                      0.072798    0.000685    0.626847 v _086_/A (sky130_fd_sc_hd__nand3_1)
     1    0.002413    0.047622    0.071333    0.698180 ^ _086_/Y (sky130_fd_sc_hd__nand3_1)
                                                         _041_ (net)
                      0.047622    0.000173    0.698353 ^ _088_/B (sky130_fd_sc_hd__and3_1)
     1    0.002583    0.047449    0.139049    0.837402 ^ _088_/X (sky130_fd_sc_hd__and3_1)
                                                         _013_ (net)
                      0.047450    0.000178    0.837580 ^ _111_/D (sky130_fd_sc_hd__dfxtp_1)
                                              0.837580   data arrival time

                                  0.000000    0.000000   clock clk (rise edge)
                                  0.000000    0.000000   clock source latency
     1    0.010565    0.053986    0.036049    0.036049 ^ clk (in)
                                                         clk (net)
                      0.053995    0.000000    0.036049 ^ clkbuf_0_clk/A (sky130_fd_sc_hd__clkbuf_16)
     2    0.017542    0.039750    0.126073    0.162122 ^ clkbuf_0_clk/X (sky130_fd_sc_hd__clkbuf_16)
                                                         clknet_0_clk (net)
                      0.039754    0.000929    0.163052 ^ clkbuf_1_1__f_clk/A (sky130_fd_sc_hd__clkbuf_16)
    10    0.025045    0.046403    0.127863    0.290915 ^ clkbuf_1_1__f_clk/X (sky130_fd_sc_hd__clkbuf_16)
                                                         clknet_1_1__leaf_clk (net)
                      0.046462    0.001264    0.292179 ^ _111_/CLK (sky130_fd_sc_hd__dfxtp_1)
                                  0.250000    0.542179   clock uncertainty
                                  0.000000    0.542179   clock reconvergence pessimism
                                 -0.031591    0.510588   library hold time
                                              0.510588   data required time
---------------------------------------------------------------------------------------------
                                              0.510588   data required time
                                             -0.837580   data arrival time
---------------------------------------------------------------------------------------------
                                              0.326992   slack (MET)


Startpoint: _110_ (rising edge-triggered flip-flop clocked by clk)
Endpoint: _110_ (rising edge-triggered flip-flop clocked by clk)
Path Group: clk
Path Type: min

Fanout         Cap        Slew       Delay        Time   Description
---------------------------------------------------------------------------------------------
                                  0.000000    0.000000   clock clk (rise edge)
                                  0.000000    0.000000   clock source latency
     1    0.010565    0.053986    0.036049    0.036049 ^ clk (in)
                                                         clk (net)
                      0.053995    0.000000    0.036049 ^ clkbuf_0_clk/A (sky130_fd_sc_hd__clkbuf_16)
     2    0.017542    0.039750    0.126073    0.162122 ^ clkbuf_0_clk/X (sky130_fd_sc_hd__clkbuf_16)
                                                         clknet_0_clk (net)
                      0.039754    0.000929    0.163052 ^ clkbuf_1_1__f_clk/A (sky130_fd_sc_hd__clkbuf_16)
    10    0.025045    0.046403    0.127863    0.290915 ^ clkbuf_1_1__f_clk/X (sky130_fd_sc_hd__clkbuf_16)
                                                         clknet_1_1__leaf_clk (net)
                      0.046460    0.001242    0.292156 ^ _110_/CLK (sky130_fd_sc_hd__dfxtp_1)
     8    0.018130    0.091239    0.348223    0.640380 v _110_/Q (sky130_fd_sc_hd__dfxtp_1)
                                                         net6 (net)
                      0.091260    0.001160    0.641539 v _083_/A (sky130_fd_sc_hd__nand2_1)
     1    0.002199    0.040976    0.068058    0.709598 ^ _083_/Y (sky130_fd_sc_hd__nand2_1)
                                                         _039_ (net)
                      0.040976    0.000152    0.709750 ^ _085_/B (sky130_fd_sc_hd__and3_1)
     1    0.001832    0.041323    0.130376    0.840125 ^ _085_/X (sky130_fd_sc_hd__and3_1)
                                                         _012_ (net)
                      0.041323    0.000136    0.840262 ^ _110_/D (sky130_fd_sc_hd__dfxtp_1)
                                              0.840262   data arrival time

                                  0.000000    0.000000   clock clk (rise edge)
                                  0.000000    0.000000   clock source latency
     1    0.010565    0.053986    0.036049    0.036049 ^ clk (in)
                                                         clk (net)
                      0.053995    0.000000    0.036049 ^ clkbuf_0_clk/A (sky130_fd_sc_hd__clkbuf_16)
     2    0.017542    0.039750    0.126073    0.162122 ^ clkbuf_0_clk/X (sky130_fd_sc_hd__clkbuf_16)
                                                         clknet_0_clk (net)
                      0.039754    0.000929    0.163052 ^ clkbuf_1_1__f_clk/A (sky130_fd_sc_hd__clkbuf_16)
    10    0.025045    0.046403    0.127863    0.290915 ^ clkbuf_1_1__f_clk/X (sky130_fd_sc_hd__clkbuf_16)
                                                         clknet_1_1__leaf_clk (net)
                      0.046460    0.001242    0.292156 ^ _110_/CLK (sky130_fd_sc_hd__dfxtp_1)
                                  0.250000    0.542156   clock uncertainty
                                  0.000000    0.542156   clock reconvergence pessimism
                                 -0.030308    0.511848   library hold time
                                              0.511848   data required time
---------------------------------------------------------------------------------------------
                                              0.511848   data required time
                                             -0.840262   data arrival time
---------------------------------------------------------------------------------------------
                                              0.328413   slack (MET)


Startpoint: _107_ (rising edge-triggered flip-flop clocked by clk)
Endpoint: _099_ (rising edge-triggered flip-flop clocked by clk)
Path Group: clk
Path Type: min

Fanout         Cap        Slew       Delay        Time   Description
---------------------------------------------------------------------------------------------
                                  0.000000    0.000000   clock clk (rise edge)
                                  0.000000    0.000000   clock source latency
     1    0.010565    0.053986    0.036049    0.036049 ^ clk (in)
                                                         clk (net)
                      0.053995    0.000000    0.036049 ^ clkbuf_0_clk/A (sky130_fd_sc_hd__clkbuf_16)
     2    0.017542    0.039750    0.126073    0.162122 ^ clkbuf_0_clk/X (sky130_fd_sc_hd__clkbuf_16)
                                                         clknet_0_clk (net)
                      0.039754    0.000929    0.163052 ^ clkbuf_1_1__f_clk/A (sky130_fd_sc_hd__clkbuf_16)
    10    0.025045    0.046403    0.127863    0.290915 ^ clkbuf_1_1__f_clk/X (sky130_fd_sc_hd__clkbuf_16)
                                                         clknet_1_1__leaf_clk (net)
                      0.046497    0.001615    0.292530 ^ _107_/CLK (sky130_fd_sc_hd__dfxtp_1)
     2    0.004772    0.057208    0.313282    0.605811 ^ _107_/Q (sky130_fd_sc_hd__dfxtp_1)
                                                         data_edge_detector_inst.reset_counter[1] (net)
                      0.057211    0.000305    0.606116 ^ _064_/A1 (sky130_fd_sc_hd__a21boi_1)
     2    0.005291    0.046015    0.069424    0.675540 v _064_/Y (sky130_fd_sc_hd__a21boi_1)
                                                         _028_ (net)
                      0.046018    0.000273    0.675813 v _065_/A2 (sky130_fd_sc_hd__o21a_1)
     1    0.001878    0.024655    0.156325    0.832138 v _065_/X (sky130_fd_sc_hd__o21a_1)
                                                         _005_ (net)
                      0.024655    0.000140    0.832278 v _099_/D (sky130_fd_sc_hd__dfxtp_1)
                                              0.832278   data arrival time

                                  0.000000    0.000000   clock clk (rise edge)
                                  0.000000    0.000000   clock source latency
     1    0.010565    0.053986    0.036049    0.036049 ^ clk (in)
                                                         clk (net)
                      0.053995    0.000000    0.036049 ^ clkbuf_0_clk/A (sky130_fd_sc_hd__clkbuf_16)
     2    0.017542    0.039750    0.126073    0.162122 ^ clkbuf_0_clk/X (sky130_fd_sc_hd__clkbuf_16)
                                                         clknet_0_clk (net)
                      0.039754    0.000929    0.163052 ^ clkbuf_1_1__f_clk/A (sky130_fd_sc_hd__clkbuf_16)
    10    0.025045    0.046403    0.127863    0.290915 ^ clkbuf_1_1__f_clk/X (sky130_fd_sc_hd__clkbuf_16)
                                                         clknet_1_1__leaf_clk (net)
                      0.046481    0.001458    0.292372 ^ _099_/CLK (sky130_fd_sc_hd__dfxtp_1)
                                  0.250000    0.542372   clock uncertainty
                                  0.000000    0.542372   clock reconvergence pessimism
                                 -0.044719    0.497654   library hold time
                                              0.497654   data required time
---------------------------------------------------------------------------------------------
                                              0.497654   data required time
                                             -0.832278   data arrival time
---------------------------------------------------------------------------------------------
                                              0.334624   slack (MET)


Startpoint: _102_ (rising edge-triggered flip-flop clocked by clk)
Endpoint: _101_ (rising edge-triggered flip-flop clocked by clk)
Path Group: clk
Path Type: min

Fanout         Cap        Slew       Delay        Time   Description
---------------------------------------------------------------------------------------------
                                  0.000000    0.000000   clock clk (rise edge)
                                  0.000000    0.000000   clock source latency
     1    0.010565    0.053986    0.036049    0.036049 ^ clk (in)
                                                         clk (net)
                      0.053995    0.000000    0.036049 ^ clkbuf_0_clk/A (sky130_fd_sc_hd__clkbuf_16)
     2    0.017542    0.039750    0.126073    0.162122 ^ clkbuf_0_clk/X (sky130_fd_sc_hd__clkbuf_16)
                                                         clknet_0_clk (net)
                      0.039754    0.000953    0.163076 ^ clkbuf_1_0__f_clk/A (sky130_fd_sc_hd__clkbuf_16)
     7    0.017962    0.040112    0.121389    0.284465 ^ clkbuf_1_0__f_clk/X (sky130_fd_sc_hd__clkbuf_16)
                                                         clknet_1_0__leaf_clk (net)
                      0.040114    0.000551    0.285016 ^ _102_/CLK (sky130_fd_sc_hd__dfxtp_1)
     6    0.017864    0.173518    0.395453    0.680469 ^ _102_/Q (sky130_fd_sc_hd__dfxtp_1)
                                                         net12 (net)
                      0.173522    0.000724    0.681193 ^ _061_/B1 (sky130_fd_sc_hd__a221o_1)
     1    0.002235    0.037747    0.159669    0.840862 ^ _061_/X (sky130_fd_sc_hd__a221o_1)
                                                         _002_ (net)
                      0.037749    0.000158    0.841020 ^ _101_/D (sky130_fd_sc_hd__dfxtp_1)
                                              0.841020   data arrival time

                                  0.000000    0.000000   clock clk (rise edge)
                                  0.000000    0.000000   clock source latency
     1    0.010565    0.053986    0.036049    0.036049 ^ clk (in)
                                                         clk (net)
                      0.053995    0.000000    0.036049 ^ clkbuf_0_clk/A (sky130_fd_sc_hd__clkbuf_16)
     2    0.017542    0.039750    0.126073    0.162122 ^ clkbuf_0_clk/X (sky130_fd_sc_hd__clkbuf_16)
                                                         clknet_0_clk (net)
                      0.039754    0.000953    0.163076 ^ clkbuf_1_0__f_clk/A (sky130_fd_sc_hd__clkbuf_16)
     7    0.017962    0.040112    0.121389    0.284465 ^ clkbuf_1_0__f_clk/X (sky130_fd_sc_hd__clkbuf_16)
                                                         clknet_1_0__leaf_clk (net)
                      0.040114    0.000674    0.285139 ^ _101_/CLK (sky130_fd_sc_hd__dfxtp_1)
                                  0.250000    0.535139   clock uncertainty
                                  0.000000    0.535139   clock reconvergence pessimism
                                 -0.030395    0.504744   library hold time
                                              0.504744   data required time
---------------------------------------------------------------------------------------------
                                              0.504744   data required time
                                             -0.841020   data arrival time
---------------------------------------------------------------------------------------------
                                              0.336276   slack (MET)


Startpoint: _098_ (rising edge-triggered flip-flop clocked by clk)
Endpoint: _107_ (rising edge-triggered flip-flop clocked by clk)
Path Group: clk
Path Type: min

Fanout         Cap        Slew       Delay        Time   Description
---------------------------------------------------------------------------------------------
                                  0.000000    0.000000   clock clk (rise edge)
                                  0.000000    0.000000   clock source latency
     1    0.010565    0.053986    0.036049    0.036049 ^ clk (in)
                                                         clk (net)
                      0.053995    0.000000    0.036049 ^ clkbuf_0_clk/A (sky130_fd_sc_hd__clkbuf_16)
     2    0.017542    0.039750    0.126073    0.162122 ^ clkbuf_0_clk/X (sky130_fd_sc_hd__clkbuf_16)
                                                         clknet_0_clk (net)
                      0.039754    0.000929    0.163052 ^ clkbuf_1_1__f_clk/A (sky130_fd_sc_hd__clkbuf_16)
    10    0.025045    0.046403    0.127863    0.290915 ^ clkbuf_1_1__f_clk/X (sky130_fd_sc_hd__clkbuf_16)
                                                         clknet_1_1__leaf_clk (net)
                      0.046494    0.001584    0.292499 ^ _098_/CLK (sky130_fd_sc_hd__dfxtp_1)
     4    0.009449    0.097945    0.343874    0.636373 ^ _098_/Q (sky130_fd_sc_hd__dfxtp_1)
                                                         data_edge_detector_inst.state[0] (net)
                      0.097950    0.000542    0.636915 ^ _071_/B (sky130_fd_sc_hd__and2b_1)
     2    0.006382    0.070408    0.150700    0.787615 ^ _071_/X (sky130_fd_sc_hd__and2b_1)
                                                         _031_ (net)
                      0.070409    0.000261    0.787875 ^ _074_/B1 (sky130_fd_sc_hd__a211oi_1)
     1    0.002038    0.033983    0.047971    0.835846 v _074_/Y (sky130_fd_sc_hd__a211oi_1)
                                                         _009_ (net)
                      0.033983    0.000145    0.835991 v _107_/D (sky130_fd_sc_hd__dfxtp_1)
                                              0.835991   data arrival time

                                  0.000000    0.000000   clock clk (rise edge)
                                  0.000000    0.000000   clock source latency
     1    0.010565    0.053986    0.036049    0.036049 ^ clk (in)
                                                         clk (net)
                      0.053995    0.000000    0.036049 ^ clkbuf_0_clk/A (sky130_fd_sc_hd__clkbuf_16)
     2    0.017542    0.039750    0.126073    0.162122 ^ clkbuf_0_clk/X (sky130_fd_sc_hd__clkbuf_16)
                                                         clknet_0_clk (net)
                      0.039754    0.000929    0.163052 ^ clkbuf_1_1__f_clk/A (sky130_fd_sc_hd__clkbuf_16)
    10    0.025045    0.046403    0.127863    0.290915 ^ clkbuf_1_1__f_clk/X (sky130_fd_sc_hd__clkbuf_16)
                                                         clknet_1_1__leaf_clk (net)
                      0.046497    0.001615    0.292530 ^ _107_/CLK (sky130_fd_sc_hd__dfxtp_1)
                                  0.250000    0.542529   clock uncertainty
                                  0.000000    0.542529   clock reconvergence pessimism
                                 -0.048607    0.493922   library hold time
                                              0.493922   data required time
---------------------------------------------------------------------------------------------
                                              0.493922   data required time
                                             -0.835991   data arrival time
---------------------------------------------------------------------------------------------
                                              0.342069   slack (MET)


Startpoint: _114_ (rising edge-triggered flip-flop clocked by clk)
Endpoint: _114_ (rising edge-triggered flip-flop clocked by clk)
Path Group: clk
Path Type: min

Fanout         Cap        Slew       Delay        Time   Description
---------------------------------------------------------------------------------------------
                                  0.000000    0.000000   clock clk (rise edge)
                                  0.000000    0.000000   clock source latency
     1    0.010565    0.053986    0.036049    0.036049 ^ clk (in)
                                                         clk (net)
                      0.053995    0.000000    0.036049 ^ clkbuf_0_clk/A (sky130_fd_sc_hd__clkbuf_16)
     2    0.017542    0.039750    0.126073    0.162122 ^ clkbuf_0_clk/X (sky130_fd_sc_hd__clkbuf_16)
                                                         clknet_0_clk (net)
                      0.039754    0.000953    0.163076 ^ clkbuf_1_0__f_clk/A (sky130_fd_sc_hd__clkbuf_16)
     7    0.017962    0.040112    0.121389    0.284465 ^ clkbuf_1_0__f_clk/X (sky130_fd_sc_hd__clkbuf_16)
                                                         clknet_1_0__leaf_clk (net)
                      0.040114    0.000721    0.285186 ^ _114_/CLK (sky130_fd_sc_hd__dfxtp_1)
     3    0.006562    0.042289    0.304855    0.590041 v _114_/Q (sky130_fd_sc_hd__dfxtp_1)
                                                         net10 (net)
                      0.042294    0.000397    0.590438 v _058_/A (sky130_fd_sc_hd__nand2_1)
     4    0.012381    0.119702    0.112260    0.702698 ^ _058_/Y (sky130_fd_sc_hd__nand2_1)
                                                         _024_ (net)
                      0.119705    0.000447    0.703144 ^ _097_/A1 (sky130_fd_sc_hd__o211a_1)
     1    0.001877    0.033850    0.156718    0.859863 ^ _097_/X (sky130_fd_sc_hd__o211a_1)
                                                         _016_ (net)
                      0.033850    0.000086    0.859949 ^ _114_/D (sky130_fd_sc_hd__dfxtp_1)
                                              0.859949   data arrival time

                                  0.000000    0.000000   clock clk (rise edge)
                                  0.000000    0.000000   clock source latency
     1    0.010565    0.053986    0.036049    0.036049 ^ clk (in)
                                                         clk (net)
                      0.053995    0.000000    0.036049 ^ clkbuf_0_clk/A (sky130_fd_sc_hd__clkbuf_16)
     2    0.017542    0.039750    0.126073    0.162122 ^ clkbuf_0_clk/X (sky130_fd_sc_hd__clkbuf_16)
                                                         clknet_0_clk (net)
                      0.039754    0.000953    0.163076 ^ clkbuf_1_0__f_clk/A (sky130_fd_sc_hd__clkbuf_16)
     7    0.017962    0.040112    0.121389    0.284465 ^ clkbuf_1_0__f_clk/X (sky130_fd_sc_hd__clkbuf_16)
                                                         clknet_1_0__leaf_clk (net)
                      0.040114    0.000721    0.285186 ^ _114_/CLK (sky130_fd_sc_hd__dfxtp_1)
                                  0.250000    0.535186   clock uncertainty
                                  0.000000    0.535186   clock reconvergence pessimism
                                 -0.029578    0.505608   library hold time
                                              0.505608   data required time
---------------------------------------------------------------------------------------------
                                              0.505608   data required time
                                             -0.859949   data arrival time
---------------------------------------------------------------------------------------------
                                              0.354341   slack (MET)


Startpoint: _112_ (rising edge-triggered flip-flop clocked by clk)
Endpoint: _112_ (rising edge-triggered flip-flop clocked by clk)
Path Group: clk
Path Type: min

Fanout         Cap        Slew       Delay        Time   Description
---------------------------------------------------------------------------------------------
                                  0.000000    0.000000   clock clk (rise edge)
                                  0.000000    0.000000   clock source latency
     1    0.010565    0.053986    0.036049    0.036049 ^ clk (in)
                                                         clk (net)
                      0.053995    0.000000    0.036049 ^ clkbuf_0_clk/A (sky130_fd_sc_hd__clkbuf_16)
     2    0.017542    0.039750    0.126073    0.162122 ^ clkbuf_0_clk/X (sky130_fd_sc_hd__clkbuf_16)
                                                         clknet_0_clk (net)
                      0.039754    0.000929    0.163052 ^ clkbuf_1_1__f_clk/A (sky130_fd_sc_hd__clkbuf_16)
    10    0.025045    0.046403    0.127863    0.290915 ^ clkbuf_1_1__f_clk/X (sky130_fd_sc_hd__clkbuf_16)
                                                         clknet_1_1__leaf_clk (net)
                      0.046454    0.001175    0.292090 ^ _112_/CLK (sky130_fd_sc_hd__dfxtp_1)
     4    0.009162    0.095380    0.342011    0.634101 ^ _112_/Q (sky130_fd_sc_hd__dfxtp_1)
                                                         net8 (net)
                      0.095385    0.000614    0.634715 ^ _089_/B1 (sky130_fd_sc_hd__a31o_1)
     1    0.001968    0.034675    0.096195    0.730909 ^ _089_/X (sky130_fd_sc_hd__a31o_1)
                                                         _043_ (net)
                      0.034675    0.000139    0.731049 ^ _092_/B (sky130_fd_sc_hd__and3_1)
     1    0.002621    0.047776    0.135514    0.866563 ^ _092_/X (sky130_fd_sc_hd__and3_1)
                                                         _014_ (net)
                      0.047777    0.000178    0.866741 ^ _112_/D (sky130_fd_sc_hd__dfxtp_1)
                                              0.866741   data arrival time

                                  0.000000    0.000000   clock clk (rise edge)
                                  0.000000    0.000000   clock source latency
     1    0.010565    0.053986    0.036049    0.036049 ^ clk (in)
                                                         clk (net)
                      0.053995    0.000000    0.036049 ^ clkbuf_0_clk/A (sky130_fd_sc_hd__clkbuf_16)
     2    0.017542    0.039750    0.126073    0.162122 ^ clkbuf_0_clk/X (sky130_fd_sc_hd__clkbuf_16)
                                                         clknet_0_clk (net)
                      0.039754    0.000929    0.163052 ^ clkbuf_1_1__f_clk/A (sky130_fd_sc_hd__clkbuf_16)
    10    0.025045    0.046403    0.127863    0.290915 ^ clkbuf_1_1__f_clk/X (sky130_fd_sc_hd__clkbuf_16)
                                                         clknet_1_1__leaf_clk (net)
                      0.046454    0.001175    0.292090 ^ _112_/CLK (sky130_fd_sc_hd__dfxtp_1)
                                  0.250000    0.542090   clock uncertainty
                                  0.000000    0.542090   clock reconvergence pessimism
                                 -0.031660    0.510430   library hold time
                                              0.510430   data required time
---------------------------------------------------------------------------------------------
                                              0.510430   data required time
                                             -0.866741   data arrival time
---------------------------------------------------------------------------------------------
                                              0.356311   slack (MET)


Startpoint: _098_ (rising edge-triggered flip-flop clocked by clk)
Endpoint: _104_ (rising edge-triggered flip-flop clocked by clk)
Path Group: clk
Path Type: min

Fanout         Cap        Slew       Delay        Time   Description
---------------------------------------------------------------------------------------------
                                  0.000000    0.000000   clock clk (rise edge)
                                  0.000000    0.000000   clock source latency
     1    0.010565    0.053986    0.036049    0.036049 ^ clk (in)
                                                         clk (net)
                      0.053995    0.000000    0.036049 ^ clkbuf_0_clk/A (sky130_fd_sc_hd__clkbuf_16)
     2    0.017542    0.039750    0.126073    0.162122 ^ clkbuf_0_clk/X (sky130_fd_sc_hd__clkbuf_16)
                                                         clknet_0_clk (net)
                      0.039754    0.000929    0.163052 ^ clkbuf_1_1__f_clk/A (sky130_fd_sc_hd__clkbuf_16)
    10    0.025045    0.046403    0.127863    0.290915 ^ clkbuf_1_1__f_clk/X (sky130_fd_sc_hd__clkbuf_16)
                                                         clknet_1_1__leaf_clk (net)
                      0.046494    0.001584    0.292499 ^ _098_/CLK (sky130_fd_sc_hd__dfxtp_1)
     4    0.008908    0.051410    0.316636    0.609135 v _098_/Q (sky130_fd_sc_hd__dfxtp_1)
                                                         data_edge_detector_inst.state[0] (net)
                      0.051416    0.000439    0.609574 v _068_/A (sky130_fd_sc_hd__nor2_1)
     2    0.006042    0.128150    0.138568    0.748142 ^ _068_/Y (sky130_fd_sc_hd__nor2_1)
                                                         _030_ (net)
                      0.128151    0.000366    0.748508 ^ _069_/B1 (sky130_fd_sc_hd__a22o_1)
     1    0.002380    0.039753    0.134359    0.882867 ^ _069_/X (sky130_fd_sc_hd__a22o_1)
                                                         _006_ (net)
                      0.039755    0.000182    0.883049 ^ _104_/D (sky130_fd_sc_hd__dfxtp_1)
                                              0.883049   data arrival time

                                  0.000000    0.000000   clock clk (rise edge)
                                  0.000000    0.000000   clock source latency
     1    0.010565    0.053986    0.036049    0.036049 ^ clk (in)
                                                         clk (net)
                      0.053995    0.000000    0.036049 ^ clkbuf_0_clk/A (sky130_fd_sc_hd__clkbuf_16)
     2    0.017542    0.039750    0.126073    0.162122 ^ clkbuf_0_clk/X (sky130_fd_sc_hd__clkbuf_16)
                                                         clknet_0_clk (net)
                      0.039754    0.000929    0.163052 ^ clkbuf_1_1__f_clk/A (sky130_fd_sc_hd__clkbuf_16)
    10    0.025045    0.046403    0.127863    0.290915 ^ clkbuf_1_1__f_clk/X (sky130_fd_sc_hd__clkbuf_16)
                                                         clknet_1_1__leaf_clk (net)
                      0.046424    0.000748    0.291663 ^ _104_/CLK (sky130_fd_sc_hd__dfxtp_1)
                                  0.250000    0.541663   clock uncertainty
                                  0.000000    0.541663   clock reconvergence pessimism
                                 -0.029984    0.511678   library hold time
                                              0.511678   data required time
---------------------------------------------------------------------------------------------
                                              0.511678   data required time
                                             -0.883049   data arrival time
---------------------------------------------------------------------------------------------
                                              0.371371   slack (MET)


Startpoint: _109_ (rising edge-triggered flip-flop clocked by clk)
Endpoint: _109_ (rising edge-triggered flip-flop clocked by clk)
Path Group: clk
Path Type: min

Fanout         Cap        Slew       Delay        Time   Description
---------------------------------------------------------------------------------------------
                                  0.000000    0.000000   clock clk (rise edge)
                                  0.000000    0.000000   clock source latency
     1    0.010565    0.053986    0.036049    0.036049 ^ clk (in)
                                                         clk (net)
                      0.053995    0.000000    0.036049 ^ clkbuf_0_clk/A (sky130_fd_sc_hd__clkbuf_16)
     2    0.017542    0.039750    0.126073    0.162122 ^ clkbuf_0_clk/X (sky130_fd_sc_hd__clkbuf_16)
                                                         clknet_0_clk (net)
                      0.039754    0.000953    0.163076 ^ clkbuf_1_0__f_clk/A (sky130_fd_sc_hd__clkbuf_16)
     7    0.017962    0.040112    0.121389    0.284465 ^ clkbuf_1_0__f_clk/X (sky130_fd_sc_hd__clkbuf_16)
                                                         clknet_1_0__leaf_clk (net)
                      0.040115    0.000798    0.285263 ^ _109_/CLK (sky130_fd_sc_hd__dfxtp_1)
     4    0.010260    0.105192    0.346800    0.632063 ^ _109_/Q (sky130_fd_sc_hd__dfxtp_1)
                                                         net5 (net)
                      0.105194    0.000349    0.632411 ^ _079_/B1 (sky130_fd_sc_hd__a31o_1)
     1    0.002067    0.035643    0.099941    0.732352 ^ _079_/X (sky130_fd_sc_hd__a31o_1)
                                                         _036_ (net)
                      0.035643    0.000143    0.732496 ^ _081_/C (sky130_fd_sc_hd__and3b_1)
     1    0.002201    0.044610    0.142540    0.875036 ^ _081_/X (sky130_fd_sc_hd__and3b_1)
                                                         _011_ (net)
                      0.044610    0.000152    0.875188 ^ _109_/D (sky130_fd_sc_hd__dfxtp_1)
                                              0.875188   data arrival time

                                  0.000000    0.000000   clock clk (rise edge)
                                  0.000000    0.000000   clock source latency
     1    0.010565    0.053986    0.036049    0.036049 ^ clk (in)
                                                         clk (net)
                      0.053995    0.000000    0.036049 ^ clkbuf_0_clk/A (sky130_fd_sc_hd__clkbuf_16)
     2    0.017542    0.039750    0.126073    0.162122 ^ clkbuf_0_clk/X (sky130_fd_sc_hd__clkbuf_16)
                                                         clknet_0_clk (net)
                      0.039754    0.000953    0.163076 ^ clkbuf_1_0__f_clk/A (sky130_fd_sc_hd__clkbuf_16)
     7    0.017962    0.040112    0.121389    0.284465 ^ clkbuf_1_0__f_clk/X (sky130_fd_sc_hd__clkbuf_16)
                                                         clknet_1_0__leaf_clk (net)
                      0.040115    0.000798    0.285263 ^ _109_/CLK (sky130_fd_sc_hd__dfxtp_1)
                                  0.250000    0.535263   clock uncertainty
                                  0.000000    0.535263   clock reconvergence pessimism
                                 -0.031833    0.503430   library hold time
                                              0.503430   data required time
---------------------------------------------------------------------------------------------
                                              0.503430   data required time
                                             -0.875188   data arrival time
---------------------------------------------------------------------------------------------
                                              0.371758   slack (MET)


Startpoint: _102_ (rising edge-triggered flip-flop clocked by clk)
Endpoint: _102_ (rising edge-triggered flip-flop clocked by clk)
Path Group: clk
Path Type: min

Fanout         Cap        Slew       Delay        Time   Description
---------------------------------------------------------------------------------------------
                                  0.000000    0.000000   clock clk (rise edge)
                                  0.000000    0.000000   clock source latency
     1    0.010565    0.053986    0.036049    0.036049 ^ clk (in)
                                                         clk (net)
                      0.053995    0.000000    0.036049 ^ clkbuf_0_clk/A (sky130_fd_sc_hd__clkbuf_16)
     2    0.017542    0.039750    0.126073    0.162122 ^ clkbuf_0_clk/X (sky130_fd_sc_hd__clkbuf_16)
                                                         clknet_0_clk (net)
                      0.039754    0.000953    0.163076 ^ clkbuf_1_0__f_clk/A (sky130_fd_sc_hd__clkbuf_16)
     7    0.017962    0.040112    0.121389    0.284465 ^ clkbuf_1_0__f_clk/X (sky130_fd_sc_hd__clkbuf_16)
                                                         clknet_1_0__leaf_clk (net)
                      0.040114    0.000551    0.285016 ^ _102_/CLK (sky130_fd_sc_hd__dfxtp_1)
     6    0.016907    0.085635    0.342042    0.627058 v _102_/Q (sky130_fd_sc_hd__dfxtp_1)
                                                         net12 (net)
                      0.085642    0.000707    0.627765 v _062_/B1 (sky130_fd_sc_hd__o31a_1)
     1    0.002526    0.027023    0.114206    0.741971 v _062_/X (sky130_fd_sc_hd__o31a_1)
                                                         _027_ (net)
                      0.027026    0.000190    0.742161 v _063_/A2 (sky130_fd_sc_hd__o21a_1)
     1    0.002878    0.029818    0.156021    0.898182 v _063_/X (sky130_fd_sc_hd__o21a_1)
                                                         _003_ (net)
                      0.029821    0.000212    0.898394 v _102_/D (sky130_fd_sc_hd__dfxtp_1)
                                              0.898394   data arrival time

                                  0.000000    0.000000   clock clk (rise edge)
                                  0.000000    0.000000   clock source latency
     1    0.010565    0.053986    0.036049    0.036049 ^ clk (in)
                                                         clk (net)
                      0.053995    0.000000    0.036049 ^ clkbuf_0_clk/A (sky130_fd_sc_hd__clkbuf_16)
     2    0.017542    0.039750    0.126073    0.162122 ^ clkbuf_0_clk/X (sky130_fd_sc_hd__clkbuf_16)
                                                         clknet_0_clk (net)
                      0.039754    0.000953    0.163076 ^ clkbuf_1_0__f_clk/A (sky130_fd_sc_hd__clkbuf_16)
     7    0.017962    0.040112    0.121389    0.284465 ^ clkbuf_1_0__f_clk/X (sky130_fd_sc_hd__clkbuf_16)
                                                         clknet_1_0__leaf_clk (net)
                      0.040114    0.000551    0.285016 ^ _102_/CLK (sky130_fd_sc_hd__dfxtp_1)
                                  0.250000    0.535016   clock uncertainty
                                  0.000000    0.535016   clock reconvergence pessimism
                                 -0.048310    0.486706   library hold time
                                              0.486706   data required time
---------------------------------------------------------------------------------------------
                                              0.486706   data required time
                                             -0.898394   data arrival time
---------------------------------------------------------------------------------------------
                                              0.411688   slack (MET)


Startpoint: _098_ (rising edge-triggered flip-flop clocked by clk)
Endpoint: _100_ (rising edge-triggered flip-flop clocked by clk)
Path Group: clk
Path Type: min

Fanout         Cap        Slew       Delay        Time   Description
---------------------------------------------------------------------------------------------
                                  0.000000    0.000000   clock clk (rise edge)
                                  0.000000    0.000000   clock source latency
     1    0.010565    0.053986    0.036049    0.036049 ^ clk (in)
                                                         clk (net)
                      0.053995    0.000000    0.036049 ^ clkbuf_0_clk/A (sky130_fd_sc_hd__clkbuf_16)
     2    0.017542    0.039750    0.126073    0.162122 ^ clkbuf_0_clk/X (sky130_fd_sc_hd__clkbuf_16)
                                                         clknet_0_clk (net)
                      0.039754    0.000929    0.163052 ^ clkbuf_1_1__f_clk/A (sky130_fd_sc_hd__clkbuf_16)
    10    0.025045    0.046403    0.127863    0.290915 ^ clkbuf_1_1__f_clk/X (sky130_fd_sc_hd__clkbuf_16)
                                                         clknet_1_1__leaf_clk (net)
                      0.046494    0.001584    0.292499 ^ _098_/CLK (sky130_fd_sc_hd__dfxtp_1)
     4    0.008908    0.051410    0.316636    0.609135 v _098_/Q (sky130_fd_sc_hd__dfxtp_1)
                                                         data_edge_detector_inst.state[0] (net)
                      0.051419    0.000557    0.609692 v _055_/A (sky130_fd_sc_hd__and2_1)
     3    0.007350    0.052747    0.155334    0.765026 v _055_/X (sky130_fd_sc_hd__and2_1)
                                                         _022_ (net)
                      0.052753    0.000456    0.765482 v _056_/C (sky130_fd_sc_hd__and3b_1)
     1    0.002376    0.031426    0.172698    0.938181 v _056_/X (sky130_fd_sc_hd__and3b_1)
                                                         _001_ (net)
                      0.031428    0.000167    0.938347 v _100_/D (sky130_fd_sc_hd__dfxtp_1)
                                              0.938347   data arrival time

                                  0.000000    0.000000   clock clk (rise edge)
                                  0.000000    0.000000   clock source latency
     1    0.010565    0.053986    0.036049    0.036049 ^ clk (in)
                                                         clk (net)
                      0.053995    0.000000    0.036049 ^ clkbuf_0_clk/A (sky130_fd_sc_hd__clkbuf_16)
     2    0.017542    0.039750    0.126073    0.162122 ^ clkbuf_0_clk/X (sky130_fd_sc_hd__clkbuf_16)
                                                         clknet_0_clk (net)
                      0.039754    0.000929    0.163052 ^ clkbuf_1_1__f_clk/A (sky130_fd_sc_hd__clkbuf_16)
    10    0.025045    0.046403    0.127863    0.290915 ^ clkbuf_1_1__f_clk/X (sky130_fd_sc_hd__clkbuf_16)
                                                         clknet_1_1__leaf_clk (net)
                      0.046444    0.001048    0.291962 ^ _100_/CLK (sky130_fd_sc_hd__dfxtp_1)
                                  0.250000    0.541962   clock uncertainty
                                  0.000000    0.541962   clock reconvergence pessimism
                                 -0.047553    0.494409   library hold time
                                              0.494409   data required time
---------------------------------------------------------------------------------------------
                                              0.494409   data required time
                                             -0.938347   data arrival time
---------------------------------------------------------------------------------------------
                                              0.443938   slack (MET)


Startpoint: _101_ (rising edge-triggered flip-flop clocked by clk)
Endpoint: _103_ (rising edge-triggered flip-flop clocked by clk)
Path Group: clk
Path Type: min

Fanout         Cap        Slew       Delay        Time   Description
---------------------------------------------------------------------------------------------
                                  0.000000    0.000000   clock clk (rise edge)
                                  0.000000    0.000000   clock source latency
     1    0.010565    0.053986    0.036049    0.036049 ^ clk (in)
                                                         clk (net)
                      0.053995    0.000000    0.036049 ^ clkbuf_0_clk/A (sky130_fd_sc_hd__clkbuf_16)
     2    0.017542    0.039750    0.126073    0.162122 ^ clkbuf_0_clk/X (sky130_fd_sc_hd__clkbuf_16)
                                                         clknet_0_clk (net)
                      0.039754    0.000953    0.163076 ^ clkbuf_1_0__f_clk/A (sky130_fd_sc_hd__clkbuf_16)
     7    0.017962    0.040112    0.121389    0.284465 ^ clkbuf_1_0__f_clk/X (sky130_fd_sc_hd__clkbuf_16)
                                                         clknet_1_0__leaf_clk (net)
                      0.040114    0.000674    0.285139 ^ _101_/CLK (sky130_fd_sc_hd__dfxtp_1)
     2    0.003896    0.049676    0.305175    0.590314 ^ _101_/Q (sky130_fd_sc_hd__dfxtp_1)
                                                         net11 (net)
                      0.049679    0.000256    0.590570 ^ hold4/A (sky130_fd_sc_hd__dlygate4sd3_1)
     2    0.004495    0.067796    0.550336    1.140907 ^ hold4/X (sky130_fd_sc_hd__dlygate4sd3_1)
                                                         net17 (net)
                      0.067799    0.000286    1.141192 ^ _054_/C (sky130_fd_sc_hd__and3_1)
     1    0.002057    0.043149    0.144874    1.286066 ^ _054_/X (sky130_fd_sc_hd__and3_1)
                                                         _000_ (net)
                      0.043149    0.000148    1.286214 ^ _103_/D (sky130_fd_sc_hd__dfxtp_1)
                                              1.286214   data arrival time

                                  0.000000    0.000000   clock clk (rise edge)
                                  0.000000    0.000000   clock source latency
     1    0.010565    0.053986    0.036049    0.036049 ^ clk (in)
                                                         clk (net)
                      0.053995    0.000000    0.036049 ^ clkbuf_0_clk/A (sky130_fd_sc_hd__clkbuf_16)
     2    0.017542    0.039750    0.126073    0.162122 ^ clkbuf_0_clk/X (sky130_fd_sc_hd__clkbuf_16)
                                                         clknet_0_clk (net)
                      0.039754    0.000953    0.163076 ^ clkbuf_1_0__f_clk/A (sky130_fd_sc_hd__clkbuf_16)
     7    0.017962    0.040112    0.121389    0.284465 ^ clkbuf_1_0__f_clk/X (sky130_fd_sc_hd__clkbuf_16)
                                                         clknet_1_0__leaf_clk (net)
                      0.040114    0.000686    0.285151 ^ _103_/CLK (sky130_fd_sc_hd__dfxtp_1)
                                  0.250000    0.535151   clock uncertainty
                                  0.000000    0.535151   clock reconvergence pessimism
                                 -0.031527    0.503625   library hold time
                                              0.503625   data required time
---------------------------------------------------------------------------------------------
                                              0.503625   data required time
                                             -1.286214   data arrival time
---------------------------------------------------------------------------------------------
                                              0.782590   slack (MET)


Startpoint: _104_ (rising edge-triggered flip-flop clocked by clk)
Endpoint: _105_ (rising edge-triggered flip-flop clocked by clk)
Path Group: clk
Path Type: min

Fanout         Cap        Slew       Delay        Time   Description
---------------------------------------------------------------------------------------------
                                  0.000000    0.000000   clock clk (rise edge)
                                  0.000000    0.000000   clock source latency
     1    0.010565    0.053986    0.036049    0.036049 ^ clk (in)
                                                         clk (net)
                      0.053995    0.000000    0.036049 ^ clkbuf_0_clk/A (sky130_fd_sc_hd__clkbuf_16)
     2    0.017542    0.039750    0.126073    0.162122 ^ clkbuf_0_clk/X (sky130_fd_sc_hd__clkbuf_16)
                                                         clknet_0_clk (net)
                      0.039754    0.000929    0.163052 ^ clkbuf_1_1__f_clk/A (sky130_fd_sc_hd__clkbuf_16)
    10    0.025045    0.046403    0.127863    0.290915 ^ clkbuf_1_1__f_clk/X (sky130_fd_sc_hd__clkbuf_16)
                                                         clknet_1_1__leaf_clk (net)
                      0.046424    0.000748    0.291663 ^ _104_/CLK (sky130_fd_sc_hd__dfxtp_1)
     3    0.009344    0.096988    0.343299    0.634962 ^ _104_/Q (sky130_fd_sc_hd__dfxtp_1)
                                                         data_edge_detector_inst.input_buffer[0] (net)
                      0.096990    0.000349    0.635311 ^ _070_/A1 (sky130_fd_sc_hd__a22o_1)
     1    0.002373    0.039698    0.135991    0.771302 ^ _070_/X (sky130_fd_sc_hd__a22o_1)
                                                         _007_ (net)
                      0.039699    0.000160    0.771462 ^ hold3/A (sky130_fd_sc_hd__dlygate4sd3_1)
     1    0.001872    0.045785    0.524358    1.295820 ^ hold3/X (sky130_fd_sc_hd__dlygate4sd3_1)
                                                         net16 (net)
                      0.045785    0.000136    1.295956 ^ _105_/D (sky130_fd_sc_hd__dfxtp_1)
                                              1.295956   data arrival time

                                  0.000000    0.000000   clock clk (rise edge)
                                  0.000000    0.000000   clock source latency
     1    0.010565    0.053986    0.036049    0.036049 ^ clk (in)
                                                         clk (net)
                      0.053995    0.000000    0.036049 ^ clkbuf_0_clk/A (sky130_fd_sc_hd__clkbuf_16)
     2    0.017542    0.039750    0.126073    0.162122 ^ clkbuf_0_clk/X (sky130_fd_sc_hd__clkbuf_16)
                                                         clknet_0_clk (net)
                      0.039754    0.000929    0.163052 ^ clkbuf_1_1__f_clk/A (sky130_fd_sc_hd__clkbuf_16)
    10    0.025045    0.046403    0.127863    0.290915 ^ clkbuf_1_1__f_clk/X (sky130_fd_sc_hd__clkbuf_16)
                                                         clknet_1_1__leaf_clk (net)
                      0.046424    0.000760    0.291675 ^ _105_/CLK (sky130_fd_sc_hd__dfxtp_1)
                                  0.250000    0.541675   clock uncertainty
                                  0.000000    0.541675   clock reconvergence pessimism
                                 -0.031247    0.510428   library hold time
                                              0.510428   data required time
---------------------------------------------------------------------------------------------
                                              0.510428   data required time
                                             -1.295956   data arrival time
---------------------------------------------------------------------------------------------
                                              0.785528   slack (MET)


Startpoint: _099_ (rising edge-triggered flip-flop clocked by clk)
Endpoint: _098_ (rising edge-triggered flip-flop clocked by clk)
Path Group: clk
Path Type: min

Fanout         Cap        Slew       Delay        Time   Description
---------------------------------------------------------------------------------------------
                                  0.000000    0.000000   clock clk (rise edge)
                                  0.000000    0.000000   clock source latency
     1    0.010565    0.053986    0.036049    0.036049 ^ clk (in)
                                                         clk (net)
                      0.053995    0.000000    0.036049 ^ clkbuf_0_clk/A (sky130_fd_sc_hd__clkbuf_16)
     2    0.017542    0.039750    0.126073    0.162122 ^ clkbuf_0_clk/X (sky130_fd_sc_hd__clkbuf_16)
                                                         clknet_0_clk (net)
                      0.039754    0.000929    0.163052 ^ clkbuf_1_1__f_clk/A (sky130_fd_sc_hd__clkbuf_16)
    10    0.025045    0.046403    0.127863    0.290915 ^ clkbuf_1_1__f_clk/X (sky130_fd_sc_hd__clkbuf_16)
                                                         clknet_1_1__leaf_clk (net)
                      0.046481    0.001458    0.292372 ^ _099_/CLK (sky130_fd_sc_hd__dfxtp_1)
     5    0.011375    0.115195    0.356303    0.648675 ^ _099_/Q (sky130_fd_sc_hd__dfxtp_1)
                                                         net13 (net)
                      0.115198    0.000516    0.649191 ^ _067_/A3 (sky130_fd_sc_hd__a311o_1)
     1    0.002215    0.041046    0.167110    0.816301 ^ _067_/X (sky130_fd_sc_hd__a311o_1)
                                                         _004_ (net)
                      0.041047    0.000153    0.816453 ^ hold10/A (sky130_fd_sc_hd__dlygate4sd3_1)
     1    0.002007    0.046871    0.526060    1.342513 ^ hold10/X (sky130_fd_sc_hd__dlygate4sd3_1)
                                                         net23 (net)
                      0.046871    0.000151    1.342664 ^ _098_/D (sky130_fd_sc_hd__dfxtp_1)
                                              1.342664   data arrival time

                                  0.000000    0.000000   clock clk (rise edge)
                                  0.000000    0.000000   clock source latency
     1    0.010565    0.053986    0.036049    0.036049 ^ clk (in)
                                                         clk (net)
                      0.053995    0.000000    0.036049 ^ clkbuf_0_clk/A (sky130_fd_sc_hd__clkbuf_16)
     2    0.017542    0.039750    0.126073    0.162122 ^ clkbuf_0_clk/X (sky130_fd_sc_hd__clkbuf_16)
                                                         clknet_0_clk (net)
                      0.039754    0.000929    0.163052 ^ clkbuf_1_1__f_clk/A (sky130_fd_sc_hd__clkbuf_16)
    10    0.025045    0.046403    0.127863    0.290915 ^ clkbuf_1_1__f_clk/X (sky130_fd_sc_hd__clkbuf_16)
                                                         clknet_1_1__leaf_clk (net)
                      0.046494    0.001584    0.292499 ^ _098_/CLK (sky130_fd_sc_hd__dfxtp_1)
                                  0.250000    0.542499   clock uncertainty
                                  0.000000    0.542499   clock reconvergence pessimism
                                 -0.031465    0.511034   library hold time
                                              0.511034   data required time
---------------------------------------------------------------------------------------------
                                              0.511034   data required time
                                             -1.342664   data arrival time
---------------------------------------------------------------------------------------------
                                              0.831630   slack (MET)


Startpoint: _107_ (rising edge-triggered flip-flop clocked by clk)
Endpoint: _106_ (rising edge-triggered flip-flop clocked by clk)
Path Group: clk
Path Type: min

Fanout         Cap        Slew       Delay        Time   Description
---------------------------------------------------------------------------------------------
                                  0.000000    0.000000   clock clk (rise edge)
                                  0.000000    0.000000   clock source latency
     1    0.010565    0.053986    0.036049    0.036049 ^ clk (in)
                                                         clk (net)
                      0.053995    0.000000    0.036049 ^ clkbuf_0_clk/A (sky130_fd_sc_hd__clkbuf_16)
     2    0.017542    0.039750    0.126073    0.162122 ^ clkbuf_0_clk/X (sky130_fd_sc_hd__clkbuf_16)
                                                         clknet_0_clk (net)
                      0.039754    0.000929    0.163052 ^ clkbuf_1_1__f_clk/A (sky130_fd_sc_hd__clkbuf_16)
    10    0.025045    0.046403    0.127863    0.290915 ^ clkbuf_1_1__f_clk/X (sky130_fd_sc_hd__clkbuf_16)
                                                         clknet_1_1__leaf_clk (net)
                      0.046497    0.001615    0.292530 ^ _107_/CLK (sky130_fd_sc_hd__dfxtp_1)
     2    0.004467    0.033459    0.298787    0.591316 v _107_/Q (sky130_fd_sc_hd__dfxtp_1)
                                                         data_edge_detector_inst.reset_counter[1] (net)
                      0.033463    0.000286    0.591602 v _064_/A1 (sky130_fd_sc_hd__a21boi_1)
     2    0.005795    0.138760    0.152143    0.743745 ^ _064_/Y (sky130_fd_sc_hd__a21boi_1)
                                                         _028_ (net)
                      0.138760    0.000208    0.743953 ^ _072_/A1 (sky130_fd_sc_hd__o21ai_1)
     2    0.005726    0.050442    0.105559    0.849511 v _072_/Y (sky130_fd_sc_hd__o21ai_1)
                                                         _032_ (net)
                      0.050446    0.000336    0.849847 v _073_/C1 (sky130_fd_sc_hd__o211a_1)
     1    0.002585    0.028401    0.104665    0.954512 v _073_/X (sky130_fd_sc_hd__o211a_1)
                                                         _008_ (net)
                      0.028402    0.000109    0.954622 v hold12/A (sky130_fd_sc_hd__dlygate4sd3_1)
     1    0.001837    0.048338    0.532964    1.487586 v hold12/X (sky130_fd_sc_hd__dlygate4sd3_1)
                                                         net25 (net)
                      0.048338    0.000084    1.487670 v _106_/D (sky130_fd_sc_hd__dfxtp_1)
                                              1.487670   data arrival time

                                  0.000000    0.000000   clock clk (rise edge)
                                  0.000000    0.000000   clock source latency
     1    0.010565    0.053986    0.036049    0.036049 ^ clk (in)
                                                         clk (net)
                      0.053995    0.000000    0.036049 ^ clkbuf_0_clk/A (sky130_fd_sc_hd__clkbuf_16)
     2    0.017542    0.039750    0.126073    0.162122 ^ clkbuf_0_clk/X (sky130_fd_sc_hd__clkbuf_16)
                                                         clknet_0_clk (net)
                      0.039754    0.000929    0.163052 ^ clkbuf_1_1__f_clk/A (sky130_fd_sc_hd__clkbuf_16)
    10    0.025045    0.046403    0.127863    0.290915 ^ clkbuf_1_1__f_clk/X (sky130_fd_sc_hd__clkbuf_16)
                                                         clknet_1_1__leaf_clk (net)
                      0.046467    0.001323    0.292238 ^ _106_/CLK (sky130_fd_sc_hd__dfxtp_1)
                                  0.250000    0.542238   clock uncertainty
                                  0.000000    0.542238   clock reconvergence pessimism
                                 -0.054604    0.487634   library hold time
                                              0.487634   data required time
---------------------------------------------------------------------------------------------
                                              0.487634   data required time
                                             -1.487670   data arrival time
---------------------------------------------------------------------------------------------
                                              1.000036   slack (MET)


Startpoint: _101_ (rising edge-triggered flip-flop clocked by clk)
Endpoint: ready (output port clocked by clk)
Path Group: clk
Path Type: min

Fanout         Cap        Slew       Delay        Time   Description
---------------------------------------------------------------------------------------------
                                  0.000000    0.000000   clock clk (rise edge)
                                  0.000000    0.000000   clock source latency
     1    0.010565    0.053986    0.036049    0.036049 ^ clk (in)
                                                         clk (net)
                      0.053995    0.000000    0.036049 ^ clkbuf_0_clk/A (sky130_fd_sc_hd__clkbuf_16)
     2    0.017542    0.039750    0.126073    0.162122 ^ clkbuf_0_clk/X (sky130_fd_sc_hd__clkbuf_16)
                                                         clknet_0_clk (net)
                      0.039754    0.000953    0.163076 ^ clkbuf_1_0__f_clk/A (sky130_fd_sc_hd__clkbuf_16)
     7    0.017962    0.040112    0.121389    0.284465 ^ clkbuf_1_0__f_clk/X (sky130_fd_sc_hd__clkbuf_16)
                                                         clknet_1_0__leaf_clk (net)
                      0.040114    0.000674    0.285139 ^ _101_/CLK (sky130_fd_sc_hd__dfxtp_1)
     2    0.003571    0.029937    0.292817    0.577956 v _101_/Q (sky130_fd_sc_hd__dfxtp_1)
                                                         net11 (net)
                      0.029940    0.000234    0.578190 v output11/A (sky130_fd_sc_hd__buf_2)
     1    0.033864    0.089165    0.172103    0.750293 v output11/X (sky130_fd_sc_hd__buf_2)
                                                         ready (net)
                      0.089205    0.001607    0.751900 v ready (out)
                                              0.751900   data arrival time

                                  0.000000    0.000000   clock clk (rise edge)
                                  0.000000    0.000000   clock network delay (propagated)
                                  0.250000    0.250000   clock uncertainty
                                  0.000000    0.250000   clock reconvergence pessimism
                                 -3.000000   -2.750000   output external delay
                                             -2.750000   data required time
---------------------------------------------------------------------------------------------
                                             -2.750000   data required time
                                             -0.751900   data arrival time
---------------------------------------------------------------------------------------------
                                              3.501900   slack (MET)


Startpoint: _114_ (rising edge-triggered flip-flop clocked by clk)
Endpoint: count_out[6] (output port clocked by clk)
Path Group: clk
Path Type: min

Fanout         Cap        Slew       Delay        Time   Description
---------------------------------------------------------------------------------------------
                                  0.000000    0.000000   clock clk (rise edge)
                                  0.000000    0.000000   clock source latency
     1    0.010565    0.053986    0.036049    0.036049 ^ clk (in)
                                                         clk (net)
                      0.053995    0.000000    0.036049 ^ clkbuf_0_clk/A (sky130_fd_sc_hd__clkbuf_16)
     2    0.017542    0.039750    0.126073    0.162122 ^ clkbuf_0_clk/X (sky130_fd_sc_hd__clkbuf_16)
                                                         clknet_0_clk (net)
                      0.039754    0.000953    0.163076 ^ clkbuf_1_0__f_clk/A (sky130_fd_sc_hd__clkbuf_16)
     7    0.017962    0.040112    0.121389    0.284465 ^ clkbuf_1_0__f_clk/X (sky130_fd_sc_hd__clkbuf_16)
                                                         clknet_1_0__leaf_clk (net)
                      0.040114    0.000721    0.285186 ^ _114_/CLK (sky130_fd_sc_hd__dfxtp_1)
     3    0.006562    0.042289    0.304855    0.590041 v _114_/Q (sky130_fd_sc_hd__dfxtp_1)
                                                         net10 (net)
                      0.042293    0.000340    0.590381 v output10/A (sky130_fd_sc_hd__buf_2)
     1    0.033971    0.089312    0.177619    0.768000 v output10/X (sky130_fd_sc_hd__buf_2)
                                                         count_out[6] (net)
                      0.089354    0.001619    0.769619 v count_out[6] (out)
                                              0.769619   data arrival time

                                  0.000000    0.000000   clock clk (rise edge)
                                  0.000000    0.000000   clock network delay (propagated)
                                  0.250000    0.250000   clock uncertainty
                                  0.000000    0.250000   clock reconvergence pessimism
                                 -3.000000   -2.750000   output external delay
                                             -2.750000   data required time
---------------------------------------------------------------------------------------------
                                             -2.750000   data required time
                                             -0.769619   data arrival time
---------------------------------------------------------------------------------------------
                                              3.519619   slack (MET)


Startpoint: _109_ (rising edge-triggered flip-flop clocked by clk)
Endpoint: count_out[1] (output port clocked by clk)
Path Group: clk
Path Type: min

Fanout         Cap        Slew       Delay        Time   Description
---------------------------------------------------------------------------------------------
                                  0.000000    0.000000   clock clk (rise edge)
                                  0.000000    0.000000   clock source latency
     1    0.010565    0.053986    0.036049    0.036049 ^ clk (in)
                                                         clk (net)
                      0.053995    0.000000    0.036049 ^ clkbuf_0_clk/A (sky130_fd_sc_hd__clkbuf_16)
     2    0.017542    0.039750    0.126073    0.162122 ^ clkbuf_0_clk/X (sky130_fd_sc_hd__clkbuf_16)
                                                         clknet_0_clk (net)
                      0.039754    0.000953    0.163076 ^ clkbuf_1_0__f_clk/A (sky130_fd_sc_hd__clkbuf_16)
     7    0.017962    0.040112    0.121389    0.284465 ^ clkbuf_1_0__f_clk/X (sky130_fd_sc_hd__clkbuf_16)
                                                         clknet_1_0__leaf_clk (net)
                      0.040115    0.000798    0.285263 ^ _109_/CLK (sky130_fd_sc_hd__dfxtp_1)
     4    0.009611    0.054290    0.316894    0.602157 v _109_/Q (sky130_fd_sc_hd__dfxtp_1)
                                                         net5 (net)
                      0.054296    0.000441    0.602598 v output5/A (sky130_fd_sc_hd__buf_2)
     1    0.034149    0.089623    0.183139    0.785737 v output5/X (sky130_fd_sc_hd__buf_2)
                                                         count_out[1] (net)
                      0.089664    0.001635    0.787372 v count_out[1] (out)
                                              0.787372   data arrival time

                                  0.000000    0.000000   clock clk (rise edge)
                                  0.000000    0.000000   clock network delay (propagated)
                                  0.250000    0.250000   clock uncertainty
                                  0.000000    0.250000   clock reconvergence pessimism
                                 -3.000000   -2.750000   output external delay
                                             -2.750000   data required time
---------------------------------------------------------------------------------------------
                                             -2.750000   data required time
                                             -0.787372   data arrival time
---------------------------------------------------------------------------------------------
                                              3.537372   slack (MET)


Startpoint: _112_ (rising edge-triggered flip-flop clocked by clk)
Endpoint: count_out[4] (output port clocked by clk)
Path Group: clk
Path Type: min

Fanout         Cap        Slew       Delay        Time   Description
---------------------------------------------------------------------------------------------
                                  0.000000    0.000000   clock clk (rise edge)
                                  0.000000    0.000000   clock source latency
     1    0.010565    0.053986    0.036049    0.036049 ^ clk (in)
                                                         clk (net)
                      0.053995    0.000000    0.036049 ^ clkbuf_0_clk/A (sky130_fd_sc_hd__clkbuf_16)
     2    0.017542    0.039750    0.126073    0.162122 ^ clkbuf_0_clk/X (sky130_fd_sc_hd__clkbuf_16)
                                                         clknet_0_clk (net)
                      0.039754    0.000929    0.163052 ^ clkbuf_1_1__f_clk/A (sky130_fd_sc_hd__clkbuf_16)
    10    0.025045    0.046403    0.127863    0.290915 ^ clkbuf_1_1__f_clk/X (sky130_fd_sc_hd__clkbuf_16)
                                                         clknet_1_1__leaf_clk (net)
                      0.046454    0.001175    0.292090 ^ _112_/CLK (sky130_fd_sc_hd__dfxtp_1)
     4    0.008418    0.049851    0.314630    0.606720 v _112_/Q (sky130_fd_sc_hd__dfxtp_1)
                                                         net8 (net)
                      0.049856    0.000414    0.607133 v output8/A (sky130_fd_sc_hd__buf_2)
     1    0.033827    0.088944    0.180620    0.787754 v output8/X (sky130_fd_sc_hd__buf_2)
                                                         count_out[4] (net)
                      0.088985    0.001604    0.789357 v count_out[4] (out)
                                              0.789357   data arrival time

                                  0.000000    0.000000   clock clk (rise edge)
                                  0.000000    0.000000   clock network delay (propagated)
                                  0.250000    0.250000   clock uncertainty
                                  0.000000    0.250000   clock reconvergence pessimism
                                 -3.000000   -2.750000   output external delay
                                             -2.750000   data required time
---------------------------------------------------------------------------------------------
                                             -2.750000   data required time
                                             -0.789357   data arrival time
---------------------------------------------------------------------------------------------
                                              3.539357   slack (MET)


Startpoint: _108_ (rising edge-triggered flip-flop clocked by clk)
Endpoint: count_out[0] (output port clocked by clk)
Path Group: clk
Path Type: min

Fanout         Cap        Slew       Delay        Time   Description
---------------------------------------------------------------------------------------------
                                  0.000000    0.000000   clock clk (rise edge)
                                  0.000000    0.000000   clock source latency
     1    0.010565    0.053986    0.036049    0.036049 ^ clk (in)
                                                         clk (net)
                      0.053995    0.000000    0.036049 ^ clkbuf_0_clk/A (sky130_fd_sc_hd__clkbuf_16)
     2    0.017542    0.039750    0.126073    0.162122 ^ clkbuf_0_clk/X (sky130_fd_sc_hd__clkbuf_16)
                                                         clknet_0_clk (net)
                      0.039754    0.000953    0.163076 ^ clkbuf_1_0__f_clk/A (sky130_fd_sc_hd__clkbuf_16)
     7    0.017962    0.040112    0.121389    0.284465 ^ clkbuf_1_0__f_clk/X (sky130_fd_sc_hd__clkbuf_16)
                                                         clknet_1_0__leaf_clk (net)
                      0.040114    0.000627    0.285092 ^ _108_/CLK (sky130_fd_sc_hd__dfxtp_1)
     5    0.011183    0.061005    0.322225    0.607317 v _108_/Q (sky130_fd_sc_hd__dfxtp_1)
                                                         net4 (net)
                      0.061015    0.000663    0.607980 v output4/A (sky130_fd_sc_hd__buf_2)
     1    0.034712    0.090935    0.187046    0.795027 v output4/X (sky130_fd_sc_hd__buf_2)
                                                         count_out[0] (net)
                      0.090990    0.001886    0.796913 v count_out[0] (out)
                                              0.796913   data arrival time

                                  0.000000    0.000000   clock clk (rise edge)
                                  0.000000    0.000000   clock network delay (propagated)
                                  0.250000    0.250000   clock uncertainty
                                  0.000000    0.250000   clock reconvergence pessimism
                                 -3.000000   -2.750000   output external delay
                                             -2.750000   data required time
---------------------------------------------------------------------------------------------
                                             -2.750000   data required time
                                             -0.796913   data arrival time
---------------------------------------------------------------------------------------------
                                              3.546913   slack (MET)


Startpoint: _113_ (rising edge-triggered flip-flop clocked by clk)
Endpoint: count_out[5] (output port clocked by clk)
Path Group: clk
Path Type: min

Fanout         Cap        Slew       Delay        Time   Description
---------------------------------------------------------------------------------------------
                                  0.000000    0.000000   clock clk (rise edge)
                                  0.000000    0.000000   clock source latency
     1    0.010565    0.053986    0.036049    0.036049 ^ clk (in)
                                                         clk (net)
                      0.053995    0.000000    0.036049 ^ clkbuf_0_clk/A (sky130_fd_sc_hd__clkbuf_16)
     2    0.017542    0.039750    0.126073    0.162122 ^ clkbuf_0_clk/X (sky130_fd_sc_hd__clkbuf_16)
                                                         clknet_0_clk (net)
                      0.039754    0.000953    0.163076 ^ clkbuf_1_0__f_clk/A (sky130_fd_sc_hd__clkbuf_16)
     7    0.017962    0.040112    0.121389    0.284465 ^ clkbuf_1_0__f_clk/X (sky130_fd_sc_hd__clkbuf_16)
                                                         clknet_1_0__leaf_clk (net)
                      0.040114    0.000757    0.285222 ^ _113_/CLK (sky130_fd_sc_hd__dfxtp_1)
     5    0.012097    0.064958    0.325239    0.610461 v _113_/Q (sky130_fd_sc_hd__dfxtp_1)
                                                         net9 (net)
                      0.064968    0.000701    0.611162 v output9/A (sky130_fd_sc_hd__buf_2)
     1    0.033828    0.088934    0.187415    0.798578 v output9/X (sky130_fd_sc_hd__buf_2)
                                                         count_out[5] (net)
                      0.088974    0.001604    0.800181 v count_out[5] (out)
                                              0.800181   data arrival time

                                  0.000000    0.000000   clock clk (rise edge)
                                  0.000000    0.000000   clock network delay (propagated)
                                  0.250000    0.250000   clock uncertainty
                                  0.000000    0.250000   clock reconvergence pessimism
                                 -3.000000   -2.750000   output external delay
                                             -2.750000   data required time
---------------------------------------------------------------------------------------------
                                             -2.750000   data required time
                                             -0.800181   data arrival time
---------------------------------------------------------------------------------------------
                                              3.550181   slack (MET)


Startpoint: _099_ (rising edge-triggered flip-flop clocked by clk)
Endpoint: temp_reset (output port clocked by clk)
Path Group: clk
Path Type: min

Fanout         Cap        Slew       Delay        Time   Description
---------------------------------------------------------------------------------------------
                                  0.000000    0.000000   clock clk (rise edge)
                                  0.000000    0.000000   clock source latency
     1    0.010565    0.053986    0.036049    0.036049 ^ clk (in)
                                                         clk (net)
                      0.053995    0.000000    0.036049 ^ clkbuf_0_clk/A (sky130_fd_sc_hd__clkbuf_16)
     2    0.017542    0.039750    0.126073    0.162122 ^ clkbuf_0_clk/X (sky130_fd_sc_hd__clkbuf_16)
                                                         clknet_0_clk (net)
                      0.039754    0.000929    0.163052 ^ clkbuf_1_1__f_clk/A (sky130_fd_sc_hd__clkbuf_16)
    10    0.025045    0.046403    0.127863    0.290915 ^ clkbuf_1_1__f_clk/X (sky130_fd_sc_hd__clkbuf_16)
                                                         clknet_1_1__leaf_clk (net)
                      0.046481    0.001458    0.292372 ^ _099_/CLK (sky130_fd_sc_hd__dfxtp_1)
     5    0.010480    0.057949    0.322261    0.614633 v _099_/Q (sky130_fd_sc_hd__dfxtp_1)
                                                         net13 (net)
                      0.057953    0.000365    0.614998 v output13/A (sky130_fd_sc_hd__buf_2)
     1    0.033849    0.088996    0.184215    0.799213 v output13/X (sky130_fd_sc_hd__buf_2)
                                                         temp_reset (net)
                      0.089040    0.001667    0.800880 v temp_reset (out)
                                              0.800880   data arrival time

                                  0.000000    0.000000   clock clk (rise edge)
                                  0.000000    0.000000   clock network delay (propagated)
                                  0.250000    0.250000   clock uncertainty
                                  0.000000    0.250000   clock reconvergence pessimism
                                 -3.000000   -2.750000   output external delay
                                             -2.750000   data required time
---------------------------------------------------------------------------------------------
                                             -2.750000   data required time
                                             -0.800880   data arrival time
---------------------------------------------------------------------------------------------
                                              3.550880   slack (MET)


Startpoint: _111_ (rising edge-triggered flip-flop clocked by clk)
Endpoint: count_out[3] (output port clocked by clk)
Path Group: clk
Path Type: min

Fanout         Cap        Slew       Delay        Time   Description
---------------------------------------------------------------------------------------------
                                  0.000000    0.000000   clock clk (rise edge)
                                  0.000000    0.000000   clock source latency
     1    0.010565    0.053986    0.036049    0.036049 ^ clk (in)
                                                         clk (net)
                      0.053995    0.000000    0.036049 ^ clkbuf_0_clk/A (sky130_fd_sc_hd__clkbuf_16)
     2    0.017542    0.039750    0.126073    0.162122 ^ clkbuf_0_clk/X (sky130_fd_sc_hd__clkbuf_16)
                                                         clknet_0_clk (net)
                      0.039754    0.000929    0.163052 ^ clkbuf_1_1__f_clk/A (sky130_fd_sc_hd__clkbuf_16)
    10    0.025045    0.046403    0.127863    0.290915 ^ clkbuf_1_1__f_clk/X (sky130_fd_sc_hd__clkbuf_16)
                                                         clknet_1_1__leaf_clk (net)
                      0.046462    0.001264    0.292179 ^ _111_/CLK (sky130_fd_sc_hd__dfxtp_1)
     6    0.013924    0.072789    0.333983    0.626162 v _111_/Q (sky130_fd_sc_hd__dfxtp_1)
                                                         net7 (net)
                      0.072792    0.000428    0.626590 v output7/A (sky130_fd_sc_hd__buf_2)
     1    0.033874    0.089051    0.191042    0.817631 v output7/X (sky130_fd_sc_hd__buf_2)
                                                         count_out[3] (net)
                      0.089093    0.001628    0.819260 v count_out[3] (out)
                                              0.819260   data arrival time

                                  0.000000    0.000000   clock clk (rise edge)
                                  0.000000    0.000000   clock network delay (propagated)
                                  0.250000    0.250000   clock uncertainty
                                  0.000000    0.250000   clock reconvergence pessimism
                                 -3.000000   -2.750000   output external delay
                                             -2.750000   data required time
---------------------------------------------------------------------------------------------
                                             -2.750000   data required time
                                             -0.819260   data arrival time
---------------------------------------------------------------------------------------------
                                              3.569259   slack (MET)


Startpoint: _102_ (rising edge-triggered flip-flop clocked by clk)
Endpoint: running (output port clocked by clk)
Path Group: clk
Path Type: min

Fanout         Cap        Slew       Delay        Time   Description
---------------------------------------------------------------------------------------------
                                  0.000000    0.000000   clock clk (rise edge)
                                  0.000000    0.000000   clock source latency
     1    0.010565    0.053986    0.036049    0.036049 ^ clk (in)
                                                         clk (net)
                      0.053995    0.000000    0.036049 ^ clkbuf_0_clk/A (sky130_fd_sc_hd__clkbuf_16)
     2    0.017542    0.039750    0.126073    0.162122 ^ clkbuf_0_clk/X (sky130_fd_sc_hd__clkbuf_16)
                                                         clknet_0_clk (net)
                      0.039754    0.000953    0.163076 ^ clkbuf_1_0__f_clk/A (sky130_fd_sc_hd__clkbuf_16)
     7    0.017962    0.040112    0.121389    0.284465 ^ clkbuf_1_0__f_clk/X (sky130_fd_sc_hd__clkbuf_16)
                                                         clknet_1_0__leaf_clk (net)
                      0.040114    0.000551    0.285016 ^ _102_/CLK (sky130_fd_sc_hd__dfxtp_1)
     6    0.016907    0.085635    0.342042    0.627058 v _102_/Q (sky130_fd_sc_hd__dfxtp_1)
                                                         net12 (net)
                      0.085643    0.000732    0.627790 v output12/A (sky130_fd_sc_hd__buf_2)
     1    0.034062    0.089452    0.197272    0.825062 v output12/X (sky130_fd_sc_hd__buf_2)
                                                         running (net)
                      0.089492    0.001586    0.826648 v running (out)
                                              0.826648   data arrival time

                                  0.000000    0.000000   clock clk (rise edge)
                                  0.000000    0.000000   clock network delay (propagated)
                                  0.250000    0.250000   clock uncertainty
                                  0.000000    0.250000   clock reconvergence pessimism
                                 -3.000000   -2.750000   output external delay
                                             -2.750000   data required time
---------------------------------------------------------------------------------------------
                                             -2.750000   data required time
                                             -0.826648   data arrival time
---------------------------------------------------------------------------------------------
                                              3.576648   slack (MET)


Startpoint: _110_ (rising edge-triggered flip-flop clocked by clk)
Endpoint: count_out[2] (output port clocked by clk)
Path Group: clk
Path Type: min

Fanout         Cap        Slew       Delay        Time   Description
---------------------------------------------------------------------------------------------
                                  0.000000    0.000000   clock clk (rise edge)
                                  0.000000    0.000000   clock source latency
     1    0.010565    0.053986    0.036049    0.036049 ^ clk (in)
                                                         clk (net)
                      0.053995    0.000000    0.036049 ^ clkbuf_0_clk/A (sky130_fd_sc_hd__clkbuf_16)
     2    0.017542    0.039750    0.126073    0.162122 ^ clkbuf_0_clk/X (sky130_fd_sc_hd__clkbuf_16)
                                                         clknet_0_clk (net)
                      0.039754    0.000929    0.163052 ^ clkbuf_1_1__f_clk/A (sky130_fd_sc_hd__clkbuf_16)
    10    0.025045    0.046403    0.127863    0.290915 ^ clkbuf_1_1__f_clk/X (sky130_fd_sc_hd__clkbuf_16)
                                                         clknet_1_1__leaf_clk (net)
                      0.046460    0.001242    0.292156 ^ _110_/CLK (sky130_fd_sc_hd__dfxtp_1)
     8    0.018130    0.091239    0.348223    0.640380 v _110_/Q (sky130_fd_sc_hd__dfxtp_1)
                                                         net6 (net)
                      0.091249    0.000802    0.641181 v output6/A (sky130_fd_sc_hd__buf_2)
     1    0.033921    0.089181    0.199504    0.840685 v output6/X (sky130_fd_sc_hd__buf_2)
                                                         count_out[2] (net)
                      0.089224    0.001653    0.842339 v count_out[2] (out)
                                              0.842339   data arrival time

                                  0.000000    0.000000   clock clk (rise edge)
                                  0.000000    0.000000   clock network delay (propagated)
                                  0.250000    0.250000   clock uncertainty
                                  0.000000    0.250000   clock reconvergence pessimism
                                 -3.000000   -2.750000   output external delay
                                             -2.750000   data required time
---------------------------------------------------------------------------------------------
                                             -2.750000   data required time
                                             -0.842339   data arrival time
---------------------------------------------------------------------------------------------
                                              3.592339   slack (MET)



