
===========================================================================
report_checks -path_delay min (Hold)
============================================================================
======================= nom_tt_025C_1v80 Corner ===================================

Startpoint: _107_ (rising edge-triggered flip-flop clocked by clk)
Endpoint: _107_ (rising edge-triggered flip-flop clocked by clk)
Path Group: clk
Path Type: min

Fanout         Cap        Slew       Delay        Time   Description
---------------------------------------------------------------------------------------------
                                  0.000000    0.000000   clock clk (rise edge)
                                  0.000000    0.000000   clock source latency
     1    0.007894    0.043275    0.027159    0.027159 ^ clk (in)
                                                         clk (net)
                      0.043275    0.000000    0.027159 ^ clkbuf_0_clk/A (sky130_fd_sc_hd__clkbuf_16)
     2    0.015788    0.039241    0.120826    0.147985 ^ clkbuf_0_clk/X (sky130_fd_sc_hd__clkbuf_16)
                                                         clknet_0_clk (net)
                      0.039241    0.000000    0.147985 ^ clkbuf_1_1__f_clk/A (sky130_fd_sc_hd__clkbuf_16)
     9    0.016893    0.040288    0.120424    0.268409 ^ clkbuf_1_1__f_clk/X (sky130_fd_sc_hd__clkbuf_16)
                                                         clknet_1_1__leaf_clk (net)
                      0.040288    0.000000    0.268409 ^ _107_/CLK (sky130_fd_sc_hd__dfxtp_1)
     3    0.010550    0.058196    0.320436    0.588845 v _107_/Q (sky130_fd_sc_hd__dfxtp_1)
                                                         data_edge_detector_inst.reset_counter[1] (net)
                      0.058196    0.000064    0.588910 v _050_/A (sky130_fd_sc_hd__inv_2)
     1    0.003055    0.025909    0.046217    0.635127 ^ _050_/Y (sky130_fd_sc_hd__inv_2)
                                                         _018_ (net)
                      0.025909    0.000018    0.635145 ^ _074_/A1 (sky130_fd_sc_hd__a211oi_1)
     1    0.002324    0.034236    0.048930    0.684075 v _074_/Y (sky130_fd_sc_hd__a211oi_1)
                                                         _009_ (net)
                      0.034236    0.000015    0.684089 v _107_/D (sky130_fd_sc_hd__dfxtp_1)
                                              0.684089   data arrival time

                                  0.000000    0.000000   clock clk (rise edge)
                                  0.000000    0.000000   clock source latency
     1    0.007894    0.043275    0.027159    0.027159 ^ clk (in)
                                                         clk (net)
                      0.043275    0.000000    0.027159 ^ clkbuf_0_clk/A (sky130_fd_sc_hd__clkbuf_16)
     2    0.015788    0.039241    0.120826    0.147985 ^ clkbuf_0_clk/X (sky130_fd_sc_hd__clkbuf_16)
                                                         clknet_0_clk (net)
                      0.039241    0.000000    0.147985 ^ clkbuf_1_1__f_clk/A (sky130_fd_sc_hd__clkbuf_16)
     9    0.016893    0.040288    0.120424    0.268409 ^ clkbuf_1_1__f_clk/X (sky130_fd_sc_hd__clkbuf_16)
                                                         clknet_1_1__leaf_clk (net)
                      0.040288    0.000000    0.268409 ^ _107_/CLK (sky130_fd_sc_hd__dfxtp_1)
                                  0.250000    0.518409   clock uncertainty
                                  0.000000    0.518409   clock reconvergence pessimism
                                 -0.050113    0.468296   library hold time
                                              0.468296   data required time
---------------------------------------------------------------------------------------------
                                              0.468296   data required time
                                             -0.684089   data arrival time
---------------------------------------------------------------------------------------------
                                              0.215793   slack (MET)


Startpoint: _100_ (rising edge-triggered flip-flop clocked by clk)
Endpoint: _099_ (rising edge-triggered flip-flop clocked by clk)
Path Group: clk
Path Type: min

Fanout         Cap        Slew       Delay        Time   Description
---------------------------------------------------------------------------------------------
                                  0.000000    0.000000   clock clk (rise edge)
                                  0.000000    0.000000   clock source latency
     1    0.007894    0.043275    0.027159    0.027159 ^ clk (in)
                                                         clk (net)
                      0.043275    0.000000    0.027159 ^ clkbuf_0_clk/A (sky130_fd_sc_hd__clkbuf_16)
     2    0.015788    0.039241    0.120826    0.147985 ^ clkbuf_0_clk/X (sky130_fd_sc_hd__clkbuf_16)
                                                         clknet_0_clk (net)
                      0.039241    0.000000    0.147985 ^ clkbuf_1_0__f_clk/A (sky130_fd_sc_hd__clkbuf_16)
     8    0.015016    0.038512    0.118619    0.266604 ^ clkbuf_1_0__f_clk/X (sky130_fd_sc_hd__clkbuf_16)
                                                         clknet_1_0__leaf_clk (net)
                      0.038512    0.000000    0.266604 ^ _100_/CLK (sky130_fd_sc_hd__dfxtp_1)
     2    0.005346    0.064309    0.314268    0.580872 ^ _100_/Q (sky130_fd_sc_hd__dfxtp_1)
                                                         controller_inst.clear (net)
                      0.064309    0.000008    0.580880 ^ _059_/A1 (sky130_fd_sc_hd__o21a_1)
     1    0.003254    0.043251    0.122142    0.703022 ^ _059_/X (sky130_fd_sc_hd__o21a_1)
                                                         _003_ (net)
                      0.043251    0.000045    0.703067 ^ _099_/D (sky130_fd_sc_hd__dfxtp_1)
                                              0.703067   data arrival time

                                  0.000000    0.000000   clock clk (rise edge)
                                  0.000000    0.000000   clock source latency
     1    0.007894    0.043275    0.027159    0.027159 ^ clk (in)
                                                         clk (net)
                      0.043275    0.000000    0.027159 ^ clkbuf_0_clk/A (sky130_fd_sc_hd__clkbuf_16)
     2    0.015788    0.039241    0.120826    0.147985 ^ clkbuf_0_clk/X (sky130_fd_sc_hd__clkbuf_16)
                                                         clknet_0_clk (net)
                      0.039241    0.000000    0.147985 ^ clkbuf_1_0__f_clk/A (sky130_fd_sc_hd__clkbuf_16)
     8    0.015016    0.038512    0.118619    0.266604 ^ clkbuf_1_0__f_clk/X (sky130_fd_sc_hd__clkbuf_16)
                                                         clknet_1_0__leaf_clk (net)
                      0.038512    0.000000    0.266604 ^ _099_/CLK (sky130_fd_sc_hd__dfxtp_1)
                                  0.250000    0.516604   clock uncertainty
                                  0.000000    0.516604   clock reconvergence pessimism
                                 -0.031759    0.484844   library hold time
                                              0.484844   data required time
---------------------------------------------------------------------------------------------
                                              0.484844   data required time
                                             -0.703067   data arrival time
---------------------------------------------------------------------------------------------
                                              0.218222   slack (MET)


Startpoint: _108_ (rising edge-triggered flip-flop clocked by clk)
Endpoint: _108_ (rising edge-triggered flip-flop clocked by clk)
Path Group: clk
Path Type: min

Fanout         Cap        Slew       Delay        Time   Description
---------------------------------------------------------------------------------------------
                                  0.000000    0.000000   clock clk (rise edge)
                                  0.000000    0.000000   clock source latency
     1    0.007894    0.043275    0.027159    0.027159 ^ clk (in)
                                                         clk (net)
                      0.043275    0.000000    0.027159 ^ clkbuf_0_clk/A (sky130_fd_sc_hd__clkbuf_16)
     2    0.015788    0.039241    0.120826    0.147985 ^ clkbuf_0_clk/X (sky130_fd_sc_hd__clkbuf_16)
                                                         clknet_0_clk (net)
                      0.039241    0.000000    0.147985 ^ clkbuf_1_0__f_clk/A (sky130_fd_sc_hd__clkbuf_16)
     8    0.015016    0.038512    0.118619    0.266604 ^ clkbuf_1_0__f_clk/X (sky130_fd_sc_hd__clkbuf_16)
                                                         clknet_1_0__leaf_clk (net)
                      0.038512    0.000000    0.266604 ^ _108_/CLK (sky130_fd_sc_hd__dfxtp_1)
     5    0.013645    0.071430    0.330575    0.597179 v _108_/Q (sky130_fd_sc_hd__dfxtp_1)
                                                         net4 (net)
                      0.071430    0.000024    0.597203 v _049_/A (sky130_fd_sc_hd__inv_2)
     2    0.005467    0.036903    0.059763    0.656965 ^ _049_/Y (sky130_fd_sc_hd__inv_2)
                                                         _017_ (net)
                      0.036903    0.000026    0.656991 ^ _078_/A1 (sky130_fd_sc_hd__a21oi_1)
     1    0.002113    0.030644    0.047332    0.704324 v _078_/Y (sky130_fd_sc_hd__a21oi_1)
                                                         _010_ (net)
                      0.030644    0.000009    0.704333 v _108_/D (sky130_fd_sc_hd__dfxtp_1)
                                              0.704333   data arrival time

                                  0.000000    0.000000   clock clk (rise edge)
                                  0.000000    0.000000   clock source latency
     1    0.007894    0.043275    0.027159    0.027159 ^ clk (in)
                                                         clk (net)
                      0.043275    0.000000    0.027159 ^ clkbuf_0_clk/A (sky130_fd_sc_hd__clkbuf_16)
     2    0.015788    0.039241    0.120826    0.147985 ^ clkbuf_0_clk/X (sky130_fd_sc_hd__clkbuf_16)
                                                         clknet_0_clk (net)
                      0.039241    0.000000    0.147985 ^ clkbuf_1_0__f_clk/A (sky130_fd_sc_hd__clkbuf_16)
     8    0.015016    0.038512    0.118619    0.266604 ^ clkbuf_1_0__f_clk/X (sky130_fd_sc_hd__clkbuf_16)
                                                         clknet_1_0__leaf_clk (net)
                      0.038512    0.000000    0.266604 ^ _108_/CLK (sky130_fd_sc_hd__dfxtp_1)
                                  0.250000    0.516604   clock uncertainty
                                  0.000000    0.516604   clock reconvergence pessimism
                                 -0.049014    0.467589   library hold time
                                              0.467589   data required time
---------------------------------------------------------------------------------------------
                                              0.467589   data required time
                                             -0.704333   data arrival time
---------------------------------------------------------------------------------------------
                                              0.236744   slack (MET)


Startpoint: _098_ (rising edge-triggered flip-flop clocked by clk)
Endpoint: _098_ (rising edge-triggered flip-flop clocked by clk)
Path Group: clk
Path Type: min

Fanout         Cap        Slew       Delay        Time   Description
---------------------------------------------------------------------------------------------
                                  0.000000    0.000000   clock clk (rise edge)
                                  0.000000    0.000000   clock source latency
     1    0.007894    0.043275    0.027159    0.027159 ^ clk (in)
                                                         clk (net)
                      0.043275    0.000000    0.027159 ^ clkbuf_0_clk/A (sky130_fd_sc_hd__clkbuf_16)
     2    0.015788    0.039241    0.120826    0.147985 ^ clkbuf_0_clk/X (sky130_fd_sc_hd__clkbuf_16)
                                                         clknet_0_clk (net)
                      0.039241    0.000000    0.147985 ^ clkbuf_1_0__f_clk/A (sky130_fd_sc_hd__clkbuf_16)
     8    0.015016    0.038512    0.118619    0.266604 ^ clkbuf_1_0__f_clk/X (sky130_fd_sc_hd__clkbuf_16)
                                                         clknet_1_0__leaf_clk (net)
                      0.038512    0.000000    0.266604 ^ _098_/CLK (sky130_fd_sc_hd__dfxtp_1)
     3    0.006797    0.074765    0.323816    0.590420 ^ _098_/Q (sky130_fd_sc_hd__dfxtp_1)
                                                         net11 (net)
                      0.074765    0.000051    0.590471 ^ _060_/A2 (sky130_fd_sc_hd__a221o_1)
     1    0.001997    0.036717    0.135120    0.725591 ^ _060_/X (sky130_fd_sc_hd__a221o_1)
                                                         _002_ (net)
                      0.036717    0.000007    0.725597 ^ _098_/D (sky130_fd_sc_hd__dfxtp_1)
                                              0.725597   data arrival time

                                  0.000000    0.000000   clock clk (rise edge)
                                  0.000000    0.000000   clock source latency
     1    0.007894    0.043275    0.027159    0.027159 ^ clk (in)
                                                         clk (net)
                      0.043275    0.000000    0.027159 ^ clkbuf_0_clk/A (sky130_fd_sc_hd__clkbuf_16)
     2    0.015788    0.039241    0.120826    0.147985 ^ clkbuf_0_clk/X (sky130_fd_sc_hd__clkbuf_16)
                                                         clknet_0_clk (net)
                      0.039241    0.000000    0.147985 ^ clkbuf_1_0__f_clk/A (sky130_fd_sc_hd__clkbuf_16)
     8    0.015016    0.038512    0.118619    0.266604 ^ clkbuf_1_0__f_clk/X (sky130_fd_sc_hd__clkbuf_16)
                                                         clknet_1_0__leaf_clk (net)
                      0.038512    0.000000    0.266604 ^ _098_/CLK (sky130_fd_sc_hd__dfxtp_1)
                                  0.250000    0.516604   clock uncertainty
                                  0.000000    0.516604   clock reconvergence pessimism
                                 -0.030390    0.486214   library hold time
                                              0.486214   data required time
---------------------------------------------------------------------------------------------
                                              0.486214   data required time
                                             -0.725597   data arrival time
---------------------------------------------------------------------------------------------
                                              0.239383   slack (MET)


Startpoint: _098_ (rising edge-triggered flip-flop clocked by clk)
Endpoint: _100_ (rising edge-triggered flip-flop clocked by clk)
Path Group: clk
Path Type: min

Fanout         Cap        Slew       Delay        Time   Description
---------------------------------------------------------------------------------------------
                                  0.000000    0.000000   clock clk (rise edge)
                                  0.000000    0.000000   clock source latency
     1    0.007894    0.043275    0.027159    0.027159 ^ clk (in)
                                                         clk (net)
                      0.043275    0.000000    0.027159 ^ clkbuf_0_clk/A (sky130_fd_sc_hd__clkbuf_16)
     2    0.015788    0.039241    0.120826    0.147985 ^ clkbuf_0_clk/X (sky130_fd_sc_hd__clkbuf_16)
                                                         clknet_0_clk (net)
                      0.039241    0.000000    0.147985 ^ clkbuf_1_0__f_clk/A (sky130_fd_sc_hd__clkbuf_16)
     8    0.015016    0.038512    0.118619    0.266604 ^ clkbuf_1_0__f_clk/X (sky130_fd_sc_hd__clkbuf_16)
                                                         clknet_1_0__leaf_clk (net)
                      0.038512    0.000000    0.266604 ^ _098_/CLK (sky130_fd_sc_hd__dfxtp_1)
     3    0.006797    0.074765    0.323816    0.590420 ^ _098_/Q (sky130_fd_sc_hd__dfxtp_1)
                                                         net11 (net)
                      0.074765    0.000047    0.590466 ^ _065_/C (sky130_fd_sc_hd__and3_1)
     1    0.002000    0.043922    0.146049    0.736516 ^ _065_/X (sky130_fd_sc_hd__and3_1)
                                                         _000_ (net)
                      0.043922    0.000007    0.736522 ^ _100_/D (sky130_fd_sc_hd__dfxtp_1)
                                              0.736522   data arrival time

                                  0.000000    0.000000   clock clk (rise edge)
                                  0.000000    0.000000   clock source latency
     1    0.007894    0.043275    0.027159    0.027159 ^ clk (in)
                                                         clk (net)
                      0.043275    0.000000    0.027159 ^ clkbuf_0_clk/A (sky130_fd_sc_hd__clkbuf_16)
     2    0.015788    0.039241    0.120826    0.147985 ^ clkbuf_0_clk/X (sky130_fd_sc_hd__clkbuf_16)
                                                         clknet_0_clk (net)
                      0.039241    0.000000    0.147985 ^ clkbuf_1_0__f_clk/A (sky130_fd_sc_hd__clkbuf_16)
     8    0.015016    0.038512    0.118619    0.266604 ^ clkbuf_1_0__f_clk/X (sky130_fd_sc_hd__clkbuf_16)
                                                         clknet_1_0__leaf_clk (net)
                      0.038512    0.000000    0.266604 ^ _100_/CLK (sky130_fd_sc_hd__dfxtp_1)
                                  0.250000    0.516604   clock uncertainty
                                  0.000000    0.516604   clock reconvergence pessimism
                                 -0.031900    0.484704   library hold time
                                              0.484704   data required time
---------------------------------------------------------------------------------------------
                                              0.484704   data required time
                                             -0.736522   data arrival time
---------------------------------------------------------------------------------------------
                                              0.251819   slack (MET)


Startpoint: _103_ (rising edge-triggered flip-flop clocked by clk)
Endpoint: _102_ (rising edge-triggered flip-flop clocked by clk)
Path Group: clk
Path Type: min

Fanout         Cap        Slew       Delay        Time   Description
---------------------------------------------------------------------------------------------
                                  0.000000    0.000000   clock clk (rise edge)
                                  0.000000    0.000000   clock source latency
     1    0.007894    0.043275    0.027159    0.027159 ^ clk (in)
                                                         clk (net)
                      0.043275    0.000000    0.027159 ^ clkbuf_0_clk/A (sky130_fd_sc_hd__clkbuf_16)
     2    0.015788    0.039241    0.120826    0.147985 ^ clkbuf_0_clk/X (sky130_fd_sc_hd__clkbuf_16)
                                                         clknet_0_clk (net)
                      0.039241    0.000000    0.147985 ^ clkbuf_1_1__f_clk/A (sky130_fd_sc_hd__clkbuf_16)
     9    0.016893    0.040288    0.120424    0.268409 ^ clkbuf_1_1__f_clk/X (sky130_fd_sc_hd__clkbuf_16)
                                                         clknet_1_1__leaf_clk (net)
                      0.040288    0.000000    0.268409 ^ _103_/CLK (sky130_fd_sc_hd__dfxtp_1)
     4    0.011370    0.115090    0.354217    0.622626 ^ _103_/Q (sky130_fd_sc_hd__dfxtp_1)
                                                         data_counter_inst.inc (net)
                      0.115090    0.000017    0.622643 ^ _062_/A1 (sky130_fd_sc_hd__o21a_1)
     1    0.001921    0.034231    0.126688    0.749331 ^ _062_/X (sky130_fd_sc_hd__o21a_1)
                                                         _005_ (net)
                      0.034231    0.000005    0.749336 ^ _102_/D (sky130_fd_sc_hd__dfxtp_1)
                                              0.749336   data arrival time

                                  0.000000    0.000000   clock clk (rise edge)
                                  0.000000    0.000000   clock source latency
     1    0.007894    0.043275    0.027159    0.027159 ^ clk (in)
                                                         clk (net)
                      0.043275    0.000000    0.027159 ^ clkbuf_0_clk/A (sky130_fd_sc_hd__clkbuf_16)
     2    0.015788    0.039241    0.120826    0.147985 ^ clkbuf_0_clk/X (sky130_fd_sc_hd__clkbuf_16)
                                                         clknet_0_clk (net)
                      0.039241    0.000000    0.147985 ^ clkbuf_1_1__f_clk/A (sky130_fd_sc_hd__clkbuf_16)
     9    0.016893    0.040288    0.120424    0.268409 ^ clkbuf_1_1__f_clk/X (sky130_fd_sc_hd__clkbuf_16)
                                                         clknet_1_1__leaf_clk (net)
                      0.040288    0.000000    0.268409 ^ _102_/CLK (sky130_fd_sc_hd__dfxtp_1)
                                  0.250000    0.518409   clock uncertainty
                                  0.000000    0.518409   clock reconvergence pessimism
                                 -0.029635    0.488774   library hold time
                                              0.488774   data required time
---------------------------------------------------------------------------------------------
                                              0.488774   data required time
                                             -0.749336   data arrival time
---------------------------------------------------------------------------------------------
                                              0.260562   slack (MET)


Startpoint: _104_ (rising edge-triggered flip-flop clocked by clk)
Endpoint: _103_ (rising edge-triggered flip-flop clocked by clk)
Path Group: clk
Path Type: min

Fanout         Cap        Slew       Delay        Time   Description
---------------------------------------------------------------------------------------------
                                  0.000000    0.000000   clock clk (rise edge)
                                  0.000000    0.000000   clock source latency
     1    0.007894    0.043275    0.027159    0.027159 ^ clk (in)
                                                         clk (net)
                      0.043275    0.000000    0.027159 ^ clkbuf_0_clk/A (sky130_fd_sc_hd__clkbuf_16)
     2    0.015788    0.039241    0.120826    0.147985 ^ clkbuf_0_clk/X (sky130_fd_sc_hd__clkbuf_16)
                                                         clknet_0_clk (net)
                      0.039241    0.000000    0.147985 ^ clkbuf_1_1__f_clk/A (sky130_fd_sc_hd__clkbuf_16)
     9    0.016893    0.040288    0.120424    0.268409 ^ clkbuf_1_1__f_clk/X (sky130_fd_sc_hd__clkbuf_16)
                                                         clknet_1_1__leaf_clk (net)
                      0.040288    0.000000    0.268409 ^ _104_/CLK (sky130_fd_sc_hd__dfxtp_1)
     4    0.010466    0.057830    0.320159    0.588568 v _104_/Q (sky130_fd_sc_hd__dfxtp_1)
                                                         data_edge_detector_inst.input_buffer[0] (net)
                      0.057830    0.000041    0.588609 v _066_/B (sky130_fd_sc_hd__and4b_1)
     1    0.002183    0.032595    0.168481    0.757090 v _066_/X (sky130_fd_sc_hd__and4b_1)
                                                         _001_ (net)
                      0.032595    0.000011    0.757101 v _103_/D (sky130_fd_sc_hd__dfxtp_1)
                                              0.757101   data arrival time

                                  0.000000    0.000000   clock clk (rise edge)
                                  0.000000    0.000000   clock source latency
     1    0.007894    0.043275    0.027159    0.027159 ^ clk (in)
                                                         clk (net)
                      0.043275    0.000000    0.027159 ^ clkbuf_0_clk/A (sky130_fd_sc_hd__clkbuf_16)
     2    0.015788    0.039241    0.120826    0.147985 ^ clkbuf_0_clk/X (sky130_fd_sc_hd__clkbuf_16)
                                                         clknet_0_clk (net)
                      0.039241    0.000000    0.147985 ^ clkbuf_1_1__f_clk/A (sky130_fd_sc_hd__clkbuf_16)
     9    0.016893    0.040288    0.120424    0.268409 ^ clkbuf_1_1__f_clk/X (sky130_fd_sc_hd__clkbuf_16)
                                                         clknet_1_1__leaf_clk (net)
                      0.040288    0.000000    0.268409 ^ _103_/CLK (sky130_fd_sc_hd__dfxtp_1)
                                  0.250000    0.518409   clock uncertainty
                                  0.000000    0.518409   clock reconvergence pessimism
                                 -0.049428    0.468981   library hold time
                                              0.468981   data required time
---------------------------------------------------------------------------------------------
                                              0.468981   data required time
                                             -0.757101   data arrival time
---------------------------------------------------------------------------------------------
                                              0.288120   slack (MET)


Startpoint: _102_ (rising edge-triggered flip-flop clocked by clk)
Endpoint: _106_ (rising edge-triggered flip-flop clocked by clk)
Path Group: clk
Path Type: min

Fanout         Cap        Slew       Delay        Time   Description
---------------------------------------------------------------------------------------------
                                  0.000000    0.000000   clock clk (rise edge)
                                  0.000000    0.000000   clock source latency
     1    0.007894    0.043275    0.027159    0.027159 ^ clk (in)
                                                         clk (net)
                      0.043275    0.000000    0.027159 ^ clkbuf_0_clk/A (sky130_fd_sc_hd__clkbuf_16)
     2    0.015788    0.039241    0.120826    0.147985 ^ clkbuf_0_clk/X (sky130_fd_sc_hd__clkbuf_16)
                                                         clknet_0_clk (net)
                      0.039241    0.000000    0.147985 ^ clkbuf_1_1__f_clk/A (sky130_fd_sc_hd__clkbuf_16)
     9    0.016893    0.040288    0.120424    0.268409 ^ clkbuf_1_1__f_clk/X (sky130_fd_sc_hd__clkbuf_16)
                                                         clknet_1_1__leaf_clk (net)
                      0.040288    0.000000    0.268409 ^ _102_/CLK (sky130_fd_sc_hd__dfxtp_1)
     5    0.013185    0.131374    0.365874    0.634283 ^ _102_/Q (sky130_fd_sc_hd__dfxtp_1)
                                                         net13 (net)
                      0.131374    0.000067    0.634350 ^ _073_/A2 (sky130_fd_sc_hd__o211a_1)
     1    0.002223    0.036556    0.142440    0.776790 ^ _073_/X (sky130_fd_sc_hd__o211a_1)
                                                         _008_ (net)
                      0.036556    0.000012    0.776802 ^ _106_/D (sky130_fd_sc_hd__dfxtp_1)
                                              0.776802   data arrival time

                                  0.000000    0.000000   clock clk (rise edge)
                                  0.000000    0.000000   clock source latency
     1    0.007894    0.043275    0.027159    0.027159 ^ clk (in)
                                                         clk (net)
                      0.043275    0.000000    0.027159 ^ clkbuf_0_clk/A (sky130_fd_sc_hd__clkbuf_16)
     2    0.015788    0.039241    0.120826    0.147985 ^ clkbuf_0_clk/X (sky130_fd_sc_hd__clkbuf_16)
                                                         clknet_0_clk (net)
                      0.039241    0.000000    0.147985 ^ clkbuf_1_1__f_clk/A (sky130_fd_sc_hd__clkbuf_16)
     9    0.016893    0.040288    0.120424    0.268409 ^ clkbuf_1_1__f_clk/X (sky130_fd_sc_hd__clkbuf_16)
                                                         clknet_1_1__leaf_clk (net)
                      0.040288    0.000000    0.268409 ^ _106_/CLK (sky130_fd_sc_hd__dfxtp_1)
                                  0.250000    0.518409   clock uncertainty
                                  0.000000    0.518409   clock reconvergence pessimism
                                 -0.030122    0.488287   library hold time
                                              0.488287   data required time
---------------------------------------------------------------------------------------------
                                              0.488287   data required time
                                             -0.776802   data arrival time
---------------------------------------------------------------------------------------------
                                              0.288515   slack (MET)


Startpoint: _107_ (rising edge-triggered flip-flop clocked by clk)
Endpoint: _101_ (rising edge-triggered flip-flop clocked by clk)
Path Group: clk
Path Type: min

Fanout         Cap        Slew       Delay        Time   Description
---------------------------------------------------------------------------------------------
                                  0.000000    0.000000   clock clk (rise edge)
                                  0.000000    0.000000   clock source latency
     1    0.007894    0.043275    0.027159    0.027159 ^ clk (in)
                                                         clk (net)
                      0.043275    0.000000    0.027159 ^ clkbuf_0_clk/A (sky130_fd_sc_hd__clkbuf_16)
     2    0.015788    0.039241    0.120826    0.147985 ^ clkbuf_0_clk/X (sky130_fd_sc_hd__clkbuf_16)
                                                         clknet_0_clk (net)
                      0.039241    0.000000    0.147985 ^ clkbuf_1_1__f_clk/A (sky130_fd_sc_hd__clkbuf_16)
     9    0.016893    0.040288    0.120424    0.268409 ^ clkbuf_1_1__f_clk/X (sky130_fd_sc_hd__clkbuf_16)
                                                         clknet_1_1__leaf_clk (net)
                      0.040288    0.000000    0.268409 ^ _107_/CLK (sky130_fd_sc_hd__dfxtp_1)
     3    0.011220    0.113749    0.353265    0.621674 ^ _107_/Q (sky130_fd_sc_hd__dfxtp_1)
                                                         data_edge_detector_inst.reset_counter[1] (net)
                      0.113749    0.000061    0.621735 ^ _064_/A1 (sky130_fd_sc_hd__a311o_1)
     1    0.002109    0.041269    0.157254    0.778989 ^ _064_/X (sky130_fd_sc_hd__a311o_1)
                                                         _004_ (net)
                      0.041269    0.000009    0.778998 ^ _101_/D (sky130_fd_sc_hd__dfxtp_1)
                                              0.778998   data arrival time

                                  0.000000    0.000000   clock clk (rise edge)
                                  0.000000    0.000000   clock source latency
     1    0.007894    0.043275    0.027159    0.027159 ^ clk (in)
                                                         clk (net)
                      0.043275    0.000000    0.027159 ^ clkbuf_0_clk/A (sky130_fd_sc_hd__clkbuf_16)
     2    0.015788    0.039241    0.120826    0.147985 ^ clkbuf_0_clk/X (sky130_fd_sc_hd__clkbuf_16)
                                                         clknet_0_clk (net)
                      0.039241    0.000000    0.147985 ^ clkbuf_1_1__f_clk/A (sky130_fd_sc_hd__clkbuf_16)
     9    0.016893    0.040288    0.120424    0.268409 ^ clkbuf_1_1__f_clk/X (sky130_fd_sc_hd__clkbuf_16)
                                                         clknet_1_1__leaf_clk (net)
                      0.040288    0.000000    0.268409 ^ _101_/CLK (sky130_fd_sc_hd__dfxtp_1)
                                  0.250000    0.518409   clock uncertainty
                                  0.000000    0.518409   clock reconvergence pessimism
                                 -0.031110    0.487299   library hold time
                                              0.487299   data required time
---------------------------------------------------------------------------------------------
                                              0.487299   data required time
                                             -0.778998   data arrival time
---------------------------------------------------------------------------------------------
                                              0.291699   slack (MET)


Startpoint: _113_ (rising edge-triggered flip-flop clocked by clk)
Endpoint: _113_ (rising edge-triggered flip-flop clocked by clk)
Path Group: clk
Path Type: min

Fanout         Cap        Slew       Delay        Time   Description
---------------------------------------------------------------------------------------------
                                  0.000000    0.000000   clock clk (rise edge)
                                  0.000000    0.000000   clock source latency
     1    0.007894    0.043275    0.027159    0.027159 ^ clk (in)
                                                         clk (net)
                      0.043275    0.000000    0.027159 ^ clkbuf_0_clk/A (sky130_fd_sc_hd__clkbuf_16)
     2    0.015788    0.039241    0.120826    0.147985 ^ clkbuf_0_clk/X (sky130_fd_sc_hd__clkbuf_16)
                                                         clknet_0_clk (net)
                      0.039241    0.000000    0.147985 ^ clkbuf_1_0__f_clk/A (sky130_fd_sc_hd__clkbuf_16)
     8    0.015016    0.038512    0.118619    0.266604 ^ clkbuf_1_0__f_clk/X (sky130_fd_sc_hd__clkbuf_16)
                                                         clknet_1_0__leaf_clk (net)
                      0.038512    0.000000    0.266604 ^ _113_/CLK (sky130_fd_sc_hd__dfxtp_1)
     5    0.012631    0.067053    0.327034    0.593638 v _113_/Q (sky130_fd_sc_hd__dfxtp_1)
                                                         net9 (net)
                      0.067053    0.000042    0.593680 v _093_/A (sky130_fd_sc_hd__nand3_1)
     1    0.001806    0.042622    0.064553    0.658233 ^ _093_/Y (sky130_fd_sc_hd__nand3_1)
                                                         _046_ (net)
                      0.042622    0.000005    0.658238 ^ _095_/B (sky130_fd_sc_hd__and3_1)
     1    0.001815    0.042225    0.130760    0.788998 ^ _095_/X (sky130_fd_sc_hd__and3_1)
                                                         _015_ (net)
                      0.042225    0.000003    0.789001 ^ _113_/D (sky130_fd_sc_hd__dfxtp_1)
                                              0.789001   data arrival time

                                  0.000000    0.000000   clock clk (rise edge)
                                  0.000000    0.000000   clock source latency
     1    0.007894    0.043275    0.027159    0.027159 ^ clk (in)
                                                         clk (net)
                      0.043275    0.000000    0.027159 ^ clkbuf_0_clk/A (sky130_fd_sc_hd__clkbuf_16)
     2    0.015788    0.039241    0.120826    0.147985 ^ clkbuf_0_clk/X (sky130_fd_sc_hd__clkbuf_16)
                                                         clknet_0_clk (net)
                      0.039241    0.000000    0.147985 ^ clkbuf_1_0__f_clk/A (sky130_fd_sc_hd__clkbuf_16)
     8    0.015016    0.038512    0.118619    0.266604 ^ clkbuf_1_0__f_clk/X (sky130_fd_sc_hd__clkbuf_16)
                                                         clknet_1_0__leaf_clk (net)
                      0.038512    0.000000    0.266604 ^ _113_/CLK (sky130_fd_sc_hd__dfxtp_1)
                                  0.250000    0.516604   clock uncertainty
                                  0.000000    0.516604   clock reconvergence pessimism
                                 -0.031544    0.485059   library hold time
                                              0.485059   data required time
---------------------------------------------------------------------------------------------
                                              0.485059   data required time
                                             -0.789001   data arrival time
---------------------------------------------------------------------------------------------
                                              0.303942   slack (MET)


Startpoint: _111_ (rising edge-triggered flip-flop clocked by clk)
Endpoint: _111_ (rising edge-triggered flip-flop clocked by clk)
Path Group: clk
Path Type: min

Fanout         Cap        Slew       Delay        Time   Description
---------------------------------------------------------------------------------------------
                                  0.000000    0.000000   clock clk (rise edge)
                                  0.000000    0.000000   clock source latency
     1    0.007894    0.043275    0.027159    0.027159 ^ clk (in)
                                                         clk (net)
                      0.043275    0.000000    0.027159 ^ clkbuf_0_clk/A (sky130_fd_sc_hd__clkbuf_16)
     2    0.015788    0.039241    0.120826    0.147985 ^ clkbuf_0_clk/X (sky130_fd_sc_hd__clkbuf_16)
                                                         clknet_0_clk (net)
                      0.039241    0.000000    0.147985 ^ clkbuf_1_1__f_clk/A (sky130_fd_sc_hd__clkbuf_16)
     9    0.016893    0.040288    0.120424    0.268409 ^ clkbuf_1_1__f_clk/X (sky130_fd_sc_hd__clkbuf_16)
                                                         clknet_1_1__leaf_clk (net)
                      0.040288    0.000000    0.268409 ^ _111_/CLK (sky130_fd_sc_hd__dfxtp_1)
     6    0.013342    0.070108    0.330120    0.598529 v _111_/Q (sky130_fd_sc_hd__dfxtp_1)
                                                         net7 (net)
                      0.070108    0.000100    0.598630 v _086_/A (sky130_fd_sc_hd__nand3_1)
     1    0.002012    0.044121    0.067321    0.665951 ^ _086_/Y (sky130_fd_sc_hd__nand3_1)
                                                         _041_ (net)
                      0.044121    0.000009    0.665960 ^ _088_/B (sky130_fd_sc_hd__and3_1)
     1    0.002310    0.045160    0.135623    0.801583 ^ _088_/X (sky130_fd_sc_hd__and3_1)
                                                         _013_ (net)
                      0.045160    0.000015    0.801598 ^ _111_/D (sky130_fd_sc_hd__dfxtp_1)
                                              0.801598   data arrival time

                                  0.000000    0.000000   clock clk (rise edge)
                                  0.000000    0.000000   clock source latency
     1    0.007894    0.043275    0.027159    0.027159 ^ clk (in)
                                                         clk (net)
                      0.043275    0.000000    0.027159 ^ clkbuf_0_clk/A (sky130_fd_sc_hd__clkbuf_16)
     2    0.015788    0.039241    0.120826    0.147985 ^ clkbuf_0_clk/X (sky130_fd_sc_hd__clkbuf_16)
                                                         clknet_0_clk (net)
                      0.039241    0.000000    0.147985 ^ clkbuf_1_1__f_clk/A (sky130_fd_sc_hd__clkbuf_16)
     9    0.016893    0.040288    0.120424    0.268409 ^ clkbuf_1_1__f_clk/X (sky130_fd_sc_hd__clkbuf_16)
                                                         clknet_1_1__leaf_clk (net)
                      0.040288    0.000000    0.268409 ^ _111_/CLK (sky130_fd_sc_hd__dfxtp_1)
                                  0.250000    0.518409   clock uncertainty
                                  0.000000    0.518409   clock reconvergence pessimism
                                 -0.031925    0.486484   library hold time
                                              0.486484   data required time
---------------------------------------------------------------------------------------------
                                              0.486484   data required time
                                             -0.801598   data arrival time
---------------------------------------------------------------------------------------------
                                              0.315114   slack (MET)


Startpoint: _105_ (rising edge-triggered flip-flop clocked by clk)
Endpoint: _105_ (rising edge-triggered flip-flop clocked by clk)
Path Group: clk
Path Type: min

Fanout         Cap        Slew       Delay        Time   Description
---------------------------------------------------------------------------------------------
                                  0.000000    0.000000   clock clk (rise edge)
                                  0.000000    0.000000   clock source latency
     1    0.007894    0.043275    0.027159    0.027159 ^ clk (in)
                                                         clk (net)
                      0.043275    0.000000    0.027159 ^ clkbuf_0_clk/A (sky130_fd_sc_hd__clkbuf_16)
     2    0.015788    0.039241    0.120826    0.147985 ^ clkbuf_0_clk/X (sky130_fd_sc_hd__clkbuf_16)
                                                         clknet_0_clk (net)
                      0.039241    0.000000    0.147985 ^ clkbuf_1_1__f_clk/A (sky130_fd_sc_hd__clkbuf_16)
     9    0.016893    0.040288    0.120424    0.268409 ^ clkbuf_1_1__f_clk/X (sky130_fd_sc_hd__clkbuf_16)
                                                         clknet_1_1__leaf_clk (net)
                      0.040288    0.000000    0.268409 ^ _105_/CLK (sky130_fd_sc_hd__dfxtp_1)
     3    0.006496    0.074437    0.322513    0.590922 ^ _105_/Q (sky130_fd_sc_hd__dfxtp_1)
                                                         data_edge_detector_inst.input_buffer[1] (net)
                      0.074437    0.000007    0.590929 ^ _069_/A0 (sky130_fd_sc_hd__mux2_1)
     1    0.001705    0.034158    0.115793    0.706722 ^ _069_/X (sky130_fd_sc_hd__mux2_1)
                                                         _030_ (net)
                      0.034158    0.000003    0.706725 ^ _070_/B (sky130_fd_sc_hd__and2_1)
     1    0.001889    0.039538    0.104406    0.811131 ^ _070_/X (sky130_fd_sc_hd__and2_1)
                                                         _007_ (net)
                      0.039538    0.000004    0.811135 ^ _105_/D (sky130_fd_sc_hd__dfxtp_1)
                                              0.811135   data arrival time

                                  0.000000    0.000000   clock clk (rise edge)
                                  0.000000    0.000000   clock source latency
     1    0.007894    0.043275    0.027159    0.027159 ^ clk (in)
                                                         clk (net)
                      0.043275    0.000000    0.027159 ^ clkbuf_0_clk/A (sky130_fd_sc_hd__clkbuf_16)
     2    0.015788    0.039241    0.120826    0.147985 ^ clkbuf_0_clk/X (sky130_fd_sc_hd__clkbuf_16)
                                                         clknet_0_clk (net)
                      0.039241    0.000000    0.147985 ^ clkbuf_1_1__f_clk/A (sky130_fd_sc_hd__clkbuf_16)
     9    0.016893    0.040288    0.120424    0.268409 ^ clkbuf_1_1__f_clk/X (sky130_fd_sc_hd__clkbuf_16)
                                                         clknet_1_1__leaf_clk (net)
                      0.040288    0.000000    0.268409 ^ _105_/CLK (sky130_fd_sc_hd__dfxtp_1)
                                  0.250000    0.518409   clock uncertainty
                                  0.000000    0.518409   clock reconvergence pessimism
                                 -0.030747    0.487662   library hold time
                                              0.487662   data required time
---------------------------------------------------------------------------------------------
                                              0.487662   data required time
                                             -0.811135   data arrival time
---------------------------------------------------------------------------------------------
                                              0.323473   slack (MET)


Startpoint: _110_ (rising edge-triggered flip-flop clocked by clk)
Endpoint: _110_ (rising edge-triggered flip-flop clocked by clk)
Path Group: clk
Path Type: min

Fanout         Cap        Slew       Delay        Time   Description
---------------------------------------------------------------------------------------------
                                  0.000000    0.000000   clock clk (rise edge)
                                  0.000000    0.000000   clock source latency
     1    0.007894    0.043275    0.027159    0.027159 ^ clk (in)
                                                         clk (net)
                      0.043275    0.000000    0.027159 ^ clkbuf_0_clk/A (sky130_fd_sc_hd__clkbuf_16)
     2    0.015788    0.039241    0.120826    0.147985 ^ clkbuf_0_clk/X (sky130_fd_sc_hd__clkbuf_16)
                                                         clknet_0_clk (net)
                      0.039241    0.000000    0.147985 ^ clkbuf_1_0__f_clk/A (sky130_fd_sc_hd__clkbuf_16)
     8    0.015016    0.038512    0.118619    0.266604 ^ clkbuf_1_0__f_clk/X (sky130_fd_sc_hd__clkbuf_16)
                                                         clknet_1_0__leaf_clk (net)
                      0.038512    0.000000    0.266604 ^ _110_/CLK (sky130_fd_sc_hd__dfxtp_1)
     8    0.018316    0.091556    0.346736    0.613340 v _110_/Q (sky130_fd_sc_hd__dfxtp_1)
                                                         net6 (net)
                      0.091557    0.000145    0.613485 v _083_/A (sky130_fd_sc_hd__nand2_1)
     1    0.001766    0.039250    0.064900    0.678385 ^ _083_/Y (sky130_fd_sc_hd__nand2_1)
                                                         _039_ (net)
                      0.039250    0.000004    0.678389 ^ _085_/B (sky130_fd_sc_hd__and3_1)
     1    0.002137    0.045103    0.132628    0.811017 ^ _085_/X (sky130_fd_sc_hd__and3_1)
                                                         _012_ (net)
                      0.045103    0.000010    0.811027 ^ _110_/D (sky130_fd_sc_hd__dfxtp_1)
                                              0.811027   data arrival time

                                  0.000000    0.000000   clock clk (rise edge)
                                  0.000000    0.000000   clock source latency
     1    0.007894    0.043275    0.027159    0.027159 ^ clk (in)
                                                         clk (net)
                      0.043275    0.000000    0.027159 ^ clkbuf_0_clk/A (sky130_fd_sc_hd__clkbuf_16)
     2    0.015788    0.039241    0.120826    0.147985 ^ clkbuf_0_clk/X (sky130_fd_sc_hd__clkbuf_16)
                                                         clknet_0_clk (net)
                      0.039241    0.000000    0.147985 ^ clkbuf_1_0__f_clk/A (sky130_fd_sc_hd__clkbuf_16)
     8    0.015016    0.038512    0.118619    0.266604 ^ clkbuf_1_0__f_clk/X (sky130_fd_sc_hd__clkbuf_16)
                                                         clknet_1_0__leaf_clk (net)
                      0.038512    0.000000    0.266604 ^ _110_/CLK (sky130_fd_sc_hd__dfxtp_1)
                                  0.250000    0.516604   clock uncertainty
                                  0.000000    0.516604   clock reconvergence pessimism
                                 -0.032147    0.484456   library hold time
                                              0.484456   data required time
---------------------------------------------------------------------------------------------
                                              0.484456   data required time
                                             -0.811027   data arrival time
---------------------------------------------------------------------------------------------
                                              0.326571   slack (MET)


Startpoint: _100_ (rising edge-triggered flip-flop clocked by clk)
Endpoint: _112_ (rising edge-triggered flip-flop clocked by clk)
Path Group: clk
Path Type: min

Fanout         Cap        Slew       Delay        Time   Description
---------------------------------------------------------------------------------------------
                                  0.000000    0.000000   clock clk (rise edge)
                                  0.000000    0.000000   clock source latency
     1    0.007894    0.043275    0.027159    0.027159 ^ clk (in)
                                                         clk (net)
                      0.043275    0.000000    0.027159 ^ clkbuf_0_clk/A (sky130_fd_sc_hd__clkbuf_16)
     2    0.015788    0.039241    0.120826    0.147985 ^ clkbuf_0_clk/X (sky130_fd_sc_hd__clkbuf_16)
                                                         clknet_0_clk (net)
                      0.039241    0.000000    0.147985 ^ clkbuf_1_0__f_clk/A (sky130_fd_sc_hd__clkbuf_16)
     8    0.015016    0.038512    0.118619    0.266604 ^ clkbuf_1_0__f_clk/X (sky130_fd_sc_hd__clkbuf_16)
                                                         clknet_1_0__leaf_clk (net)
                      0.038512    0.000000    0.266604 ^ _100_/CLK (sky130_fd_sc_hd__dfxtp_1)
     2    0.005346    0.064309    0.314268    0.580872 ^ _100_/Q (sky130_fd_sc_hd__dfxtp_1)
                                                         controller_inst.clear (net)
                      0.064309    0.000008    0.580880 ^ _076_/A (sky130_fd_sc_hd__nor2_1)
     5    0.011597    0.060614    0.076457    0.657337 v _076_/Y (sky130_fd_sc_hd__nor2_1)
                                                         _034_ (net)
                      0.060614    0.000055    0.657392 v _092_/A (sky130_fd_sc_hd__and3_1)
     1    0.001972    0.030531    0.139956    0.797347 v _092_/X (sky130_fd_sc_hd__and3_1)
                                                         _014_ (net)
                      0.030531    0.000006    0.797353 v _112_/D (sky130_fd_sc_hd__dfxtp_1)
                                              0.797353   data arrival time

                                  0.000000    0.000000   clock clk (rise edge)
                                  0.000000    0.000000   clock source latency
     1    0.007894    0.043275    0.027159    0.027159 ^ clk (in)
                                                         clk (net)
                      0.043275    0.000000    0.027159 ^ clkbuf_0_clk/A (sky130_fd_sc_hd__clkbuf_16)
     2    0.015788    0.039241    0.120826    0.147985 ^ clkbuf_0_clk/X (sky130_fd_sc_hd__clkbuf_16)
                                                         clknet_0_clk (net)
                      0.039241    0.000000    0.147985 ^ clkbuf_1_1__f_clk/A (sky130_fd_sc_hd__clkbuf_16)
     9    0.016893    0.040288    0.120424    0.268409 ^ clkbuf_1_1__f_clk/X (sky130_fd_sc_hd__clkbuf_16)
                                                         clknet_1_1__leaf_clk (net)
                      0.040288    0.000000    0.268409 ^ _112_/CLK (sky130_fd_sc_hd__dfxtp_1)
                                  0.250000    0.518409   clock uncertainty
                                  0.000000    0.518409   clock reconvergence pessimism
                                 -0.048567    0.469842   library hold time
                                              0.469842   data required time
---------------------------------------------------------------------------------------------
                                              0.469842   data required time
                                             -0.797353   data arrival time
---------------------------------------------------------------------------------------------
                                              0.327511   slack (MET)


Startpoint: _114_ (rising edge-triggered flip-flop clocked by clk)
Endpoint: _114_ (rising edge-triggered flip-flop clocked by clk)
Path Group: clk
Path Type: min

Fanout         Cap        Slew       Delay        Time   Description
---------------------------------------------------------------------------------------------
                                  0.000000    0.000000   clock clk (rise edge)
                                  0.000000    0.000000   clock source latency
     1    0.007894    0.043275    0.027159    0.027159 ^ clk (in)
                                                         clk (net)
                      0.043275    0.000000    0.027159 ^ clkbuf_0_clk/A (sky130_fd_sc_hd__clkbuf_16)
     2    0.015788    0.039241    0.120826    0.147985 ^ clkbuf_0_clk/X (sky130_fd_sc_hd__clkbuf_16)
                                                         clknet_0_clk (net)
                      0.039241    0.000000    0.147985 ^ clkbuf_1_0__f_clk/A (sky130_fd_sc_hd__clkbuf_16)
     8    0.015016    0.038512    0.118619    0.266604 ^ clkbuf_1_0__f_clk/X (sky130_fd_sc_hd__clkbuf_16)
                                                         clknet_1_0__leaf_clk (net)
                      0.038512    0.000000    0.266604 ^ _114_/CLK (sky130_fd_sc_hd__dfxtp_1)
     3    0.007900    0.084468    0.331096    0.597700 ^ _114_/Q (sky130_fd_sc_hd__dfxtp_1)
                                                         net10 (net)
                      0.084468    0.000053    0.597752 ^ _096_/B1 (sky130_fd_sc_hd__a31o_1)
     1    0.002616    0.040791    0.097843    0.695596 ^ _096_/X (sky130_fd_sc_hd__a31o_1)
                                                         _048_ (net)
                      0.040791    0.000006    0.695602 ^ _097_/B1 (sky130_fd_sc_hd__o211a_1)
     1    0.001814    0.034314    0.126613    0.822215 ^ _097_/X (sky130_fd_sc_hd__o211a_1)
                                                         _016_ (net)
                      0.034314    0.000003    0.822218 ^ _114_/D (sky130_fd_sc_hd__dfxtp_1)
                                              0.822218   data arrival time

                                  0.000000    0.000000   clock clk (rise edge)
                                  0.000000    0.000000   clock source latency
     1    0.007894    0.043275    0.027159    0.027159 ^ clk (in)
                                                         clk (net)
                      0.043275    0.000000    0.027159 ^ clkbuf_0_clk/A (sky130_fd_sc_hd__clkbuf_16)
     2    0.015788    0.039241    0.120826    0.147985 ^ clkbuf_0_clk/X (sky130_fd_sc_hd__clkbuf_16)
                                                         clknet_0_clk (net)
                      0.039241    0.000000    0.147985 ^ clkbuf_1_0__f_clk/A (sky130_fd_sc_hd__clkbuf_16)
     8    0.015016    0.038512    0.118619    0.266604 ^ clkbuf_1_0__f_clk/X (sky130_fd_sc_hd__clkbuf_16)
                                                         clknet_1_0__leaf_clk (net)
                      0.038512    0.000000    0.266604 ^ _114_/CLK (sky130_fd_sc_hd__dfxtp_1)
                                  0.250000    0.516604   clock uncertainty
                                  0.000000    0.516604   clock reconvergence pessimism
                                 -0.029886    0.486718   library hold time
                                              0.486718   data required time
---------------------------------------------------------------------------------------------
                                              0.486718   data required time
                                             -0.822218   data arrival time
---------------------------------------------------------------------------------------------
                                              0.335500   slack (MET)


Startpoint: _100_ (rising edge-triggered flip-flop clocked by clk)
Endpoint: _109_ (rising edge-triggered flip-flop clocked by clk)
Path Group: clk
Path Type: min

Fanout         Cap        Slew       Delay        Time   Description
---------------------------------------------------------------------------------------------
                                  0.000000    0.000000   clock clk (rise edge)
                                  0.000000    0.000000   clock source latency
     1    0.007894    0.043275    0.027159    0.027159 ^ clk (in)
                                                         clk (net)
                      0.043275    0.000000    0.027159 ^ clkbuf_0_clk/A (sky130_fd_sc_hd__clkbuf_16)
     2    0.015788    0.039241    0.120826    0.147985 ^ clkbuf_0_clk/X (sky130_fd_sc_hd__clkbuf_16)
                                                         clknet_0_clk (net)
                      0.039241    0.000000    0.147985 ^ clkbuf_1_0__f_clk/A (sky130_fd_sc_hd__clkbuf_16)
     8    0.015016    0.038512    0.118619    0.266604 ^ clkbuf_1_0__f_clk/X (sky130_fd_sc_hd__clkbuf_16)
                                                         clknet_1_0__leaf_clk (net)
                      0.038512    0.000000    0.266604 ^ _100_/CLK (sky130_fd_sc_hd__dfxtp_1)
     2    0.005346    0.064309    0.314268    0.580872 ^ _100_/Q (sky130_fd_sc_hd__dfxtp_1)
                                                         controller_inst.clear (net)
                      0.064309    0.000008    0.580880 ^ _076_/A (sky130_fd_sc_hd__nor2_1)
     5    0.011597    0.060614    0.076457    0.657337 v _076_/Y (sky130_fd_sc_hd__nor2_1)
                                                         _034_ (net)
                      0.060614    0.000069    0.657406 v _081_/B (sky130_fd_sc_hd__and3b_1)
     1    0.002235    0.030773    0.159789    0.817195 v _081_/X (sky130_fd_sc_hd__and3b_1)
                                                         _011_ (net)
                      0.030773    0.000012    0.817207 v _109_/D (sky130_fd_sc_hd__dfxtp_1)
                                              0.817207   data arrival time

                                  0.000000    0.000000   clock clk (rise edge)
                                  0.000000    0.000000   clock source latency
     1    0.007894    0.043275    0.027159    0.027159 ^ clk (in)
                                                         clk (net)
                      0.043275    0.000000    0.027159 ^ clkbuf_0_clk/A (sky130_fd_sc_hd__clkbuf_16)
     2    0.015788    0.039241    0.120826    0.147985 ^ clkbuf_0_clk/X (sky130_fd_sc_hd__clkbuf_16)
                                                         clknet_0_clk (net)
                      0.039241    0.000000    0.147985 ^ clkbuf_1_0__f_clk/A (sky130_fd_sc_hd__clkbuf_16)
     8    0.015016    0.038512    0.118619    0.266604 ^ clkbuf_1_0__f_clk/X (sky130_fd_sc_hd__clkbuf_16)
                                                         clknet_1_0__leaf_clk (net)
                      0.038512    0.000000    0.266604 ^ _109_/CLK (sky130_fd_sc_hd__dfxtp_1)
                                  0.250000    0.516604   clock uncertainty
                                  0.000000    0.516604   clock reconvergence pessimism
                                 -0.049068    0.467535   library hold time
                                              0.467535   data required time
---------------------------------------------------------------------------------------------
                                              0.467535   data required time
                                             -0.817207   data arrival time
---------------------------------------------------------------------------------------------
                                              0.349672   slack (MET)


Startpoint: _104_ (rising edge-triggered flip-flop clocked by clk)
Endpoint: _104_ (rising edge-triggered flip-flop clocked by clk)
Path Group: clk
Path Type: min

Fanout         Cap        Slew       Delay        Time   Description
---------------------------------------------------------------------------------------------
                                  0.000000    0.000000   clock clk (rise edge)
                                  0.000000    0.000000   clock source latency
     1    0.007894    0.043275    0.027159    0.027159 ^ clk (in)
                                                         clk (net)
                      0.043275    0.000000    0.027159 ^ clkbuf_0_clk/A (sky130_fd_sc_hd__clkbuf_16)
     2    0.015788    0.039241    0.120826    0.147985 ^ clkbuf_0_clk/X (sky130_fd_sc_hd__clkbuf_16)
                                                         clknet_0_clk (net)
                      0.039241    0.000000    0.147985 ^ clkbuf_1_1__f_clk/A (sky130_fd_sc_hd__clkbuf_16)
     9    0.016893    0.040288    0.120424    0.268409 ^ clkbuf_1_1__f_clk/X (sky130_fd_sc_hd__clkbuf_16)
                                                         clknet_1_1__leaf_clk (net)
                      0.040288    0.000000    0.268409 ^ _104_/CLK (sky130_fd_sc_hd__dfxtp_1)
     4    0.011156    0.113166    0.352868    0.621278 ^ _104_/Q (sky130_fd_sc_hd__dfxtp_1)
                                                         data_edge_detector_inst.input_buffer[0] (net)
                      0.113166    0.000053    0.621331 ^ _067_/A0 (sky130_fd_sc_hd__mux2_1)
     1    0.001785    0.034785    0.129764    0.751095 ^ _067_/X (sky130_fd_sc_hd__mux2_1)
                                                         _029_ (net)
                      0.034785    0.000004    0.751100 ^ _068_/B (sky130_fd_sc_hd__and2_1)
     1    0.001929    0.039887    0.104901    0.856001 ^ _068_/X (sky130_fd_sc_hd__and2_1)
                                                         _006_ (net)
                      0.039887    0.000005    0.856006 ^ _104_/D (sky130_fd_sc_hd__dfxtp_1)
                                              0.856006   data arrival time

                                  0.000000    0.000000   clock clk (rise edge)
                                  0.000000    0.000000   clock source latency
     1    0.007894    0.043275    0.027159    0.027159 ^ clk (in)
                                                         clk (net)
                      0.043275    0.000000    0.027159 ^ clkbuf_0_clk/A (sky130_fd_sc_hd__clkbuf_16)
     2    0.015788    0.039241    0.120826    0.147985 ^ clkbuf_0_clk/X (sky130_fd_sc_hd__clkbuf_16)
                                                         clknet_0_clk (net)
                      0.039241    0.000000    0.147985 ^ clkbuf_1_1__f_clk/A (sky130_fd_sc_hd__clkbuf_16)
     9    0.016893    0.040288    0.120424    0.268409 ^ clkbuf_1_1__f_clk/X (sky130_fd_sc_hd__clkbuf_16)
                                                         clknet_1_1__leaf_clk (net)
                      0.040288    0.000000    0.268409 ^ _104_/CLK (sky130_fd_sc_hd__dfxtp_1)
                                  0.250000    0.518409   clock uncertainty
                                  0.000000    0.518409   clock reconvergence pessimism
                                 -0.030820    0.487589   library hold time
                                              0.487589   data required time
---------------------------------------------------------------------------------------------
                                              0.487589   data required time
                                             -0.856006   data arrival time
---------------------------------------------------------------------------------------------
                                              0.368417   slack (MET)


Startpoint: _098_ (rising edge-triggered flip-flop clocked by clk)
Endpoint: ready (output port clocked by clk)
Path Group: clk
Path Type: min

Fanout         Cap        Slew       Delay        Time   Description
---------------------------------------------------------------------------------------------
                                  0.000000    0.000000   clock clk (rise edge)
                                  0.000000    0.000000   clock source latency
     1    0.007894    0.043275    0.027159    0.027159 ^ clk (in)
                                                         clk (net)
                      0.043275    0.000000    0.027159 ^ clkbuf_0_clk/A (sky130_fd_sc_hd__clkbuf_16)
     2    0.015788    0.039241    0.120826    0.147985 ^ clkbuf_0_clk/X (sky130_fd_sc_hd__clkbuf_16)
                                                         clknet_0_clk (net)
                      0.039241    0.000000    0.147985 ^ clkbuf_1_0__f_clk/A (sky130_fd_sc_hd__clkbuf_16)
     8    0.015016    0.038512    0.118619    0.266604 ^ clkbuf_1_0__f_clk/X (sky130_fd_sc_hd__clkbuf_16)
                                                         clknet_1_0__leaf_clk (net)
                      0.038512    0.000000    0.266604 ^ _098_/CLK (sky130_fd_sc_hd__dfxtp_1)
     3    0.006218    0.040719    0.303072    0.569676 v _098_/Q (sky130_fd_sc_hd__dfxtp_1)
                                                         net11 (net)
                      0.040719    0.000034    0.569710 v output11/A (sky130_fd_sc_hd__buf_2)
     1    0.034209    0.089272    0.178435    0.748146 v output11/X (sky130_fd_sc_hd__buf_2)
                                                         ready (net)
                      0.089274    0.000297    0.748443 v ready (out)
                                              0.748443   data arrival time

                                  0.000000    0.000000   clock clk (rise edge)
                                  0.000000    0.000000   clock network delay (propagated)
                                  0.250000    0.250000   clock uncertainty
                                  0.000000    0.250000   clock reconvergence pessimism
                                 -5.000000   -4.750000   output external delay
                                             -4.750000   data required time
---------------------------------------------------------------------------------------------
                                             -4.750000   data required time
                                             -0.748443   data arrival time
---------------------------------------------------------------------------------------------
                                              5.498443   slack (MET)


Startpoint: _114_ (rising edge-triggered flip-flop clocked by clk)
Endpoint: count_out[6] (output port clocked by clk)
Path Group: clk
Path Type: min

Fanout         Cap        Slew       Delay        Time   Description
---------------------------------------------------------------------------------------------
                                  0.000000    0.000000   clock clk (rise edge)
                                  0.000000    0.000000   clock source latency
     1    0.007894    0.043275    0.027159    0.027159 ^ clk (in)
                                                         clk (net)
                      0.043275    0.000000    0.027159 ^ clkbuf_0_clk/A (sky130_fd_sc_hd__clkbuf_16)
     2    0.015788    0.039241    0.120826    0.147985 ^ clkbuf_0_clk/X (sky130_fd_sc_hd__clkbuf_16)
                                                         clknet_0_clk (net)
                      0.039241    0.000000    0.147985 ^ clkbuf_1_0__f_clk/A (sky130_fd_sc_hd__clkbuf_16)
     8    0.015016    0.038512    0.118619    0.266604 ^ clkbuf_1_0__f_clk/X (sky130_fd_sc_hd__clkbuf_16)
                                                         clknet_1_0__leaf_clk (net)
                      0.038512    0.000000    0.266604 ^ _114_/CLK (sky130_fd_sc_hd__dfxtp_1)
     3    0.007281    0.045277    0.307399    0.574002 v _114_/Q (sky130_fd_sc_hd__dfxtp_1)
                                                         net10 (net)
                      0.045277    0.000029    0.574031 v output10/A (sky130_fd_sc_hd__buf_2)
     1    0.034363    0.089597    0.180638    0.754669 v output10/X (sky130_fd_sc_hd__buf_2)
                                                         count_out[6] (net)
                      0.089599    0.000358    0.755027 v count_out[6] (out)
                                              0.755027   data arrival time

                                  0.000000    0.000000   clock clk (rise edge)
                                  0.000000    0.000000   clock network delay (propagated)
                                  0.250000    0.250000   clock uncertainty
                                  0.000000    0.250000   clock reconvergence pessimism
                                 -5.000000   -4.750000   output external delay
                                             -4.750000   data required time
---------------------------------------------------------------------------------------------
                                             -4.750000   data required time
                                             -0.755027   data arrival time
---------------------------------------------------------------------------------------------
                                              5.505027   slack (MET)


Startpoint: _112_ (rising edge-triggered flip-flop clocked by clk)
Endpoint: count_out[4] (output port clocked by clk)
Path Group: clk
Path Type: min

Fanout         Cap        Slew       Delay        Time   Description
---------------------------------------------------------------------------------------------
                                  0.000000    0.000000   clock clk (rise edge)
                                  0.000000    0.000000   clock source latency
     1    0.007894    0.043275    0.027159    0.027159 ^ clk (in)
                                                         clk (net)
                      0.043275    0.000000    0.027159 ^ clkbuf_0_clk/A (sky130_fd_sc_hd__clkbuf_16)
     2    0.015788    0.039241    0.120826    0.147985 ^ clkbuf_0_clk/X (sky130_fd_sc_hd__clkbuf_16)
                                                         clknet_0_clk (net)
                      0.039241    0.000000    0.147985 ^ clkbuf_1_1__f_clk/A (sky130_fd_sc_hd__clkbuf_16)
     9    0.016893    0.040288    0.120424    0.268409 ^ clkbuf_1_1__f_clk/X (sky130_fd_sc_hd__clkbuf_16)
                                                         clknet_1_1__leaf_clk (net)
                      0.040288    0.000000    0.268409 ^ _112_/CLK (sky130_fd_sc_hd__dfxtp_1)
     4    0.008501    0.050018    0.312987    0.581396 v _112_/Q (sky130_fd_sc_hd__dfxtp_1)
                                                         net8 (net)
                      0.050018    0.000050    0.581446 v output8/A (sky130_fd_sc_hd__buf_2)
     1    0.033954    0.088613    0.182046    0.763491 v output8/X (sky130_fd_sc_hd__buf_2)
                                                         count_out[4] (net)
                      0.088614    0.000198    0.763689 v count_out[4] (out)
                                              0.763689   data arrival time

                                  0.000000    0.000000   clock clk (rise edge)
                                  0.000000    0.000000   clock network delay (propagated)
                                  0.250000    0.250000   clock uncertainty
                                  0.000000    0.250000   clock reconvergence pessimism
                                 -5.000000   -4.750000   output external delay
                                             -4.750000   data required time
---------------------------------------------------------------------------------------------
                                             -4.750000   data required time
                                             -0.763689   data arrival time
---------------------------------------------------------------------------------------------
                                              5.513689   slack (MET)


Startpoint: _109_ (rising edge-triggered flip-flop clocked by clk)
Endpoint: count_out[1] (output port clocked by clk)
Path Group: clk
Path Type: min

Fanout         Cap        Slew       Delay        Time   Description
---------------------------------------------------------------------------------------------
                                  0.000000    0.000000   clock clk (rise edge)
                                  0.000000    0.000000   clock source latency
     1    0.007894    0.043275    0.027159    0.027159 ^ clk (in)
                                                         clk (net)
                      0.043275    0.000000    0.027159 ^ clkbuf_0_clk/A (sky130_fd_sc_hd__clkbuf_16)
     2    0.015788    0.039241    0.120826    0.147985 ^ clkbuf_0_clk/X (sky130_fd_sc_hd__clkbuf_16)
                                                         clknet_0_clk (net)
                      0.039241    0.000000    0.147985 ^ clkbuf_1_0__f_clk/A (sky130_fd_sc_hd__clkbuf_16)
     8    0.015016    0.038512    0.118619    0.266604 ^ clkbuf_1_0__f_clk/X (sky130_fd_sc_hd__clkbuf_16)
                                                         clknet_1_0__leaf_clk (net)
                      0.038512    0.000000    0.266604 ^ _109_/CLK (sky130_fd_sc_hd__dfxtp_1)
     4    0.009191    0.052454    0.315065    0.581669 v _109_/Q (sky130_fd_sc_hd__dfxtp_1)
                                                         net5 (net)
                      0.052454    0.000028    0.581696 v output5/A (sky130_fd_sc_hd__buf_2)
     1    0.034299    0.089397    0.183630    0.765326 v output5/X (sky130_fd_sc_hd__buf_2)
                                                         count_out[1] (net)
                      0.089399    0.000333    0.765659 v count_out[1] (out)
                                              0.765659   data arrival time

                                  0.000000    0.000000   clock clk (rise edge)
                                  0.000000    0.000000   clock network delay (propagated)
                                  0.250000    0.250000   clock uncertainty
                                  0.000000    0.250000   clock reconvergence pessimism
                                 -5.000000   -4.750000   output external delay
                                             -4.750000   data required time
---------------------------------------------------------------------------------------------
                                             -4.750000   data required time
                                             -0.765659   data arrival time
---------------------------------------------------------------------------------------------
                                              5.515659   slack (MET)


Startpoint: _113_ (rising edge-triggered flip-flop clocked by clk)
Endpoint: count_out[5] (output port clocked by clk)
Path Group: clk
Path Type: min

Fanout         Cap        Slew       Delay        Time   Description
---------------------------------------------------------------------------------------------
                                  0.000000    0.000000   clock clk (rise edge)
                                  0.000000    0.000000   clock source latency
     1    0.007894    0.043275    0.027159    0.027159 ^ clk (in)
                                                         clk (net)
                      0.043275    0.000000    0.027159 ^ clkbuf_0_clk/A (sky130_fd_sc_hd__clkbuf_16)
     2    0.015788    0.039241    0.120826    0.147985 ^ clkbuf_0_clk/X (sky130_fd_sc_hd__clkbuf_16)
                                                         clknet_0_clk (net)
                      0.039241    0.000000    0.147985 ^ clkbuf_1_0__f_clk/A (sky130_fd_sc_hd__clkbuf_16)
     8    0.015016    0.038512    0.118619    0.266604 ^ clkbuf_1_0__f_clk/X (sky130_fd_sc_hd__clkbuf_16)
                                                         clknet_1_0__leaf_clk (net)
                      0.038512    0.000000    0.266604 ^ _113_/CLK (sky130_fd_sc_hd__dfxtp_1)
     5    0.012631    0.067053    0.327034    0.593638 v _113_/Q (sky130_fd_sc_hd__dfxtp_1)
                                                         net9 (net)
                      0.067053    0.000016    0.593653 v output9/A (sky130_fd_sc_hd__buf_2)
     1    0.033901    0.088482    0.189638    0.783291 v output9/X (sky130_fd_sc_hd__buf_2)
                                                         count_out[5] (net)
                      0.088482    0.000177    0.783468 v count_out[5] (out)
                                              0.783468   data arrival time

                                  0.000000    0.000000   clock clk (rise edge)
                                  0.000000    0.000000   clock network delay (propagated)
                                  0.250000    0.250000   clock uncertainty
                                  0.000000    0.250000   clock reconvergence pessimism
                                 -5.000000   -4.750000   output external delay
                                             -4.750000   data required time
---------------------------------------------------------------------------------------------
                                             -4.750000   data required time
                                             -0.783468   data arrival time
---------------------------------------------------------------------------------------------
                                              5.533469   slack (MET)


Startpoint: _102_ (rising edge-triggered flip-flop clocked by clk)
Endpoint: temp_reset (output port clocked by clk)
Path Group: clk
Path Type: min

Fanout         Cap        Slew       Delay        Time   Description
---------------------------------------------------------------------------------------------
                                  0.000000    0.000000   clock clk (rise edge)
                                  0.000000    0.000000   clock source latency
     1    0.007894    0.043275    0.027159    0.027159 ^ clk (in)
                                                         clk (net)
                      0.043275    0.000000    0.027159 ^ clkbuf_0_clk/A (sky130_fd_sc_hd__clkbuf_16)
     2    0.015788    0.039241    0.120826    0.147985 ^ clkbuf_0_clk/X (sky130_fd_sc_hd__clkbuf_16)
                                                         clknet_0_clk (net)
                      0.039241    0.000000    0.147985 ^ clkbuf_1_1__f_clk/A (sky130_fd_sc_hd__clkbuf_16)
     9    0.016893    0.040288    0.120424    0.268409 ^ clkbuf_1_1__f_clk/X (sky130_fd_sc_hd__clkbuf_16)
                                                         clknet_1_1__leaf_clk (net)
                      0.040288    0.000000    0.268409 ^ _102_/CLK (sky130_fd_sc_hd__dfxtp_1)
     5    0.012051    0.064585    0.325643    0.594052 v _102_/Q (sky130_fd_sc_hd__dfxtp_1)
                                                         net13 (net)
                      0.064585    0.000087    0.594139 v output13/A (sky130_fd_sc_hd__clkbuf_4)
     1    0.034674    0.080247    0.192048    0.786187 v output13/X (sky130_fd_sc_hd__clkbuf_4)
                                                         temp_reset (net)
                      0.080252    0.000481    0.786667 v temp_reset (out)
                                              0.786667   data arrival time

                                  0.000000    0.000000   clock clk (rise edge)
                                  0.000000    0.000000   clock network delay (propagated)
                                  0.250000    0.250000   clock uncertainty
                                  0.000000    0.250000   clock reconvergence pessimism
                                 -5.000000   -4.750000   output external delay
                                             -4.750000   data required time
---------------------------------------------------------------------------------------------
                                             -4.750000   data required time
                                             -0.786667   data arrival time
---------------------------------------------------------------------------------------------
                                              5.536667   slack (MET)


Startpoint: _108_ (rising edge-triggered flip-flop clocked by clk)
Endpoint: count_out[0] (output port clocked by clk)
Path Group: clk
Path Type: min

Fanout         Cap        Slew       Delay        Time   Description
---------------------------------------------------------------------------------------------
                                  0.000000    0.000000   clock clk (rise edge)
                                  0.000000    0.000000   clock source latency
     1    0.007894    0.043275    0.027159    0.027159 ^ clk (in)
                                                         clk (net)
                      0.043275    0.000000    0.027159 ^ clkbuf_0_clk/A (sky130_fd_sc_hd__clkbuf_16)
     2    0.015788    0.039241    0.120826    0.147985 ^ clkbuf_0_clk/X (sky130_fd_sc_hd__clkbuf_16)
                                                         clknet_0_clk (net)
                      0.039241    0.000000    0.147985 ^ clkbuf_1_0__f_clk/A (sky130_fd_sc_hd__clkbuf_16)
     8    0.015016    0.038512    0.118619    0.266604 ^ clkbuf_1_0__f_clk/X (sky130_fd_sc_hd__clkbuf_16)
                                                         clknet_1_0__leaf_clk (net)
                      0.038512    0.000000    0.266604 ^ _108_/CLK (sky130_fd_sc_hd__dfxtp_1)
     5    0.013645    0.071430    0.330575    0.597179 v _108_/Q (sky130_fd_sc_hd__dfxtp_1)
                                                         net4 (net)
                      0.071430    0.000030    0.597209 v output4/A (sky130_fd_sc_hd__buf_2)
     1    0.034299    0.089411    0.192246    0.789456 v output4/X (sky130_fd_sc_hd__buf_2)
                                                         count_out[0] (net)
                      0.089413    0.000333    0.789788 v count_out[0] (out)
                                              0.789788   data arrival time

                                  0.000000    0.000000   clock clk (rise edge)
                                  0.000000    0.000000   clock network delay (propagated)
                                  0.250000    0.250000   clock uncertainty
                                  0.000000    0.250000   clock reconvergence pessimism
                                 -5.000000   -4.750000   output external delay
                                             -4.750000   data required time
---------------------------------------------------------------------------------------------
                                             -4.750000   data required time
                                             -0.789788   data arrival time
---------------------------------------------------------------------------------------------
                                              5.539788   slack (MET)


Startpoint: _111_ (rising edge-triggered flip-flop clocked by clk)
Endpoint: count_out[3] (output port clocked by clk)
Path Group: clk
Path Type: min

Fanout         Cap        Slew       Delay        Time   Description
---------------------------------------------------------------------------------------------
                                  0.000000    0.000000   clock clk (rise edge)
                                  0.000000    0.000000   clock source latency
     1    0.007894    0.043275    0.027159    0.027159 ^ clk (in)
                                                         clk (net)
                      0.043275    0.000000    0.027159 ^ clkbuf_0_clk/A (sky130_fd_sc_hd__clkbuf_16)
     2    0.015788    0.039241    0.120826    0.147985 ^ clkbuf_0_clk/X (sky130_fd_sc_hd__clkbuf_16)
                                                         clknet_0_clk (net)
                      0.039241    0.000000    0.147985 ^ clkbuf_1_1__f_clk/A (sky130_fd_sc_hd__clkbuf_16)
     9    0.016893    0.040288    0.120424    0.268409 ^ clkbuf_1_1__f_clk/X (sky130_fd_sc_hd__clkbuf_16)
                                                         clknet_1_1__leaf_clk (net)
                      0.040288    0.000000    0.268409 ^ _111_/CLK (sky130_fd_sc_hd__dfxtp_1)
     6    0.013342    0.070108    0.330120    0.598529 v _111_/Q (sky130_fd_sc_hd__dfxtp_1)
                                                         net7 (net)
                      0.070108    0.000045    0.598574 v output7/A (sky130_fd_sc_hd__buf_2)
     1    0.033919    0.088525    0.191054    0.789628 v output7/X (sky130_fd_sc_hd__buf_2)
                                                         count_out[3] (net)
                      0.088525    0.000184    0.789812 v count_out[3] (out)
                                              0.789812   data arrival time

                                  0.000000    0.000000   clock clk (rise edge)
                                  0.000000    0.000000   clock network delay (propagated)
                                  0.250000    0.250000   clock uncertainty
                                  0.000000    0.250000   clock reconvergence pessimism
                                 -5.000000   -4.750000   output external delay
                                             -4.750000   data required time
---------------------------------------------------------------------------------------------
                                             -4.750000   data required time
                                             -0.789812   data arrival time
---------------------------------------------------------------------------------------------
                                              5.539812   slack (MET)


Startpoint: _099_ (rising edge-triggered flip-flop clocked by clk)
Endpoint: running (output port clocked by clk)
Path Group: clk
Path Type: min

Fanout         Cap        Slew       Delay        Time   Description
---------------------------------------------------------------------------------------------
                                  0.000000    0.000000   clock clk (rise edge)
                                  0.000000    0.000000   clock source latency
     1    0.007894    0.043275    0.027159    0.027159 ^ clk (in)
                                                         clk (net)
                      0.043275    0.000000    0.027159 ^ clkbuf_0_clk/A (sky130_fd_sc_hd__clkbuf_16)
     2    0.015788    0.039241    0.120826    0.147985 ^ clkbuf_0_clk/X (sky130_fd_sc_hd__clkbuf_16)
                                                         clknet_0_clk (net)
                      0.039241    0.000000    0.147985 ^ clkbuf_1_0__f_clk/A (sky130_fd_sc_hd__clkbuf_16)
     8    0.015016    0.038512    0.118619    0.266604 ^ clkbuf_1_0__f_clk/X (sky130_fd_sc_hd__clkbuf_16)
                                                         clknet_1_0__leaf_clk (net)
                      0.038512    0.000000    0.266604 ^ _099_/CLK (sky130_fd_sc_hd__dfxtp_1)
     6    0.015785    0.080650    0.337939    0.604543 v _099_/Q (sky130_fd_sc_hd__dfxtp_1)
                                                         net12 (net)
                      0.080650    0.000099    0.604641 v output12/A (sky130_fd_sc_hd__buf_2)
     1    0.034406    0.089671    0.196608    0.801250 v output12/X (sky130_fd_sc_hd__buf_2)
                                                         running (net)
                      0.089673    0.000375    0.801624 v running (out)
                                              0.801624   data arrival time

                                  0.000000    0.000000   clock clk (rise edge)
                                  0.000000    0.000000   clock network delay (propagated)
                                  0.250000    0.250000   clock uncertainty
                                  0.000000    0.250000   clock reconvergence pessimism
                                 -5.000000   -4.750000   output external delay
                                             -4.750000   data required time
---------------------------------------------------------------------------------------------
                                             -4.750000   data required time
                                             -0.801624   data arrival time
---------------------------------------------------------------------------------------------
                                              5.551624   slack (MET)


Startpoint: _110_ (rising edge-triggered flip-flop clocked by clk)
Endpoint: count_out[2] (output port clocked by clk)
Path Group: clk
Path Type: min

Fanout         Cap        Slew       Delay        Time   Description
---------------------------------------------------------------------------------------------
                                  0.000000    0.000000   clock clk (rise edge)
                                  0.000000    0.000000   clock source latency
     1    0.007894    0.043275    0.027159    0.027159 ^ clk (in)
                                                         clk (net)
                      0.043275    0.000000    0.027159 ^ clkbuf_0_clk/A (sky130_fd_sc_hd__clkbuf_16)
     2    0.015788    0.039241    0.120826    0.147985 ^ clkbuf_0_clk/X (sky130_fd_sc_hd__clkbuf_16)
                                                         clknet_0_clk (net)
                      0.039241    0.000000    0.147985 ^ clkbuf_1_0__f_clk/A (sky130_fd_sc_hd__clkbuf_16)
     8    0.015016    0.038512    0.118619    0.266604 ^ clkbuf_1_0__f_clk/X (sky130_fd_sc_hd__clkbuf_16)
                                                         clknet_1_0__leaf_clk (net)
                      0.038512    0.000000    0.266604 ^ _110_/CLK (sky130_fd_sc_hd__dfxtp_1)
     8    0.018316    0.091556    0.346736    0.613340 v _110_/Q (sky130_fd_sc_hd__dfxtp_1)
                                                         net6 (net)
                      0.091556    0.000042    0.613382 v output6/A (sky130_fd_sc_hd__buf_2)
     1    0.034272    0.089371    0.201361    0.814743 v output6/X (sky130_fd_sc_hd__buf_2)
                                                         count_out[2] (net)
                      0.089372    0.000322    0.815065 v count_out[2] (out)
                                              0.815065   data arrival time

                                  0.000000    0.000000   clock clk (rise edge)
                                  0.000000    0.000000   clock network delay (propagated)
                                  0.250000    0.250000   clock uncertainty
                                  0.000000    0.250000   clock reconvergence pessimism
                                 -5.000000   -4.750000   output external delay
                                             -4.750000   data required time
---------------------------------------------------------------------------------------------
                                             -4.750000   data required time
                                             -0.815065   data arrival time
---------------------------------------------------------------------------------------------
                                              5.565065   slack (MET)



