
===========================================================================
report_checks -path_delay max (Setup)
============================================================================
======================= min_ss_100C_1v60 Corner ===================================

Startpoint: _110_ (rising edge-triggered flip-flop clocked by clk)
Endpoint: count_out[2] (output port clocked by clk)
Path Group: clk
Path Type: max

Fanout         Cap        Slew       Delay        Time   Description
---------------------------------------------------------------------------------------------
                                  0.000000    0.000000   clock clk (rise edge)
                                  0.000000    0.000000   clock source latency
     1    0.010540    0.084799    0.055081    0.055081 ^ clk (in)
                                                         clk (net)
                      0.084799    0.000000    0.055081 ^ clkbuf_0_clk/A (sky130_fd_sc_hd__clkbuf_16)
     2    0.018617    0.065703    0.226357    0.281437 ^ clkbuf_0_clk/X (sky130_fd_sc_hd__clkbuf_16)
                                                         clknet_0_clk (net)
                      0.065704    0.000199    0.281636 ^ clkbuf_1_0__f_clk/A (sky130_fd_sc_hd__clkbuf_16)
     8    0.018517    0.065588    0.217525    0.499161 ^ clkbuf_1_0__f_clk/X (sky130_fd_sc_hd__clkbuf_16)
                                                         clknet_1_0__leaf_clk (net)
                      0.065588    0.000164    0.499326 ^ _110_/CLK (sky130_fd_sc_hd__dfxtp_1)
     8    0.019774    0.303539    0.800127    1.299452 ^ _110_/Q (sky130_fd_sc_hd__dfxtp_1)
                                                         net6 (net)
                      0.303540    0.000430    1.299882 ^ output6/A (sky130_fd_sc_hd__buf_2)
     1    0.034061    0.271252    0.445662    1.745544 ^ output6/X (sky130_fd_sc_hd__buf_2)
                                                         count_out[2] (net)
                      0.271252    0.000267    1.745811 ^ count_out[2] (out)
                                              1.745811   data arrival time

                                 25.000000   25.000000   clock clk (rise edge)
                                  0.000000   25.000000   clock network delay (propagated)
                                 -0.250000   24.750000   clock uncertainty
                                  0.000000   24.750000   clock reconvergence pessimism
                                 -5.000000   19.750000   output external delay
                                             19.750000   data required time
---------------------------------------------------------------------------------------------
                                             19.750000   data required time
                                             -1.745811   data arrival time
---------------------------------------------------------------------------------------------
                                             18.004189   slack (MET)


Startpoint: _099_ (rising edge-triggered flip-flop clocked by clk)
Endpoint: running (output port clocked by clk)
Path Group: clk
Path Type: max

Fanout         Cap        Slew       Delay        Time   Description
---------------------------------------------------------------------------------------------
                                  0.000000    0.000000   clock clk (rise edge)
                                  0.000000    0.000000   clock source latency
     1    0.010540    0.084799    0.055081    0.055081 ^ clk (in)
                                                         clk (net)
                      0.084799    0.000000    0.055081 ^ clkbuf_0_clk/A (sky130_fd_sc_hd__clkbuf_16)
     2    0.018617    0.065703    0.226357    0.281437 ^ clkbuf_0_clk/X (sky130_fd_sc_hd__clkbuf_16)
                                                         clknet_0_clk (net)
                      0.065704    0.000199    0.281636 ^ clkbuf_1_0__f_clk/A (sky130_fd_sc_hd__clkbuf_16)
     8    0.018517    0.065588    0.217525    0.499161 ^ clkbuf_1_0__f_clk/X (sky130_fd_sc_hd__clkbuf_16)
                                                         clknet_1_0__leaf_clk (net)
                      0.065588    0.000389    0.499550 ^ _099_/CLK (sky130_fd_sc_hd__dfxtp_1)
     6    0.016942    0.263191    0.771272    1.270822 ^ _099_/Q (sky130_fd_sc_hd__dfxtp_1)
                                                         net12 (net)
                      0.263191    0.000123    1.270945 ^ output12/A (sky130_fd_sc_hd__buf_2)
     1    0.034265    0.272614    0.430987    1.701932 ^ output12/X (sky130_fd_sc_hd__buf_2)
                                                         running (net)
                      0.272615    0.000410    1.702342 ^ running (out)
                                              1.702342   data arrival time

                                 25.000000   25.000000   clock clk (rise edge)
                                  0.000000   25.000000   clock network delay (propagated)
                                 -0.250000   24.750000   clock uncertainty
                                  0.000000   24.750000   clock reconvergence pessimism
                                 -5.000000   19.750000   output external delay
                                             19.750000   data required time
---------------------------------------------------------------------------------------------
                                             19.750000   data required time
                                             -1.702342   data arrival time
---------------------------------------------------------------------------------------------
                                             18.047657   slack (MET)


Startpoint: rst (input port clocked by clk)
Endpoint: _108_ (rising edge-triggered flip-flop clocked by clk)
Path Group: clk
Path Type: max

Fanout         Cap        Slew       Delay        Time   Description
---------------------------------------------------------------------------------------------
                                  0.000000    0.000000   clock clk (rise edge)
                                  0.000000    0.000000   clock network delay (propagated)
                                  5.000000    5.000000 v input external delay
     1    0.002647    0.017879    0.008731    5.008731 v rst (in)
                                                         rst (net)
                      0.017879    0.000000    5.008731 v input2/A (sky130_fd_sc_hd__clkbuf_2)
     5    0.016166    0.124757    0.224570    5.233302 v input2/X (sky130_fd_sc_hd__clkbuf_2)
                                                         net2 (net)
                      0.124758    0.000248    5.233549 v _076_/B (sky130_fd_sc_hd__nor2_1)
     5    0.011910    0.386160    0.351779    5.585328 ^ _076_/Y (sky130_fd_sc_hd__nor2_1)
                                                         _034_ (net)
                      0.386160    0.000140    5.585468 ^ _077_/B1 (sky130_fd_sc_hd__o21ai_1)
     1    0.002731    0.124230    0.234382    5.819850 v _077_/Y (sky130_fd_sc_hd__o21ai_1)
                                                         _035_ (net)
                      0.124230    0.000030    5.819880 v _078_/B1 (sky130_fd_sc_hd__a21oi_1)
     1    0.001944    0.145394    0.183771    6.003651 ^ _078_/Y (sky130_fd_sc_hd__a21oi_1)
                                                         _010_ (net)
                      0.145394    0.000018    6.003669 ^ hold6/A (sky130_fd_sc_hd__dlygate4sd3_1)
     1    0.001847    0.082494    1.056363    7.060032 ^ hold6/X (sky130_fd_sc_hd__dlygate4sd3_1)
                                                         net19 (net)
                      0.082494    0.000017    7.060049 ^ _108_/D (sky130_fd_sc_hd__dfxtp_1)
                                              7.060049   data arrival time

                                 25.000000   25.000000   clock clk (rise edge)
                                  0.000000   25.000000   clock source latency
     1    0.010540    0.084799    0.055081   25.055080 ^ clk (in)
                                                         clk (net)
                      0.084799    0.000000   25.055080 ^ clkbuf_0_clk/A (sky130_fd_sc_hd__clkbuf_16)
     2    0.018617    0.065703    0.226356   25.281437 ^ clkbuf_0_clk/X (sky130_fd_sc_hd__clkbuf_16)
                                                         clknet_0_clk (net)
                      0.065704    0.000199   25.281635 ^ clkbuf_1_0__f_clk/A (sky130_fd_sc_hd__clkbuf_16)
     8    0.018517    0.065588    0.217526   25.499161 ^ clkbuf_1_0__f_clk/X (sky130_fd_sc_hd__clkbuf_16)
                                                         clknet_1_0__leaf_clk (net)
                      0.065588    0.000371   25.499533 ^ _108_/CLK (sky130_fd_sc_hd__dfxtp_1)
                                 -0.250000   25.249533   clock uncertainty
                                  0.000000   25.249533   clock reconvergence pessimism
                                 -0.132363   25.117170   library setup time
                                             25.117170   data required time
---------------------------------------------------------------------------------------------
                                             25.117170   data required time
                                             -7.060049   data arrival time
---------------------------------------------------------------------------------------------
                                             18.057121   slack (MET)


Startpoint: _111_ (rising edge-triggered flip-flop clocked by clk)
Endpoint: count_out[3] (output port clocked by clk)
Path Group: clk
Path Type: max

Fanout         Cap        Slew       Delay        Time   Description
---------------------------------------------------------------------------------------------
                                  0.000000    0.000000   clock clk (rise edge)
                                  0.000000    0.000000   clock source latency
     1    0.010540    0.084799    0.055081    0.055081 ^ clk (in)
                                                         clk (net)
                      0.084799    0.000000    0.055081 ^ clkbuf_0_clk/A (sky130_fd_sc_hd__clkbuf_16)
     2    0.018617    0.065703    0.226357    0.281437 ^ clkbuf_0_clk/X (sky130_fd_sc_hd__clkbuf_16)
                                                         clknet_0_clk (net)
                      0.065704    0.000202    0.281639 ^ clkbuf_1_1__f_clk/A (sky130_fd_sc_hd__clkbuf_16)
     9    0.021671    0.069520    0.222020    0.503659 ^ clkbuf_1_1__f_clk/X (sky130_fd_sc_hd__clkbuf_16)
                                                         clknet_1_1__leaf_clk (net)
                      0.069520    0.000104    0.503763 ^ _111_/CLK (sky130_fd_sc_hd__dfxtp_1)
     6    0.014428    0.227424    0.747307    1.251070 ^ _111_/Q (sky130_fd_sc_hd__dfxtp_1)
                                                         net7 (net)
                      0.227424    0.000086    1.251157 ^ output7/A (sky130_fd_sc_hd__buf_2)
     1    0.033781    0.268791    0.414702    1.665858 ^ output7/X (sky130_fd_sc_hd__buf_2)
                                                         count_out[3] (net)
                      0.268791    0.000163    1.666021 ^ count_out[3] (out)
                                              1.666021   data arrival time

                                 25.000000   25.000000   clock clk (rise edge)
                                  0.000000   25.000000   clock network delay (propagated)
                                 -0.250000   24.750000   clock uncertainty
                                  0.000000   24.750000   clock reconvergence pessimism
                                 -5.000000   19.750000   output external delay
                                             19.750000   data required time
---------------------------------------------------------------------------------------------
                                             19.750000   data required time
                                             -1.666021   data arrival time
---------------------------------------------------------------------------------------------
                                             18.083979   slack (MET)


Startpoint: _113_ (rising edge-triggered flip-flop clocked by clk)
Endpoint: count_out[5] (output port clocked by clk)
Path Group: clk
Path Type: max

Fanout         Cap        Slew       Delay        Time   Description
---------------------------------------------------------------------------------------------
                                  0.000000    0.000000   clock clk (rise edge)
                                  0.000000    0.000000   clock source latency
     1    0.010540    0.084799    0.055081    0.055081 ^ clk (in)
                                                         clk (net)
                      0.084799    0.000000    0.055081 ^ clkbuf_0_clk/A (sky130_fd_sc_hd__clkbuf_16)
     2    0.018617    0.065703    0.226357    0.281437 ^ clkbuf_0_clk/X (sky130_fd_sc_hd__clkbuf_16)
                                                         clknet_0_clk (net)
                      0.065704    0.000199    0.281636 ^ clkbuf_1_0__f_clk/A (sky130_fd_sc_hd__clkbuf_16)
     8    0.018517    0.065588    0.217525    0.499161 ^ clkbuf_1_0__f_clk/X (sky130_fd_sc_hd__clkbuf_16)
                                                         clknet_1_0__leaf_clk (net)
                      0.065588    0.000207    0.499368 ^ _113_/CLK (sky130_fd_sc_hd__dfxtp_1)
     5    0.014158    0.223586    0.742775    1.242143 ^ _113_/Q (sky130_fd_sc_hd__dfxtp_1)
                                                         net9 (net)
                      0.223586    0.000172    1.242315 ^ output9/A (sky130_fd_sc_hd__buf_2)
     1    0.033828    0.269123    0.413446    1.655761 ^ output9/X (sky130_fd_sc_hd__buf_2)
                                                         count_out[5] (net)
                      0.269123    0.000180    1.655941 ^ count_out[5] (out)
                                              1.655941   data arrival time

                                 25.000000   25.000000   clock clk (rise edge)
                                  0.000000   25.000000   clock network delay (propagated)
                                 -0.250000   24.750000   clock uncertainty
                                  0.000000   24.750000   clock reconvergence pessimism
                                 -5.000000   19.750000   output external delay
                                             19.750000   data required time
---------------------------------------------------------------------------------------------
                                             19.750000   data required time
                                             -1.655941   data arrival time
---------------------------------------------------------------------------------------------
                                             18.094059   slack (MET)


Startpoint: _108_ (rising edge-triggered flip-flop clocked by clk)
Endpoint: count_out[0] (output port clocked by clk)
Path Group: clk
Path Type: max

Fanout         Cap        Slew       Delay        Time   Description
---------------------------------------------------------------------------------------------
                                  0.000000    0.000000   clock clk (rise edge)
                                  0.000000    0.000000   clock source latency
     1    0.010540    0.084799    0.055081    0.055081 ^ clk (in)
                                                         clk (net)
                      0.084799    0.000000    0.055081 ^ clkbuf_0_clk/A (sky130_fd_sc_hd__clkbuf_16)
     2    0.018617    0.065703    0.226357    0.281437 ^ clkbuf_0_clk/X (sky130_fd_sc_hd__clkbuf_16)
                                                         clknet_0_clk (net)
                      0.065704    0.000199    0.281636 ^ clkbuf_1_0__f_clk/A (sky130_fd_sc_hd__clkbuf_16)
     8    0.018517    0.065588    0.217525    0.499161 ^ clkbuf_1_0__f_clk/X (sky130_fd_sc_hd__clkbuf_16)
                                                         clknet_1_0__leaf_clk (net)
                      0.065588    0.000371    0.499532 ^ _108_/CLK (sky130_fd_sc_hd__dfxtp_1)
     5    0.011464    0.186575    0.714740    1.214272 ^ _108_/Q (sky130_fd_sc_hd__dfxtp_1)
                                                         net4 (net)
                      0.186575    0.000071    1.214343 ^ output4/A (sky130_fd_sc_hd__buf_2)
     1    0.034180    0.271719    0.397819    1.612163 ^ output4/X (sky130_fd_sc_hd__buf_2)
                                                         count_out[0] (net)
                      0.271720    0.000379    1.612542 ^ count_out[0] (out)
                                              1.612542   data arrival time

                                 25.000000   25.000000   clock clk (rise edge)
                                  0.000000   25.000000   clock network delay (propagated)
                                 -0.250000   24.750000   clock uncertainty
                                  0.000000   24.750000   clock reconvergence pessimism
                                 -5.000000   19.750000   output external delay
                                             19.750000   data required time
---------------------------------------------------------------------------------------------
                                             19.750000   data required time
                                             -1.612542   data arrival time
---------------------------------------------------------------------------------------------
                                             18.137457   slack (MET)


Startpoint: _102_ (rising edge-triggered flip-flop clocked by clk)
Endpoint: temp_reset (output port clocked by clk)
Path Group: clk
Path Type: max

Fanout         Cap        Slew       Delay        Time   Description
---------------------------------------------------------------------------------------------
                                  0.000000    0.000000   clock clk (rise edge)
                                  0.000000    0.000000   clock source latency
     1    0.010540    0.084799    0.055081    0.055081 ^ clk (in)
                                                         clk (net)
                      0.084799    0.000000    0.055081 ^ clkbuf_0_clk/A (sky130_fd_sc_hd__clkbuf_16)
     2    0.018617    0.065703    0.226357    0.281437 ^ clkbuf_0_clk/X (sky130_fd_sc_hd__clkbuf_16)
                                                         clknet_0_clk (net)
                      0.065704    0.000202    0.281639 ^ clkbuf_1_1__f_clk/A (sky130_fd_sc_hd__clkbuf_16)
     9    0.021671    0.069520    0.222020    0.503659 ^ clkbuf_1_1__f_clk/X (sky130_fd_sc_hd__clkbuf_16)
                                                         clknet_1_1__leaf_clk (net)
                      0.069520    0.000514    0.504173 ^ _102_/CLK (sky130_fd_sc_hd__dfxtp_1)
     5    0.011560    0.187918    0.717491    1.221664 ^ _102_/Q (sky130_fd_sc_hd__dfxtp_1)
                                                         net13 (net)
                      0.187918    0.000200    1.221864 ^ output13/A (sky130_fd_sc_hd__clkbuf_4)
     1    0.034848    0.182116    0.384953    1.606817 ^ output13/X (sky130_fd_sc_hd__clkbuf_4)
                                                         temp_reset (net)
                      0.182118    0.000591    1.607409 ^ temp_reset (out)
                                              1.607409   data arrival time

                                 25.000000   25.000000   clock clk (rise edge)
                                  0.000000   25.000000   clock network delay (propagated)
                                 -0.250000   24.750000   clock uncertainty
                                  0.000000   24.750000   clock reconvergence pessimism
                                 -5.000000   19.750000   output external delay
                                             19.750000   data required time
---------------------------------------------------------------------------------------------
                                             19.750000   data required time
                                             -1.607409   data arrival time
---------------------------------------------------------------------------------------------
                                             18.142590   slack (MET)


Startpoint: _109_ (rising edge-triggered flip-flop clocked by clk)
Endpoint: count_out[1] (output port clocked by clk)
Path Group: clk
Path Type: max

Fanout         Cap        Slew       Delay        Time   Description
---------------------------------------------------------------------------------------------
                                  0.000000    0.000000   clock clk (rise edge)
                                  0.000000    0.000000   clock source latency
     1    0.010540    0.084799    0.055081    0.055081 ^ clk (in)
                                                         clk (net)
                      0.084799    0.000000    0.055081 ^ clkbuf_0_clk/A (sky130_fd_sc_hd__clkbuf_16)
     2    0.018617    0.065703    0.226357    0.281437 ^ clkbuf_0_clk/X (sky130_fd_sc_hd__clkbuf_16)
                                                         clknet_0_clk (net)
                      0.065704    0.000199    0.281636 ^ clkbuf_1_0__f_clk/A (sky130_fd_sc_hd__clkbuf_16)
     8    0.018517    0.065588    0.217525    0.499161 ^ clkbuf_1_0__f_clk/X (sky130_fd_sc_hd__clkbuf_16)
                                                         clknet_1_0__leaf_clk (net)
                      0.065588    0.000308    0.499469 ^ _109_/CLK (sky130_fd_sc_hd__dfxtp_1)
     4    0.009938    0.165345    0.698667    1.198137 ^ _109_/Q (sky130_fd_sc_hd__dfxtp_1)
                                                         net5 (net)
                      0.165345    0.000076    1.198212 ^ output5/A (sky130_fd_sc_hd__buf_2)
     1    0.034049    0.270697    0.387187    1.585399 ^ output5/X (sky130_fd_sc_hd__buf_2)
                                                         count_out[1] (net)
                      0.270698    0.000347    1.585746 ^ count_out[1] (out)
                                              1.585746   data arrival time

                                 25.000000   25.000000   clock clk (rise edge)
                                  0.000000   25.000000   clock network delay (propagated)
                                 -0.250000   24.750000   clock uncertainty
                                  0.000000   24.750000   clock reconvergence pessimism
                                 -5.000000   19.750000   output external delay
                                             19.750000   data required time
---------------------------------------------------------------------------------------------
                                             19.750000   data required time
                                             -1.585746   data arrival time
---------------------------------------------------------------------------------------------
                                             18.164253   slack (MET)


Startpoint: _112_ (rising edge-triggered flip-flop clocked by clk)
Endpoint: count_out[4] (output port clocked by clk)
Path Group: clk
Path Type: max

Fanout         Cap        Slew       Delay        Time   Description
---------------------------------------------------------------------------------------------
                                  0.000000    0.000000   clock clk (rise edge)
                                  0.000000    0.000000   clock source latency
     1    0.010540    0.084799    0.055081    0.055081 ^ clk (in)
                                                         clk (net)
                      0.084799    0.000000    0.055081 ^ clkbuf_0_clk/A (sky130_fd_sc_hd__clkbuf_16)
     2    0.018617    0.065703    0.226357    0.281437 ^ clkbuf_0_clk/X (sky130_fd_sc_hd__clkbuf_16)
                                                         clknet_0_clk (net)
                      0.065704    0.000202    0.281639 ^ clkbuf_1_1__f_clk/A (sky130_fd_sc_hd__clkbuf_16)
     9    0.021671    0.069520    0.222020    0.503659 ^ clkbuf_1_1__f_clk/X (sky130_fd_sc_hd__clkbuf_16)
                                                         clknet_1_1__leaf_clk (net)
                      0.069520    0.000118    0.503776 ^ _112_/CLK (sky130_fd_sc_hd__dfxtp_1)
     4    0.009134    0.154103    0.691939    1.195716 ^ _112_/Q (sky130_fd_sc_hd__dfxtp_1)
                                                         net8 (net)
                      0.154103    0.000096    1.195812 ^ output8/A (sky130_fd_sc_hd__buf_2)
     1    0.033781    0.268645    0.380621    1.576433 ^ output8/X (sky130_fd_sc_hd__buf_2)
                                                         count_out[4] (net)
                      0.268645    0.000163    1.576595 ^ count_out[4] (out)
                                              1.576595   data arrival time

                                 25.000000   25.000000   clock clk (rise edge)
                                  0.000000   25.000000   clock network delay (propagated)
                                 -0.250000   24.750000   clock uncertainty
                                  0.000000   24.750000   clock reconvergence pessimism
                                 -5.000000   19.750000   output external delay
                                             19.750000   data required time
---------------------------------------------------------------------------------------------
                                             19.750000   data required time
                                             -1.576595   data arrival time
---------------------------------------------------------------------------------------------
                                             18.173405   slack (MET)


Startpoint: _114_ (rising edge-triggered flip-flop clocked by clk)
Endpoint: count_out[6] (output port clocked by clk)
Path Group: clk
Path Type: max

Fanout         Cap        Slew       Delay        Time   Description
---------------------------------------------------------------------------------------------
                                  0.000000    0.000000   clock clk (rise edge)
                                  0.000000    0.000000   clock source latency
     1    0.010540    0.084799    0.055081    0.055081 ^ clk (in)
                                                         clk (net)
                      0.084799    0.000000    0.055081 ^ clkbuf_0_clk/A (sky130_fd_sc_hd__clkbuf_16)
     2    0.018617    0.065703    0.226357    0.281437 ^ clkbuf_0_clk/X (sky130_fd_sc_hd__clkbuf_16)
                                                         clknet_0_clk (net)
                      0.065704    0.000199    0.281636 ^ clkbuf_1_0__f_clk/A (sky130_fd_sc_hd__clkbuf_16)
     8    0.018517    0.065588    0.217525    0.499161 ^ clkbuf_1_0__f_clk/X (sky130_fd_sc_hd__clkbuf_16)
                                                         clknet_1_0__leaf_clk (net)
                      0.065588    0.000164    0.499325 ^ _114_/CLK (sky130_fd_sc_hd__dfxtp_1)
     3    0.007135    0.126486    0.669157    1.168482 ^ _114_/Q (sky130_fd_sc_hd__dfxtp_1)
                                                         net10 (net)
                      0.126486    0.000046    1.168527 ^ output10/A (sky130_fd_sc_hd__buf_2)
     1    0.034158    0.271415    0.369602    1.538129 ^ output10/X (sky130_fd_sc_hd__buf_2)
                                                         count_out[6] (net)
                      0.271415    0.000258    1.538387 ^ count_out[6] (out)
                                              1.538387   data arrival time

                                 25.000000   25.000000   clock clk (rise edge)
                                  0.000000   25.000000   clock network delay (propagated)
                                 -0.250000   24.750000   clock uncertainty
                                  0.000000   24.750000   clock reconvergence pessimism
                                 -5.000000   19.750000   output external delay
                                             19.750000   data required time
---------------------------------------------------------------------------------------------
                                             19.750000   data required time
                                             -1.538387   data arrival time
---------------------------------------------------------------------------------------------
                                             18.211613   slack (MET)


Startpoint: rst (input port clocked by clk)
Endpoint: _106_ (rising edge-triggered flip-flop clocked by clk)
Path Group: clk
Path Type: max

Fanout         Cap        Slew       Delay        Time   Description
---------------------------------------------------------------------------------------------
                                  0.000000    0.000000   clock clk (rise edge)
                                  0.000000    0.000000   clock network delay (propagated)
                                  5.000000    5.000000 ^ input external delay
     1    0.002832    0.032463    0.015936    5.015936 ^ rst (in)
                                                         rst (net)
                      0.032463    0.000000    5.015936 ^ input2/A (sky130_fd_sc_hd__clkbuf_2)
     5    0.017595    0.159805    0.241530    5.257466 ^ input2/X (sky130_fd_sc_hd__clkbuf_2)
                                                         net2 (net)
                      0.159806    0.000265    5.257731 ^ _052_/A (sky130_fd_sc_hd__inv_2)
     7    0.017352    0.089556    0.141601    5.399332 v _052_/Y (sky130_fd_sc_hd__inv_2)
                                                         _020_ (net)
                      0.089556    0.000177    5.399509 v _073_/B1 (sky130_fd_sc_hd__o211a_1)
     1    0.001716    0.062831    0.220172    5.619681 v _073_/X (sky130_fd_sc_hd__o211a_1)
                                                         _008_ (net)
                      0.062831    0.000008    5.619689 v hold9/A (sky130_fd_sc_hd__dlygate4sd3_1)
     1    0.001994    0.100849    1.106705    6.726394 v hold9/X (sky130_fd_sc_hd__dlygate4sd3_1)
                                                         net22 (net)
                      0.100849    0.000020    6.726414 v _106_/D (sky130_fd_sc_hd__dfxtp_1)
                                              6.726414   data arrival time

                                 25.000000   25.000000   clock clk (rise edge)
                                  0.000000   25.000000   clock source latency
     1    0.010540    0.084799    0.055081   25.055080 ^ clk (in)
                                                         clk (net)
                      0.084799    0.000000   25.055080 ^ clkbuf_0_clk/A (sky130_fd_sc_hd__clkbuf_16)
     2    0.018617    0.065703    0.226356   25.281437 ^ clkbuf_0_clk/X (sky130_fd_sc_hd__clkbuf_16)
                                                         clknet_0_clk (net)
                      0.065704    0.000203   25.281639 ^ clkbuf_1_1__f_clk/A (sky130_fd_sc_hd__clkbuf_16)
     9    0.021671    0.069520    0.222020   25.503658 ^ clkbuf_1_1__f_clk/X (sky130_fd_sc_hd__clkbuf_16)
                                                         clknet_1_1__leaf_clk (net)
                      0.069520    0.000057   25.503716 ^ _106_/CLK (sky130_fd_sc_hd__dfxtp_1)
                                 -0.250000   25.253716   clock uncertainty
                                  0.000000   25.253716   clock reconvergence pessimism
                                 -0.281932   24.971785   library setup time
                                             24.971785   data required time
---------------------------------------------------------------------------------------------
                                             24.971785   data required time
                                             -6.726414   data arrival time
---------------------------------------------------------------------------------------------
                                             18.245373   slack (MET)


Startpoint: _098_ (rising edge-triggered flip-flop clocked by clk)
Endpoint: ready (output port clocked by clk)
Path Group: clk
Path Type: max

Fanout         Cap        Slew       Delay        Time   Description
---------------------------------------------------------------------------------------------
                                  0.000000    0.000000   clock clk (rise edge)
                                  0.000000    0.000000   clock source latency
     1    0.010540    0.084799    0.055081    0.055081 ^ clk (in)
                                                         clk (net)
                      0.084799    0.000000    0.055081 ^ clkbuf_0_clk/A (sky130_fd_sc_hd__clkbuf_16)
     2    0.018617    0.065703    0.226357    0.281437 ^ clkbuf_0_clk/X (sky130_fd_sc_hd__clkbuf_16)
                                                         clknet_0_clk (net)
                      0.065704    0.000199    0.281636 ^ clkbuf_1_0__f_clk/A (sky130_fd_sc_hd__clkbuf_16)
     8    0.018517    0.065588    0.217525    0.499161 ^ clkbuf_1_0__f_clk/X (sky130_fd_sc_hd__clkbuf_16)
                                                         clknet_1_0__leaf_clk (net)
                      0.065588    0.000406    0.499567 ^ _098_/CLK (sky130_fd_sc_hd__dfxtp_1)
     2    0.004035    0.084742    0.635975    1.135543 ^ _098_/Q (sky130_fd_sc_hd__dfxtp_1)
                                                         net11 (net)
                      0.084742    0.000040    1.135582 ^ output11/A (sky130_fd_sc_hd__buf_2)
     1    0.034236    0.271934    0.350394    1.485976 ^ output11/X (sky130_fd_sc_hd__buf_2)
                                                         ready (net)
                      0.271935    0.000321    1.486298 ^ ready (out)
                                              1.486298   data arrival time

                                 25.000000   25.000000   clock clk (rise edge)
                                  0.000000   25.000000   clock network delay (propagated)
                                 -0.250000   24.750000   clock uncertainty
                                  0.000000   24.750000   clock reconvergence pessimism
                                 -5.000000   19.750000   output external delay
                                             19.750000   data required time
---------------------------------------------------------------------------------------------
                                             19.750000   data required time
                                             -1.486298   data arrival time
---------------------------------------------------------------------------------------------
                                             18.263702   slack (MET)


Startpoint: rst (input port clocked by clk)
Endpoint: _110_ (rising edge-triggered flip-flop clocked by clk)
Path Group: clk
Path Type: max

Fanout         Cap        Slew       Delay        Time   Description
---------------------------------------------------------------------------------------------
                                  0.000000    0.000000   clock clk (rise edge)
                                  0.000000    0.000000   clock network delay (propagated)
                                  5.000000    5.000000 v input external delay
     1    0.002647    0.017879    0.008731    5.008731 v rst (in)
                                                         rst (net)
                      0.017879    0.000000    5.008731 v input2/A (sky130_fd_sc_hd__clkbuf_2)
     5    0.016166    0.124757    0.224570    5.233302 v input2/X (sky130_fd_sc_hd__clkbuf_2)
                                                         net2 (net)
                      0.124758    0.000248    5.233549 v _076_/B (sky130_fd_sc_hd__nor2_1)
     5    0.011910    0.386160    0.351779    5.585328 ^ _076_/Y (sky130_fd_sc_hd__nor2_1)
                                                         _034_ (net)
                      0.386160    0.000117    5.585445 ^ _082_/B1 (sky130_fd_sc_hd__o41a_1)
     3    0.006584    0.153552    0.437955    6.023400 ^ _082_/X (sky130_fd_sc_hd__o41a_1)
                                                         _038_ (net)
                      0.153552    0.000034    6.023434 ^ _085_/A (sky130_fd_sc_hd__and3_1)
     1    0.002099    0.080035    0.296160    6.319593 ^ _085_/X (sky130_fd_sc_hd__and3_1)
                                                         _012_ (net)
                      0.080035    0.000015    6.319608 ^ _110_/D (sky130_fd_sc_hd__dfxtp_1)
                                              6.319608   data arrival time

                                 25.000000   25.000000   clock clk (rise edge)
                                  0.000000   25.000000   clock source latency
     1    0.010540    0.084799    0.055081   25.055080 ^ clk (in)
                                                         clk (net)
                      0.084799    0.000000   25.055080 ^ clkbuf_0_clk/A (sky130_fd_sc_hd__clkbuf_16)
     2    0.018617    0.065703    0.226356   25.281437 ^ clkbuf_0_clk/X (sky130_fd_sc_hd__clkbuf_16)
                                                         clknet_0_clk (net)
                      0.065704    0.000199   25.281635 ^ clkbuf_1_0__f_clk/A (sky130_fd_sc_hd__clkbuf_16)
     8    0.018517    0.065588    0.217526   25.499161 ^ clkbuf_1_0__f_clk/X (sky130_fd_sc_hd__clkbuf_16)
                                                         clknet_1_0__leaf_clk (net)
                      0.065588    0.000163   25.499325 ^ _110_/CLK (sky130_fd_sc_hd__dfxtp_1)
                                 -0.250000   25.249325   clock uncertainty
                                  0.000000   25.249325   clock reconvergence pessimism
                                 -0.131723   25.117601   library setup time
                                             25.117601   data required time
---------------------------------------------------------------------------------------------
                                             25.117601   data required time
                                             -6.319608   data arrival time
---------------------------------------------------------------------------------------------
                                             18.797993   slack (MET)


Startpoint: rst (input port clocked by clk)
Endpoint: _113_ (rising edge-triggered flip-flop clocked by clk)
Path Group: clk
Path Type: max

Fanout         Cap        Slew       Delay        Time   Description
---------------------------------------------------------------------------------------------
                                  0.000000    0.000000   clock clk (rise edge)
                                  0.000000    0.000000   clock network delay (propagated)
                                  5.000000    5.000000 v input external delay
     1    0.002647    0.017879    0.008731    5.008731 v rst (in)
                                                         rst (net)
                      0.017879    0.000000    5.008731 v input2/A (sky130_fd_sc_hd__clkbuf_2)
     5    0.016166    0.124757    0.224570    5.233302 v input2/X (sky130_fd_sc_hd__clkbuf_2)
                                                         net2 (net)
                      0.124758    0.000248    5.233549 v _076_/B (sky130_fd_sc_hd__nor2_1)
     5    0.011910    0.386160    0.351779    5.585328 ^ _076_/Y (sky130_fd_sc_hd__nor2_1)
                                                         _034_ (net)
                      0.386160    0.000117    5.585445 ^ _082_/B1 (sky130_fd_sc_hd__o41a_1)
     3    0.006584    0.153552    0.437955    6.023400 ^ _082_/X (sky130_fd_sc_hd__o41a_1)
                                                         _038_ (net)
                      0.153552    0.000052    6.023452 ^ _095_/A (sky130_fd_sc_hd__and3_1)
     1    0.001779    0.075607    0.291416    6.314867 ^ _095_/X (sky130_fd_sc_hd__and3_1)
                                                         _015_ (net)
                      0.075607    0.000009    6.314877 ^ _113_/D (sky130_fd_sc_hd__dfxtp_1)
                                              6.314877   data arrival time

                                 25.000000   25.000000   clock clk (rise edge)
                                  0.000000   25.000000   clock source latency
     1    0.010540    0.084799    0.055081   25.055080 ^ clk (in)
                                                         clk (net)
                      0.084799    0.000000   25.055080 ^ clkbuf_0_clk/A (sky130_fd_sc_hd__clkbuf_16)
     2    0.018617    0.065703    0.226356   25.281437 ^ clkbuf_0_clk/X (sky130_fd_sc_hd__clkbuf_16)
                                                         clknet_0_clk (net)
                      0.065704    0.000199   25.281635 ^ clkbuf_1_0__f_clk/A (sky130_fd_sc_hd__clkbuf_16)
     8    0.018517    0.065588    0.217526   25.499161 ^ clkbuf_1_0__f_clk/X (sky130_fd_sc_hd__clkbuf_16)
                                                         clknet_1_0__leaf_clk (net)
                      0.065588    0.000206   25.499367 ^ _113_/CLK (sky130_fd_sc_hd__dfxtp_1)
                                 -0.250000   25.249369   clock uncertainty
                                  0.000000   25.249369   clock reconvergence pessimism
                                 -0.130571   25.118797   library setup time
                                             25.118797   data required time
---------------------------------------------------------------------------------------------
                                             25.118797   data required time
                                             -6.314877   data arrival time
---------------------------------------------------------------------------------------------
                                             18.803921   slack (MET)


Startpoint: rst (input port clocked by clk)
Endpoint: _114_ (rising edge-triggered flip-flop clocked by clk)
Path Group: clk
Path Type: max

Fanout         Cap        Slew       Delay        Time   Description
---------------------------------------------------------------------------------------------
                                  0.000000    0.000000   clock clk (rise edge)
                                  0.000000    0.000000   clock network delay (propagated)
                                  5.000000    5.000000 v input external delay
     1    0.002647    0.017879    0.008731    5.008731 v rst (in)
                                                         rst (net)
                      0.017879    0.000000    5.008731 v input2/A (sky130_fd_sc_hd__clkbuf_2)
     5    0.016166    0.124757    0.224570    5.233302 v input2/X (sky130_fd_sc_hd__clkbuf_2)
                                                         net2 (net)
                      0.124758    0.000248    5.233549 v _076_/B (sky130_fd_sc_hd__nor2_1)
     5    0.011910    0.386160    0.351779    5.585328 ^ _076_/Y (sky130_fd_sc_hd__nor2_1)
                                                         _034_ (net)
                      0.386160    0.000117    5.585445 ^ _082_/B1 (sky130_fd_sc_hd__o41a_1)
     3    0.006584    0.153552    0.437955    6.023400 ^ _082_/X (sky130_fd_sc_hd__o41a_1)
                                                         _038_ (net)
                      0.153552    0.000038    6.023438 ^ _097_/C1 (sky130_fd_sc_hd__o211a_1)
     1    0.001692    0.066211    0.291852    6.315290 ^ _097_/X (sky130_fd_sc_hd__o211a_1)
                                                         _016_ (net)
                      0.066211    0.000008    6.315298 ^ _114_/D (sky130_fd_sc_hd__dfxtp_1)
                                              6.315298   data arrival time

                                 25.000000   25.000000   clock clk (rise edge)
                                  0.000000   25.000000   clock source latency
     1    0.010540    0.084799    0.055081   25.055080 ^ clk (in)
                                                         clk (net)
                      0.084799    0.000000   25.055080 ^ clkbuf_0_clk/A (sky130_fd_sc_hd__clkbuf_16)
     2    0.018617    0.065703    0.226356   25.281437 ^ clkbuf_0_clk/X (sky130_fd_sc_hd__clkbuf_16)
                                                         clknet_0_clk (net)
                      0.065704    0.000199   25.281635 ^ clkbuf_1_0__f_clk/A (sky130_fd_sc_hd__clkbuf_16)
     8    0.018517    0.065588    0.217526   25.499161 ^ clkbuf_1_0__f_clk/X (sky130_fd_sc_hd__clkbuf_16)
                                                         clknet_1_0__leaf_clk (net)
                      0.065588    0.000163   25.499325 ^ _114_/CLK (sky130_fd_sc_hd__dfxtp_1)
                                 -0.250000   25.249325   clock uncertainty
                                  0.000000   25.249325   clock reconvergence pessimism
                                 -0.128126   25.121201   library setup time
                                             25.121201   data required time
---------------------------------------------------------------------------------------------
                                             25.121201   data required time
                                             -6.315298   data arrival time
---------------------------------------------------------------------------------------------
                                             18.805902   slack (MET)


Startpoint: data_in (input port clocked by clk)
Endpoint: _104_ (rising edge-triggered flip-flop clocked by clk)
Path Group: clk
Path Type: max

Fanout         Cap        Slew       Delay        Time   Description
---------------------------------------------------------------------------------------------
                                  0.000000    0.000000   clock clk (rise edge)
                                  0.000000    0.000000   clock network delay (propagated)
                                  5.000000    5.000000 v input external delay
     1    0.002767    0.018336    0.009113    5.009113 v data_in (in)
                                                         data_in (net)
                      0.018336    0.000000    5.009113 v input1/A (sky130_fd_sc_hd__clkbuf_1)
     1    0.002718    0.049548    0.136178    5.145290 v input1/X (sky130_fd_sc_hd__clkbuf_1)
                                                         net1 (net)
                      0.049548    0.000038    5.145329 v _067_/A1 (sky130_fd_sc_hd__mux2_1)
     1    0.001553    0.099517    0.622057    5.767385 v _067_/X (sky130_fd_sc_hd__mux2_1)
                                                         _029_ (net)
                      0.099517    0.000013    5.767399 v _068_/B (sky130_fd_sc_hd__and2_1)
     1    0.001837    0.060598    0.316709    6.084107 v _068_/X (sky130_fd_sc_hd__and2_1)
                                                         _006_ (net)
                      0.060598    0.000016    6.084124 v _104_/D (sky130_fd_sc_hd__dfxtp_1)
                                              6.084124   data arrival time

                                 25.000000   25.000000   clock clk (rise edge)
                                  0.000000   25.000000   clock source latency
     1    0.010540    0.084799    0.055081   25.055080 ^ clk (in)
                                                         clk (net)
                      0.084799    0.000000   25.055080 ^ clkbuf_0_clk/A (sky130_fd_sc_hd__clkbuf_16)
     2    0.018617    0.065703    0.226356   25.281437 ^ clkbuf_0_clk/X (sky130_fd_sc_hd__clkbuf_16)
                                                         clknet_0_clk (net)
                      0.065704    0.000203   25.281639 ^ clkbuf_1_1__f_clk/A (sky130_fd_sc_hd__clkbuf_16)
     9    0.021671    0.069520    0.222020   25.503658 ^ clkbuf_1_1__f_clk/X (sky130_fd_sc_hd__clkbuf_16)
                                                         clknet_1_1__leaf_clk (net)
                      0.069520    0.000377   25.504036 ^ _104_/CLK (sky130_fd_sc_hd__dfxtp_1)
                                 -0.250000   25.254036   clock uncertainty
                                  0.000000   25.254036   clock reconvergence pessimism
                                 -0.265201   24.988834   library setup time
                                             24.988834   data required time
---------------------------------------------------------------------------------------------
                                             24.988834   data required time
                                             -6.084124   data arrival time
---------------------------------------------------------------------------------------------
                                             18.904711   slack (MET)


Startpoint: rst (input port clocked by clk)
Endpoint: _109_ (rising edge-triggered flip-flop clocked by clk)
Path Group: clk
Path Type: max

Fanout         Cap        Slew       Delay        Time   Description
---------------------------------------------------------------------------------------------
                                  0.000000    0.000000   clock clk (rise edge)
                                  0.000000    0.000000   clock network delay (propagated)
                                  5.000000    5.000000 v input external delay
     1    0.002647    0.017879    0.008731    5.008731 v rst (in)
                                                         rst (net)
                      0.017879    0.000000    5.008731 v input2/A (sky130_fd_sc_hd__clkbuf_2)
     5    0.016166    0.124757    0.224570    5.233302 v input2/X (sky130_fd_sc_hd__clkbuf_2)
                                                         net2 (net)
                      0.124758    0.000248    5.233549 v _076_/B (sky130_fd_sc_hd__nor2_1)
     5    0.011910    0.386160    0.351779    5.585328 ^ _076_/Y (sky130_fd_sc_hd__nor2_1)
                                                         _034_ (net)
                      0.386160    0.000121    5.585449 ^ _081_/B (sky130_fd_sc_hd__and3b_1)
     1    0.002034    0.080140    0.391510    5.976959 ^ _081_/X (sky130_fd_sc_hd__and3b_1)
                                                         _011_ (net)
                      0.080140    0.000022    5.976981 ^ _109_/D (sky130_fd_sc_hd__dfxtp_1)
                                              5.976981   data arrival time

                                 25.000000   25.000000   clock clk (rise edge)
                                  0.000000   25.000000   clock source latency
     1    0.010540    0.084799    0.055081   25.055080 ^ clk (in)
                                                         clk (net)
                      0.084799    0.000000   25.055080 ^ clkbuf_0_clk/A (sky130_fd_sc_hd__clkbuf_16)
     2    0.018617    0.065703    0.226356   25.281437 ^ clkbuf_0_clk/X (sky130_fd_sc_hd__clkbuf_16)
                                                         clknet_0_clk (net)
                      0.065704    0.000199   25.281635 ^ clkbuf_1_0__f_clk/A (sky130_fd_sc_hd__clkbuf_16)
     8    0.018517    0.065588    0.217526   25.499161 ^ clkbuf_1_0__f_clk/X (sky130_fd_sc_hd__clkbuf_16)
                                                         clknet_1_0__leaf_clk (net)
                      0.065588    0.000307   25.499468 ^ _109_/CLK (sky130_fd_sc_hd__dfxtp_1)
                                 -0.250000   25.249470   clock uncertainty
                                  0.000000   25.249470   clock reconvergence pessimism
                                 -0.131751   25.117718   library setup time
                                             25.117718   data required time
---------------------------------------------------------------------------------------------
                                             25.117718   data required time
                                             -5.976981   data arrival time
---------------------------------------------------------------------------------------------
                                             19.140738   slack (MET)


Startpoint: start (input port clocked by clk)
Endpoint: _098_ (rising edge-triggered flip-flop clocked by clk)
Path Group: clk
Path Type: max

Fanout         Cap        Slew       Delay        Time   Description
---------------------------------------------------------------------------------------------
                                  0.000000    0.000000   clock clk (rise edge)
                                  0.000000    0.000000   clock network delay (propagated)
                                  5.000000    5.000000 ^ input external delay
     1    0.003158    0.034634    0.017657    5.017658 ^ start (in)
                                                         start (net)
                      0.034634    0.000000    5.017658 ^ input3/A (sky130_fd_sc_hd__buf_1)
     2    0.006904    0.145117    0.188356    5.206014 ^ input3/X (sky130_fd_sc_hd__buf_1)
                                                         net3 (net)
                      0.145117    0.000079    5.206093 ^ _053_/A (sky130_fd_sc_hd__inv_2)
     1    0.002646    0.034837    0.075433    5.281526 v _053_/Y (sky130_fd_sc_hd__inv_2)
                                                         _021_ (net)
                      0.034837    0.000026    5.281551 v _060_/A1 (sky130_fd_sc_hd__a221o_1)
     1    0.002063    0.084692    0.547770    5.829322 v _060_/X (sky130_fd_sc_hd__a221o_1)
                                                         _002_ (net)
                      0.084692    0.000022    5.829343 v _098_/D (sky130_fd_sc_hd__dfxtp_1)
                                              5.829343   data arrival time

                                 25.000000   25.000000   clock clk (rise edge)
                                  0.000000   25.000000   clock source latency
     1    0.010540    0.084799    0.055081   25.055080 ^ clk (in)
                                                         clk (net)
                      0.084799    0.000000   25.055080 ^ clkbuf_0_clk/A (sky130_fd_sc_hd__clkbuf_16)
     2    0.018617    0.065703    0.226356   25.281437 ^ clkbuf_0_clk/X (sky130_fd_sc_hd__clkbuf_16)
                                                         clknet_0_clk (net)
                      0.065704    0.000199   25.281635 ^ clkbuf_1_0__f_clk/A (sky130_fd_sc_hd__clkbuf_16)
     8    0.018517    0.065588    0.217526   25.499161 ^ clkbuf_1_0__f_clk/X (sky130_fd_sc_hd__clkbuf_16)
                                                         clknet_1_0__leaf_clk (net)
                      0.065588    0.000405   25.499565 ^ _098_/CLK (sky130_fd_sc_hd__dfxtp_1)
                                 -0.250000   25.249567   clock uncertainty
                                  0.000000   25.249567   clock reconvergence pessimism
                                 -0.276275   24.973291   library setup time
                                             24.973291   data required time
---------------------------------------------------------------------------------------------
                                             24.973291   data required time
                                             -5.829343   data arrival time
---------------------------------------------------------------------------------------------
                                             19.143948   slack (MET)


Startpoint: rst (input port clocked by clk)
Endpoint: _111_ (rising edge-triggered flip-flop clocked by clk)
Path Group: clk
Path Type: max

Fanout         Cap        Slew       Delay        Time   Description
---------------------------------------------------------------------------------------------
                                  0.000000    0.000000   clock clk (rise edge)
                                  0.000000    0.000000   clock network delay (propagated)
                                  5.000000    5.000000 v input external delay
     1    0.002647    0.017879    0.008731    5.008731 v rst (in)
                                                         rst (net)
                      0.017879    0.000000    5.008731 v input2/A (sky130_fd_sc_hd__clkbuf_2)
     5    0.016166    0.124757    0.224570    5.233302 v input2/X (sky130_fd_sc_hd__clkbuf_2)
                                                         net2 (net)
                      0.124758    0.000248    5.233549 v _076_/B (sky130_fd_sc_hd__nor2_1)
     5    0.011910    0.386160    0.351779    5.585328 ^ _076_/Y (sky130_fd_sc_hd__nor2_1)
                                                         _034_ (net)
                      0.386160    0.000120    5.585448 ^ _088_/A (sky130_fd_sc_hd__and3_1)
     1    0.002274    0.082638    0.386357    5.971805 ^ _088_/X (sky130_fd_sc_hd__and3_1)
                                                         _013_ (net)
                      0.082638    0.000028    5.971833 ^ _111_/D (sky130_fd_sc_hd__dfxtp_1)
                                              5.971833   data arrival time

                                 25.000000   25.000000   clock clk (rise edge)
                                  0.000000   25.000000   clock source latency
     1    0.010540    0.084799    0.055081   25.055080 ^ clk (in)
                                                         clk (net)
                      0.084799    0.000000   25.055080 ^ clkbuf_0_clk/A (sky130_fd_sc_hd__clkbuf_16)
     2    0.018617    0.065703    0.226356   25.281437 ^ clkbuf_0_clk/X (sky130_fd_sc_hd__clkbuf_16)
                                                         clknet_0_clk (net)
                      0.065704    0.000203   25.281639 ^ clkbuf_1_1__f_clk/A (sky130_fd_sc_hd__clkbuf_16)
     9    0.021671    0.069520    0.222020   25.503658 ^ clkbuf_1_1__f_clk/X (sky130_fd_sc_hd__clkbuf_16)
                                                         clknet_1_1__leaf_clk (net)
                      0.069520    0.000103   25.503761 ^ _111_/CLK (sky130_fd_sc_hd__dfxtp_1)
                                 -0.250000   25.253763   clock uncertainty
                                  0.000000   25.253763   clock reconvergence pessimism
                                 -0.131736   25.122026   library setup time
                                             25.122026   data required time
---------------------------------------------------------------------------------------------
                                             25.122026   data required time
                                             -5.971833   data arrival time
---------------------------------------------------------------------------------------------
                                             19.150192   slack (MET)


Startpoint: rst (input port clocked by clk)
Endpoint: _101_ (rising edge-triggered flip-flop clocked by clk)
Path Group: clk
Path Type: max

Fanout         Cap        Slew       Delay        Time   Description
---------------------------------------------------------------------------------------------
                                  0.000000    0.000000   clock clk (rise edge)
                                  0.000000    0.000000   clock network delay (propagated)
                                  5.000000    5.000000 v input external delay
     1    0.002647    0.017879    0.008731    5.008731 v rst (in)
                                                         rst (net)
                      0.017879    0.000000    5.008731 v input2/A (sky130_fd_sc_hd__clkbuf_2)
     5    0.016166    0.124757    0.224570    5.233302 v input2/X (sky130_fd_sc_hd__clkbuf_2)
                                                         net2 (net)
                      0.124757    0.000137    5.233438 v _064_/B1 (sky130_fd_sc_hd__a311o_1)
     1    0.001997    0.086980    0.592272    5.825710 v _064_/X (sky130_fd_sc_hd__a311o_1)
                                                         _004_ (net)
                      0.086980    0.000020    5.825729 v _101_/D (sky130_fd_sc_hd__dfxtp_1)
                                              5.825729   data arrival time

                                 25.000000   25.000000   clock clk (rise edge)
                                  0.000000   25.000000   clock source latency
     1    0.010540    0.084799    0.055081   25.055080 ^ clk (in)
                                                         clk (net)
                      0.084799    0.000000   25.055080 ^ clkbuf_0_clk/A (sky130_fd_sc_hd__clkbuf_16)
     2    0.018617    0.065703    0.226356   25.281437 ^ clkbuf_0_clk/X (sky130_fd_sc_hd__clkbuf_16)
                                                         clknet_0_clk (net)
                      0.065704    0.000203   25.281639 ^ clkbuf_1_1__f_clk/A (sky130_fd_sc_hd__clkbuf_16)
     9    0.021671    0.069520    0.222020   25.503658 ^ clkbuf_1_1__f_clk/X (sky130_fd_sc_hd__clkbuf_16)
                                                         clknet_1_1__leaf_clk (net)
                      0.069520    0.000234   25.503893 ^ _101_/CLK (sky130_fd_sc_hd__dfxtp_1)
                                 -0.250000   25.253895   clock uncertainty
                                  0.000000   25.253895   clock reconvergence pessimism
                                 -0.276167   24.977728   library setup time
                                             24.977728   data required time
---------------------------------------------------------------------------------------------
                                             24.977728   data required time
                                             -5.825729   data arrival time
---------------------------------------------------------------------------------------------
                                             19.151999   slack (MET)


Startpoint: rst (input port clocked by clk)
Endpoint: _112_ (rising edge-triggered flip-flop clocked by clk)
Path Group: clk
Path Type: max

Fanout         Cap        Slew       Delay        Time   Description
---------------------------------------------------------------------------------------------
                                  0.000000    0.000000   clock clk (rise edge)
                                  0.000000    0.000000   clock network delay (propagated)
                                  5.000000    5.000000 v input external delay
     1    0.002647    0.017879    0.008731    5.008731 v rst (in)
                                                         rst (net)
                      0.017879    0.000000    5.008731 v input2/A (sky130_fd_sc_hd__clkbuf_2)
     5    0.016166    0.124757    0.224570    5.233302 v input2/X (sky130_fd_sc_hd__clkbuf_2)
                                                         net2 (net)
                      0.124758    0.000248    5.233549 v _076_/B (sky130_fd_sc_hd__nor2_1)
     5    0.011910    0.386160    0.351779    5.585328 ^ _076_/Y (sky130_fd_sc_hd__nor2_1)
                                                         _034_ (net)
                      0.386160    0.000123    5.585451 ^ _092_/A (sky130_fd_sc_hd__and3_1)
     1    0.001756    0.077836    0.378593    5.964043 ^ _092_/X (sky130_fd_sc_hd__and3_1)
                                                         _014_ (net)
                      0.077836    0.000016    5.964059 ^ _112_/D (sky130_fd_sc_hd__dfxtp_1)
                                              5.964059   data arrival time

                                 25.000000   25.000000   clock clk (rise edge)
                                  0.000000   25.000000   clock source latency
     1    0.010540    0.084799    0.055081   25.055080 ^ clk (in)
                                                         clk (net)
                      0.084799    0.000000   25.055080 ^ clkbuf_0_clk/A (sky130_fd_sc_hd__clkbuf_16)
     2    0.018617    0.065703    0.226356   25.281437 ^ clkbuf_0_clk/X (sky130_fd_sc_hd__clkbuf_16)
                                                         clknet_0_clk (net)
                      0.065704    0.000203   25.281639 ^ clkbuf_1_1__f_clk/A (sky130_fd_sc_hd__clkbuf_16)
     9    0.021671    0.069520    0.222020   25.503658 ^ clkbuf_1_1__f_clk/X (sky130_fd_sc_hd__clkbuf_16)
                                                         clknet_1_1__leaf_clk (net)
                      0.069520    0.000117   25.503777 ^ _112_/CLK (sky130_fd_sc_hd__dfxtp_1)
                                 -0.250000   25.253777   clock uncertainty
                                  0.000000   25.253777   clock reconvergence pessimism
                                 -0.130486   25.123291   library setup time
                                             25.123291   data required time
---------------------------------------------------------------------------------------------
                                             25.123291   data required time
                                             -5.964059   data arrival time
---------------------------------------------------------------------------------------------
                                             19.159231   slack (MET)


Startpoint: rst (input port clocked by clk)
Endpoint: _103_ (rising edge-triggered flip-flop clocked by clk)
Path Group: clk
Path Type: max

Fanout         Cap        Slew       Delay        Time   Description
---------------------------------------------------------------------------------------------
                                  0.000000    0.000000   clock clk (rise edge)
                                  0.000000    0.000000   clock network delay (propagated)
                                  5.000000    5.000000 ^ input external delay
     1    0.002832    0.032463    0.015936    5.015936 ^ rst (in)
                                                         rst (net)
                      0.032463    0.000000    5.015936 ^ input2/A (sky130_fd_sc_hd__clkbuf_2)
     5    0.017595    0.159805    0.241530    5.257466 ^ input2/X (sky130_fd_sc_hd__clkbuf_2)
                                                         net2 (net)
                      0.159806    0.000265    5.257731 ^ _052_/A (sky130_fd_sc_hd__inv_2)
     7    0.017352    0.089556    0.141601    5.399332 v _052_/Y (sky130_fd_sc_hd__inv_2)
                                                         _020_ (net)
                      0.089556    0.000130    5.399462 v _066_/D (sky130_fd_sc_hd__and4b_1)
     1    0.001925    0.067333    0.400138    5.799600 v _066_/X (sky130_fd_sc_hd__and4b_1)
                                                         _001_ (net)
                      0.067333    0.000019    5.799619 v _103_/D (sky130_fd_sc_hd__dfxtp_1)
                                              5.799619   data arrival time

                                 25.000000   25.000000   clock clk (rise edge)
                                  0.000000   25.000000   clock source latency
     1    0.010540    0.084799    0.055081   25.055080 ^ clk (in)
                                                         clk (net)
                      0.084799    0.000000   25.055080 ^ clkbuf_0_clk/A (sky130_fd_sc_hd__clkbuf_16)
     2    0.018617    0.065703    0.226356   25.281437 ^ clkbuf_0_clk/X (sky130_fd_sc_hd__clkbuf_16)
                                                         clknet_0_clk (net)
                      0.065704    0.000203   25.281639 ^ clkbuf_1_1__f_clk/A (sky130_fd_sc_hd__clkbuf_16)
     9    0.021671    0.069520    0.222020   25.503658 ^ clkbuf_1_1__f_clk/X (sky130_fd_sc_hd__clkbuf_16)
                                                         clknet_1_1__leaf_clk (net)
                      0.069520    0.000506   25.504166 ^ _103_/CLK (sky130_fd_sc_hd__dfxtp_1)
                                 -0.250000   25.254166   clock uncertainty
                                  0.000000   25.254166   clock reconvergence pessimism
                                 -0.268000   24.986164   library setup time
                                             24.986164   data required time
---------------------------------------------------------------------------------------------
                                             24.986164   data required time
                                             -5.799619   data arrival time
---------------------------------------------------------------------------------------------
                                             19.186546   slack (MET)


Startpoint: rst (input port clocked by clk)
Endpoint: _100_ (rising edge-triggered flip-flop clocked by clk)
Path Group: clk
Path Type: max

Fanout         Cap        Slew       Delay        Time   Description
---------------------------------------------------------------------------------------------
                                  0.000000    0.000000   clock clk (rise edge)
                                  0.000000    0.000000   clock network delay (propagated)
                                  5.000000    5.000000 ^ input external delay
     1    0.002832    0.032463    0.015936    5.015936 ^ rst (in)
                                                         rst (net)
                      0.032463    0.000000    5.015936 ^ input2/A (sky130_fd_sc_hd__clkbuf_2)
     5    0.017595    0.159805    0.241530    5.257466 ^ input2/X (sky130_fd_sc_hd__clkbuf_2)
                                                         net2 (net)
                      0.159806    0.000265    5.257731 ^ _052_/A (sky130_fd_sc_hd__inv_2)
     7    0.017352    0.089556    0.141601    5.399332 v _052_/Y (sky130_fd_sc_hd__inv_2)
                                                         _020_ (net)
                      0.089556    0.000086    5.399418 v _065_/A (sky130_fd_sc_hd__and3_1)
     1    0.001778    0.062382    0.287209    5.686627 v _065_/X (sky130_fd_sc_hd__and3_1)
                                                         _000_ (net)
                      0.062382    0.000015    5.686643 v _100_/D (sky130_fd_sc_hd__dfxtp_1)
                                              5.686643   data arrival time

                                 25.000000   25.000000   clock clk (rise edge)
                                  0.000000   25.000000   clock source latency
     1    0.010540    0.084799    0.055081   25.055080 ^ clk (in)
                                                         clk (net)
                      0.084799    0.000000   25.055080 ^ clkbuf_0_clk/A (sky130_fd_sc_hd__clkbuf_16)
     2    0.018617    0.065703    0.226356   25.281437 ^ clkbuf_0_clk/X (sky130_fd_sc_hd__clkbuf_16)
                                                         clknet_0_clk (net)
                      0.065704    0.000199   25.281635 ^ clkbuf_1_0__f_clk/A (sky130_fd_sc_hd__clkbuf_16)
     8    0.018517    0.065588    0.217526   25.499161 ^ clkbuf_1_0__f_clk/X (sky130_fd_sc_hd__clkbuf_16)
                                                         clknet_1_0__leaf_clk (net)
                      0.065588    0.000414   25.499575 ^ _100_/CLK (sky130_fd_sc_hd__dfxtp_1)
                                 -0.250000   25.249575   clock uncertainty
                                  0.000000   25.249575   clock reconvergence pessimism
                                 -0.267001   24.982574   library setup time
                                             24.982574   data required time
---------------------------------------------------------------------------------------------
                                             24.982574   data required time
                                             -5.686643   data arrival time
---------------------------------------------------------------------------------------------
                                             19.295933   slack (MET)


Startpoint: rst (input port clocked by clk)
Endpoint: _105_ (rising edge-triggered flip-flop clocked by clk)
Path Group: clk
Path Type: max

Fanout         Cap        Slew       Delay        Time   Description
---------------------------------------------------------------------------------------------
                                  0.000000    0.000000   clock clk (rise edge)
                                  0.000000    0.000000   clock network delay (propagated)
                                  5.000000    5.000000 ^ input external delay
     1    0.002832    0.032463    0.015936    5.015936 ^ rst (in)
                                                         rst (net)
                      0.032463    0.000000    5.015936 ^ input2/A (sky130_fd_sc_hd__clkbuf_2)
     5    0.017595    0.159805    0.241530    5.257466 ^ input2/X (sky130_fd_sc_hd__clkbuf_2)
                                                         net2 (net)
                      0.159806    0.000265    5.257731 ^ _052_/A (sky130_fd_sc_hd__inv_2)
     7    0.017352    0.089556    0.141601    5.399332 v _052_/Y (sky130_fd_sc_hd__inv_2)
                                                         _020_ (net)
                      0.089556    0.000095    5.399427 v _070_/A (sky130_fd_sc_hd__and2_1)
     1    0.001790    0.060239    0.272412    5.671839 v _070_/X (sky130_fd_sc_hd__and2_1)
                                                         _007_ (net)
                      0.060239    0.000015    5.671854 v _105_/D (sky130_fd_sc_hd__dfxtp_1)
                                              5.671854   data arrival time

                                 25.000000   25.000000   clock clk (rise edge)
                                  0.000000   25.000000   clock source latency
     1    0.010540    0.084799    0.055081   25.055080 ^ clk (in)
                                                         clk (net)
                      0.084799    0.000000   25.055080 ^ clkbuf_0_clk/A (sky130_fd_sc_hd__clkbuf_16)
     2    0.018617    0.065703    0.226356   25.281437 ^ clkbuf_0_clk/X (sky130_fd_sc_hd__clkbuf_16)
                                                         clknet_0_clk (net)
                      0.065704    0.000203   25.281639 ^ clkbuf_1_1__f_clk/A (sky130_fd_sc_hd__clkbuf_16)
     9    0.021671    0.069520    0.222020   25.503658 ^ clkbuf_1_1__f_clk/X (sky130_fd_sc_hd__clkbuf_16)
                                                         clknet_1_1__leaf_clk (net)
                      0.069520    0.000458   25.504116 ^ _105_/CLK (sky130_fd_sc_hd__dfxtp_1)
                                 -0.250000   25.254118   clock uncertainty
                                  0.000000   25.254118   clock reconvergence pessimism
                                 -0.265052   24.989065   library setup time
                                             24.989065   data required time
---------------------------------------------------------------------------------------------
                                             24.989065   data required time
                                             -5.671854   data arrival time
---------------------------------------------------------------------------------------------
                                             19.317211   slack (MET)


Startpoint: rst (input port clocked by clk)
Endpoint: _099_ (rising edge-triggered flip-flop clocked by clk)
Path Group: clk
Path Type: max

Fanout         Cap        Slew       Delay        Time   Description
---------------------------------------------------------------------------------------------
                                  0.000000    0.000000   clock clk (rise edge)
                                  0.000000    0.000000   clock network delay (propagated)
                                  5.000000    5.000000 ^ input external delay
     1    0.002832    0.032463    0.015936    5.015936 ^ rst (in)
                                                         rst (net)
                      0.032463    0.000000    5.015936 ^ input2/A (sky130_fd_sc_hd__clkbuf_2)
     5    0.017595    0.159805    0.241530    5.257466 ^ input2/X (sky130_fd_sc_hd__clkbuf_2)
                                                         net2 (net)
                      0.159806    0.000265    5.257731 ^ _052_/A (sky130_fd_sc_hd__inv_2)
     7    0.017352    0.089556    0.141601    5.399332 v _052_/Y (sky130_fd_sc_hd__inv_2)
                                                         _020_ (net)
                      0.089556    0.000127    5.399459 v _059_/B1 (sky130_fd_sc_hd__o21a_1)
     1    0.003742    0.073800    0.206289    5.605748 v _059_/X (sky130_fd_sc_hd__o21a_1)
                                                         _003_ (net)
                      0.073800    0.000074    5.605822 v _099_/D (sky130_fd_sc_hd__dfxtp_1)
                                              5.605822   data arrival time

                                 25.000000   25.000000   clock clk (rise edge)
                                  0.000000   25.000000   clock source latency
     1    0.010540    0.084799    0.055081   25.055080 ^ clk (in)
                                                         clk (net)
                      0.084799    0.000000   25.055080 ^ clkbuf_0_clk/A (sky130_fd_sc_hd__clkbuf_16)
     2    0.018617    0.065703    0.226356   25.281437 ^ clkbuf_0_clk/X (sky130_fd_sc_hd__clkbuf_16)
                                                         clknet_0_clk (net)
                      0.065704    0.000199   25.281635 ^ clkbuf_1_0__f_clk/A (sky130_fd_sc_hd__clkbuf_16)
     8    0.018517    0.065588    0.217526   25.499161 ^ clkbuf_1_0__f_clk/X (sky130_fd_sc_hd__clkbuf_16)
                                                         clknet_1_0__leaf_clk (net)
                      0.065588    0.000389   25.499550 ^ _099_/CLK (sky130_fd_sc_hd__dfxtp_1)
                                 -0.250000   25.249550   clock uncertainty
                                  0.000000   25.249550   clock reconvergence pessimism
                                 -0.271748   24.977804   library setup time
                                             24.977804   data required time
---------------------------------------------------------------------------------------------
                                             24.977804   data required time
                                             -5.605822   data arrival time
---------------------------------------------------------------------------------------------
                                             19.371983   slack (MET)


Startpoint: rst (input port clocked by clk)
Endpoint: _102_ (rising edge-triggered flip-flop clocked by clk)
Path Group: clk
Path Type: max

Fanout         Cap        Slew       Delay        Time   Description
---------------------------------------------------------------------------------------------
                                  0.000000    0.000000   clock clk (rise edge)
                                  0.000000    0.000000   clock network delay (propagated)
                                  5.000000    5.000000 ^ input external delay
     1    0.002832    0.032463    0.015936    5.015936 ^ rst (in)
                                                         rst (net)
                      0.032463    0.000000    5.015936 ^ input2/A (sky130_fd_sc_hd__clkbuf_2)
     5    0.017595    0.159805    0.241530    5.257466 ^ input2/X (sky130_fd_sc_hd__clkbuf_2)
                                                         net2 (net)
                      0.159806    0.000265    5.257731 ^ _052_/A (sky130_fd_sc_hd__inv_2)
     7    0.017352    0.089556    0.141601    5.399332 v _052_/Y (sky130_fd_sc_hd__inv_2)
                                                         _020_ (net)
                      0.089556    0.000137    5.399468 v _062_/B1 (sky130_fd_sc_hd__o21a_1)
     1    0.001790    0.056298    0.185158    5.584627 v _062_/X (sky130_fd_sc_hd__o21a_1)
                                                         _005_ (net)
                      0.056298    0.000015    5.584642 v _102_/D (sky130_fd_sc_hd__dfxtp_1)
                                              5.584642   data arrival time

                                 25.000000   25.000000   clock clk (rise edge)
                                  0.000000   25.000000   clock source latency
     1    0.010540    0.084799    0.055081   25.055080 ^ clk (in)
                                                         clk (net)
                      0.084799    0.000000   25.055080 ^ clkbuf_0_clk/A (sky130_fd_sc_hd__clkbuf_16)
     2    0.018617    0.065703    0.226356   25.281437 ^ clkbuf_0_clk/X (sky130_fd_sc_hd__clkbuf_16)
                                                         clknet_0_clk (net)
                      0.065704    0.000203   25.281639 ^ clkbuf_1_1__f_clk/A (sky130_fd_sc_hd__clkbuf_16)
     9    0.021671    0.069520    0.222020   25.503658 ^ clkbuf_1_1__f_clk/X (sky130_fd_sc_hd__clkbuf_16)
                                                         clknet_1_1__leaf_clk (net)
                      0.069520    0.000513   25.504171 ^ _102_/CLK (sky130_fd_sc_hd__dfxtp_1)
                                 -0.250000   25.254173   clock uncertainty
                                  0.000000   25.254173   clock reconvergence pessimism
                                 -0.263414   24.990759   library setup time
                                             24.990759   data required time
---------------------------------------------------------------------------------------------
                                             24.990759   data required time
                                             -5.584642   data arrival time
---------------------------------------------------------------------------------------------
                                             19.406116   slack (MET)


Startpoint: rst (input port clocked by clk)
Endpoint: _107_ (rising edge-triggered flip-flop clocked by clk)
Path Group: clk
Path Type: max

Fanout         Cap        Slew       Delay        Time   Description
---------------------------------------------------------------------------------------------
                                  0.000000    0.000000   clock clk (rise edge)
                                  0.000000    0.000000   clock network delay (propagated)
                                  5.000000    5.000000 v input external delay
     1    0.002647    0.017879    0.008731    5.008731 v rst (in)
                                                         rst (net)
                      0.017879    0.000000    5.008731 v input2/A (sky130_fd_sc_hd__clkbuf_2)
     5    0.016166    0.124757    0.224570    5.233302 v input2/X (sky130_fd_sc_hd__clkbuf_2)
                                                         net2 (net)
                      0.124757    0.000127    5.233429 v _074_/C1 (sky130_fd_sc_hd__a211oi_1)
     1    0.002569    0.298324    0.297067    5.530496 ^ _074_/Y (sky130_fd_sc_hd__a211oi_1)
                                                         _009_ (net)
                      0.298324    0.000035    5.530530 ^ _107_/D (sky130_fd_sc_hd__dfxtp_1)
                                              5.530530   data arrival time

                                 25.000000   25.000000   clock clk (rise edge)
                                  0.000000   25.000000   clock source latency
     1    0.010540    0.084799    0.055081   25.055080 ^ clk (in)
                                                         clk (net)
                      0.084799    0.000000   25.055080 ^ clkbuf_0_clk/A (sky130_fd_sc_hd__clkbuf_16)
     2    0.018617    0.065703    0.226356   25.281437 ^ clkbuf_0_clk/X (sky130_fd_sc_hd__clkbuf_16)
                                                         clknet_0_clk (net)
                      0.065704    0.000203   25.281639 ^ clkbuf_1_1__f_clk/A (sky130_fd_sc_hd__clkbuf_16)
     9    0.021671    0.069520    0.222020   25.503658 ^ clkbuf_1_1__f_clk/X (sky130_fd_sc_hd__clkbuf_16)
                                                         clknet_1_1__leaf_clk (net)
                      0.069520    0.000188   25.503847 ^ _107_/CLK (sky130_fd_sc_hd__dfxtp_1)
                                 -0.250000   25.253847   clock uncertainty
                                  0.000000   25.253847   clock reconvergence pessimism
                                 -0.187854   25.065994   library setup time
                                             25.065994   data required time
---------------------------------------------------------------------------------------------
                                             25.065994   data required time
                                             -5.530530   data arrival time
---------------------------------------------------------------------------------------------
                                             19.535463   slack (MET)



