
===========================================================================
report_checks -unconstrained
===========================================================================
======================= nom_tt_025C_1v80 Corner ===================================

Startpoint: data_in (input port clocked by clk)
Endpoint: _104_ (rising edge-triggered flip-flop clocked by clk)
Path Group: clk
Path Type: max

Fanout         Cap        Slew       Delay        Time   Description
---------------------------------------------------------------------------------------------
                      0.150000    0.000000    0.000000   clock clk (rise edge)
                                  0.000000    0.000000   clock network delay (ideal)
                                  5.000000    5.000000 v input external delay
     1    0.001805    0.006578    0.002735    5.002735 v data_in (in)
                                                         data_in (net)
                      0.006578    0.000000    5.002735 v _067_/A1 (sky130_fd_sc_hd__mux2_1)
     1    0.001403    0.048342    0.265441    5.268176 v _067_/X (sky130_fd_sc_hd__mux2_1)
                                                         _029_ (net)
                      0.048342    0.000000    5.268176 v _068_/B (sky130_fd_sc_hd__and2_2)
     1    0.001681    0.033717    0.178523    5.446699 v _068_/X (sky130_fd_sc_hd__and2_2)
                                                         _006_ (net)
                      0.033717    0.000000    5.446699 v _104_/D (sky130_fd_sc_hd__dfxtp_2)
                                              5.446699   data arrival time

                      0.150000   25.000000   25.000000   clock clk (rise edge)
                                  0.000000   25.000000   clock network delay (ideal)
                                 -0.250000   24.750000   clock uncertainty
                                  0.000000   24.750000   clock reconvergence pessimism
                                             24.750000 ^ _104_/CLK (sky130_fd_sc_hd__dfxtp_2)
                                 -0.083453   24.666548   library setup time
                                             24.666548   data required time
---------------------------------------------------------------------------------------------
                                             24.666548   data required time
                                             -5.446699   data arrival time
---------------------------------------------------------------------------------------------
                                             19.219847   slack (MET)




===========================================================================
report_checks --slack_max -0.01
============================================================================
======================= nom_tt_025C_1v80 Corner ===================================

No paths found.


===========================================================================
 report_check_types -max_slew -max_cap -max_fanout -violators
============================================================================
======================= nom_tt_025C_1v80 Corner ===================================



===========================================================================
report_parasitic_annotation -report_unannotated
============================================================================
Found 70 unannotated drivers.
 clk
 data_in
 rst
 start
 _049_/Y
 _050_/Y
 _051_/Y
 _052_/Y
 _053_/Y
 _054_/X
 _055_/Y
 _056_/Y
 _057_/Y
 _058_/X
 _059_/X
 _060_/X
 _061_/Y
 _062_/X
 _063_/X
 _064_/X
 _065_/X
 _066_/X
 _067_/X
 _068_/X
 _069_/X
 _070_/X
 _071_/X
 _072_/Y
 _073_/X
 _074_/Y
 _075_/Y
 _076_/Y
 _077_/Y
 _078_/Y
 _079_/X
 _080_/X
 _081_/X
 _082_/X
 _083_/Y
 _084_/X
 _085_/X
 _086_/Y
 _087_/X
 _088_/X
 _089_/X
 _090_/X
 _091_/Y
 _092_/X
 _093_/Y
 _094_/X
 _095_/X
 _096_/X
 _097_/X
 _098_/Q
 _099_/Q
 _100_/Q
 _101_/Q
 _102_/Q
 _103_/Q
 _104_/Q
 _105_/Q
 _106_/Q
 _107_/Q
 _108_/Q
 _109_/Q
 _110_/Q
 _111_/Q
 _112_/Q
 _113_/Q
 _114_/Q
Found 0 partially unannotated drivers.

===========================================================================
max slew violation count 0
max fanout violation count 0
max cap violation count 0
============================================================================

===========================================================================
check_setup -verbose -unconstrained_endpoints -multiple_clock -no_clock -no_input_delay -loops -generated_clocks
===========================================================================
