
===========================================================================
report_checks -path_delay min (Hold)
============================================================================
======================= nom_tt_025C_1v80 Corner ===================================

Startpoint: _107_ (rising edge-triggered flip-flop clocked by clk)
Endpoint: _107_ (rising edge-triggered flip-flop clocked by clk)
Path Group: clk
Path Type: min

Fanout         Cap        Slew       Delay        Time   Description
---------------------------------------------------------------------------------------------
                      0.150000    0.000000    0.000000   clock clk (rise edge)
                                  0.000000    0.000000   clock network delay (ideal)
                      0.150000    0.000000    0.000000 ^ _107_/CLK (sky130_fd_sc_hd__dfxtp_2)
     3    0.010752    0.041057    0.360558    0.360558 v _107_/Q (sky130_fd_sc_hd__dfxtp_2)
                                                         data_edge_detector_inst.reset_counter[1] (net)
                      0.041057    0.000000    0.360558 v _050_/A (sky130_fd_sc_hd__inv_2)
     1    0.004504    0.029476    0.044450    0.405008 ^ _050_/Y (sky130_fd_sc_hd__inv_2)
                                                         _018_ (net)
                      0.029476    0.000000    0.405008 ^ _074_/A1 (sky130_fd_sc_hd__a211oi_2)
     1    0.001681    0.028928    0.041355    0.446362 v _074_/Y (sky130_fd_sc_hd__a211oi_2)
                                                         _009_ (net)
                      0.028928    0.000000    0.446362 v _107_/D (sky130_fd_sc_hd__dfxtp_2)
                                              0.446362   data arrival time

                      0.150000    0.000000    0.000000   clock clk (rise edge)
                                  0.000000    0.000000   clock network delay (ideal)
                                  0.250000    0.250000   clock uncertainty
                                  0.000000    0.250000   clock reconvergence pessimism
                                              0.250000 ^ _107_/CLK (sky130_fd_sc_hd__dfxtp_2)
                                 -0.016061    0.233939   library hold time
                                              0.233939   data required time
---------------------------------------------------------------------------------------------
                                              0.233939   data required time
                                             -0.446362   data arrival time
---------------------------------------------------------------------------------------------
                                              0.212423   slack (MET)


Startpoint: _100_ (rising edge-triggered flip-flop clocked by clk)
Endpoint: _099_ (rising edge-triggered flip-flop clocked by clk)
Path Group: clk
Path Type: min

Fanout         Cap        Slew       Delay        Time   Description
---------------------------------------------------------------------------------------------
                      0.150000    0.000000    0.000000   clock clk (rise edge)
                                  0.000000    0.000000   clock network delay (ideal)
                      0.150000    0.000000    0.000000 ^ _100_/CLK (sky130_fd_sc_hd__dfxtp_2)
     2    0.007049    0.049985    0.357622    0.357622 ^ _100_/Q (sky130_fd_sc_hd__dfxtp_2)
                                                         controller_inst.clear (net)
                      0.049985    0.000000    0.357622 ^ _059_/A1 (sky130_fd_sc_hd__o21a_2)
     1    0.001674    0.024989    0.114501    0.472122 ^ _059_/X (sky130_fd_sc_hd__o21a_2)
                                                         _003_ (net)
                      0.024989    0.000000    0.472122 ^ _099_/D (sky130_fd_sc_hd__dfxtp_2)
                                              0.472122   data arrival time

                      0.150000    0.000000    0.000000   clock clk (rise edge)
                                  0.000000    0.000000   clock network delay (ideal)
                                  0.250000    0.250000   clock uncertainty
                                  0.000000    0.250000   clock reconvergence pessimism
                                              0.250000 ^ _099_/CLK (sky130_fd_sc_hd__dfxtp_2)
                                 -0.013274    0.236726   library hold time
                                              0.236726   data required time
---------------------------------------------------------------------------------------------
                                              0.236726   data required time
                                             -0.472122   data arrival time
---------------------------------------------------------------------------------------------
                                              0.235396   slack (MET)


Startpoint: _100_ (rising edge-triggered flip-flop clocked by clk)
Endpoint: _108_ (rising edge-triggered flip-flop clocked by clk)
Path Group: clk
Path Type: min

Fanout         Cap        Slew       Delay        Time   Description
---------------------------------------------------------------------------------------------
                      0.150000    0.000000    0.000000   clock clk (rise edge)
                                  0.000000    0.000000   clock network delay (ideal)
                      0.150000    0.000000    0.000000 ^ _100_/CLK (sky130_fd_sc_hd__dfxtp_2)
     2    0.007049    0.049985    0.357622    0.357622 ^ _100_/Q (sky130_fd_sc_hd__dfxtp_2)
                                                         controller_inst.clear (net)
                      0.049985    0.000000    0.357622 ^ _076_/A (sky130_fd_sc_hd__nor2_2)
     5    0.010757    0.035816    0.050333    0.407955 v _076_/Y (sky130_fd_sc_hd__nor2_2)
                                                         _034_ (net)
                      0.035816    0.000000    0.407955 v _077_/B1 (sky130_fd_sc_hd__o21ai_2)
     1    0.004707    0.048414    0.051407    0.459362 ^ _077_/Y (sky130_fd_sc_hd__o21ai_2)
                                                         _035_ (net)
                      0.048414    0.000000    0.459362 ^ _078_/B1 (sky130_fd_sc_hd__a21oi_2)
     1    0.001681    0.019661    0.026818    0.486180 v _078_/Y (sky130_fd_sc_hd__a21oi_2)
                                                         _010_ (net)
                      0.019661    0.000000    0.486180 v _108_/D (sky130_fd_sc_hd__dfxtp_2)
                                              0.486180   data arrival time

                      0.150000    0.000000    0.000000   clock clk (rise edge)
                                  0.000000    0.000000   clock network delay (ideal)
                                  0.250000    0.250000   clock uncertainty
                                  0.000000    0.250000   clock reconvergence pessimism
                                              0.250000 ^ _108_/CLK (sky130_fd_sc_hd__dfxtp_2)
                                 -0.012257    0.237743   library hold time
                                              0.237743   data required time
---------------------------------------------------------------------------------------------
                                              0.237743   data required time
                                             -0.486180   data arrival time
---------------------------------------------------------------------------------------------
                                              0.248437   slack (MET)


Startpoint: _103_ (rising edge-triggered flip-flop clocked by clk)
Endpoint: _102_ (rising edge-triggered flip-flop clocked by clk)
Path Group: clk
Path Type: min

Fanout         Cap        Slew       Delay        Time   Description
---------------------------------------------------------------------------------------------
                      0.150000    0.000000    0.000000   clock clk (rise edge)
                                  0.000000    0.000000   clock network delay (ideal)
                      0.150000    0.000000    0.000000 ^ _103_/CLK (sky130_fd_sc_hd__dfxtp_2)
     4    0.011159    0.068564    0.373024    0.373024 ^ _103_/Q (sky130_fd_sc_hd__dfxtp_2)
                                                         data_counter_inst.inc (net)
                      0.068564    0.000000    0.373024 ^ _062_/A1 (sky130_fd_sc_hd__o21a_2)
     1    0.001674    0.025507    0.119993    0.493016 ^ _062_/X (sky130_fd_sc_hd__o21a_2)
                                                         _005_ (net)
                      0.025507    0.000000    0.493016 ^ _102_/D (sky130_fd_sc_hd__dfxtp_2)
                                              0.493016   data arrival time

                      0.150000    0.000000    0.000000   clock clk (rise edge)
                                  0.000000    0.000000   clock network delay (ideal)
                                  0.250000    0.250000   clock uncertainty
                                  0.000000    0.250000   clock reconvergence pessimism
                                              0.250000 ^ _102_/CLK (sky130_fd_sc_hd__dfxtp_2)
                                 -0.013380    0.236620   library hold time
                                              0.236620   data required time
---------------------------------------------------------------------------------------------
                                              0.236620   data required time
                                             -0.493016   data arrival time
---------------------------------------------------------------------------------------------
                                              0.256396   slack (MET)


Startpoint: _107_ (rising edge-triggered flip-flop clocked by clk)
Endpoint: _101_ (rising edge-triggered flip-flop clocked by clk)
Path Group: clk
Path Type: min

Fanout         Cap        Slew       Delay        Time   Description
---------------------------------------------------------------------------------------------
                      0.150000    0.000000    0.000000   clock clk (rise edge)
                                  0.000000    0.000000   clock network delay (ideal)
                      0.150000    0.000000    0.000000 ^ _107_/CLK (sky130_fd_sc_hd__dfxtp_2)
     3    0.011608    0.070593    0.374706    0.374706 ^ _107_/Q (sky130_fd_sc_hd__dfxtp_2)
                                                         data_edge_detector_inst.reset_counter[1] (net)
                      0.070593    0.000000    0.374706 ^ _064_/A1 (sky130_fd_sc_hd__a311o_2)
     1    0.001674    0.026289    0.147007    0.521713 ^ _064_/X (sky130_fd_sc_hd__a311o_2)
                                                         _004_ (net)
                      0.026289    0.000000    0.521713 ^ _101_/D (sky130_fd_sc_hd__dfxtp_2)
                                              0.521713   data arrival time

                      0.150000    0.000000    0.000000   clock clk (rise edge)
                                  0.000000    0.000000   clock network delay (ideal)
                                  0.250000    0.250000   clock uncertainty
                                  0.000000    0.250000   clock reconvergence pessimism
                                              0.250000 ^ _101_/CLK (sky130_fd_sc_hd__dfxtp_2)
                                 -0.013539    0.236461   library hold time
                                              0.236461   data required time
---------------------------------------------------------------------------------------------
                                              0.236461   data required time
                                             -0.521713   data arrival time
---------------------------------------------------------------------------------------------
                                              0.285252   slack (MET)


Startpoint: _104_ (rising edge-triggered flip-flop clocked by clk)
Endpoint: _103_ (rising edge-triggered flip-flop clocked by clk)
Path Group: clk
Path Type: min

Fanout         Cap        Slew       Delay        Time   Description
---------------------------------------------------------------------------------------------
                      0.150000    0.000000    0.000000   clock clk (rise edge)
                                  0.000000    0.000000   clock network delay (ideal)
                      0.150000    0.000000    0.000000 ^ _104_/CLK (sky130_fd_sc_hd__dfxtp_2)
     4    0.009128    0.037572    0.356389    0.356389 v _104_/Q (sky130_fd_sc_hd__dfxtp_2)
                                                         data_edge_detector_inst.input_buffer[0] (net)
                      0.037572    0.000000    0.356389 v _066_/B (sky130_fd_sc_hd__and4b_2)
     1    0.001681    0.033890    0.189114    0.545503 v _066_/X (sky130_fd_sc_hd__and4b_2)
                                                         _001_ (net)
                      0.033890    0.000000    0.545503 v _103_/D (sky130_fd_sc_hd__dfxtp_2)
                                              0.545503   data arrival time

                      0.150000    0.000000    0.000000   clock clk (rise edge)
                                  0.000000    0.000000   clock network delay (ideal)
                                  0.250000    0.250000   clock uncertainty
                                  0.000000    0.250000   clock reconvergence pessimism
                                              0.250000 ^ _103_/CLK (sky130_fd_sc_hd__dfxtp_2)
                                 -0.018098    0.231902   library hold time
                                              0.231902   data required time
---------------------------------------------------------------------------------------------
                                              0.231902   data required time
                                             -0.545503   data arrival time
---------------------------------------------------------------------------------------------
                                              0.313601   slack (MET)


Startpoint: _106_ (rising edge-triggered flip-flop clocked by clk)
Endpoint: _106_ (rising edge-triggered flip-flop clocked by clk)
Path Group: clk
Path Type: min

Fanout         Cap        Slew       Delay        Time   Description
---------------------------------------------------------------------------------------------
                      0.150000    0.000000    0.000000   clock clk (rise edge)
                                  0.000000    0.000000   clock network delay (ideal)
                      0.150000    0.000000    0.000000 ^ _106_/CLK (sky130_fd_sc_hd__dfxtp_2)
     4    0.014485    0.084231    0.384890    0.384890 ^ _106_/Q (sky130_fd_sc_hd__dfxtp_2)
                                                         data_edge_detector_inst.reset_counter[0] (net)
                      0.084231    0.000000    0.384890 ^ _072_/B1 (sky130_fd_sc_hd__o21ai_2)
     2    0.006502    0.037451    0.066327    0.451217 v _072_/Y (sky130_fd_sc_hd__o21ai_2)
                                                         _032_ (net)
                      0.037451    0.000000    0.451217 v _073_/C1 (sky130_fd_sc_hd__o211a_2)
     1    0.001681    0.021380    0.103413    0.554630 v _073_/X (sky130_fd_sc_hd__o211a_2)
                                                         _008_ (net)
                      0.021380    0.000000    0.554630 v _106_/D (sky130_fd_sc_hd__dfxtp_2)
                                              0.554630   data arrival time

                      0.150000    0.000000    0.000000   clock clk (rise edge)
                                  0.000000    0.000000   clock network delay (ideal)
                                  0.250000    0.250000   clock uncertainty
                                  0.000000    0.250000   clock reconvergence pessimism
                                              0.250000 ^ _106_/CLK (sky130_fd_sc_hd__dfxtp_2)
                                 -0.012963    0.237037   library hold time
                                              0.237037   data required time
---------------------------------------------------------------------------------------------
                                              0.237037   data required time
                                             -0.554630   data arrival time
---------------------------------------------------------------------------------------------
                                              0.317593   slack (MET)


Startpoint: _100_ (rising edge-triggered flip-flop clocked by clk)
Endpoint: _111_ (rising edge-triggered flip-flop clocked by clk)
Path Group: clk
Path Type: min

Fanout         Cap        Slew       Delay        Time   Description
---------------------------------------------------------------------------------------------
                      0.150000    0.000000    0.000000   clock clk (rise edge)
                                  0.000000    0.000000   clock network delay (ideal)
                      0.150000    0.000000    0.000000 ^ _100_/CLK (sky130_fd_sc_hd__dfxtp_2)
     2    0.007049    0.049985    0.357622    0.357622 ^ _100_/Q (sky130_fd_sc_hd__dfxtp_2)
                                                         controller_inst.clear (net)
                      0.049985    0.000000    0.357622 ^ _076_/A (sky130_fd_sc_hd__nor2_2)
     5    0.010757    0.035816    0.050333    0.407955 v _076_/Y (sky130_fd_sc_hd__nor2_2)
                                                         _034_ (net)
                      0.035816    0.000000    0.407955 v _088_/A (sky130_fd_sc_hd__and3_2)
     1    0.001681    0.031121    0.157675    0.565630 v _088_/X (sky130_fd_sc_hd__and3_2)
                                                         _013_ (net)
                      0.031121    0.000000    0.565630 v _111_/D (sky130_fd_sc_hd__dfxtp_2)
                                              0.565630   data arrival time

                      0.150000    0.000000    0.000000   clock clk (rise edge)
                                  0.000000    0.000000   clock network delay (ideal)
                                  0.250000    0.250000   clock uncertainty
                                  0.000000    0.250000   clock reconvergence pessimism
                                              0.250000 ^ _111_/CLK (sky130_fd_sc_hd__dfxtp_2)
                                 -0.016961    0.233039   library hold time
                                              0.233039   data required time
---------------------------------------------------------------------------------------------
                                              0.233039   data required time
                                             -0.565630   data arrival time
---------------------------------------------------------------------------------------------
                                              0.332591   slack (MET)


Startpoint: _100_ (rising edge-triggered flip-flop clocked by clk)
Endpoint: _112_ (rising edge-triggered flip-flop clocked by clk)
Path Group: clk
Path Type: min

Fanout         Cap        Slew       Delay        Time   Description
---------------------------------------------------------------------------------------------
                      0.150000    0.000000    0.000000   clock clk (rise edge)
                                  0.000000    0.000000   clock network delay (ideal)
                      0.150000    0.000000    0.000000 ^ _100_/CLK (sky130_fd_sc_hd__dfxtp_2)
     2    0.007049    0.049985    0.357622    0.357622 ^ _100_/Q (sky130_fd_sc_hd__dfxtp_2)
                                                         controller_inst.clear (net)
                      0.049985    0.000000    0.357622 ^ _076_/A (sky130_fd_sc_hd__nor2_2)
     5    0.010757    0.035816    0.050333    0.407955 v _076_/Y (sky130_fd_sc_hd__nor2_2)
                                                         _034_ (net)
                      0.035816    0.000000    0.407955 v _092_/A (sky130_fd_sc_hd__and3_2)
     1    0.001681    0.031121    0.157675    0.565630 v _092_/X (sky130_fd_sc_hd__and3_2)
                                                         _014_ (net)
                      0.031121    0.000000    0.565630 v _112_/D (sky130_fd_sc_hd__dfxtp_2)
                                              0.565630   data arrival time

                      0.150000    0.000000    0.000000   clock clk (rise edge)
                                  0.000000    0.000000   clock network delay (ideal)
                                  0.250000    0.250000   clock uncertainty
                                  0.000000    0.250000   clock reconvergence pessimism
                                              0.250000 ^ _112_/CLK (sky130_fd_sc_hd__dfxtp_2)
                                 -0.016961    0.233039   library hold time
                                              0.233039   data required time
---------------------------------------------------------------------------------------------
                                              0.233039   data required time
                                             -0.565630   data arrival time
---------------------------------------------------------------------------------------------
                                              0.332591   slack (MET)


Startpoint: _105_ (rising edge-triggered flip-flop clocked by clk)
Endpoint: _105_ (rising edge-triggered flip-flop clocked by clk)
Path Group: clk
Path Type: min

Fanout         Cap        Slew       Delay        Time   Description
---------------------------------------------------------------------------------------------
                      0.150000    0.000000    0.000000   clock clk (rise edge)
                                  0.000000    0.000000   clock network delay (ideal)
                      0.150000    0.000000    0.000000 ^ _105_/CLK (sky130_fd_sc_hd__dfxtp_2)
     3    0.005637    0.043602    0.352330    0.352330 ^ _105_/Q (sky130_fd_sc_hd__dfxtp_2)
                                                         data_edge_detector_inst.input_buffer[1] (net)
                      0.043602    0.000000    0.352330 ^ _069_/A0 (sky130_fd_sc_hd__mux2_1)
     1    0.001541    0.032863    0.103844    0.456174 ^ _069_/X (sky130_fd_sc_hd__mux2_1)
                                                         _030_ (net)
                      0.032863    0.000000    0.456174 ^ _070_/B (sky130_fd_sc_hd__and2_2)
     1    0.001674    0.032314    0.118129    0.574303 ^ _070_/X (sky130_fd_sc_hd__and2_2)
                                                         _007_ (net)
                      0.032314    0.000000    0.574303 ^ _105_/D (sky130_fd_sc_hd__dfxtp_2)
                                              0.574303   data arrival time

                      0.150000    0.000000    0.000000   clock clk (rise edge)
                                  0.000000    0.000000   clock network delay (ideal)
                                  0.250000    0.250000   clock uncertainty
                                  0.000000    0.250000   clock reconvergence pessimism
                                              0.250000 ^ _105_/CLK (sky130_fd_sc_hd__dfxtp_2)
                                 -0.014771    0.235229   library hold time
                                              0.235229   data required time
---------------------------------------------------------------------------------------------
                                              0.235229   data required time
                                             -0.574303   data arrival time
---------------------------------------------------------------------------------------------
                                              0.339075   slack (MET)


Startpoint: _100_ (rising edge-triggered flip-flop clocked by clk)
Endpoint: _109_ (rising edge-triggered flip-flop clocked by clk)
Path Group: clk
Path Type: min

Fanout         Cap        Slew       Delay        Time   Description
---------------------------------------------------------------------------------------------
                      0.150000    0.000000    0.000000   clock clk (rise edge)
                                  0.000000    0.000000   clock network delay (ideal)
                      0.150000    0.000000    0.000000 ^ _100_/CLK (sky130_fd_sc_hd__dfxtp_2)
     2    0.007049    0.049985    0.357622    0.357622 ^ _100_/Q (sky130_fd_sc_hd__dfxtp_2)
                                                         controller_inst.clear (net)
                      0.049985    0.000000    0.357622 ^ _076_/A (sky130_fd_sc_hd__nor2_2)
     5    0.010757    0.035816    0.050333    0.407955 v _076_/Y (sky130_fd_sc_hd__nor2_2)
                                                         _034_ (net)
                      0.035816    0.000000    0.407955 v _081_/B (sky130_fd_sc_hd__and3b_2)
     1    0.001681    0.031265    0.177562    0.585517 v _081_/X (sky130_fd_sc_hd__and3b_2)
                                                         _011_ (net)
                      0.031265    0.000000    0.585517 v _109_/D (sky130_fd_sc_hd__dfxtp_2)
                                              0.585517   data arrival time

                      0.150000    0.000000    0.000000   clock clk (rise edge)
                                  0.000000    0.000000   clock network delay (ideal)
                                  0.250000    0.250000   clock uncertainty
                                  0.000000    0.250000   clock reconvergence pessimism
                                              0.250000 ^ _109_/CLK (sky130_fd_sc_hd__dfxtp_2)
                                 -0.017021    0.232979   library hold time
                                              0.232979   data required time
---------------------------------------------------------------------------------------------
                                              0.232979   data required time
                                             -0.585517   data arrival time
---------------------------------------------------------------------------------------------
                                              0.352537   slack (MET)


Startpoint: _104_ (rising edge-triggered flip-flop clocked by clk)
Endpoint: _104_ (rising edge-triggered flip-flop clocked by clk)
Path Group: clk
Path Type: min

Fanout         Cap        Slew       Delay        Time   Description
---------------------------------------------------------------------------------------------
                      0.150000    0.000000    0.000000   clock clk (rise edge)
                                  0.000000    0.000000   clock network delay (ideal)
                      0.150000    0.000000    0.000000 ^ _104_/CLK (sky130_fd_sc_hd__dfxtp_2)
     4    0.009809    0.062461    0.367965    0.367965 ^ _104_/Q (sky130_fd_sc_hd__dfxtp_2)
                                                         data_edge_detector_inst.input_buffer[0] (net)
                      0.062461    0.000000    0.367965 ^ _067_/A0 (sky130_fd_sc_hd__mux2_1)
     1    0.001541    0.032863    0.110351    0.478316 ^ _067_/X (sky130_fd_sc_hd__mux2_1)
                                                         _029_ (net)
                      0.032863    0.000000    0.478316 ^ _068_/B (sky130_fd_sc_hd__and2_2)
     1    0.001674    0.032314    0.118129    0.596445 ^ _068_/X (sky130_fd_sc_hd__and2_2)
                                                         _006_ (net)
                      0.032314    0.000000    0.596445 ^ _104_/D (sky130_fd_sc_hd__dfxtp_2)
                                              0.596445   data arrival time

                      0.150000    0.000000    0.000000   clock clk (rise edge)
                                  0.000000    0.000000   clock network delay (ideal)
                                  0.250000    0.250000   clock uncertainty
                                  0.000000    0.250000   clock reconvergence pessimism
                                              0.250000 ^ _104_/CLK (sky130_fd_sc_hd__dfxtp_2)
                                 -0.014771    0.235229   library hold time
                                              0.235229   data required time
---------------------------------------------------------------------------------------------
                                              0.235229   data required time
                                             -0.596445   data arrival time
---------------------------------------------------------------------------------------------
                                              0.361216   slack (MET)


Startpoint: _100_ (rising edge-triggered flip-flop clocked by clk)
Endpoint: _114_ (rising edge-triggered flip-flop clocked by clk)
Path Group: clk
Path Type: min

Fanout         Cap        Slew       Delay        Time   Description
---------------------------------------------------------------------------------------------
                      0.150000    0.000000    0.000000   clock clk (rise edge)
                                  0.000000    0.000000   clock network delay (ideal)
                      0.150000    0.000000    0.000000 ^ _100_/CLK (sky130_fd_sc_hd__dfxtp_2)
     2    0.007049    0.049985    0.357622    0.357622 ^ _100_/Q (sky130_fd_sc_hd__dfxtp_2)
                                                         controller_inst.clear (net)
                      0.049985    0.000000    0.357622 ^ _076_/A (sky130_fd_sc_hd__nor2_2)
     5    0.010757    0.035816    0.050333    0.407955 v _076_/Y (sky130_fd_sc_hd__nor2_2)
                                                         _034_ (net)
                      0.035816    0.000000    0.407955 v _082_/B1 (sky130_fd_sc_hd__o41a_2)
     3    0.005127    0.030295    0.113015    0.520969 v _082_/X (sky130_fd_sc_hd__o41a_2)
                                                         _038_ (net)
                      0.030295    0.000000    0.520969 v _097_/C1 (sky130_fd_sc_hd__o211a_2)
     1    0.001681    0.021413    0.100292    0.621262 v _097_/X (sky130_fd_sc_hd__o211a_2)
                                                         _016_ (net)
                      0.021413    0.000000    0.621262 v _114_/D (sky130_fd_sc_hd__dfxtp_2)
                                              0.621262   data arrival time

                      0.150000    0.000000    0.000000   clock clk (rise edge)
                                  0.000000    0.000000   clock network delay (ideal)
                                  0.250000    0.250000   clock uncertainty
                                  0.000000    0.250000   clock reconvergence pessimism
                                              0.250000 ^ _114_/CLK (sky130_fd_sc_hd__dfxtp_2)
                                 -0.012976    0.237024   library hold time
                                              0.237024   data required time
---------------------------------------------------------------------------------------------
                                              0.237024   data required time
                                             -0.621262   data arrival time
---------------------------------------------------------------------------------------------
                                              0.384238   slack (MET)


Startpoint: _098_ (rising edge-triggered flip-flop clocked by clk)
Endpoint: _100_ (rising edge-triggered flip-flop clocked by clk)
Path Group: clk
Path Type: min

Fanout         Cap        Slew       Delay        Time   Description
---------------------------------------------------------------------------------------------
                      0.150000    0.000000    0.000000   clock clk (rise edge)
                                  0.000000    0.000000   clock network delay (ideal)
                      0.150000    0.000000    0.000000 ^ _098_/CLK (sky130_fd_sc_hd__dfxtp_2)
     3    0.037098    0.094221    0.411188    0.411188 v _098_/Q (sky130_fd_sc_hd__dfxtp_2)
                                                         ready (net)
                      0.094221    0.000000    0.411188 v _065_/C (sky130_fd_sc_hd__and3_2)
     1    0.001681    0.031054    0.217579    0.628767 v _065_/X (sky130_fd_sc_hd__and3_2)
                                                         _000_ (net)
                      0.031054    0.000000    0.628767 v _100_/D (sky130_fd_sc_hd__dfxtp_2)
                                              0.628767   data arrival time

                      0.150000    0.000000    0.000000   clock clk (rise edge)
                                  0.000000    0.000000   clock network delay (ideal)
                                  0.250000    0.250000   clock uncertainty
                                  0.000000    0.250000   clock reconvergence pessimism
                                              0.250000 ^ _100_/CLK (sky130_fd_sc_hd__dfxtp_2)
                                 -0.016934    0.233066   library hold time
                                              0.233066   data required time
---------------------------------------------------------------------------------------------
                                              0.233066   data required time
                                             -0.628767   data arrival time
---------------------------------------------------------------------------------------------
                                              0.395701   slack (MET)


Startpoint: _098_ (rising edge-triggered flip-flop clocked by clk)
Endpoint: _098_ (rising edge-triggered flip-flop clocked by clk)
Path Group: clk
Path Type: min

Fanout         Cap        Slew       Delay        Time   Description
---------------------------------------------------------------------------------------------
                      0.150000    0.000000    0.000000   clock clk (rise edge)
                                  0.000000    0.000000   clock network delay (ideal)
                      0.150000    0.000000    0.000000 ^ _098_/CLK (sky130_fd_sc_hd__dfxtp_2)
     3    0.037522    0.195208    0.464800    0.464800 ^ _098_/Q (sky130_fd_sc_hd__dfxtp_2)
                                                         ready (net)
                      0.195208    0.000000    0.464800 ^ _060_/A2 (sky130_fd_sc_hd__a221o_2)
     1    0.001674    0.026061    0.171444    0.636244 ^ _060_/X (sky130_fd_sc_hd__a221o_2)
                                                         _002_ (net)
                      0.026061    0.000000    0.636244 ^ _098_/D (sky130_fd_sc_hd__dfxtp_2)
                                              0.636244   data arrival time

                      0.150000    0.000000    0.000000   clock clk (rise edge)
                                  0.000000    0.000000   clock network delay (ideal)
                                  0.250000    0.250000   clock uncertainty
                                  0.000000    0.250000   clock reconvergence pessimism
                                              0.250000 ^ _098_/CLK (sky130_fd_sc_hd__dfxtp_2)
                                 -0.013493    0.236507   library hold time
                                              0.236507   data required time
---------------------------------------------------------------------------------------------
                                              0.236507   data required time
                                             -0.636244   data arrival time
---------------------------------------------------------------------------------------------
                                              0.399737   slack (MET)


Startpoint: _113_ (rising edge-triggered flip-flop clocked by clk)
Endpoint: _113_ (rising edge-triggered flip-flop clocked by clk)
Path Group: clk
Path Type: min

Fanout         Cap        Slew       Delay        Time   Description
---------------------------------------------------------------------------------------------
                      0.150000    0.000000    0.000000   clock clk (rise edge)
                                  0.000000    0.000000   clock network delay (ideal)
                      0.150000    0.000000    0.000000 ^ _113_/CLK (sky130_fd_sc_hd__dfxtp_2)
     5    0.046392    0.113670    0.426573    0.426573 v _113_/Q (sky130_fd_sc_hd__dfxtp_2)
                                                         count_out[5] (net)
                      0.113670    0.000000    0.426573 v _093_/A (sky130_fd_sc_hd__nand3_2)
     1    0.001535    0.040375    0.071045    0.497618 ^ _093_/Y (sky130_fd_sc_hd__nand3_2)
                                                         _046_ (net)
                      0.040375    0.000000    0.497618 ^ _095_/B (sky130_fd_sc_hd__and3_2)
     1    0.001674    0.037266    0.151281    0.648899 ^ _095_/X (sky130_fd_sc_hd__and3_2)
                                                         _015_ (net)
                      0.037266    0.000000    0.648899 ^ _113_/D (sky130_fd_sc_hd__dfxtp_2)
                                              0.648899   data arrival time

                      0.150000    0.000000    0.000000   clock clk (rise edge)
                                  0.000000    0.000000   clock network delay (ideal)
                                  0.250000    0.250000   clock uncertainty
                                  0.000000    0.250000   clock reconvergence pessimism
                                              0.250000 ^ _113_/CLK (sky130_fd_sc_hd__dfxtp_2)
                                 -0.015784    0.234216   library hold time
                                              0.234216   data required time
---------------------------------------------------------------------------------------------
                                              0.234216   data required time
                                             -0.648899   data arrival time
---------------------------------------------------------------------------------------------
                                              0.414682   slack (MET)


Startpoint: _110_ (rising edge-triggered flip-flop clocked by clk)
Endpoint: _110_ (rising edge-triggered flip-flop clocked by clk)
Path Group: clk
Path Type: min

Fanout         Cap        Slew       Delay        Time   Description
---------------------------------------------------------------------------------------------
                      0.150000    0.000000    0.000000   clock clk (rise edge)
                                  0.000000    0.000000   clock network delay (ideal)
                      0.150000    0.000000    0.000000 ^ _110_/CLK (sky130_fd_sc_hd__dfxtp_2)
     8    0.050768    0.122827    0.433817    0.433817 v _110_/Q (sky130_fd_sc_hd__dfxtp_2)
                                                         count_out[2] (net)
                      0.122827    0.000000    0.433817 v _083_/A (sky130_fd_sc_hd__nand2_2)
     1    0.001535    0.037259    0.069877    0.503694 ^ _083_/Y (sky130_fd_sc_hd__nand2_2)
                                                         _039_ (net)
                      0.037259    0.000000    0.503694 ^ _085_/B (sky130_fd_sc_hd__and3_2)
     1    0.001674    0.037254    0.150325    0.654019 ^ _085_/X (sky130_fd_sc_hd__and3_2)
                                                         _012_ (net)
                      0.037254    0.000000    0.654019 ^ _110_/D (sky130_fd_sc_hd__dfxtp_2)
                                              0.654019   data arrival time

                      0.150000    0.000000    0.000000   clock clk (rise edge)
                                  0.000000    0.000000   clock network delay (ideal)
                                  0.250000    0.250000   clock uncertainty
                                  0.000000    0.250000   clock reconvergence pessimism
                                              0.250000 ^ _110_/CLK (sky130_fd_sc_hd__dfxtp_2)
                                 -0.015781    0.234219   library hold time
                                              0.234219   data required time
---------------------------------------------------------------------------------------------
                                              0.234219   data required time
                                             -0.654019   data arrival time
---------------------------------------------------------------------------------------------
                                              0.419800   slack (MET)


Startpoint: _098_ (rising edge-triggered flip-flop clocked by clk)
Endpoint: ready (output port clocked by clk)
Path Group: clk
Path Type: min

Fanout         Cap        Slew       Delay        Time   Description
---------------------------------------------------------------------------------------------
                      0.150000    0.000000    0.000000   clock clk (rise edge)
                                  0.000000    0.000000   clock network delay (ideal)
                      0.150000    0.000000    0.000000 ^ _098_/CLK (sky130_fd_sc_hd__dfxtp_2)
     3    0.037098    0.094221    0.411188    0.411188 v _098_/Q (sky130_fd_sc_hd__dfxtp_2)
                                                         ready (net)
                      0.094221    0.000000    0.411188 v ready (out)
                                              0.411188   data arrival time

                      0.150000    0.000000    0.000000   clock clk (rise edge)
                                  0.000000    0.000000   clock network delay (ideal)
                                  0.250000    0.250000   clock uncertainty
                                  0.000000    0.250000   clock reconvergence pessimism
                                 -5.000000   -4.750000   output external delay
                                             -4.750000   data required time
---------------------------------------------------------------------------------------------
                                             -4.750000   data required time
                                             -0.411188   data arrival time
---------------------------------------------------------------------------------------------
                                              5.161188   slack (MET)


Startpoint: _112_ (rising edge-triggered flip-flop clocked by clk)
Endpoint: count_out[4] (output port clocked by clk)
Path Group: clk
Path Type: min

Fanout         Cap        Slew       Delay        Time   Description
---------------------------------------------------------------------------------------------
                      0.150000    0.000000    0.000000   clock clk (rise edge)
                                  0.000000    0.000000   clock network delay (ideal)
                      0.150000    0.000000    0.000000 ^ _112_/CLK (sky130_fd_sc_hd__dfxtp_2)
     4    0.038452    0.097054    0.413429    0.413429 v _112_/Q (sky130_fd_sc_hd__dfxtp_2)
                                                         count_out[4] (net)
                      0.097054    0.000000    0.413429 v count_out[4] (out)
                                              0.413429   data arrival time

                      0.150000    0.000000    0.000000   clock clk (rise edge)
                                  0.000000    0.000000   clock network delay (ideal)
                                  0.250000    0.250000   clock uncertainty
                                  0.000000    0.250000   clock reconvergence pessimism
                                 -5.000000   -4.750000   output external delay
                                             -4.750000   data required time
---------------------------------------------------------------------------------------------
                                             -4.750000   data required time
                                             -0.413429   data arrival time
---------------------------------------------------------------------------------------------
                                              5.163429   slack (MET)


Startpoint: _114_ (rising edge-triggered flip-flop clocked by clk)
Endpoint: count_out[6] (output port clocked by clk)
Path Group: clk
Path Type: min

Fanout         Cap        Slew       Delay        Time   Description
---------------------------------------------------------------------------------------------
                      0.150000    0.000000    0.000000   clock clk (rise edge)
                                  0.000000    0.000000   clock network delay (ideal)
                      0.150000    0.000000    0.000000 ^ _114_/CLK (sky130_fd_sc_hd__dfxtp_2)
     3    0.039893    0.100070    0.415815    0.415815 v _114_/Q (sky130_fd_sc_hd__dfxtp_2)
                                                         count_out[6] (net)
                      0.100070    0.000000    0.415815 v count_out[6] (out)
                                              0.415815   data arrival time

                      0.150000    0.000000    0.000000   clock clk (rise edge)
                                  0.000000    0.000000   clock network delay (ideal)
                                  0.250000    0.250000   clock uncertainty
                                  0.000000    0.250000   clock reconvergence pessimism
                                 -5.000000   -4.750000   output external delay
                                             -4.750000   data required time
---------------------------------------------------------------------------------------------
                                             -4.750000   data required time
                                             -0.415815   data arrival time
---------------------------------------------------------------------------------------------
                                              5.165815   slack (MET)


Startpoint: _102_ (rising edge-triggered flip-flop clocked by clk)
Endpoint: temp_reset (output port clocked by clk)
Path Group: clk
Path Type: min

Fanout         Cap        Slew       Delay        Time   Description
---------------------------------------------------------------------------------------------
                      0.150000    0.000000    0.000000   clock clk (rise edge)
                                  0.000000    0.000000   clock network delay (ideal)
                      0.150000    0.000000    0.000000 ^ _102_/CLK (sky130_fd_sc_hd__dfxtp_2)
     5    0.040778    0.101922    0.417280    0.417280 v _102_/Q (sky130_fd_sc_hd__dfxtp_2)
                                                         temp_reset (net)
                      0.101922    0.000000    0.417280 v temp_reset (out)
                                              0.417280   data arrival time

                      0.150000    0.000000    0.000000   clock clk (rise edge)
                                  0.000000    0.000000   clock network delay (ideal)
                                  0.250000    0.250000   clock uncertainty
                                  0.000000    0.250000   clock reconvergence pessimism
                                 -5.000000   -4.750000   output external delay
                                             -4.750000   data required time
---------------------------------------------------------------------------------------------
                                             -4.750000   data required time
                                             -0.417280   data arrival time
---------------------------------------------------------------------------------------------
                                              5.167280   slack (MET)


Startpoint: _109_ (rising edge-triggered flip-flop clocked by clk)
Endpoint: count_out[1] (output port clocked by clk)
Path Group: clk
Path Type: min

Fanout         Cap        Slew       Delay        Time   Description
---------------------------------------------------------------------------------------------
                      0.150000    0.000000    0.000000   clock clk (rise edge)
                                  0.000000    0.000000   clock network delay (ideal)
                      0.150000    0.000000    0.000000 ^ _109_/CLK (sky130_fd_sc_hd__dfxtp_2)
     4    0.041373    0.103167    0.418265    0.418265 v _109_/Q (sky130_fd_sc_hd__dfxtp_2)
                                                         count_out[1] (net)
                      0.103167    0.000000    0.418265 v count_out[1] (out)
                                              0.418265   data arrival time

                      0.150000    0.000000    0.000000   clock clk (rise edge)
                                  0.000000    0.000000   clock network delay (ideal)
                                  0.250000    0.250000   clock uncertainty
                                  0.000000    0.250000   clock reconvergence pessimism
                                 -5.000000   -4.750000   output external delay
                                             -4.750000   data required time
---------------------------------------------------------------------------------------------
                                             -4.750000   data required time
                                             -0.418265   data arrival time
---------------------------------------------------------------------------------------------
                                              5.168265   slack (MET)


Startpoint: _111_ (rising edge-triggered flip-flop clocked by clk)
Endpoint: count_out[3] (output port clocked by clk)
Path Group: clk
Path Type: min

Fanout         Cap        Slew       Delay        Time   Description
---------------------------------------------------------------------------------------------
                      0.150000    0.000000    0.000000   clock clk (rise edge)
                                  0.000000    0.000000   clock network delay (ideal)
                      0.150000    0.000000    0.000000 ^ _111_/CLK (sky130_fd_sc_hd__dfxtp_2)
     6    0.045191    0.111156    0.424585    0.424585 v _111_/Q (sky130_fd_sc_hd__dfxtp_2)
                                                         count_out[3] (net)
                      0.111156    0.000000    0.424585 v count_out[3] (out)
                                              0.424585   data arrival time

                      0.150000    0.000000    0.000000   clock clk (rise edge)
                                  0.000000    0.000000   clock network delay (ideal)
                                  0.250000    0.250000   clock uncertainty
                                  0.000000    0.250000   clock reconvergence pessimism
                                 -5.000000   -4.750000   output external delay
                                             -4.750000   data required time
---------------------------------------------------------------------------------------------
                                             -4.750000   data required time
                                             -0.424585   data arrival time
---------------------------------------------------------------------------------------------
                                              5.174585   slack (MET)


Startpoint: _108_ (rising edge-triggered flip-flop clocked by clk)
Endpoint: count_out[0] (output port clocked by clk)
Path Group: clk
Path Type: min

Fanout         Cap        Slew       Delay        Time   Description
---------------------------------------------------------------------------------------------
                      0.150000    0.000000    0.000000   clock clk (rise edge)
                                  0.000000    0.000000   clock network delay (ideal)
                      0.150000    0.000000    0.000000 ^ _108_/CLK (sky130_fd_sc_hd__dfxtp_2)
     5    0.045714    0.112251    0.425451    0.425451 v _108_/Q (sky130_fd_sc_hd__dfxtp_2)
                                                         count_out[0] (net)
                      0.112251    0.000000    0.425451 v count_out[0] (out)
                                              0.425451   data arrival time

                      0.150000    0.000000    0.000000   clock clk (rise edge)
                                  0.000000    0.000000   clock network delay (ideal)
                                  0.250000    0.250000   clock uncertainty
                                  0.000000    0.250000   clock reconvergence pessimism
                                 -5.000000   -4.750000   output external delay
                                             -4.750000   data required time
---------------------------------------------------------------------------------------------
                                             -4.750000   data required time
                                             -0.425451   data arrival time
---------------------------------------------------------------------------------------------
                                              5.175451   slack (MET)


Startpoint: _099_ (rising edge-triggered flip-flop clocked by clk)
Endpoint: running (output port clocked by clk)
Path Group: clk
Path Type: min

Fanout         Cap        Slew       Delay        Time   Description
---------------------------------------------------------------------------------------------
                      0.150000    0.000000    0.000000   clock clk (rise edge)
                                  0.000000    0.000000   clock network delay (ideal)
                      0.150000    0.000000    0.000000 ^ _099_/CLK (sky130_fd_sc_hd__dfxtp_2)
     6    0.045939    0.112722    0.425823    0.425823 v _099_/Q (sky130_fd_sc_hd__dfxtp_2)
                                                         running (net)
                      0.112722    0.000000    0.425823 v running (out)
                                              0.425823   data arrival time

                      0.150000    0.000000    0.000000   clock clk (rise edge)
                                  0.000000    0.000000   clock network delay (ideal)
                                  0.250000    0.250000   clock uncertainty
                                  0.000000    0.250000   clock reconvergence pessimism
                                 -5.000000   -4.750000   output external delay
                                             -4.750000   data required time
---------------------------------------------------------------------------------------------
                                             -4.750000   data required time
                                             -0.425823   data arrival time
---------------------------------------------------------------------------------------------
                                              5.175824   slack (MET)


Startpoint: _113_ (rising edge-triggered flip-flop clocked by clk)
Endpoint: count_out[5] (output port clocked by clk)
Path Group: clk
Path Type: min

Fanout         Cap        Slew       Delay        Time   Description
---------------------------------------------------------------------------------------------
                      0.150000    0.000000    0.000000   clock clk (rise edge)
                                  0.000000    0.000000   clock network delay (ideal)
                      0.150000    0.000000    0.000000 ^ _113_/CLK (sky130_fd_sc_hd__dfxtp_2)
     5    0.046392    0.113670    0.426573    0.426573 v _113_/Q (sky130_fd_sc_hd__dfxtp_2)
                                                         count_out[5] (net)
                      0.113670    0.000000    0.426573 v count_out[5] (out)
                                              0.426573   data arrival time

                      0.150000    0.000000    0.000000   clock clk (rise edge)
                                  0.000000    0.000000   clock network delay (ideal)
                                  0.250000    0.250000   clock uncertainty
                                  0.000000    0.250000   clock reconvergence pessimism
                                 -5.000000   -4.750000   output external delay
                                             -4.750000   data required time
---------------------------------------------------------------------------------------------
                                             -4.750000   data required time
                                             -0.426573   data arrival time
---------------------------------------------------------------------------------------------
                                              5.176574   slack (MET)


Startpoint: _110_ (rising edge-triggered flip-flop clocked by clk)
Endpoint: count_out[2] (output port clocked by clk)
Path Group: clk
Path Type: min

Fanout         Cap        Slew       Delay        Time   Description
---------------------------------------------------------------------------------------------
                      0.150000    0.000000    0.000000   clock clk (rise edge)
                                  0.000000    0.000000   clock network delay (ideal)
                      0.150000    0.000000    0.000000 ^ _110_/CLK (sky130_fd_sc_hd__dfxtp_2)
     8    0.050768    0.122827    0.433817    0.433817 v _110_/Q (sky130_fd_sc_hd__dfxtp_2)
                                                         count_out[2] (net)
                      0.122827    0.000000    0.433817 v count_out[2] (out)
                                              0.433817   data arrival time

                      0.150000    0.000000    0.000000   clock clk (rise edge)
                                  0.000000    0.000000   clock network delay (ideal)
                                  0.250000    0.250000   clock uncertainty
                                  0.000000    0.250000   clock reconvergence pessimism
                                 -5.000000   -4.750000   output external delay
                                             -4.750000   data required time
---------------------------------------------------------------------------------------------
                                             -4.750000   data required time
                                             -0.433817   data arrival time
---------------------------------------------------------------------------------------------
                                              5.183817   slack (MET)



